
> n8n-editor-ui@1.119.0 typecheck /home/zhang/n8n-quanyuge/packages/frontend/editor-ui
> vue-tsc --noEmit

../@n8n/rest-api-client/src/utils.ts(1,1): error TS6133: 'BROWSER_ID_STORAGE_KEY' is declared but its value is never read.
src/App.vue(41,7): error TS6133: 'settingsStore' is declared but its value is never read.
src/App.vue(48,29): error TS2551: Property 'value' does not exist on type '"en" | "zh"'. Did you mean 'valueOf'?
  Property 'value' does not exist on type '"en"'.
src/Interface.ts(5,2): error TS2305: Module '"@n8n/api-types"' has no exported member 'IVersionNotificationSettings'.
src/Interface.ts(36,30): error TS2307: Cannot find module '@n8n/rest-api-client/api/versions' or its corresponding type declarations.
src/__tests__/defaults.ts(98,2): error TS2353: Object literal may only specify known properties, and 'versionNotifications' does not exist in type 'FrontendSettings'.
src/app/components/BillingModal.vue(92,19): error TS2322: Type 'undefined' is not assignable to type '"link" | "unlink" | "json" | "text" | "binary" | "code" | "type" | "user" | "variable" | "folder" | "mcp" | "list" | "share" | "search" | "mail" | "expand" | "x" | "settings" | "anthropic" | ... 201 more ... | "zoom-out"'.
src/app/components/MainHeader/WorkflowDetails.vue(70,2): error TS6133: 'N8nTooltip' is declared but its value is never read.
src/app/components/MainSidebar.test.ts(10,34): error TS2307: Cannot find module '@/app/stores/versions.store' or its corresponding type declarations.
src/app/components/MainSidebar.test.ts(12,30): error TS2307: Cannot find module '@n8n/rest-api-client/api/versions' or its corresponding type declarations.
src/app/components/Modals.vue(44,2): error TS6133: 'PERSONALIZATION_MODAL_KEY' is declared but its value is never read.
src/app/components/NodeIcon.vue(4,34): error TS2307: Cannot find module '@n8n/rest-api-client/api/versions' or its corresponding type declarations.
src/app/components/NodeList.vue(42,47): error TS2339: Property 'name' does not exist on type 'ITemplatesNode'.
src/app/components/SettingsSidebar.vue(3,27): error TS6133: 'SSO_JUST_IN_TIME_PROVSIONING_EXPERIMENT' is declared but its value is never read.
src/app/components/VersionCard.vue(6,43): error TS2307: Cannot find module '@n8n/rest-api-client/api/versions' or its corresponding type declarations.
src/app/components/WorkflowSettings.test.ts(9,10): error TS2305: Module '"@/app/constants"' has no exported member 'EnterpriseEditionFeature'.
src/app/components/WorkflowSettings.test.ts(90,3): error TS7053: Element implicitly has an 'any' type because expression of type 'any' can't be used to index type '{ sharing: boolean; ldap: boolean; saml: boolean; oidc: boolean; mfaEnforcement: boolean; logStreaming: boolean; advancedExecutionFilters: boolean; variables: boolean; sourceControl: boolean; ... 11 more ...; customRoles: boolean; }'.
src/app/components/WorkflowSettings.test.ts(97,3): error TS7053: Element implicitly has an 'any' type because expression of type 'any' can't be used to index type '{ sharing: boolean; ldap: boolean; saml: boolean; oidc: boolean; mfaEnforcement: boolean; logStreaming: boolean; advancedExecutionFilters: boolean; variables: boolean; sourceControl: boolean; ... 11 more ...; customRoles: boolean; }'.
src/app/components/WorkflowSettings.test.ts(108,3): error TS7053: Element implicitly has an 'any' type because expression of type 'any' can't be used to index type '{ sharing: boolean; ldap: boolean; saml: boolean; oidc: boolean; mfaEnforcement: boolean; logStreaming: boolean; advancedExecutionFilters: boolean; variables: boolean; sourceControl: boolean; ... 11 more ...; customRoles: boolean; }'.
src/app/components/WorkflowSettings.test.ts(117,3): error TS7053: Element implicitly has an 'any' type because expression of type 'any' can't be used to index type '{ sharing: boolean; ldap: boolean; saml: boolean; oidc: boolean; mfaEnforcement: boolean; logStreaming: boolean; advancedExecutionFilters: boolean; variables: boolean; sourceControl: boolean; ... 11 more ...; customRoles: boolean; }'.
src/app/components/WorkflowSettings.test.ts(128,3): error TS7053: Element implicitly has an 'any' type because expression of type 'any' can't be used to index type '{ sharing: boolean; ldap: boolean; saml: boolean; oidc: boolean; mfaEnforcement: boolean; logStreaming: boolean; advancedExecutionFilters: boolean; variables: boolean; sourceControl: boolean; ... 11 more ...; customRoles: boolean; }'.
src/app/components/WorkflowSettings.test.ts(148,3): error TS7053: Element implicitly has an 'any' type because expression of type 'any' can't be used to index type '{ sharing: boolean; ldap: boolean; saml: boolean; oidc: boolean; mfaEnforcement: boolean; logStreaming: boolean; advancedExecutionFilters: boolean; variables: boolean; sourceControl: boolean; ... 11 more ...; customRoles: boolean; }'.
src/app/components/WorkflowSettings.test.ts(165,3): error TS7053: Element implicitly has an 'any' type because expression of type 'any' can't be used to index type '{ sharing: boolean; ldap: boolean; saml: boolean; oidc: boolean; mfaEnforcement: boolean; logStreaming: boolean; advancedExecutionFilters: boolean; variables: boolean; sourceControl: boolean; ... 11 more ...; customRoles: boolean; }'.
src/app/composables/usePageRedirectionHelper.test.ts(9,34): error TS2307: Cannot find module '@/app/stores/versions.store' or its corresponding type declarations.
src/app/composables/usePageRedirectionHelper.test.ts(182,32): error TS2339: Property 'goToVersions' does not exist on type '{ goToDashboard: () => Promise<void>; goToUpgrade: (source: CloudUpdateLinkSourceType, utm_campaign: UTMCampaign, mode?: "redirect" | "open") => Promise<...>; }'.
src/app/composables/usePageRedirectionHelper.ts(8,8): error TS6133: 'usersStore' is declared but its value is never read.
src/app/plugins/telemetry/index.ts(35,10): error TS6133: 'pageEventQueue' is declared but its value is never read.
src/app/plugins/telemetry/index.ts(36,10): error TS6133: 'previousPath' is declared but its value is never read.
src/app/plugins/telemetry/index.ts(39,10): error TS6133: 'instanceId' is declared but its value is never read.
src/app/plugins/telemetry/index.ts(40,10): error TS6133: 'userId' is declared but its value is never read.
src/app/plugins/telemetry/index.ts(52,3): error TS6133: 'telemetrySettings' is declared but its value is never read.
src/app/plugins/telemetry/index.ts(68,48): error TS6133: 'versionCli' is declared but its value is never read.
src/app/plugins/telemetry/index.ts(68,69): error TS6133: 'projectId' is declared but its value is never read.
src/app/plugins/telemetry/index.ts(283,10): error TS6133: 'app' is declared but its value is never read.
src/app/stores/admin.store.ts(26,49): error TS2339: Property 'ADMIN' does not exist on type '{ readonly COMMUNITY_NODES: "communityNodes"; readonly ROOT: "root"; readonly SETTINGS: "settings"; readonly UI: "ui"; readonly USERS: "users"; readonly WORKFLOWS: "workflows"; readonly WORKFLOWS_V2: "workflowsV2"; ... 42 more ...; readonly USER_NODE_CONFIG: "userNodeConfig"; }'.
src/app/stores/settings.store.ts(173,68): error TS2339: Property 'banners' does not exist on type '{ settingsMode?: "public" | "authenticated" | undefined; inE2ETests: boolean; isDocker: boolean; databaseType: "sqlite" | "mariadb" | "mysqldb" | "postgresdb"; endpointForm: string; ... 63 more ...; envFeatureFlags: N8nEnvFeatFlags; }'.
src/app/utils/nodeIcon.ts(8,34): error TS2307: Cannot find module '@n8n/rest-api-client/api/versions' or its corresponding type declarations.
src/app/utils/nodeTypesUtils.ts(66,72): error TS2339: Property 'name' does not exist on type 'ITemplatesNode'.
src/app/views/NodeView.vue(66,2): error TS6133: 'NDV_UI_OVERHAUL_EXPERIMENT' is declared but its value is never read.
src/experiments/personalizedTemplates/stores/personalizedTemplates.store.ts(105,8): error TS6133: 'fetchSuggestedWorkflows' is declared but its value is never read.
src/experiments/personalizedTemplatesV3/components/TemplateCard.vue(24,74): error TS2339: Property 'name' does not exist on type 'ITemplatesNode'.
src/experiments/readyToRunWorkflows/stores/readyToRunWorkflows.store.ts(2,1): error TS6133: 'BATCH_11AUG_EXPERIMENT' is declared but its value is never read.
src/experiments/templateRecoV2/components/NodeRecommendationModal.vue(67,35): error TS2345: Argument of type 'string' is not assignable to parameter of type 'never'.
src/experiments/templateRecoV2/components/NodeRecommendationModal.vue(73,35): error TS2345: Argument of type 'string' is not assignable to parameter of type 'never'.
src/experiments/templateRecoV2/components/NodeRecommendationModal.vue(144,35): error TS2345: Argument of type 'string' is not assignable to parameter of type 'never'.
src/experiments/templateRecoV2/components/TemplateCard.vue(28,74): error TS2339: Property 'name' does not exist on type 'ITemplatesNode'.
src/experiments/templateRecoV2/stores/templateRecoV2.store.ts(9,7): error TS6133: 'PREDEFINED_NODES' is declared but its value is never read.
src/experiments/templatesDataQuality/components/TemplateCard.vue(26,74): error TS2339: Property 'name' does not exist on type 'ITemplatesNode'.
src/experiments/utils.test.ts(63,5): error TS2552: Cannot find name 'getVariant'. Did you mean 'variant'?
src/features/ai/assistant/assistant.store.test.ts(26,37): error TS2304: Cannot find name 'usePostHog'.
src/features/ai/assistant/assistant.store.test.ts(69,14): error TS2304: Cannot find name 'DEFAULT_POSTHOG_SETTINGS'.
src/features/ai/assistant/assistant.store.test.ts(72,10): error TS2339: Property 'posthog' does not exist on type 'Window & typeof globalThis'.
src/features/ai/assistant/assistant.store.test.ts(76,18): error TS2304: Cannot find name 'usePostHog'.
src/features/ai/assistant/builder.store.test.ts(64,37): error TS2304: Cannot find name 'usePostHog'.
src/features/ai/assistant/builder.store.test.ts(107,14): error TS2304: Cannot find name 'DEFAULT_POSTHOG_SETTINGS'.
src/features/ai/assistant/builder.store.test.ts(110,10): error TS2339: Property 'posthog' does not exist on type 'Window & typeof globalThis'.
src/features/ai/assistant/builder.store.test.ts(114,18): error TS2304: Cannot find name 'usePostHog'.
src/features/execution/insights/components/InsightsDataRangePicker.vue(135,35): error TS2345: Argument of type '"insights.selectRange"' is not assignable to parameter of type 'BaseTextKey'.
src/features/execution/insights/components/InsightsDataRangePicker.vue(137,29): error TS2551: Property 'value' does not exist on type '"en" | "zh"'. Did you mean 'valueOf'?
  Property 'value' does not exist on type '"en"'.
src/features/execution/insights/components/InsightsDataRangePicker.vue(171,29): error TS2551: Property 'value' does not exist on type '"en" | "zh"'. Did you mean 'valueOf'?
  Property 'value' does not exist on type '"en"'.
src/features/ndv/panel/components/InputPanel.vue(8,2): error TS6133: 'NDV_UI_OVERHAUL_EXPERIMENT' is declared but its value is never read.
src/features/ndv/panel/components/NDVFloatingNodes.vue(8,1): error TS6133: 'NDV_UI_OVERHAUL_EXPERIMENT' is declared but its value is never read.
src/features/ndv/panel/components/OutputPanel.vue(18,1): error TS6133: 'NDV_UI_OVERHAUL_EXPERIMENT' is declared but its value is never read.
src/features/ndv/parameters/components/ButtonParameter/ButtonParameter.test.ts(65,13): error TS2304: Cannot find name 'usePostHog'.
src/features/ndv/runData/components/RunData.vue(34,2): error TS6133: 'NDV_UI_OVERHAUL_EXPERIMENT' is declared but its value is never read.
src/features/ndv/runData/components/VirtualSchema.test.ts(622,25): error TS2304: Cannot find name 'usePostHog'.
src/features/ndv/runData/components/VirtualSchema.test.ts(701,24): error TS2304: Cannot find name 'usePostHog'.
src/features/ndv/runData/components/VirtualSchema.test.ts(1065,25): error TS2304: Cannot find name 'usePostHog'.
src/features/settings/apiKeys/views/SettingsApiView.vue(65,10): error TS6133: 'onUpgrade' is declared but its value is never read.
src/features/settings/users/users.store.ts(14,1): error TS6133: 'PERSONALIZATION_MODAL_KEY' is declared but its value is never read.
src/features/settings/users/users.store.ts(55,8): error TS6133: 'uiStore' is declared but its value is never read.
src/features/settings/users/users.store.ts(358,45): error TS6133: 'results' is declared but its value is never read.
src/features/shared/nodeCreator/composables/useActionsGeneration.test.ts(6,37): error TS2304: Cannot find name 'usePostHog'.
src/features/shared/nodeCreator/composables/useActionsGeneration.test.ts(32,18): error TS2304: Cannot find name 'usePostHog'.
src/features/shared/nodeCreator/views/viewsData.test.ts(16,37): error TS2304: Cannot find name 'usePostHog'.
src/features/shared/nodeCreator/views/viewsData.test.ts(61,18): error TS2304: Cannot find name 'usePostHog'.
src/features/shared/nodeCreator/views/viewsData.test.ts(63,66): error TS7006: Parameter 'experiment' implicitly has an 'any' type.
src/features/workflows/templates/__tests__/setupTemplate.store.testData.ts(21,4): error TS2353: Object literal may only specify known properties, and 'defaults' does not exist in type 'ITemplatesNode'.
src/features/workflows/templates/components/TemplateDetails.vue(48,45): error TS2339: Property 'displayName' does not exist on type 'ITemplatesNode'.
src/features/workflows/templates/components/TemplateDetails.vue(63,17): error TS2339: Property 'name' does not exist on type 'ITemplatesNode'.
src/features/workflows/templates/components/TemplatesInfoCard.test.ts(16,4): error TS2353: Object literal may only specify known properties, and 'icon' does not exist in type 'ITemplatesNode'.
src/features/workflows/templates/components/TemplatesInfoCard.test.ts(27,4): error TS2353: Object literal may only specify known properties, and 'icon' does not exist in type 'ITemplatesNode'.
src/features/workflows/templates/components/TemplatesInfoCard.test.ts(38,4): error TS2353: Object literal may only specify known properties, and 'icon' does not exist in type 'ITemplatesNode'.
src/init.test.ts(9,34): error TS2307: Cannot find module '@/app/stores/versions.store' or its corresponding type declarations.
src/init.test.ts(10,33): error TS2307: Cannot find module '@/features/shared/banners/banners.store' or its corresponding type declarations.
src/init.test.ts(151,27): error TS2339: Property 'banners' does not exist on type '{ settingsMode?: "public" | "authenticated" | undefined; inE2ETests: boolean; isDocker: boolean; databaseType: "sqlite" | "mariadb" | "mysqldb" | "postgresdb"; endpointForm: string; ... 63 more ...; envFeatureFlags: N8nEnvFeatFlags; }'.
src/init.ts(5,1): error TS6133: 'VIEWS' is declared but its value is never read.
src/init.ts(93,2): error TS6133: 'routeName' is declared but its value is never read.
src/router.test.ts(7,28): error TS2307: Cannot find module '@/app/stores/posthog.store' or its corresponding type declarations.
src/router.ts(17,2): error TS6133: 'SSO_JUST_IN_TIME_PROVSIONING_EXPERIMENT' is declared but its value is never read.
 ELIFECYCLE  Command failed with exit code 2.
