
> n8n-monorepo@1.119.0 typecheck /home/zhang/n8n-quanyuge
> turbo typecheck

turbo 2.5.4

â€¢ Packages in scope: @n8n/admin-panel, @n8n/ai-workflow-builder, @n8n/api-types, @n8n/backend-common, @n8n/backend-test-utils, @n8n/chat, @n8n/client-oauth2, @n8n/codemirror-lang, @n8n/codemirror-lang-sql, @n8n/composables, @n8n/config, @n8n/constants, @n8n/create-node, @n8n/db, @n8n/decorators, @n8n/design-system, @n8n/di, @n8n/errors, @n8n/eslint-config, @n8n/eslint-plugin-community-nodes, @n8n/extension-sdk, @n8n/i18n, @n8n/imap, @n8n/json-schema-to-zod, @n8n/n8n-benchmark, @n8n/n8n-extension-insights, @n8n/n8n-nodes-langchain, @n8n/node-cli, @n8n/permissions, @n8n/rest-api-client, @n8n/scan-community-package, @n8n/stores, @n8n/storybook, @n8n/stylelint-config, @n8n/task-runner, @n8n/typescript-config, @n8n/utils, @n8n/vitest-config, n8n, n8n-containers, n8n-core, n8n-editor-ui, n8n-node-dev, n8n-nodes-base, n8n-playwright, n8n-workflow
â€¢ Running typecheck in 46 packages
â€¢ Remote caching disabled
n8n-editor-ui:popularity-cache-marker: cache bypass, force executing 6c7b5c8eb9bb60bd
@n8n/constants:typecheck: cache hit, replaying logs ab51b8b06d662836
@n8n/constants:typecheck: 
@n8n/constants:typecheck: > @n8n/constants@0.13.0 typecheck /home/zhang/n8n-quanyuge/packages/@n8n/constants
@n8n/constants:typecheck: > tsc --noEmit
@n8n/constants:typecheck: 
@n8n/di:build: cache hit, replaying logs 5d79de500167d2ce
@n8n/di:typecheck: cache hit, replaying logs 47cf911e348896c2
@n8n/di:build: 
@n8n/di:build: > @n8n/di@0.9.0 build /home/zhang/n8n-quanyuge/packages/@n8n/di
@n8n/di:build: > tsc -p tsconfig.build.json
@n8n/di:build: 
@n8n/di:typecheck: 
@n8n/di:typecheck: > @n8n/di@0.9.0 typecheck /home/zhang/n8n-quanyuge/packages/@n8n/di
@n8n/di:typecheck: > tsc --noEmit
@n8n/di:typecheck: 
@n8n/constants:build: cache hit, replaying logs 41c14565cce59bc2
@n8n/constants:build: 
@n8n/constants:build: > @n8n/constants@0.13.0 build /home/zhang/n8n-quanyuge/packages/@n8n/constants
@n8n/constants:build: > tsc -p tsconfig.build.json
@n8n/constants:build: 
@n8n/permissions:typecheck: cache hit, replaying logs 7f414da6617c1902
@n8n/permissions:typecheck: 
@n8n/permissions:typecheck: > @n8n/permissions@0.41.0 typecheck /home/zhang/n8n-quanyuge/packages/@n8n/permissions
@n8n/permissions:typecheck: > tsc --noEmit
@n8n/permissions:typecheck: 
@n8n/n8n-benchmark:typecheck: cache hit, replaying logs 12e7902dbe006e65
@n8n/n8n-benchmark:typecheck: 
@n8n/n8n-benchmark:typecheck: > @n8n/n8n-benchmark@1.28.0 typecheck /home/zhang/n8n-quanyuge/packages/@n8n/benchmark
@n8n/n8n-benchmark:typecheck: > tsc --noEmit
@n8n/n8n-benchmark:typecheck: 
@n8n/json-schema-to-zod:typecheck: cache hit, replaying logs 3f31580565e47216
@n8n/json-schema-to-zod:typecheck: 
@n8n/json-schema-to-zod:typecheck: > @n8n/json-schema-to-zod@1.5.0 typecheck /home/zhang/n8n-quanyuge/packages/@n8n/json-schema-to-zod
@n8n/json-schema-to-zod:typecheck: > tsc --noEmit
@n8n/json-schema-to-zod:typecheck: 
@n8n/errors:typecheck: cache hit, replaying logs 2c67622f76ea1e8f
@n8n/errors:typecheck: 
@n8n/errors:typecheck: > @n8n/errors@0.5.0 typecheck /home/zhang/n8n-quanyuge/packages/@n8n/errors
@n8n/errors:typecheck: > tsc --noEmit
@n8n/errors:typecheck: 
@n8n/vitest-config:typecheck: cache hit, replaying logs 46315f8a3170e77f
@n8n/vitest-config:typecheck: 
@n8n/vitest-config:typecheck: > @n8n/vitest-config@1.5.0 typecheck /home/zhang/n8n-quanyuge/packages/@n8n/vitest-config
@n8n/vitest-config:typecheck: > tsc --noEmit
@n8n/vitest-config:typecheck: 
@n8n/codemirror-lang:typecheck: cache hit, replaying logs 388e682f17b31d0d
@n8n/codemirror-lang:typecheck: 
@n8n/codemirror-lang:typecheck: > @n8n/codemirror-lang@0.3.0 typecheck /home/zhang/n8n-quanyuge/packages/@n8n/codemirror-lang
@n8n/codemirror-lang:typecheck: > tsc --noEmit
@n8n/codemirror-lang:typecheck: 
@n8n/codemirror-lang:build: cache hit, replaying logs c77d8d5acca4e6e7
@n8n/codemirror-lang:build: 
@n8n/codemirror-lang:build: > @n8n/codemirror-lang@0.3.0 build /home/zhang/n8n-quanyuge/packages/@n8n/codemirror-lang
@n8n/codemirror-lang:build: > tsc -p tsconfig.build.json
@n8n/codemirror-lang:build: 
@n8n/errors:build: cache hit, replaying logs 8b696b6971cbd432
@n8n/errors:build: 
@n8n/errors:build: > @n8n/errors@0.5.0 build /home/zhang/n8n-quanyuge/packages/@n8n/errors
@n8n/errors:build: > tsc -p tsconfig.build.json
@n8n/errors:build: 
@n8n/permissions:build: cache hit, replaying logs 552e7c1221aa2984
@n8n/permissions:build: 
@n8n/permissions:build: > @n8n/permissions@0.41.0 build /home/zhang/n8n-quanyuge/packages/@n8n/permissions
@n8n/permissions:build: > tsc -p tsconfig.build.json
@n8n/permissions:build: 
@n8n/client-oauth2:build: cache hit, replaying logs 04befa8f3ad10d1b
@n8n/client-oauth2:build: 
@n8n/client-oauth2:build: > @n8n/client-oauth2@0.31.0 build /home/zhang/n8n-quanyuge/packages/@n8n/client-oauth2
@n8n/client-oauth2:build: > tsc -p tsconfig.build.json
@n8n/client-oauth2:build: 
@n8n/vitest-config:build: cache hit, replaying logs 8975be36bba70577
@n8n/vitest-config:build: 
@n8n/vitest-config:build: > @n8n/vitest-config@1.5.0 build /home/zhang/n8n-quanyuge/packages/@n8n/vitest-config
@n8n/vitest-config:build: > tsc -p tsconfig.build.json
@n8n/vitest-config:build: 
@n8n/stylelint-config:build: cache hit, replaying logs 64847505802473fd
@n8n/stylelint-config:build: 
@n8n/stylelint-config:build: > @n8n/stylelint-config@0.0.1 build /home/zhang/n8n-quanyuge/packages/@n8n/stylelint-config
@n8n/stylelint-config:build: > tsc
@n8n/stylelint-config:build: 
@n8n/stylelint-config:typecheck: cache hit, replaying logs c438d38b0b958d6d
@n8n/stylelint-config:typecheck: 
@n8n/stylelint-config:typecheck: > @n8n/stylelint-config@0.0.1 typecheck /home/zhang/n8n-quanyuge/packages/@n8n/stylelint-config
@n8n/stylelint-config:typecheck: > tsc --noEmit
@n8n/stylelint-config:typecheck: 
@n8n/client-oauth2:typecheck: cache hit, replaying logs c3b4cc373fed0c2f
@n8n/client-oauth2:typecheck: 
@n8n/client-oauth2:typecheck: > @n8n/client-oauth2@0.31.0 typecheck /home/zhang/n8n-quanyuge/packages/@n8n/client-oauth2
@n8n/client-oauth2:typecheck: > tsc --noEmit
@n8n/client-oauth2:typecheck: 
@n8n/config:typecheck: cache hit, replaying logs a4c1859bfaeb8bd6
@n8n/config:typecheck: 
@n8n/config:typecheck: > @n8n/config@1.61.0 typecheck /home/zhang/n8n-quanyuge/packages/@n8n/config
@n8n/config:typecheck: > tsc --noEmit
@n8n/config:typecheck: 
@n8n/codemirror-lang-sql:typecheck: cache hit, replaying logs f73cb85d722ea354
@n8n/codemirror-lang-sql:typecheck: 
@n8n/codemirror-lang-sql:typecheck: > @n8n/codemirror-lang-sql@1.2.0 typecheck /home/zhang/n8n-quanyuge/packages/@n8n/codemirror-lang-sql
@n8n/codemirror-lang-sql:typecheck: > tsc --noEmit
@n8n/codemirror-lang-sql:typecheck: 
@n8n/json-schema-to-zod:build: cache hit, replaying logs 93f84faea57dd980
@n8n/json-schema-to-zod:build: 
@n8n/json-schema-to-zod:build: > @n8n/json-schema-to-zod@1.5.0 build /home/zhang/n8n-quanyuge/packages/@n8n/json-schema-to-zod
@n8n/json-schema-to-zod:build: > rimraf ./dist && pnpm run build:types && pnpm run build:cjs && pnpm run build:esm
@n8n/json-schema-to-zod:build: 
@n8n/json-schema-to-zod:build: 
@n8n/json-schema-to-zod:build: > @n8n/json-schema-to-zod@1.5.0 build:types /home/zhang/n8n-quanyuge/packages/@n8n/json-schema-to-zod
@n8n/json-schema-to-zod:build: > tsc -p tsconfig.types.json
@n8n/json-schema-to-zod:build: 
@n8n/json-schema-to-zod:build: 
@n8n/json-schema-to-zod:build: > @n8n/json-schema-to-zod@1.5.0 build:cjs /home/zhang/n8n-quanyuge/packages/@n8n/json-schema-to-zod
@n8n/json-schema-to-zod:build: > tsc -p tsconfig.cjs.json && node postcjs.cjs
@n8n/json-schema-to-zod:build: 
@n8n/json-schema-to-zod:build: 
@n8n/json-schema-to-zod:build: > @n8n/json-schema-to-zod@1.5.0 build:esm /home/zhang/n8n-quanyuge/packages/@n8n/json-schema-to-zod
@n8n/json-schema-to-zod:build: > tsc -p tsconfig.esm.json && node postesm.cjs
@n8n/json-schema-to-zod:build: 
@n8n/extension-sdk:build: cache hit, replaying logs eb863f1d8bc4f225
@n8n/extension-sdk:build: 
@n8n/extension-sdk:build: > @n8n/extension-sdk@0.8.0 build /home/zhang/n8n-quanyuge/packages/@n8n/extension-sdk
@n8n/extension-sdk:build: > pnpm "/^typecheck:.+/" && pnpm clean && tsdown && pnpm create-json-schema
@n8n/extension-sdk:build: 
@n8n/extension-sdk:build: 
@n8n/extension-sdk:build: > @n8n/extension-sdk@0.8.0 clean /home/zhang/n8n-quanyuge/packages/@n8n/extension-sdk
@n8n/extension-sdk:build: > rimraf dist
@n8n/extension-sdk:build: 
@n8n/extension-sdk:build: [34mâ„¹[39m tsdown [2mv0.15.6[22m powered by rolldown [2mv1.0.0-beta.47[22m
@n8n/extension-sdk:build: [34mâ„¹[39m Using tsdown config: [4m/home/zhang/n8n-quanyuge/packages/@n8n/extension-sdk/tsdown.config.ts[24m
@n8n/extension-sdk:build: [34mâ„¹[39m entry: [34msrc/backend/define.ts, src/backend/index.ts, src/backend/types.ts[39m
@n8n/extension-sdk:build: [34mâ„¹[39m entry: [34msrc/frontend/define.ts, src/frontend/index.ts, src/frontend/types.ts[39m
@n8n/extension-sdk:build: [34mâ„¹[39m entry: [34msrc/index.ts, src/schema.ts[39m
@n8n/extension-sdk:build: [34mâ„¹[39m tsconfig: [34mtsconfig.backend.json[39m
@n8n/extension-sdk:build: [34mâ„¹[39m tsconfig: [34mtsconfig.frontend.json[39m
@n8n/extension-sdk:build: [34mâ„¹[39m tsconfig: [34mtsconfig.common.json[39m
@n8n/extension-sdk:build: [34mâ„¹[39m Build start
@n8n/extension-sdk:build: âš  Deprecation Warning: The top-level "define" option is deprecated. Use "transform.define" instead.
@n8n/extension-sdk:build: âš  Deprecation Warning: The top-level "inject" option is deprecated. Use "transform.inject" instead.
@n8n/extension-sdk:build: âš  Deprecation Warning: The top-level "define" option is deprecated. Use "transform.define" instead.
@n8n/extension-sdk:build: âš  Deprecation Warning: The top-level "inject" option is deprecated. Use "transform.inject" instead.
@n8n/extension-sdk:build: âš  Deprecation Warning: The top-level "define" option is deprecated. Use "transform.define" instead.
@n8n/extension-sdk:build: âš  Deprecation Warning: The top-level "inject" option is deprecated. Use "transform.inject" instead.
@n8n/extension-sdk:build: âš  Deprecation Warning: The top-level "define" option is deprecated. Use "transform.define" instead.
@n8n/extension-sdk:build: âš  Deprecation Warning: The top-level "inject" option is deprecated. Use "transform.inject" instead.
@n8n/extension-sdk:build: âš  Deprecation Warning: The top-level "define" option is deprecated. Use "transform.define" instead.
@n8n/extension-sdk:build: âš  Deprecation Warning: The top-level "inject" option is deprecated. Use "transform.inject" instead.
@n8n/extension-sdk:build: âš  Deprecation Warning: The top-level "define" option is deprecated. Use "transform.define" instead.
@n8n/extension-sdk:build: âš  Deprecation Warning: The top-level "inject" option is deprecated. Use "transform.inject" instead.
@n8n/extension-sdk:build: [34mâ„¹[39m [33m[CJS][39m [2mdist/[22m[1mindex.cjs[22m                [2m0.13 kB[22m [2mâ”‚ gzip: 0.10 kB[22m
@n8n/extension-sdk:build: [34mâ„¹[39m [33m[CJS][39m [2mdist/[22m[1mschema.cjs[22m               [2m0.13 kB[22m [2mâ”‚ gzip: 0.10 kB[22m
@n8n/extension-sdk:build: [34mâ„¹[39m [33m[CJS][39m [2mdist/[22mschema-CXWjbwmW.cjs.map  [2m2.63 kB[22m [2mâ”‚ gzip: 0.87 kB[22m
@n8n/extension-sdk:build: [34mâ„¹[39m [33m[CJS][39m [2mdist/[22mschema-CXWjbwmW.cjs      [2m0.90 kB[22m [2mâ”‚ gzip: 0.40 kB[22m
@n8n/extension-sdk:build: [34mâ„¹[39m [33m[CJS][39m 4 files, total: 3.79 kB
@n8n/extension-sdk:build: âš  Deprecation Warning: The top-level "define" option is deprecated. Use "transform.define" instead.
@n8n/extension-sdk:build: âš  Deprecation Warning: The top-level "inject" option is deprecated. Use "transform.inject" instead.
@n8n/extension-sdk:build: [34mâ„¹[39m [33m[CJS][39m [2mdist/frontend/[22m[1mdefine.cjs[22m               [2m0.13 kB[22m [2mâ”‚ gzip: 0.10 kB[22m
@n8n/extension-sdk:build: [34mâ„¹[39m [33m[CJS][39m [2mdist/frontend/[22m[1mindex.cjs[22m                [2m0.13 kB[22m [2mâ”‚ gzip: 0.10 kB[22m
@n8n/extension-sdk:build: [34mâ„¹[39m [33m[CJS][39m [2mdist/frontend/[22m[1mtypes.cjs[22m                [2m0.00 kB[22m [2mâ”‚ gzip: 0.02 kB[22m
@n8n/extension-sdk:build: [34mâ„¹[39m [33m[CJS][39m [2mdist/frontend/[22mdefine-DIbMcH8i.cjs.map  [2m0.34 kB[22m [2mâ”‚ gzip: 0.23 kB[22m
@n8n/extension-sdk:build: [34mâ„¹[39m [33m[CJS][39m [2mdist/frontend/[22mdefine-DIbMcH8i.cjs      [2m0.30 kB[22m [2mâ”‚ gzip: 0.21 kB[22m
@n8n/extension-sdk:build: [34mâ„¹[39m [33m[CJS][39m 5 files, total: 0.91 kB
@n8n/extension-sdk:build: [34mâ„¹[39m [33m[CJS][39m [2mdist/backend/[22m[1mdefine.cjs[22m               [2m0.13 kB[22m [2mâ”‚ gzip: 0.10 kB[22m
@n8n/extension-sdk:build: [34mâ„¹[39m [33m[CJS][39m [2mdist/backend/[22m[1mindex.cjs[22m                [2m0.13 kB[22m [2mâ”‚ gzip: 0.10 kB[22m
@n8n/extension-sdk:build: [34mâ„¹[39m [33m[CJS][39m [2mdist/backend/[22m[1mtypes.cjs[22m                [2m0.00 kB[22m [2mâ”‚ gzip: 0.02 kB[22m
@n8n/extension-sdk:build: [34mâ„¹[39m [33m[CJS][39m [2mdist/backend/[22mdefine-CF1KLowA.cjs.map  [2m0.34 kB[22m [2mâ”‚ gzip: 0.23 kB[22m
@n8n/extension-sdk:build: [34mâ„¹[39m [33m[CJS][39m [2mdist/backend/[22mdefine-CF1KLowA.cjs      [2m0.30 kB[22m [2mâ”‚ gzip: 0.21 kB[22m
@n8n/extension-sdk:build: [34mâ„¹[39m [33m[CJS][39m 5 files, total: 0.89 kB
@n8n/extension-sdk:build: âš  Deprecation Warning: The top-level "define" option is deprecated. Use "transform.define" instead.
@n8n/extension-sdk:build: âš  Deprecation Warning: The top-level "inject" option is deprecated. Use "transform.inject" instead.
@n8n/extension-sdk:build: âš  Deprecation Warning: The top-level "define" option is deprecated. Use "transform.define" instead.
@n8n/extension-sdk:build: âš  Deprecation Warning: The top-level "inject" option is deprecated. Use "transform.inject" instead.
@n8n/extension-sdk:build: [34mâ„¹[39m [34m[ESM][39m [2mdist/[22m[1mindex.js[22m                [2m0.10 kB[22m [2mâ”‚ gzip: 0.09 kB[22m
@n8n/extension-sdk:build: [34mâ„¹[39m [34m[ESM][39m [2mdist/[22m[1mschema.js[22m               [2m0.10 kB[22m [2mâ”‚ gzip: 0.09 kB[22m
@n8n/extension-sdk:build: [34mâ„¹[39m [34m[ESM][39m [2mdist/[22mschema-BSoNETEW.js.map  [2m2.60 kB[22m [2mâ”‚ gzip: 0.86 kB[22m
@n8n/extension-sdk:build: [34mâ„¹[39m [34m[ESM][39m [2mdist/[22mschema-BSoNETEW.js      [2m0.71 kB[22m [2mâ”‚ gzip: 0.33 kB[22m
@n8n/extension-sdk:build: [34mâ„¹[39m [34m[ESM][39m [2mdist/[22m[32m[1mindex.d.ts[22m[39m              [2m0.15 kB[22m [2mâ”‚ gzip: 0.11 kB[22m
@n8n/extension-sdk:build: [34mâ„¹[39m [34m[ESM][39m [2mdist/[22m[32m[1mschema.d.ts[22m[39m             [2m0.15 kB[22m [2mâ”‚ gzip: 0.11 kB[22m
@n8n/extension-sdk:build: [34mâ„¹[39m [34m[ESM][39m [2mdist/[22m[32mschema-D0ROu72V.d.ts[39m    [2m2.37 kB[22m [2mâ”‚ gzip: 0.50 kB[22m
@n8n/extension-sdk:build: [34mâ„¹[39m [34m[ESM][39m 7 files, total: 6.18 kB
@n8n/extension-sdk:build: [34mâ„¹[39m [34m[ESM][39m [2mdist/frontend/[22m[1mdefine.js[22m               [2m0.10 kB[22m [2mâ”‚ gzip: 0.09 kB[22m
@n8n/extension-sdk:build: [34mâ„¹[39m [34m[ESM][39m [2mdist/frontend/[22m[1mindex.js[22m                [2m0.10 kB[22m [2mâ”‚ gzip: 0.09 kB[22m
@n8n/extension-sdk:build: [34mâ„¹[39m [34m[ESM][39m [2mdist/frontend/[22m[1mtypes.js[22m                [2m0.01 kB[22m [2mâ”‚ gzip: 0.03 kB[22m
@n8n/extension-sdk:build: [34mâ„¹[39m [34m[ESM][39m [2mdist/frontend/[22mdefine-D1LiKDBh.js.map  [2m0.34 kB[22m [2mâ”‚ gzip: 0.23 kB[22m
@n8n/extension-sdk:build: [34mâ„¹[39m [34m[ESM][39m [2mdist/frontend/[22mdefine-D1LiKDBh.js      [2m0.20 kB[22m [2mâ”‚ gzip: 0.16 kB[22m
@n8n/extension-sdk:build: [34mâ„¹[39m [34m[ESM][39m [2mdist/frontend/[22m[32m[1mindex.d.ts[22m[39m              [2m0.30 kB[22m [2mâ”‚ gzip: 0.15 kB[22m
@n8n/extension-sdk:build: [34mâ„¹[39m [34m[ESM][39m [2mdist/frontend/[22m[32m[1mtypes.d.ts[22m[39m              [2m0.20 kB[22m [2mâ”‚ gzip: 0.12 kB[22m
@n8n/extension-sdk:build: [34mâ„¹[39m [34m[ESM][39m [2mdist/frontend/[22m[32m[1mdefine.d.ts[22m[39m             [2m0.13 kB[22m [2mâ”‚ gzip: 0.11 kB[22m
@n8n/extension-sdk:build: [34mâ„¹[39m [34m[ESM][39m [2mdist/frontend/[22m[32mtypes-KgKQdgLX.d.ts[39m     [2m0.58 kB[22m [2mâ”‚ gzip: 0.29 kB[22m
@n8n/extension-sdk:build: [34mâ„¹[39m [34m[ESM][39m [2mdist/frontend/[22m[32mdefine-Cfx1XLAY.d.ts[39m    [2m0.29 kB[22m [2mâ”‚ gzip: 0.19 kB[22m
@n8n/extension-sdk:build: [34mâ„¹[39m [34m[ESM][39m 10 files, total: 2.27 kB
@n8n/extension-sdk:build: [34mâ„¹[39m [33m[CJS][39m [2mdist/[22m[32m[1mindex.d.cts[22m[39m            [2m0.15 kB[22m [2mâ”‚ gzip: 0.11 kB[22m
@n8n/extension-sdk:build: [34mâ„¹[39m [33m[CJS][39m [2mdist/[22m[32m[1mschema.d.cts[22m[39m           [2m0.15 kB[22m [2mâ”‚ gzip: 0.11 kB[22m
@n8n/extension-sdk:build: [34mâ„¹[39m [33m[CJS][39m [2mdist/[22m[32mschema-epxNxocl.d.cts[39m  [2m2.37 kB[22m [2mâ”‚ gzip: 0.49 kB[22m
@n8n/extension-sdk:build: [34mâ„¹[39m [33m[CJS][39m 3 files, total: 2.67 kB
@n8n/extension-sdk:build: [34mâ„¹[39m [34m[ESM][39m [2mdist/backend/[22m[1mdefine.js[22m               [2m0.10 kB[22m [2mâ”‚ gzip: 0.09 kB[22m
@n8n/extension-sdk:build: [34mâ„¹[39m [34m[ESM][39m [2mdist/backend/[22m[1mindex.js[22m                [2m0.10 kB[22m [2mâ”‚ gzip: 0.09 kB[22m
@n8n/extension-sdk:build: [34mâ„¹[39m [34m[ESM][39m [2mdist/backend/[22m[1mtypes.js[22m                [2m0.01 kB[22m [2mâ”‚ gzip: 0.03 kB[22m
@n8n/extension-sdk:build: [34mâ„¹[39m [34m[ESM][39m [2mdist/backend/[22mdefine-C57e8dWq.js.map  [2m0.33 kB[22m [2mâ”‚ gzip: 0.23 kB[22m
@n8n/extension-sdk:build: [34mâ„¹[39m [34m[ESM][39m [2mdist/backend/[22mdefine-C57e8dWq.js      [2m0.20 kB[22m [2mâ”‚ gzip: 0.16 kB[22m
@n8n/extension-sdk:build: [34mâ„¹[39m [34m[ESM][39m [2mdist/backend/[22m[32m[1mindex.d.ts[22m[39m              [2m0.29 kB[22m [2mâ”‚ gzip: 0.15 kB[22m
@n8n/extension-sdk:build: [34mâ„¹[39m [34m[ESM][39m [2mdist/backend/[22m[32m[1mtypes.d.ts[22m[39m              [2m0.20 kB[22m [2mâ”‚ gzip: 0.12 kB[22m
@n8n/extension-sdk:build: [34mâ„¹[39m [34m[ESM][39m [2mdist/backend/[22m[32m[1mdefine.d.ts[22m[39m             [2m0.13 kB[22m [2mâ”‚ gzip: 0.11 kB[22m
@n8n/extension-sdk:build: [34mâ„¹[39m [34m[ESM][39m [2mdist/backend/[22m[32mtypes-Clck-buQ.d.ts[39m     [2m0.37 kB[22m [2mâ”‚ gzip: 0.20 kB[22m
@n8n/extension-sdk:build: [34mâ„¹[39m [34m[ESM][39m [2mdist/backend/[22m[32mdefine-D3wQ6Cbq.d.ts[39m    [2m0.28 kB[22m [2mâ”‚ gzip: 0.19 kB[22m
@n8n/extension-sdk:build: [34mâ„¹[39m [34m[ESM][39m 10 files, total: 2.02 kB
@n8n/extension-sdk:build: [32mâœ”[39m Build complete in [32m5829ms[39m
@n8n/extension-sdk:build: [34mâ„¹[39m [33m[CJS][39m [2mdist/backend/[22m[32m[1mindex.d.cts[22m[39m            [2m0.29 kB[22m [2mâ”‚ gzip: 0.15 kB[22m
@n8n/extension-sdk:build: [34mâ„¹[39m [33m[CJS][39m [2mdist/backend/[22m[32m[1mtypes.d.cts[22m[39m            [2m0.20 kB[22m [2mâ”‚ gzip: 0.12 kB[22m
@n8n/extension-sdk:build: [34mâ„¹[39m [33m[CJS][39m [2mdist/backend/[22m[32m[1mdefine.d.cts[22m[39m           [2m0.13 kB[22m [2mâ”‚ gzip: 0.11 kB[22m
@n8n/extension-sdk:build: [34mâ„¹[39m [33m[CJS][39m [2mdist/backend/[22m[32mtypes-BTuWXQec.d.cts[39m   [2m0.37 kB[22m [2mâ”‚ gzip: 0.20 kB[22m
@n8n/extension-sdk:build: [34mâ„¹[39m [33m[CJS][39m [2mdist/backend/[22m[32mdefine-DC3Bc-EN.d.cts[39m  [2m0.28 kB[22m [2mâ”‚ gzip: 0.19 kB[22m
@n8n/extension-sdk:build: [34mâ„¹[39m [33m[CJS][39m 5 files, total: 1.28 kB
@n8n/extension-sdk:build: [32mâœ”[39m Build complete in [32m5917ms[39m
@n8n/extension-sdk:build: [34mâ„¹[39m [33m[CJS][39m [2mdist/frontend/[22m[32m[1mindex.d.cts[22m[39m            [2m0.30 kB[22m [2mâ”‚ gzip: 0.15 kB[22m
@n8n/extension-sdk:build: [34mâ„¹[39m [33m[CJS][39m [2mdist/frontend/[22m[32m[1mtypes.d.cts[22m[39m            [2m0.21 kB[22m [2mâ”‚ gzip: 0.12 kB[22m
@n8n/extension-sdk:build: [34mâ„¹[39m [33m[CJS][39m [2mdist/frontend/[22m[32m[1mdefine.d.cts[22m[39m           [2m0.14 kB[22m [2mâ”‚ gzip: 0.11 kB[22m
@n8n/extension-sdk:build: [34mâ„¹[39m [33m[CJS][39m [2mdist/frontend/[22m[32mtypes-C99xASCm.d.cts[39m   [2m0.58 kB[22m [2mâ”‚ gzip: 0.29 kB[22m
@n8n/extension-sdk:build: [34mâ„¹[39m [33m[CJS][39m [2mdist/frontend/[22m[32mdefine-DPnB827L.d.cts[39m  [2m0.29 kB[22m [2mâ”‚ gzip: 0.19 kB[22m
@n8n/extension-sdk:build: [34mâ„¹[39m [33m[CJS][39m 5 files, total: 1.52 kB
@n8n/extension-sdk:build: [32mâœ”[39m Build complete in [32m5920ms[39m
@n8n/extension-sdk:build: 
@n8n/extension-sdk:build: > @n8n/extension-sdk@0.8.0 create-json-schema /home/zhang/n8n-quanyuge/packages/@n8n/extension-sdk
@n8n/extension-sdk:build: > tsx scripts/create-json-schema.ts
@n8n/extension-sdk:build: 
@n8n/codemirror-lang-sql:build: cache hit, replaying logs 27cf673c61e2854a
@n8n/codemirror-lang-sql:build: 
@n8n/codemirror-lang-sql:build: > @n8n/codemirror-lang-sql@1.2.0 build /home/zhang/n8n-quanyuge/packages/@n8n/codemirror-lang-sql
@n8n/codemirror-lang-sql:build: > tsc -p tsconfig.build.json
@n8n/codemirror-lang-sql:build: 
@n8n/eslint-config:typecheck: cache hit, replaying logs 75931b7c1cdab679
@n8n/eslint-config:typecheck: 
@n8n/eslint-config:typecheck: > @n8n/eslint-config@0.0.1 typecheck /home/zhang/n8n-quanyuge/packages/@n8n/eslint-config
@n8n/eslint-config:typecheck: > tsc --noEmit
@n8n/eslint-config:typecheck: 
@n8n/eslint-plugin-community-nodes:typecheck: cache hit, replaying logs ba69b8c14c6e9d87
@n8n/eslint-plugin-community-nodes:typecheck: 
@n8n/eslint-plugin-community-nodes:typecheck: > @n8n/eslint-plugin-community-nodes@0.6.0 typecheck /home/zhang/n8n-quanyuge/packages/@n8n/eslint-plugin-community-nodes
@n8n/eslint-plugin-community-nodes:typecheck: > tsc --noEmit
@n8n/eslint-plugin-community-nodes:typecheck: 
@n8n/config:build: cache hit, replaying logs 71039c537025cf23
@n8n/config:build: 
@n8n/config:build: > @n8n/config@1.61.0 build /home/zhang/n8n-quanyuge/packages/@n8n/config
@n8n/config:build: > tsc -p tsconfig.build.json
@n8n/config:build: 
@n8n/imap:typecheck: cache hit, replaying logs ae0bde8946e43651
@n8n/imap:typecheck: 
@n8n/imap:typecheck: > @n8n/imap@0.15.0 typecheck /home/zhang/n8n-quanyuge/packages/@n8n/imap
@n8n/imap:typecheck: > tsc --noEmit
@n8n/imap:typecheck: 
@n8n/eslint-config:build: cache hit, replaying logs c43b2f32b326678e
@n8n/eslint-config:build: 
@n8n/eslint-config:build: > @n8n/eslint-config@0.0.1 build /home/zhang/n8n-quanyuge/packages/@n8n/eslint-config
@n8n/eslint-config:build: > tsc
@n8n/eslint-config:build: 
@n8n/imap:build: cache hit, replaying logs 2c8e103b348af389
@n8n/imap:build: 
@n8n/imap:build: > @n8n/imap@0.15.0 build /home/zhang/n8n-quanyuge/packages/@n8n/imap
@n8n/imap:build: > tsc -p tsconfig.build.json
@n8n/imap:build: 
@n8n/n8n-extension-insights:typecheck: cache hit, replaying logs 6a4c77b0719ae757
@n8n/n8n-extension-insights:typecheck: 
@n8n/n8n-extension-insights:typecheck: > @n8n/n8n-extension-insights@0.10.0 typecheck /home/zhang/n8n-quanyuge/packages/extensions/insights
@n8n/n8n-extension-insights:typecheck: > vue-tsc --noEmit
@n8n/n8n-extension-insights:typecheck: 
@n8n/eslint-plugin-community-nodes:build: cache hit, replaying logs 83323386ed6685c2
n8n-workflow:typecheck: cache hit, replaying logs cd0a7132a4e6ac7a
n8n-workflow:typecheck: 
n8n-workflow:typecheck: > n8n-workflow@1.116.0 typecheck /home/zhang/n8n-quanyuge/packages/workflow
n8n-workflow:typecheck: > tsc --noEmit
n8n-workflow:typecheck: 
@n8n/eslint-plugin-community-nodes:build: 
@n8n/eslint-plugin-community-nodes:build: > @n8n/eslint-plugin-community-nodes@0.6.0 build /home/zhang/n8n-quanyuge/packages/@n8n/eslint-plugin-community-nodes
@n8n/eslint-plugin-community-nodes:build: > tsc --project tsconfig.build.json
@n8n/eslint-plugin-community-nodes:build: 
@n8n/utils:typecheck: cache hit, replaying logs c2aa11f0ed60d2ab
@n8n/utils:typecheck: 
@n8n/utils:typecheck: > @n8n/utils@1.18.0 typecheck /home/zhang/n8n-quanyuge/packages/@n8n/utils
@n8n/utils:typecheck: > tsc --noEmit
@n8n/utils:typecheck: 
@n8n/composables:typecheck: cache hit, replaying logs 1f8417978781c2e0
@n8n/composables:typecheck: 
@n8n/composables:typecheck: > @n8n/composables@1.12.0 typecheck /home/zhang/n8n-quanyuge/packages/frontend/@n8n/composables
@n8n/composables:typecheck: > vue-tsc --noEmit
@n8n/composables:typecheck: 
@n8n/utils:build: cache hit, replaying logs 62263bf276bad39b
@n8n/utils:build: 
@n8n/utils:build: > @n8n/utils@1.18.0 build /home/zhang/n8n-quanyuge/packages/@n8n/utils
@n8n/utils:build: > tsdown
@n8n/utils:build: 
@n8n/utils:build: [34mâ„¹[39m tsdown [2mv0.15.6[22m powered by rolldown [2mv1.0.0-beta.47[22m
@n8n/utils:build: [34mâ„¹[39m Using tsdown config: [4m/home/zhang/n8n-quanyuge/packages/@n8n/utils/tsdown.config.ts[24m
@n8n/utils:build: [34mâ„¹[39m entry: [34msrc/assert.ts, src/event-bus.ts, src/event-queue.ts, src/retry.ts, src/number/smartDecimal.ts, src/search/reRankSearchResults.ts, src/search/sublimeSearch.ts, src/sort/sortByProperty.ts, src/string/truncate.ts[39m
@n8n/utils:build: [34mâ„¹[39m tsconfig: [34mtsconfig.json[39m
@n8n/utils:build: [34mâ„¹[39m Build start
@n8n/utils:build: [34mâ„¹[39m Cleaning 58 files
@n8n/utils:build: âš  Deprecation Warning: The top-level "define" option is deprecated. Use "transform.define" instead.
@n8n/utils:build: âš  Deprecation Warning: The top-level "inject" option is deprecated. Use "transform.inject" instead.
@n8n/utils:build: âš  Deprecation Warning: The top-level "define" option is deprecated. Use "transform.define" instead.
@n8n/utils:build: âš  Deprecation Warning: The top-level "inject" option is deprecated. Use "transform.inject" instead.
@n8n/utils:build: [34mâ„¹[39m [33m[CJS][39m [2mdist/[22m[1msearch/sublimeSearch.cjs[22m            [2m 5.36 kB[22m [2mâ”‚ gzip: 1.75 kB[22m
@n8n/utils:build: [34mâ„¹[39m [33m[CJS][39m [2mdist/[22m[1mretry.cjs[22m                           [2m 1.45 kB[22m [2mâ”‚ gzip: 0.66 kB[22m
@n8n/utils:build: [34mâ„¹[39m [33m[CJS][39m [2mdist/[22m[1mstring/truncate.cjs[22m                 [2m 1.37 kB[22m [2mâ”‚ gzip: 0.62 kB[22m
@n8n/utils:build: [34mâ„¹[39m [33m[CJS][39m [2mdist/[22m[1mevent-bus.cjs[22m                       [2m 1.03 kB[22m [2mâ”‚ gzip: 0.47 kB[22m
@n8n/utils:build: [34mâ„¹[39m [33m[CJS][39m [2mdist/[22m[1mevent-queue.cjs[22m                     [2m 1.01 kB[22m [2mâ”‚ gzip: 0.48 kB[22m
@n8n/utils:build: [34mâ„¹[39m [33m[CJS][39m [2mdist/[22m[1msearch/reRankSearchResults.cjs[22m      [2m 0.56 kB[22m [2mâ”‚ gzip: 0.30 kB[22m
@n8n/utils:build: [34mâ„¹[39m [33m[CJS][39m [2mdist/[22m[1msort/sortByProperty.cjs[22m             [2m 0.39 kB[22m [2mâ”‚ gzip: 0.25 kB[22m
@n8n/utils:build: [34mâ„¹[39m [33m[CJS][39m [2mdist/[22m[1mnumber/smartDecimal.cjs[22m             [2m 0.34 kB[22m [2mâ”‚ gzip: 0.22 kB[22m
@n8n/utils:build: [34mâ„¹[39m [33m[CJS][39m [2mdist/[22m[1massert.cjs[22m                          [2m 0.24 kB[22m [2mâ”‚ gzip: 0.19 kB[22m
@n8n/utils:build: [34mâ„¹[39m [33m[CJS][39m [2mdist/[22msearch/sublimeSearch.cjs.map        [2m11.66 kB[22m [2mâ”‚ gzip: 3.92 kB[22m
@n8n/utils:build: [34mâ„¹[39m [33m[CJS][39m [2mdist/[22mevent-bus.cjs.map                   [2m 2.93 kB[22m [2mâ”‚ gzip: 0.99 kB[22m
@n8n/utils:build: [34mâ„¹[39m [33m[CJS][39m [2mdist/[22mretry.cjs.map                       [2m 2.35 kB[22m [2mâ”‚ gzip: 1.05 kB[22m
@n8n/utils:build: [34mâ„¹[39m [33m[CJS][39m [2mdist/[22mstring/truncate.cjs.map             [2m 2.33 kB[22m [2mâ”‚ gzip: 1.01 kB[22m
@n8n/utils:build: [34mâ„¹[39m [33m[CJS][39m [2mdist/[22mevent-queue.cjs.map                 [2m 1.75 kB[22m [2mâ”‚ gzip: 0.83 kB[22m
@n8n/utils:build: [34mâ„¹[39m [33m[CJS][39m [2mdist/[22msearch/reRankSearchResults.cjs.map  [2m 1.27 kB[22m [2mâ”‚ gzip: 0.63 kB[22m
@n8n/utils:build: [34mâ„¹[39m [33m[CJS][39m [2mdist/[22msort/sortByProperty.cjs.map         [2m 0.67 kB[22m [2mâ”‚ gzip: 0.42 kB[22m
@n8n/utils:build: [34mâ„¹[39m [33m[CJS][39m [2mdist/[22mnumber/smartDecimal.cjs.map         [2m 0.63 kB[22m [2mâ”‚ gzip: 0.37 kB[22m
@n8n/utils:build: [34mâ„¹[39m [33m[CJS][39m [2mdist/[22massert.cjs.map                      [2m 0.46 kB[22m [2mâ”‚ gzip: 0.33 kB[22m
@n8n/utils:build: [34mâ„¹[39m [33m[CJS][39m 18 files, total: 35.80 kB
@n8n/utils:build: âš  Deprecation Warning: The top-level "define" option is deprecated. Use "transform.define" instead.
@n8n/utils:build: âš  Deprecation Warning: The top-level "inject" option is deprecated. Use "transform.inject" instead.
@n8n/utils:build: [34mâ„¹[39m [34m[ESM][39m [2mdist/[22m[1msearch/sublimeSearch.js[22m            [2m 5.32 kB[22m [2mâ”‚ gzip: 1.74 kB[22m
@n8n/utils:build: [34mâ„¹[39m [34m[ESM][39m [2mdist/[22m[1mretry.js[22m                           [2m 1.44 kB[22m [2mâ”‚ gzip: 0.66 kB[22m
@n8n/utils:build: [34mâ„¹[39m [34m[ESM][39m [2mdist/[22m[1mstring/truncate.js[22m                 [2m 1.33 kB[22m [2mâ”‚ gzip: 0.61 kB[22m
@n8n/utils:build: [34mâ„¹[39m [34m[ESM][39m [2mdist/[22m[1mevent-bus.js[22m                       [2m 1.01 kB[22m [2mâ”‚ gzip: 0.46 kB[22m
@n8n/utils:build: [34mâ„¹[39m [34m[ESM][39m [2mdist/[22m[1mevent-queue.js[22m                     [2m 1.00 kB[22m [2mâ”‚ gzip: 0.47 kB[22m
@n8n/utils:build: [34mâ„¹[39m [34m[ESM][39m [2mdist/[22m[1msearch/reRankSearchResults.js[22m      [2m 0.54 kB[22m [2mâ”‚ gzip: 0.29 kB[22m
@n8n/utils:build: [34mâ„¹[39m [34m[ESM][39m [2mdist/[22m[1msort/sortByProperty.js[22m             [2m 0.37 kB[22m [2mâ”‚ gzip: 0.25 kB[22m
@n8n/utils:build: [34mâ„¹[39m [34m[ESM][39m [2mdist/[22m[1mnumber/smartDecimal.js[22m             [2m 0.32 kB[22m [2mâ”‚ gzip: 0.22 kB[22m
@n8n/utils:build: [34mâ„¹[39m [34m[ESM][39m [2mdist/[22m[1massert.js[22m                          [2m 0.23 kB[22m [2mâ”‚ gzip: 0.18 kB[22m
@n8n/utils:build: [34mâ„¹[39m [34m[ESM][39m [2mdist/[22msearch/sublimeSearch.js.map        [2m11.66 kB[22m [2mâ”‚ gzip: 3.92 kB[22m
@n8n/utils:build: [34mâ„¹[39m [34m[ESM][39m [2mdist/[22mevent-bus.js.map                   [2m 2.93 kB[22m [2mâ”‚ gzip: 0.99 kB[22m
@n8n/utils:build: [34mâ„¹[39m [34m[ESM][39m [2mdist/[22mretry.js.map                       [2m 2.35 kB[22m [2mâ”‚ gzip: 1.05 kB[22m
@n8n/utils:build: [34mâ„¹[39m [34m[ESM][39m [2mdist/[22mstring/truncate.js.map             [2m 2.33 kB[22m [2mâ”‚ gzip: 1.00 kB[22m
@n8n/utils:build: [34mâ„¹[39m [34m[ESM][39m [2mdist/[22mevent-queue.js.map                 [2m 1.75 kB[22m [2mâ”‚ gzip: 0.83 kB[22m
@n8n/utils:build: [34mâ„¹[39m [34m[ESM][39m [2mdist/[22msearch/reRankSearchResults.js.map  [2m 1.27 kB[22m [2mâ”‚ gzip: 0.63 kB[22m
@n8n/utils:build: [34mâ„¹[39m [34m[ESM][39m [2mdist/[22msort/sortByProperty.js.map         [2m 0.67 kB[22m [2mâ”‚ gzip: 0.41 kB[22m
@n8n/utils:build: [34mâ„¹[39m [34m[ESM][39m [2mdist/[22mnumber/smartDecimal.js.map         [2m 0.63 kB[22m [2mâ”‚ gzip: 0.37 kB[22m
@n8n/utils:build: [34mâ„¹[39m [34m[ESM][39m [2mdist/[22massert.js.map                      [2m 0.46 kB[22m [2mâ”‚ gzip: 0.33 kB[22m
@n8n/utils:build: [34mâ„¹[39m [34m[ESM][39m [2mdist/[22m[32m[1mevent-bus.d.ts[22m[39m                     [2m 0.98 kB[22m [2mâ”‚ gzip: 0.34 kB[22m
@n8n/utils:build: [34mâ„¹[39m [34m[ESM][39m [2mdist/[22m[32m[1msearch/sublimeSearch.d.ts[22m[39m          [2m 0.38 kB[22m [2mâ”‚ gzip: 0.25 kB[22m
@n8n/utils:build: [34mâ„¹[39m [34m[ESM][39m [2mdist/[22m[32m[1msearch/reRankSearchResults.d.ts[22m[39m    [2m 0.36 kB[22m [2mâ”‚ gzip: 0.21 kB[22m
@n8n/utils:build: [34mâ„¹[39m [34m[ESM][39m [2mdist/[22m[32m[1mretry.d.ts[22m[39m                         [2m 0.28 kB[22m [2mâ”‚ gzip: 0.21 kB[22m
@n8n/utils:build: [34mâ„¹[39m [34m[ESM][39m [2mdist/[22m[32m[1mstring/truncate.d.ts[22m[39m               [2m 0.27 kB[22m [2mâ”‚ gzip: 0.18 kB[22m
@n8n/utils:build: [34mâ„¹[39m [34m[ESM][39m [2mdist/[22m[32m[1mevent-queue.d.ts[22m[39m                   [2m 0.23 kB[22m [2mâ”‚ gzip: 0.17 kB[22m
@n8n/utils:build: [34mâ„¹[39m [34m[ESM][39m [2mdist/[22m[32m[1msort/sortByProperty.d.ts[22m[39m           [2m 0.22 kB[22m [2mâ”‚ gzip: 0.17 kB[22m
@n8n/utils:build: [34mâ„¹[39m [34m[ESM][39m [2mdist/[22m[32m[1mnumber/smartDecimal.d.ts[22m[39m           [2m 0.19 kB[22m [2mâ”‚ gzip: 0.14 kB[22m
@n8n/utils:build: [34mâ„¹[39m [34m[ESM][39m [2mdist/[22m[32m[1massert.d.ts[22m[39m                        [2m 0.18 kB[22m [2mâ”‚ gzip: 0.15 kB[22m
@n8n/utils:build: [34mâ„¹[39m [34m[ESM][39m 27 files, total: 38.70 kB
@n8n/utils:build: [34mâ„¹[39m [33m[CJS][39m [2mdist/[22m[32m[1mevent-bus.d.cts[22m[39m                   [2m0.98 kB[22m [2mâ”‚ gzip: 0.34 kB[22m
@n8n/utils:build: [34mâ„¹[39m [33m[CJS][39m [2mdist/[22m[32m[1msearch/sublimeSearch.d.cts[22m[39m        [2m0.38 kB[22m [2mâ”‚ gzip: 0.25 kB[22m
@n8n/utils:build: [34mâ„¹[39m [33m[CJS][39m [2mdist/[22m[32m[1msearch/reRankSearchResults.d.cts[22m[39m  [2m0.36 kB[22m [2mâ”‚ gzip: 0.22 kB[22m
@n8n/utils:build: [34mâ„¹[39m [33m[CJS][39m [2mdist/[22m[32m[1mretry.d.cts[22m[39m                       [2m0.28 kB[22m [2mâ”‚ gzip: 0.21 kB[22m
@n8n/utils:build: [34mâ„¹[39m [33m[CJS][39m [2mdist/[22m[32m[1mstring/truncate.d.cts[22m[39m             [2m0.27 kB[22m [2mâ”‚ gzip: 0.18 kB[22m
@n8n/utils:build: [34mâ„¹[39m [33m[CJS][39m [2mdist/[22m[32m[1mevent-queue.d.cts[22m[39m                 [2m0.23 kB[22m [2mâ”‚ gzip: 0.17 kB[22m
@n8n/utils:build: [34mâ„¹[39m [33m[CJS][39m [2mdist/[22m[32m[1msort/sortByProperty.d.cts[22m[39m         [2m0.22 kB[22m [2mâ”‚ gzip: 0.17 kB[22m
@n8n/utils:build: [34mâ„¹[39m [33m[CJS][39m [2mdist/[22m[32m[1mnumber/smartDecimal.d.cts[22m[39m         [2m0.19 kB[22m [2mâ”‚ gzip: 0.15 kB[22m
@n8n/utils:build: [34mâ„¹[39m [33m[CJS][39m [2mdist/[22m[32m[1massert.d.cts[22m[39m                      [2m0.18 kB[22m [2mâ”‚ gzip: 0.15 kB[22m
@n8n/utils:build: [34mâ„¹[39m [33m[CJS][39m 9 files, total: 3.10 kB
@n8n/utils:build: [32mâœ”[39m Build complete in [32m2896ms[39m
@n8n/composables:build: cache hit, replaying logs 7314d0cca144ad06
@n8n/composables:build: 
@n8n/composables:build: > @n8n/composables@1.12.0 build /home/zhang/n8n-quanyuge/packages/frontend/@n8n/composables
@n8n/composables:build: > tsdown
@n8n/composables:build: 
@n8n/composables:build: [34mâ„¹[39m tsdown [2mv0.15.6[22m powered by rolldown [2mv1.0.0-beta.47[22m
@n8n/composables:build: [34mâ„¹[39m Using tsdown config: [4m/home/zhang/n8n-quanyuge/packages/frontend/@n8n/composables/tsdown.config.ts[24m
@n8n/composables:build: [34mâ„¹[39m entry: [34msrc/useDeviceSupport.ts, src/useShortKeyPress.ts, src/useThrottleWithReactiveDelay.ts[39m
@n8n/composables:build: [34mâ„¹[39m tsconfig: [34mtsconfig.json[39m
@n8n/composables:build: [34mâ„¹[39m Build start
@n8n/composables:build: [34mâ„¹[39m Cleaning 9 files
@n8n/composables:build: âš  Deprecation Warning: The top-level "define" option is deprecated. Use "transform.define" instead.
@n8n/composables:build: âš  Deprecation Warning: The top-level "inject" option is deprecated. Use "transform.inject" instead.
@n8n/composables:build: [34mâ„¹[39m [2mdist/[22m[1museDeviceSupport.js[22m                  [2m1.68 kB[22m [2mâ”‚ gzip: 0.69 kB[22m
@n8n/composables:build: [34mâ„¹[39m [2mdist/[22m[1museShortKeyPress.js[22m                  [2m0.57 kB[22m [2mâ”‚ gzip: 0.32 kB[22m
@n8n/composables:build: [34mâ„¹[39m [2mdist/[22m[1museThrottleWithReactiveDelay.js[22m      [2m0.56 kB[22m [2mâ”‚ gzip: 0.31 kB[22m
@n8n/composables:build: [34mâ„¹[39m [2mdist/[22museDeviceSupport.js.map              [2m2.62 kB[22m [2mâ”‚ gzip: 1.07 kB[22m
@n8n/composables:build: [34mâ„¹[39m [2mdist/[22museShortKeyPress.js.map              [2m1.27 kB[22m [2mâ”‚ gzip: 0.64 kB[22m
@n8n/composables:build: [34mâ„¹[39m [2mdist/[22museThrottleWithReactiveDelay.js.map  [2m0.89 kB[22m [2mâ”‚ gzip: 0.48 kB[22m
@n8n/composables:build: [34mâ„¹[39m [2mdist/[22m[32m[1museDeviceSupport.d.ts[22m[39m                [2m0.47 kB[22m [2mâ”‚ gzip: 0.29 kB[22m
@n8n/composables:build: [34mâ„¹[39m [2mdist/[22m[32m[1museShortKeyPress.d.ts[22m[39m                [2m0.41 kB[22m [2mâ”‚ gzip: 0.25 kB[22m
@n8n/composables:build: [34mâ„¹[39m [2mdist/[22m[32m[1museThrottleWithReactiveDelay.d.ts[22m[39m    [2m0.30 kB[22m [2mâ”‚ gzip: 0.19 kB[22m
@n8n/composables:build: [34mâ„¹[39m 9 files, total: 8.77 kB
@n8n/composables:build: [32mâœ”[39m Build complete in [32m3243ms[39m
@n8n/node-cli:typecheck: cache hit, replaying logs faa67764475c2af3
@n8n/node-cli:typecheck: 
@n8n/node-cli:typecheck: > @n8n/node-cli@0.14.0 typecheck /home/zhang/n8n-quanyuge/packages/@n8n/node-cli
@n8n/node-cli:typecheck: > tsc --noEmit
@n8n/node-cli:typecheck: 
@n8n/design-system:typecheck: cache miss, executing f127f7a9249b6d37
@n8n/design-system:build: cache hit, replaying logs c93ae853934a2f50
@n8n/design-system:build: 
@n8n/design-system:build: > @n8n/design-system@1.106.0 build /home/zhang/n8n-quanyuge/packages/frontend/@n8n/design-system
@n8n/design-system:build: > vite build
@n8n/design-system:build: 
@n8n/design-system:build: rolldown-vite v7.1.16 building for production...
@n8n/design-system:build: Browserslist: browsers data (caniuse-lite) is 6 months old. Please run:
@n8n/design-system:build:   npx update-browserslist-db@latest
@n8n/design-system:build:   Why you should do it regularly: https://github.com/browserslist/update-db#readme
@n8n/design-system:build: [2K@n8n/design-system:build: transforming...[32mâœ“[39m 2653 modules transformed.
@n8n/design-system:build: rendering chunks...
@n8n/design-system:build: computing gzip size...
@n8n/design-system:build: [2mdist/[22m[35mdesign-system.css        [39m[1m[2m  114.11 kB[22m[22m[2m â”‚ gzip:  18.17 kB[22m
@n8n/design-system:build: [2mdist/[22m[36men-Dv2AfWSE.js           [39m[1m[2m    0.08 kB[22m[22m[2m â”‚ gzip:   0.08 kB[22m
@n8n/design-system:build: [2mdist/[22m[36men-BZK1iLVe.js           [39m[1m[2m    4.89 kB[22m[22m[2m â”‚ gzip:   1.75 kB[22m
@n8n/design-system:build: [2mdist/[22m[36mzh-On8Xuf87.js           [39m[1m[2m    4.91 kB[22m[22m[2m â”‚ gzip:   2.14 kB[22m
@n8n/design-system:build: [2mdist/[22m[36mn8n-design-system.es.js  [39m[1m[33m1,552.98 kB[39m[22m[2m â”‚ gzip: 374.47 kB[22m
@n8n/design-system:build: [2K@n8n/design-system:build: transforming...[32mâœ“[39m 2653 modules transformed.
@n8n/design-system:build: rendering chunks...
@n8n/design-system:build: computing gzip size...
@n8n/design-system:build: [2mdist/[22m[35mdesign-system.css         [39m[1m[2m  114.11 kB[22m[22m[2m â”‚ gzip:  18.17 kB[22m
@n8n/design-system:build: [2mdist/[22m[36mn8n-design-system.umd.js  [39m[1m[33m1,154.63 kB[39m[22m[2m â”‚ gzip: 326.12 kB[22m
@n8n/design-system:build: âœ“ built in 8.90s
@n8n/node-cli:build: cache hit, replaying logs 9abdc34c0e6e7798
@n8n/node-cli:build: 
@n8n/node-cli:build: > @n8n/node-cli@0.14.0 build /home/zhang/n8n-quanyuge/packages/@n8n/node-cli
@n8n/node-cli:build: > tsc -p tsconfig.build.json && pnpm copy-templates
@n8n/node-cli:build: 
@n8n/node-cli:build: 
@n8n/node-cli:build: > @n8n/node-cli@0.14.0 copy-templates /home/zhang/n8n-quanyuge/packages/@n8n/node-cli
@n8n/node-cli:build: > node scripts/copy-templates.mjs
@n8n/node-cli:build: 
@n8n/chat:build: cache hit, replaying logs 85da4402dc3af66f
@n8n/chat:build: 
@n8n/chat:build: > @n8n/chat@0.64.0 build /home/zhang/n8n-quanyuge/packages/frontend/@n8n/chat
@n8n/chat:build: > pnpm build:vite && pnpm build:bundle
@n8n/chat:build: 
@n8n/chat:build: 
@n8n/chat:build: > @n8n/chat@0.64.0 build:vite /home/zhang/n8n-quanyuge/packages/frontend/@n8n/chat
@n8n/chat:build: > cross-env vite build
@n8n/chat:build: 
@n8n/chat:build: rolldown-vite v7.1.16 building for production...
@n8n/chat:build: [2K@n8n/chat:build: transforming...[32mâœ“[39m 2753 modules transformed.
@n8n/chat:build: rendering chunks...
@n8n/chat:build: [plugin builtin:reporter] 
@n8n/chat:build: (!) /home/zhang/n8n-quanyuge/packages/frontend/@n8n/design-system/src/locale/lang/en.ts is dynamically imported by /home/zhang/n8n-quanyuge/packages/frontend/@n8n/design-system/src/locale/index.ts but also statically imported by /home/zhang/n8n-quanyuge/packages/frontend/@n8n/design-system/src/locale/index.ts, dynamic import will not move module into another chunk.
@n8n/chat:build: 
@n8n/chat:build: 
@n8n/chat:build: [vite:dts] Start generate declaration files...
@n8n/chat:build: [vite:dts] Declaration files built in 13263ms.
@n8n/chat:build: 
@n8n/chat:build: computing gzip size...
@n8n/chat:build: [2mdist/[22m[35mchat.css    [39m[1m[2m 63.16 kB[22m[22m[2m â”‚ gzip:   9.77 kB[22m
@n8n/chat:build: [2mdist/[22m[36mchat.es.js  [39m[1m[33m950.32 kB[39m[22m[2m â”‚ gzip: 246.40 kB[22m
@n8n/chat:build: [2K@n8n/chat:build: transforming...[32mâœ“[39m 2753 modules transformed.
@n8n/chat:build: rendering chunks...
@n8n/chat:build: computing gzip size...
@n8n/chat:build: [2mdist/[22m[35mchat.css     [39m[1m[2m 63.16 kB[22m[22m[2m â”‚ gzip:   9.77 kB[22m
@n8n/chat:build: [2mdist/[22m[36mchat.umd.js  [39m[1m[33m695.80 kB[39m[22m[2m â”‚ gzip: 215.93 kB[22m
@n8n/chat:build: âœ“ built in 18.49s
@n8n/chat:build: 
@n8n/chat:build: > @n8n/chat@0.64.0 build:bundle /home/zhang/n8n-quanyuge/packages/frontend/@n8n/chat
@n8n/chat:build: > cross-env INCLUDE_VUE=true vite build
@n8n/chat:build: 
@n8n/chat:build: rolldown-vite v7.1.16 building for production...
@n8n/chat:build: [2K@n8n/chat:build: transforming...[32mâœ“[39m 2756 modules transformed.
@n8n/chat:build: rendering chunks...
@n8n/chat:build: [plugin builtin:reporter] 
@n8n/chat:build: (!) /home/zhang/n8n-quanyuge/packages/frontend/@n8n/design-system/src/locale/lang/en.ts is dynamically imported by /home/zhang/n8n-quanyuge/packages/frontend/@n8n/design-system/src/locale/index.ts but also statically imported by /home/zhang/n8n-quanyuge/packages/frontend/@n8n/design-system/src/locale/index.ts, dynamic import will not move module into another chunk.
@n8n/chat:build: 
@n8n/chat:build: 
@n8n/chat:build: [vite:dts] Start generate declaration files...
@n8n/chat:build: [vite:dts] Declaration files built in 11823ms.
@n8n/chat:build: 
@n8n/chat:build: computing gzip size...
@n8n/chat:build: [2mdist/[22m[35mchat.css           [39m[1m[2m   63.16 kB[22m[22m[2m â”‚ gzip:   9.77 kB[22m
@n8n/chat:build: [2mdist/[22m[36mchat.bundle.es.js  [39m[1m[33m1,035.09 kB[39m[22m[2m â”‚ gzip: 274.20 kB[22m
@n8n/chat:build: [2K@n8n/chat:build: transforming...[32mâœ“[39m 2756 modules transformed.
@n8n/chat:build: rendering chunks...
@n8n/chat:build: computing gzip size...
@n8n/chat:build: [2mdist/[22m[35mchat.css            [39m[1m[2m 63.16 kB[22m[22m[2m â”‚ gzip:   9.77 kB[22m
@n8n/chat:build: [2mdist/[22m[36mchat.bundle.umd.js  [39m[1m[33m701.00 kB[39m[22m[2m â”‚ gzip: 236.62 kB[22m
@n8n/chat:build: âœ“ built in 17.17s
n8n-workflow:build: cache hit, replaying logs f1ce4b9c731cff8a
n8n-workflow:build: 
n8n-workflow:build: > n8n-workflow@1.116.0 build /home/zhang/n8n-quanyuge/packages/workflow
n8n-workflow:build: > tsc --build tsconfig.build.esm.json tsconfig.build.cjs.json
n8n-workflow:build: 
@n8n/stores:build: cache hit, replaying logs 59a45e1c3a99fac1
@n8n/stores:build: 
@n8n/stores:build: > @n8n/stores@1.26.0 build /home/zhang/n8n-quanyuge/packages/frontend/@n8n/stores
@n8n/stores:build: > tsdown
@n8n/stores:build: 
@n8n/stores:build: [34mâ„¹[39m tsdown [2mv0.15.6[22m powered by rolldown [2mv1.0.0-beta.47[22m
@n8n/stores:build: [34mâ„¹[39m Using tsdown config: [4m/home/zhang/n8n-quanyuge/packages/frontend/@n8n/stores/tsdown.config.ts[24m
@n8n/stores:build: [34mâ„¹[39m entry: [34msrc/constants.ts, src/index.ts, src/metaTagConfig.ts, src/useAgentRequestStore.ts, src/useRootStore.ts[39m
@n8n/stores:build: [34mâ„¹[39m tsconfig: [34mtsconfig.json[39m
@n8n/stores:build: [34mâ„¹[39m Build start
@n8n/stores:build: [34mâ„¹[39m Cleaning 17 files
@n8n/stores:build: âš  Deprecation Warning: The top-level "define" option is deprecated. Use "transform.define" instead.
@n8n/stores:build: âš  Deprecation Warning: The top-level "inject" option is deprecated. Use "transform.inject" instead.
@n8n/stores:build: [34mâ„¹[39m [2mdist/[22m[1museRootStore.js[22m                [2m 5.58 kB[22m [2mâ”‚ gzip: 1.33 kB[22m
@n8n/stores:build: [34mâ„¹[39m [2mdist/[22m[1museAgentRequestStore.js[22m        [2m 1.86 kB[22m [2mâ”‚ gzip: 0.55 kB[22m
@n8n/stores:build: [34mâ„¹[39m [2mdist/[22m[1mmetaTagConfig.js[22m               [2m 0.17 kB[22m [2mâ”‚ gzip: 0.11 kB[22m
@n8n/stores:build: [34mâ„¹[39m [2mdist/[22m[1mconstants.js[22m                   [2m 0.07 kB[22m [2mâ”‚ gzip: 0.08 kB[22m
@n8n/stores:build: [34mâ„¹[39m [2mdist/[22m[1mindex.js[22m                       [2m 0.07 kB[22m [2mâ”‚ gzip: 0.08 kB[22m
@n8n/stores:build: [34mâ„¹[39m [2mdist/[22museRootStore.js.map            [2m10.31 kB[22m [2mâ”‚ gzip: 2.29 kB[22m
@n8n/stores:build: [34mâ„¹[39m [2mdist/[22museAgentRequestStore.js.map    [2m 3.73 kB[22m [2mâ”‚ gzip: 1.16 kB[22m
@n8n/stores:build: [34mâ„¹[39m [2mdist/[22mconstants-J7LQJWZf.js.map      [2m 2.34 kB[22m [2mâ”‚ gzip: 1.08 kB[22m
@n8n/stores:build: [34mâ„¹[39m [2mdist/[22mmetaTagConfig-DwSO4X1O.js.map  [2m 1.86 kB[22m [2mâ”‚ gzip: 0.77 kB[22m
@n8n/stores:build: [34mâ„¹[39m [2mdist/[22mconstants-J7LQJWZf.js          [2m 1.64 kB[22m [2mâ”‚ gzip: 0.85 kB[22m
@n8n/stores:build: [34mâ„¹[39m [2mdist/[22mmetaTagConfig-DwSO4X1O.js      [2m 1.13 kB[22m [2mâ”‚ gzip: 0.47 kB[22m
@n8n/stores:build: [34mâ„¹[39m [2mdist/[22m[32m[1museRootStore.d.ts[22m[39m              [2m 7.43 kB[22m [2mâ”‚ gzip: 0.92 kB[22m
@n8n/stores:build: [34mâ„¹[39m [2mdist/[22m[32m[1museAgentRequestStore.d.ts[22m[39m      [2m 2.51 kB[22m [2mâ”‚ gzip: 0.49 kB[22m
@n8n/stores:build: [34mâ„¹[39m [2mdist/[22m[32m[1mmetaTagConfig.d.ts[22m[39m             [2m 0.31 kB[22m [2mâ”‚ gzip: 0.17 kB[22m
@n8n/stores:build: [34mâ„¹[39m [2mdist/[22m[32m[1mconstants.d.ts[22m[39m                 [2m 0.07 kB[22m [2mâ”‚ gzip: 0.08 kB[22m
@n8n/stores:build: [34mâ„¹[39m [2mdist/[22m[32m[1mindex.d.ts[22m[39m                     [2m 0.07 kB[22m [2mâ”‚ gzip: 0.08 kB[22m
@n8n/stores:build: [34mâ„¹[39m [2mdist/[22m[32mconstants-iRE-m0M3.d.ts[39m        [2m 2.16 kB[22m [2mâ”‚ gzip: 0.88 kB[22m
@n8n/stores:build: [34mâ„¹[39m 17 files, total: 41.31 kB
@n8n/stores:build: [32mâœ”[39m Build complete in [32m2511ms[39m
@n8n/stores:typecheck: cache hit, replaying logs deaef4a6387aca01
@n8n/stores:typecheck: 
@n8n/stores:typecheck: > @n8n/stores@1.26.0 typecheck /home/zhang/n8n-quanyuge/packages/frontend/@n8n/stores
@n8n/stores:typecheck: > vue-tsc --noEmit
@n8n/stores:typecheck: 
@n8n/api-types:typecheck: cache hit, replaying logs b8b8d25fb0d3c689
@n8n/api-types:typecheck: 
@n8n/api-types:typecheck: > @n8n/api-types@0.53.0 typecheck /home/zhang/n8n-quanyuge/packages/@n8n/api-types
@n8n/api-types:typecheck: > tsc --noEmit
@n8n/api-types:typecheck: 
@n8n/decorators:typecheck: cache hit, replaying logs b30f8474bcd1a473
@n8n/decorators:typecheck: 
@n8n/decorators:typecheck: > @n8n/decorators@0.29.0 typecheck /home/zhang/n8n-quanyuge/packages/@n8n/decorators
@n8n/decorators:typecheck: > tsc --noEmit
@n8n/decorators:typecheck: 
@n8n/decorators:build: cache hit, replaying logs f1d02c2fb68aed05
@n8n/i18n:typecheck: cache miss, executing 0a5e6743708f4309
@n8n/decorators:build: 
@n8n/decorators:build: > @n8n/decorators@0.29.0 build /home/zhang/n8n-quanyuge/packages/@n8n/decorators
@n8n/decorators:build: > tsc -p tsconfig.build.json
@n8n/decorators:build: 
@n8n/backend-common:typecheck: cache hit, replaying logs 008b0dfda60aee0f
@n8n/backend-common:typecheck: 
@n8n/backend-common:typecheck: > @n8n/backend-common@0.29.0 typecheck /home/zhang/n8n-quanyuge/packages/@n8n/backend-common
@n8n/backend-common:typecheck: > tsc --noEmit
@n8n/backend-common:typecheck: 
@n8n/i18n:build: cache hit, replaying logs 1f4d0efb19b6c186
@n8n/i18n:build: 
@n8n/i18n:build: 
@n8n/i18n:build: > @n8n/i18n@1.23.0 build /home/zhang/n8n-quanyuge/packages/frontend/@n8n/i18n
@n8n/i18n:build: > tsdown
@n8n/i18n:build: 
@n8n/i18n:build: [34mâ„¹[39m tsdown [2mv0.15.6[22m powered by rolldown [2mv1.0.0-beta.47[22m
@n8n/i18n:build: [34mâ„¹[39m Using tsdown config: [4m/home/zhang/n8n-quanyuge/packages/frontend/@n8n/i18n/tsdown.config.ts[24m
@n8n/i18n:build: [34mâ„¹[39m entry: [34msrc/index.ts, src/types.ts, src/utils.ts[39m
@n8n/i18n:build: [34mâ„¹[39m tsconfig: [34mtsconfig.json[39m
@n8n/i18n:build: [34mâ„¹[39m Build start
@n8n/i18n:build: [33m[1mâš  Deprecation Warning:[22m[39m The top-level "define" option is deprecated. Use "transform.define" instead.
@n8n/i18n:build: [33m[1mâš  Deprecation Warning:[22m[39m The top-level "inject" option is deprecated. Use "transform.inject" instead.
@n8n/i18n:build: [33m[1mâš  Deprecation Warning:[22m[39m The top-level "define" option is deprecated. Use "transform.define" instead.
@n8n/i18n:build: [33m[1mâš  Deprecation Warning:[22m[39m The top-level "inject" option is deprecated. Use "transform.inject" instead.
@n8n/i18n:build: [34mâ„¹[39m [33m[CJS][39m [2mdist/[22m[1mindex.cjs[22m               [2m626.64 kB[22m [2mâ”‚ gzip: 149.16 kB[22m
@n8n/i18n:build: [34mâ„¹[39m [33m[CJS][39m [2mdist/[22m[1mutils.cjs[22m               [2m  0.30 kB[22m [2mâ”‚ gzip:   0.16 kB[22m
@n8n/i18n:build: [34mâ„¹[39m [33m[CJS][39m [2mdist/[22m[1mtypes.cjs[22m               [2m  0.00 kB[22m [2mâ”‚ gzip:   0.02 kB[22m
@n8n/i18n:build: [34mâ„¹[39m [33m[CJS][39m [2mdist/[22mindex.cjs.map           [2m792.42 kB[22m [2mâ”‚ gzip: 166.58 kB[22m
@n8n/i18n:build: [34mâ„¹[39m [33m[CJS][39m [2mdist/[22mutils-CmS9ahSc.cjs.map  [2m  3.43 kB[22m [2mâ”‚ gzip:   1.36 kB[22m
@n8n/i18n:build: [34mâ„¹[39m [33m[CJS][39m [2mdist/[22mutils-CmS9ahSc.cjs      [2m  2.70 kB[22m [2mâ”‚ gzip:   1.03 kB[22m
@n8n/i18n:build: [34mâ„¹[39m [33m[CJS][39m 6 files, total: 1425.49 kB
@n8n/i18n:build: [33m[1mâš  Deprecation Warning:[22m[39m The top-level "define" option is deprecated. Use "transform.define" instead.
@n8n/i18n:build: [33m[1mâš  Deprecation Warning:[22m[39m The top-level "inject" option is deprecated. Use "transform.inject" instead.
@n8n/i18n:build: [34mâ„¹[39m [34m[ESM][39m [2mdist/[22m[1mindex.js[22m               [2m626.25 kB[22m [2mâ”‚ gzip: 149.15 kB[22m
@n8n/i18n:build: [34mâ„¹[39m [34m[ESM][39m [2mdist/[22m[1mutils.js[22m               [2m  0.23 kB[22m [2mâ”‚ gzip:   0.16 kB[22m
@n8n/i18n:build: [34mâ„¹[39m [34m[ESM][39m [2mdist/[22m[1mtypes.js[22m               [2m  0.01 kB[22m [2mâ”‚ gzip:   0.03 kB[22m
@n8n/i18n:build: [34mâ„¹[39m [34m[ESM][39m [2mdist/[22mindex.js.map           [2m792.32 kB[22m [2mâ”‚ gzip: 166.52 kB[22m
@n8n/i18n:build: [34mâ„¹[39m [34m[ESM][39m [2mdist/[22mutils-h8Z6_NUG.js.map  [2m  3.43 kB[22m [2mâ”‚ gzip:   1.36 kB[22m
@n8n/i18n:build: [34mâ„¹[39m [34m[ESM][39m [2mdist/[22mutils-h8Z6_NUG.js      [2m  2.27 kB[22m [2mâ”‚ gzip:   0.97 kB[22m
@n8n/i18n:build: [34mâ„¹[39m [34m[ESM][39m [2mdist/[22m[32m[1mindex.d.ts[22m[39m             [2m414.52 kB[22m [2mâ”‚ gzip:  55.81 kB[22m
@n8n/i18n:build: [34mâ„¹[39m [34m[ESM][39m [2mdist/[22m[32m[1mutils.d.ts[22m[39m             [2m  0.46 kB[22m [2mâ”‚ gzip:   0.25 kB[22m
@n8n/i18n:build: [34mâ„¹[39m [34m[ESM][39m [2mdist/[22m[32m[1mtypes.d.ts[22m[39m             [2m  0.21 kB[22m [2mâ”‚ gzip:   0.15 kB[22m
@n8n/i18n:build: [34mâ„¹[39m [34m[ESM][39m [2mdist/[22m[32mtypes-CPQmyisW.d.ts[39m    [2m198.38 kB[22m [2mâ”‚ gzip:  27.65 kB[22m
@n8n/i18n:build: [34mâ„¹[39m [34m[ESM][39m 10 files, total: 2038.07 kB
@n8n/i18n:build: [34mâ„¹[39m [33m[CJS][39m [2mdist/[22m[32m[1mindex.d.cts[22m[39m           [2m414.52 kB[22m [2mâ”‚ gzip: 55.81 kB[22m
@n8n/i18n:build: [34mâ„¹[39m [33m[CJS][39m [2mdist/[22m[32m[1mutils.d.cts[22m[39m           [2m  0.46 kB[22m [2mâ”‚ gzip:  0.25 kB[22m
@n8n/i18n:build: [34mâ„¹[39m [33m[CJS][39m [2mdist/[22m[32m[1mtypes.d.cts[22m[39m           [2m  0.21 kB[22m [2mâ”‚ gzip:  0.15 kB[22m
@n8n/i18n:build: [34mâ„¹[39m [33m[CJS][39m [2mdist/[22m[32mtypes-B7HVbaY3.d.cts[39m  [2m198.38 kB[22m [2mâ”‚ gzip: 27.65 kB[22m
@n8n/i18n:build: [34mâ„¹[39m [33m[CJS][39m 4 files, total: 613.58 kB
@n8n/i18n:build: [32mâœ”[39m Build complete in [32m3779ms[39m
@n8n/backend-common:build: cache hit, replaying logs 3a2eca9181d5a416
@n8n/backend-common:build: 
@n8n/backend-common:build: > @n8n/backend-common@0.29.0 build /home/zhang/n8n-quanyuge/packages/@n8n/backend-common
@n8n/backend-common:build: > tsc -p tsconfig.build.json
@n8n/backend-common:build: 
@n8n/ai-workflow-builder:typecheck: cache hit, replaying logs d4cc2e33ff0f0dc2
@n8n/ai-workflow-builder:typecheck: 
@n8n/ai-workflow-builder:typecheck: > @n8n/ai-workflow-builder@0.29.0 typecheck /home/zhang/n8n-quanyuge/packages/@n8n/ai-workflow-builder.ee
@n8n/ai-workflow-builder:typecheck: > tsc --noEmit
@n8n/ai-workflow-builder:typecheck: 
n8n-core:typecheck: cache miss, executing 7009aa50f05189da
@n8n/api-types:build: cache hit, replaying logs e26fedb69400d698
@n8n/api-types:build: 
@n8n/api-types:build: > @n8n/api-types@0.53.0 build /home/zhang/n8n-quanyuge/packages/@n8n/api-types
@n8n/api-types:build: > tsc -p tsconfig.build.json
@n8n/api-types:build: 
n8n-editor-ui:popularity-cache-marker: 
n8n-editor-ui:popularity-cache-marker: > n8n-editor-ui@1.119.0 popularity-cache-marker /home/zhang/n8n-quanyuge/packages/frontend/editor-ui
n8n-editor-ui:popularity-cache-marker: > node scripts/cache-marker.mjs
n8n-editor-ui:popularity-cache-marker: 
@n8n/ai-workflow-builder:build: cache hit, replaying logs a18cb27ba91563d9
@n8n/ai-workflow-builder:build: 
@n8n/ai-workflow-builder:build: > @n8n/ai-workflow-builder@0.29.0 build /home/zhang/n8n-quanyuge/packages/@n8n/ai-workflow-builder.ee
@n8n/ai-workflow-builder:build: > tsc -p ./tsconfig.build.json && tsc-alias -p tsconfig.build.json
@n8n/ai-workflow-builder:build: 
n8n-core:build: cache hit, replaying logs 0fe5ac800e1e8e11
n8n-core:build: 
n8n-core:build: > n8n-core@1.118.0 build /home/zhang/n8n-quanyuge/packages/core
n8n-core:build: > tsc -p tsconfig.build.json && tsc-alias -p tsconfig.build.json
n8n-core:build: 
@n8n/rest-api-client:build: cache hit, replaying logs 4005b540e1f89098
@n8n/rest-api-client:build: 
@n8n/rest-api-client:build: 
@n8n/rest-api-client:build: > @n8n/rest-api-client@1.22.0 build /home/zhang/n8n-quanyuge/packages/frontend/@n8n/rest-api-client
@n8n/rest-api-client:build: > tsdown
@n8n/rest-api-client:build: 
@n8n/rest-api-client:build: [34mâ„¹[39m tsdown [2mv0.15.6[22m powered by rolldown [2mv1.0.0-beta.47[22m
@n8n/rest-api-client:build: [34mâ„¹[39m Using tsdown config: [4m/home/zhang/n8n-quanyuge/packages/frontend/@n8n/rest-api-client/tsdown.config.ts[24m
@n8n/rest-api-client:build: [34mâ„¹[39m entry: [34msrc/index.ts, src/types.ts, src/utils.ts, src/api/api-keys.ts, src/api/cloudPlans.ts, src/api/communityNodes.ts, src/api/consent.ts, src/api/ctas.ts, src/api/eventbus.ee.ts, src/api/events.ts, src/api/execution.ts, src/api/externalSecrets.ee.ts, src/api/index.ts, src/api/ldap.ts, src/api/mfa.ts, src/api/module-settings.ts, src/api/nodeTypes.ts, src/api/npsSurvey.ts, src/api/orchestration.ts, src/api/prompts.ts, src/api/provisioning.ts, src/api/roles.ts, src/api/settings.ts, src/api/sso.ts, src/api/tags.ts, src/api/telemetry.ts, src/api/templates.ts, src/api/third-party-licenses.ts, src/api/usage.ts, src/api/users.ts, src/api/webhooks.ts, src/api/workflowHistory.ts, src/api/workflows.ts[39m
@n8n/rest-api-client:build: [34mâ„¹[39m tsconfig: [34mtsconfig.json[39m
@n8n/rest-api-client:build: [34mâ„¹[39m Build start
@n8n/rest-api-client:build: [34mâ„¹[39m Cleaning 301 files
@n8n/rest-api-client:build: [33m[1mâš  Deprecation Warning:[22m[39m The top-level "define" option is deprecated. Use "transform.define" instead.
@n8n/rest-api-client:build: [33m[1mâš  Deprecation Warning:[22m[39m The top-level "inject" option is deprecated. Use "transform.inject" instead.
@n8n/rest-api-client:build: [33m[1mâš  Deprecation Warning:[22m[39m The top-level "define" option is deprecated. Use "transform.define" instead.
@n8n/rest-api-client:build: [33m[1mâš  Deprecation Warning:[22m[39m The top-level "inject" option is deprecated. Use "transform.inject" instead.
@n8n/rest-api-client:build: [34mâ„¹[39m [33m[CJS][39m [2mdist/[22m[1mindex.cjs[22m                              [2m 9.31 kB[22m [2mâ”‚ gzip: 2.00 kB[22m
@n8n/rest-api-client:build: [34mâ„¹[39m [33m[CJS][39m [2mdist/[22m[1mapi/index.cjs[22m                          [2m 8.76 kB[22m [2mâ”‚ gzip: 1.87 kB[22m
@n8n/rest-api-client:build: [34mâ„¹[39m [33m[CJS][39m [2mdist/[22m[1mapi/users.cjs[22m                          [2m 1.21 kB[22m [2mâ”‚ gzip: 0.34 kB[22m
@n8n/rest-api-client:build: [34mâ„¹[39m [33m[CJS][39m [2mdist/[22m[1mapi/nodeTypes.cjs[22m                      [2m 0.88 kB[22m [2mâ”‚ gzip: 0.27 kB[22m
@n8n/rest-api-client:build: [34mâ„¹[39m [33m[CJS][39m [2mdist/[22m[1mapi/externalSecrets.ee.cjs[22m             [2m 0.70 kB[22m [2mâ”‚ gzip: 0.20 kB[22m
@n8n/rest-api-client:build: [34mâ„¹[39m [33m[CJS][39m [2mdist/[22m[1mutils.cjs[22m                              [2m 0.62 kB[22m [2mâ”‚ gzip: 0.23 kB[22m
@n8n/rest-api-client:build: [34mâ„¹[39m [33m[CJS][39m [2mdist/[22m[1mapi/eventbus.ee.cjs[22m                    [2m 0.57 kB[22m [2mâ”‚ gzip: 0.21 kB[22m
@n8n/rest-api-client:build: [34mâ„¹[39m [33m[CJS][39m [2mdist/[22m[1mapi/sso.cjs[22m                            [2m 0.55 kB[22m [2mâ”‚ gzip: 0.20 kB[22m
@n8n/rest-api-client:build: [34mâ„¹[39m [33m[CJS][39m [2mdist/[22m[1mapi/templates.cjs[22m                      [2m 0.53 kB[22m [2mâ”‚ gzip: 0.20 kB[22m
@n8n/rest-api-client:build: [34mâ„¹[39m [33m[CJS][39m [2mdist/[22m[1mapi/consent.cjs[22m                        [2m 0.51 kB[22m [2mâ”‚ gzip: 0.27 kB[22m
@n8n/rest-api-client:build: [34mâ„¹[39m [33m[CJS][39m [2mdist/[22m[1mapi/communityNodes.cjs[22m                 [2m 0.50 kB[22m [2mâ”‚ gzip: 0.19 kB[22m
@n8n/rest-api-client:build: [34mâ„¹[39m [33m[CJS][39m [2mdist/[22m[1mapi/cloudPlans.cjs[22m                     [2m 0.49 kB[22m [2mâ”‚ gzip: 0.20 kB[22m
@n8n/rest-api-client:build: [34mâ„¹[39m [33m[CJS][39m [2mdist/[22m[1mapi/usage.cjs[22m                          [2m 0.39 kB[22m [2mâ”‚ gzip: 0.18 kB[22m
@n8n/rest-api-client:build: [34mâ„¹[39m [33m[CJS][39m [2mdist/[22m[1mapi/ldap.cjs[22m                           [2m 0.38 kB[22m [2mâ”‚ gzip: 0.18 kB[22m
@n8n/rest-api-client:build: [34mâ„¹[39m [33m[CJS][39m [2mdist/[22m[1mapi/mfa.cjs[22m                            [2m 0.37 kB[22m [2mâ”‚ gzip: 0.18 kB[22m
@n8n/rest-api-client:build: [34mâ„¹[39m [33m[CJS][39m [2mdist/[22m[1mapi/roles.cjs[22m                          [2m 0.37 kB[22m [2mâ”‚ gzip: 0.16 kB[22m
@n8n/rest-api-client:build: [34mâ„¹[39m [33m[CJS][39m [2mdist/[22m[1mapi/api-keys.cjs[22m                       [2m 0.37 kB[22m [2mâ”‚ gzip: 0.17 kB[22m
@n8n/rest-api-client:build: [34mâ„¹[39m [33m[CJS][39m [2mdist/[22m[1mapi/provisioning.cjs[22m                   [2m 0.26 kB[22m [2mâ”‚ gzip: 0.13 kB[22m
@n8n/rest-api-client:build: [34mâ„¹[39m [33m[CJS][39m [2mdist/[22m[1mapi/workflowHistory.cjs[22m                [2m 0.26 kB[22m [2mâ”‚ gzip: 0.13 kB[22m
@n8n/rest-api-client:build: [34mâ„¹[39m [33m[CJS][39m [2mdist/[22m[1mapi/prompts.cjs[22m                        [2m 0.21 kB[22m [2mâ”‚ gzip: 0.14 kB[22m
@n8n/rest-api-client:build: [34mâ„¹[39m [33m[CJS][39m [2mdist/[22m[1mapi/third-party-licenses.cjs[22m           [2m 0.20 kB[22m [2mâ”‚ gzip: 0.14 kB[22m
@n8n/rest-api-client:build: [34mâ„¹[39m [33m[CJS][39m [2mdist/[22m[1mapi/module-settings.cjs[22m                [2m 0.18 kB[22m [2mâ”‚ gzip: 0.12 kB[22m
@n8n/rest-api-client:build: [34mâ„¹[39m [33m[CJS][39m [2mdist/[22m[1mapi/orchestration.cjs[22m                  [2m 0.18 kB[22m [2mâ”‚ gzip: 0.13 kB[22m
@n8n/rest-api-client:build: [34mâ„¹[39m [33m[CJS][39m [2mdist/[22m[1mapi/telemetry.cjs[22m                      [2m 0.18 kB[22m [2mâ”‚ gzip: 0.13 kB[22m
@n8n/rest-api-client:build: [34mâ„¹[39m [33m[CJS][39m [2mdist/[22m[1mapi/npsSurvey.cjs[22m                      [2m 0.17 kB[22m [2mâ”‚ gzip: 0.12 kB[22m
@n8n/rest-api-client:build: [34mâ„¹[39m [33m[CJS][39m [2mdist/[22m[1mapi/ctas.cjs[22m                           [2m 0.15 kB[22m [2mâ”‚ gzip: 0.12 kB[22m
@n8n/rest-api-client:build: [34mâ„¹[39m [33m[CJS][39m [2mdist/[22m[1mapi/events.cjs[22m                         [2m 0.15 kB[22m [2mâ”‚ gzip: 0.12 kB[22m
@n8n/rest-api-client:build: [34mâ„¹[39m [33m[CJS][39m [2mdist/[22m[1mapi/settings.cjs[22m                       [2m 0.15 kB[22m [2mâ”‚ gzip: 0.11 kB[22m
@n8n/rest-api-client:build: [34mâ„¹[39m [33m[CJS][39m [2mdist/[22m[1mapi/webhooks.cjs[22m                       [2m 0.15 kB[22m [2mâ”‚ gzip: 0.11 kB[22m
@n8n/rest-api-client:build: [34mâ„¹[39m [33m[CJS][39m [2mdist/[22m[1mapi/execution.cjs[22m                      [2m 0.00 kB[22m [2mâ”‚ gzip: 0.02 kB[22m
@n8n/rest-api-client:build: [34mâ„¹[39m [33m[CJS][39m [2mdist/[22m[1mapi/tags.cjs[22m                           [2m 0.00 kB[22m [2mâ”‚ gzip: 0.02 kB[22m
@n8n/rest-api-client:build: [34mâ„¹[39m [33m[CJS][39m [2mdist/[22m[1mapi/workflows.cjs[22m                      [2m 0.00 kB[22m [2mâ”‚ gzip: 0.02 kB[22m
@n8n/rest-api-client:build: [34mâ„¹[39m [33m[CJS][39m [2mdist/[22m[1mtypes.cjs[22m                              [2m 0.00 kB[22m [2mâ”‚ gzip: 0.02 kB[22m
@n8n/rest-api-client:build: [34mâ„¹[39m [33m[CJS][39m [2mdist/[22mutils-B3Y_jDoH.cjs.map                 [2m12.56 kB[22m [2mâ”‚ gzip: 4.19 kB[22m
@n8n/rest-api-client:build: [34mâ„¹[39m [33m[CJS][39m [2mdist/[22mutils-B3Y_jDoH.cjs                     [2m 8.63 kB[22m [2mâ”‚ gzip: 2.85 kB[22m
@n8n/rest-api-client:build: [34mâ„¹[39m [33m[CJS][39m [2mdist/[22musers-C3-Jzpw9.cjs.map                 [2m 8.56 kB[22m [2mâ”‚ gzip: 1.83 kB[22m
@n8n/rest-api-client:build: [34mâ„¹[39m [33m[CJS][39m [2mdist/[22mtemplates-BMEiZtzR.cjs.map             [2m 6.24 kB[22m [2mâ”‚ gzip: 1.70 kB[22m
@n8n/rest-api-client:build: [34mâ„¹[39m [33m[CJS][39m [2mdist/[22musers-C3-Jzpw9.cjs                     [2m 5.40 kB[22m [2mâ”‚ gzip: 0.88 kB[22m
@n8n/rest-api-client:build: [34mâ„¹[39m [33m[CJS][39m [2mdist/[22mnodeTypes-hDBWvY3F.cjs.map             [2m 4.68 kB[22m [2mâ”‚ gzip: 1.33 kB[22m
@n8n/rest-api-client:build: [34mâ„¹[39m [33m[CJS][39m [2mdist/[22mnodeTypes-hDBWvY3F.cjs                 [2m 3.79 kB[22m [2mâ”‚ gzip: 0.86 kB[22m
@n8n/rest-api-client:build: [34mâ„¹[39m [33m[CJS][39m [2mdist/[22msso-FJ46jels.cjs.map                   [2m 2.85 kB[22m [2mâ”‚ gzip: 0.78 kB[22m
@n8n/rest-api-client:build: [34mâ„¹[39m [33m[CJS][39m [2mdist/[22mcloudPlans-Wc9-b36D.cjs.map            [2m 2.80 kB[22m [2mâ”‚ gzip: 1.02 kB[22m
@n8n/rest-api-client:build: [34mâ„¹[39m [33m[CJS][39m [2mdist/[22mexternalSecrets.ee-E56QDcID.cjs.map    [2m 2.65 kB[22m [2mâ”‚ gzip: 0.71 kB[22m
@n8n/rest-api-client:build: [34mâ„¹[39m [33m[CJS][39m [2mdist/[22mldap-CxT7EoJA.cjs.map                  [2m 2.61 kB[22m [2mâ”‚ gzip: 0.89 kB[22m
@n8n/rest-api-client:build: [34mâ„¹[39m [33m[CJS][39m [2mdist/[22msso-FJ46jels.cjs                       [2m 2.53 kB[22m [2mâ”‚ gzip: 0.51 kB[22m
@n8n/rest-api-client:build: [34mâ„¹[39m [33m[CJS][39m [2mdist/[22mtemplates-BMEiZtzR.cjs                 [2m 2.52 kB[22m [2mâ”‚ gzip: 0.61 kB[22m
@n8n/rest-api-client:build: [34mâ„¹[39m [33m[CJS][39m [2mdist/[22meventbus.ee-Cd5zMIkS.cjs.map           [2m 2.34 kB[22m [2mâ”‚ gzip: 0.80 kB[22m
@n8n/rest-api-client:build: [34mâ„¹[39m [33m[CJS][39m [2mdist/[22mexternalSecrets.ee-E56QDcID.cjs        [2m 2.33 kB[22m [2mâ”‚ gzip: 0.48 kB[22m
@n8n/rest-api-client:build: [34mâ„¹[39m [33m[CJS][39m [2mdist/[22mcommunityNodes-3TDozK0K.cjs.map        [2m 2.12 kB[22m [2mâ”‚ gzip: 0.83 kB[22m
@n8n/rest-api-client:build: [34mâ„¹[39m [33m[CJS][39m [2mdist/[22meventbus.ee-Cd5zMIkS.cjs               [2m 1.96 kB[22m [2mâ”‚ gzip: 0.52 kB[22m
@n8n/rest-api-client:build: [34mâ„¹[39m [33m[CJS][39m [2mdist/[22mmfa-Bb0afYl3.cjs.map                   [2m 1.88 kB[22m [2mâ”‚ gzip: 0.62 kB[22m
@n8n/rest-api-client:build: [34mâ„¹[39m [33m[CJS][39m [2mdist/[22musage--uT1L5xG.cjs.map                 [2m 1.81 kB[22m [2mâ”‚ gzip: 0.64 kB[22m
@n8n/rest-api-client:build: [34mâ„¹[39m [33m[CJS][39m [2mdist/[22mcommunityNodes-3TDozK0K.cjs            [2m 1.77 kB[22m [2mâ”‚ gzip: 0.58 kB[22m
@n8n/rest-api-client:build: [34mâ„¹[39m [33m[CJS][39m [2mdist/[22mroles-BysV9w2b.cjs.map                 [2m 1.76 kB[22m [2mâ”‚ gzip: 0.61 kB[22m
@n8n/rest-api-client:build: [34mâ„¹[39m [33m[CJS][39m [2mdist/[22mapi-keys-Cv9-Txq1.cjs.map              [2m 1.76 kB[22m [2mâ”‚ gzip: 0.60 kB[22m
@n8n/rest-api-client:build: [34mâ„¹[39m [33m[CJS][39m [2mdist/[22mcloudPlans-Wc9-b36D.cjs                [2m 1.71 kB[22m [2mâ”‚ gzip: 0.46 kB[22m
@n8n/rest-api-client:build: [34mâ„¹[39m [33m[CJS][39m [2mdist/[22mmfa-Bb0afYl3.cjs                       [2m 1.65 kB[22m [2mâ”‚ gzip: 0.43 kB[22m
@n8n/rest-api-client:build: [34mâ„¹[39m [33m[CJS][39m [2mdist/[22mworkflowHistory-BItNk1nG.cjs.map       [2m 1.63 kB[22m [2mâ”‚ gzip: 0.63 kB[22m
@n8n/rest-api-client:build: [34mâ„¹[39m [33m[CJS][39m [2mdist/[22musage--uT1L5xG.cjs                     [2m 1.53 kB[22m [2mâ”‚ gzip: 0.44 kB[22m
@n8n/rest-api-client:build: [34mâ„¹[39m [33m[CJS][39m [2mdist/[22mroles-BysV9w2b.cjs                     [2m 1.50 kB[22m [2mâ”‚ gzip: 0.43 kB[22m
@n8n/rest-api-client:build: [34mâ„¹[39m [33m[CJS][39m [2mdist/[22mldap-CxT7EoJA.cjs                      [2m 1.48 kB[22m [2mâ”‚ gzip: 0.42 kB[22m
@n8n/rest-api-client:build: [34mâ„¹[39m [33m[CJS][39m [2mdist/[22mapi-keys-Cv9-Txq1.cjs                  [2m 1.42 kB[22m [2mâ”‚ gzip: 0.40 kB[22m
@n8n/rest-api-client:build: [34mâ„¹[39m [33m[CJS][39m [2mdist/[22mprompts-BXLugyFi.cjs.map               [2m 1.17 kB[22m [2mâ”‚ gzip: 0.54 kB[22m
@n8n/rest-api-client:build: [34mâ„¹[39m [33m[CJS][39m [2mdist/[22mprovisioning-CyFnIuAZ.cjs.map          [2m 1.08 kB[22m [2mâ”‚ gzip: 0.47 kB[22m
@n8n/rest-api-client:build: [34mâ„¹[39m [33m[CJS][39m [2mdist/[22mapi/consent.cjs.map                    [2m 0.96 kB[22m [2mâ”‚ gzip: 0.45 kB[22m
@n8n/rest-api-client:build: [34mâ„¹[39m [33m[CJS][39m [2mdist/[22mprompts-BXLugyFi.cjs                   [2m 0.87 kB[22m [2mâ”‚ gzip: 0.39 kB[22m
@n8n/rest-api-client:build: [34mâ„¹[39m [33m[CJS][39m [2mdist/[22mworkflowHistory-BItNk1nG.cjs           [2m 0.85 kB[22m [2mâ”‚ gzip: 0.36 kB[22m
@n8n/rest-api-client:build: [34mâ„¹[39m [33m[CJS][39m [2mdist/[22mtelemetry-CPyLwrSK.cjs.map             [2m 0.77 kB[22m [2mâ”‚ gzip: 0.43 kB[22m
@n8n/rest-api-client:build: [34mâ„¹[39m [33m[CJS][39m [2mdist/[22mprovisioning-CyFnIuAZ.cjs              [2m 0.75 kB[22m [2mâ”‚ gzip: 0.34 kB[22m
@n8n/rest-api-client:build: [34mâ„¹[39m [33m[CJS][39m [2mdist/[22mwebhooks-DtCtpQiC.cjs.map              [2m 0.74 kB[22m [2mâ”‚ gzip: 0.42 kB[22m
@n8n/rest-api-client:build: [34mâ„¹[39m [33m[CJS][39m [2mdist/[22mmodule-settings-50xwW2dR.cjs.map       [2m 0.57 kB[22m [2mâ”‚ gzip: 0.33 kB[22m
@n8n/rest-api-client:build: [34mâ„¹[39m [33m[CJS][39m [2mdist/[22morchestration-CF6bck4X.cjs.map         [2m 0.56 kB[22m [2mâ”‚ gzip: 0.36 kB[22m
@n8n/rest-api-client:build: [34mâ„¹[39m [33m[CJS][39m [2mdist/[22mthird-party-licenses-BpHbVnKR.cjs.map  [2m 0.56 kB[22m [2mâ”‚ gzip: 0.36 kB[22m
@n8n/rest-api-client:build: [34mâ„¹[39m [33m[CJS][39m [2mdist/[22mnpsSurvey-ahGofd3F.cjs.map             [2m 0.56 kB[22m [2mâ”‚ gzip: 0.34 kB[22m
@n8n/rest-api-client:build: [34mâ„¹[39m [33m[CJS][39m [2mdist/[22msettings-DYC75-xz.cjs.map              [2m 0.53 kB[22m [2mâ”‚ gzip: 0.32 kB[22m
@n8n/rest-api-client:build: [34mâ„¹[39m [33m[CJS][39m [2mdist/[22mthird-party-licenses-BpHbVnKR.cjs      [2m 0.48 kB[22m [2mâ”‚ gzip: 0.31 kB[22m
@n8n/rest-api-client:build: [34mâ„¹[39m [33m[CJS][39m [2mdist/[22morchestration-CF6bck4X.cjs             [2m 0.48 kB[22m [2mâ”‚ gzip: 0.33 kB[22m
@n8n/rest-api-client:build: [34mâ„¹[39m [33m[CJS][39m [2mdist/[22mevents-1x2bgvZY.cjs.map                [2m 0.47 kB[22m [2mâ”‚ gzip: 0.32 kB[22m
@n8n/rest-api-client:build: [34mâ„¹[39m [33m[CJS][39m [2mdist/[22mctas-ex0jJPkZ.cjs.map                  [2m 0.46 kB[22m [2mâ”‚ gzip: 0.32 kB[22m
@n8n/rest-api-client:build: [34mâ„¹[39m [33m[CJS][39m [2mdist/[22mtelemetry-CPyLwrSK.cjs                 [2m 0.46 kB[22m [2mâ”‚ gzip: 0.30 kB[22m
@n8n/rest-api-client:build: [34mâ„¹[39m [33m[CJS][39m [2mdist/[22mnpsSurvey-ahGofd3F.cjs                 [2m 0.44 kB[22m [2mâ”‚ gzip: 0.30 kB[22m
@n8n/rest-api-client:build: [34mâ„¹[39m [33m[CJS][39m [2mdist/[22mmodule-settings-50xwW2dR.cjs           [2m 0.42 kB[22m [2mâ”‚ gzip: 0.28 kB[22m
@n8n/rest-api-client:build: [34mâ„¹[39m [33m[CJS][39m [2mdist/[22mwebhooks-DtCtpQiC.cjs                  [2m 0.41 kB[22m [2mâ”‚ gzip: 0.29 kB[22m
@n8n/rest-api-client:build: [34mâ„¹[39m [33m[CJS][39m [2mdist/[22mevents-1x2bgvZY.cjs                    [2m 0.40 kB[22m [2mâ”‚ gzip: 0.28 kB[22m
@n8n/rest-api-client:build: [34mâ„¹[39m [33m[CJS][39m [2mdist/[22mctas-ex0jJPkZ.cjs                      [2m 0.40 kB[22m [2mâ”‚ gzip: 0.28 kB[22m
@n8n/rest-api-client:build: [34mâ„¹[39m [33m[CJS][39m [2mdist/[22msettings-DYC75-xz.cjs                  [2m 0.38 kB[22m [2mâ”‚ gzip: 0.28 kB[22m
@n8n/rest-api-client:build: [34mâ„¹[39m [33m[CJS][39m [2mdist/[22mapi-V-uSbtgx.cjs                       [2m 0.00 kB[22m [2mâ”‚ gzip: 0.02 kB[22m
@n8n/rest-api-client:build: [34mâ„¹[39m [33m[CJS][39m 87 files, total: 138.01 kB
@n8n/rest-api-client:build: [33m[EMPTY_IMPORT_META] Warning:[0m `import.meta` may not be a valid syntax with the `cjs` output format.
@n8n/rest-api-client:build:      [38;5;246mâ•­[0m[38;5;246mâ”€[0m[38;5;246m[[0m src/utils.ts:115:3 [38;5;246m][0m
@n8n/rest-api-client:build:      [38;5;246mâ”‚[0m
@n8n/rest-api-client:build:  [38;5;246m115 â”‚[0m [38;5;249m [0m[38;5;249m [0m[38;5;249m [0m[38;5;249m [0m[38;5;249m [0m[38;5;249m [0m[38;5;249m [0mimport.meta[38;5;249m.[0m[38;5;249me[0m[38;5;249mn[0m[38;5;249mv[0m[38;5;249m.[0m[38;5;249mN[0m[38;5;249mO[0m[38;5;249mD[0m[38;5;249mE[0m[38;5;249m_[0m[38;5;249mE[0m[38;5;249mN[0m[38;5;249mV[0m[38;5;249m [0m[38;5;249m![0m[38;5;249m=[0m[38;5;249m=[0m[38;5;249m [0m[38;5;249m'[0m[38;5;249mp[0m[38;5;249mr[0m[38;5;249mo[0m[38;5;249md[0m[38;5;249mu[0m[38;5;249mc[0m[38;5;249mt[0m[38;5;249mi[0m[38;5;249mo[0m[38;5;249mn[0m[38;5;249m'[0m[38;5;249m [0m[38;5;249m&[0m[38;5;249m&[0m
@n8n/rest-api-client:build:  [38;5;240m    â”‚[0m        â”€â”€â”€â”€â”€â”¬â”€â”€â”€â”€â”€  
@n8n/rest-api-client:build:  [38;5;240m    â”‚[0m             â•°â”€â”€â”€â”€â”€â”€â”€ This `import.meta` will be replaced with an empty object (`{}`) automatically. If this is desired, you can suppress this warning by adding `transform.define: { 'import.meta': {} }`. If `import.meta` needs to be kept as-is, you need to set the output format to `esm`.
@n8n/rest-api-client:build: [38;5;246mâ”€â”€â”€â”€â”€â•¯[0m
@n8n/rest-api-client:build: 
@n8n/rest-api-client:build: [33m[1mâš  Deprecation Warning:[22m[39m The top-level "define" option is deprecated. Use "transform.define" instead.
@n8n/rest-api-client:build: [33m[1mâš  Deprecation Warning:[22m[39m The top-level "inject" option is deprecated. Use "transform.inject" instead.
@n8n/rest-api-client:build: [34mâ„¹[39m [34m[ESM][39m [2mdist/[22m[1mindex.js[22m                              [2m 6.26 kB[22m [2mâ”‚ gzip: 1.90 kB[22m
@n8n/rest-api-client:build: [34mâ„¹[39m [34m[ESM][39m [2mdist/[22m[1mapi/index.js[22m                          [2m 5.92 kB[22m [2mâ”‚ gzip: 1.75 kB[22m
@n8n/rest-api-client:build: [34mâ„¹[39m [34m[ESM][39m [2mdist/[22m[1mapi/users.js[22m                          [2m 0.86 kB[22m [2mâ”‚ gzip: 0.34 kB[22m
@n8n/rest-api-client:build: [34mâ„¹[39m [34m[ESM][39m [2mdist/[22m[1mapi/nodeTypes.js[22m                      [2m 0.64 kB[22m [2mâ”‚ gzip: 0.26 kB[22m
@n8n/rest-api-client:build: [34mâ„¹[39m [34m[ESM][39m [2mdist/[22m[1mapi/externalSecrets.ee.js[22m             [2m 0.46 kB[22m [2mâ”‚ gzip: 0.19 kB[22m
@n8n/rest-api-client:build: [34mâ„¹[39m [34m[ESM][39m [2mdist/[22m[1mapi/consent.js[22m                        [2m 0.44 kB[22m [2mâ”‚ gzip: 0.25 kB[22m
@n8n/rest-api-client:build: [34mâ„¹[39m [34m[ESM][39m [2mdist/[22m[1mutils.js[22m                              [2m 0.42 kB[22m [2mâ”‚ gzip: 0.23 kB[22m
@n8n/rest-api-client:build: [34mâ„¹[39m [34m[ESM][39m [2mdist/[22m[1mapi/eventbus.ee.js[22m                    [2m 0.41 kB[22m [2mâ”‚ gzip: 0.20 kB[22m
@n8n/rest-api-client:build: [34mâ„¹[39m [34m[ESM][39m [2mdist/[22m[1mapi/sso.js[22m                            [2m 0.40 kB[22m [2mâ”‚ gzip: 0.20 kB[22m
@n8n/rest-api-client:build: [34mâ„¹[39m [34m[ESM][39m [2mdist/[22m[1mapi/templates.js[22m                      [2m 0.36 kB[22m [2mâ”‚ gzip: 0.19 kB[22m
@n8n/rest-api-client:build: [34mâ„¹[39m [34m[ESM][39m [2mdist/[22m[1mapi/communityNodes.js[22m                 [2m 0.34 kB[22m [2mâ”‚ gzip: 0.19 kB[22m
@n8n/rest-api-client:build: [34mâ„¹[39m [34m[ESM][39m [2mdist/[22m[1mapi/cloudPlans.js[22m                     [2m 0.34 kB[22m [2mâ”‚ gzip: 0.20 kB[22m
@n8n/rest-api-client:build: [34mâ„¹[39m [34m[ESM][39m [2mdist/[22m[1mapi/usage.js[22m                          [2m 0.29 kB[22m [2mâ”‚ gzip: 0.18 kB[22m
@n8n/rest-api-client:build: [34mâ„¹[39m [34m[ESM][39m [2mdist/[22m[1mapi/ldap.js[22m                           [2m 0.29 kB[22m [2mâ”‚ gzip: 0.17 kB[22m
@n8n/rest-api-client:build: [34mâ„¹[39m [34m[ESM][39m [2mdist/[22m[1mapi/roles.js[22m                          [2m 0.27 kB[22m [2mâ”‚ gzip: 0.16 kB[22m
@n8n/rest-api-client:build: [34mâ„¹[39m [34m[ESM][39m [2mdist/[22m[1mapi/mfa.js[22m                            [2m 0.27 kB[22m [2mâ”‚ gzip: 0.18 kB[22m
@n8n/rest-api-client:build: [34mâ„¹[39m [34m[ESM][39m [2mdist/[22m[1mapi/api-keys.js[22m                       [2m 0.25 kB[22m [2mâ”‚ gzip: 0.16 kB[22m
@n8n/rest-api-client:build: [34mâ„¹[39m [34m[ESM][39m [2mdist/[22m[1mapi/provisioning.js[22m                   [2m 0.19 kB[22m [2mâ”‚ gzip: 0.13 kB[22m
@n8n/rest-api-client:build: [34mâ„¹[39m [34m[ESM][39m [2mdist/[22m[1mapi/workflowHistory.js[22m                [2m 0.18 kB[22m [2mâ”‚ gzip: 0.13 kB[22m
@n8n/rest-api-client:build: [34mâ„¹[39m [34m[ESM][39m [2mdist/[22m[1mapi/prompts.js[22m                        [2m 0.16 kB[22m [2mâ”‚ gzip: 0.13 kB[22m
@n8n/rest-api-client:build: [34mâ„¹[39m [34m[ESM][39m [2mdist/[22m[1mapi/third-party-licenses.js[22m           [2m 0.15 kB[22m [2mâ”‚ gzip: 0.12 kB[22m
@n8n/rest-api-client:build: [34mâ„¹[39m [34m[ESM][39m [2mdist/[22m[1mapi/telemetry.js[22m                      [2m 0.14 kB[22m [2mâ”‚ gzip: 0.12 kB[22m
@n8n/rest-api-client:build: [34mâ„¹[39m [34m[ESM][39m [2mdist/[22m[1mapi/orchestration.js[22m                  [2m 0.14 kB[22m [2mâ”‚ gzip: 0.12 kB[22m
@n8n/rest-api-client:build: [34mâ„¹[39m [34m[ESM][39m [2mdist/[22m[1mapi/module-settings.js[22m                [2m 0.13 kB[22m [2mâ”‚ gzip: 0.11 kB[22m
@n8n/rest-api-client:build: [34mâ„¹[39m [34m[ESM][39m [2mdist/[22m[1mapi/npsSurvey.js[22m                      [2m 0.13 kB[22m [2mâ”‚ gzip: 0.11 kB[22m
@n8n/rest-api-client:build: [34mâ„¹[39m [34m[ESM][39m [2mdist/[22m[1mapi/ctas.js[22m                           [2m 0.13 kB[22m [2mâ”‚ gzip: 0.11 kB[22m
@n8n/rest-api-client:build: [34mâ„¹[39m [34m[ESM][39m [2mdist/[22m[1mapi/events.js[22m                         [2m 0.12 kB[22m [2mâ”‚ gzip: 0.11 kB[22m
@n8n/rest-api-client:build: [34mâ„¹[39m [34m[ESM][39m [2mdist/[22m[1mapi/settings.js[22m                       [2m 0.12 kB[22m [2mâ”‚ gzip: 0.10 kB[22m
@n8n/rest-api-client:build: [34mâ„¹[39m [34m[ESM][39m [2mdist/[22m[1mapi/webhooks.js[22m                       [2m 0.12 kB[22m [2mâ”‚ gzip: 0.10 kB[22m
@n8n/rest-api-client:build: [34mâ„¹[39m [34m[ESM][39m [2mdist/[22m[1mapi/execution.js[22m                      [2m 0.01 kB[22m [2mâ”‚ gzip: 0.03 kB[22m
@n8n/rest-api-client:build: [34mâ„¹[39m [34m[ESM][39m [2mdist/[22m[1mapi/tags.js[22m                           [2m 0.01 kB[22m [2mâ”‚ gzip: 0.03 kB[22m
@n8n/rest-api-client:build: [34mâ„¹[39m [34m[ESM][39m [2mdist/[22m[1mapi/workflows.js[22m                      [2m 0.01 kB[22m [2mâ”‚ gzip: 0.03 kB[22m
@n8n/rest-api-client:build: [34mâ„¹[39m [34m[ESM][39m [2mdist/[22m[1mtypes.js[22m                              [2m 0.01 kB[22m [2mâ”‚ gzip: 0.03 kB[22m
@n8n/rest-api-client:build: [34mâ„¹[39m [34m[ESM][39m [2mdist/[22mutils-DD4TLOlr.js.map                 [2m12.53 kB[22m [2mâ”‚ gzip: 4.18 kB[22m
@n8n/rest-api-client:build: [34mâ„¹[39m [34m[ESM][39m [2mdist/[22musers-DGOZYd6Z.js.map                 [2m 8.52 kB[22m [2mâ”‚ gzip: 1.83 kB[22m
@n8n/rest-api-client:build: [34mâ„¹[39m [34m[ESM][39m [2mdist/[22mutils-DD4TLOlr.js                     [2m 6.31 kB[22m [2mâ”‚ gzip: 2.34 kB[22m
@n8n/rest-api-client:build: [34mâ„¹[39m [34m[ESM][39m [2mdist/[22mtemplates-D3n3tCE9.js.map             [2m 6.22 kB[22m [2mâ”‚ gzip: 1.69 kB[22m
@n8n/rest-api-client:build: [34mâ„¹[39m [34m[ESM][39m [2mdist/[22mnodeTypes-BC7P_orZ.js.map             [2m 4.65 kB[22m [2mâ”‚ gzip: 1.32 kB[22m
@n8n/rest-api-client:build: [34mâ„¹[39m [34m[ESM][39m [2mdist/[22musers-DGOZYd6Z.js                     [2m 3.10 kB[22m [2mâ”‚ gzip: 0.76 kB[22m
@n8n/rest-api-client:build: [34mâ„¹[39m [34m[ESM][39m [2mdist/[22msso-DyMLx9gN.js.map                   [2m 2.81 kB[22m [2mâ”‚ gzip: 0.77 kB[22m
@n8n/rest-api-client:build: [34mâ„¹[39m [34m[ESM][39m [2mdist/[22mcloudPlans-B42eAQWC.js.map            [2m 2.78 kB[22m [2mâ”‚ gzip: 1.00 kB[22m
@n8n/rest-api-client:build: [34mâ„¹[39m [34m[ESM][39m [2mdist/[22mexternalSecrets.ee-apQetaGb.js.map    [2m 2.62 kB[22m [2mâ”‚ gzip: 0.70 kB[22m
@n8n/rest-api-client:build: [34mâ„¹[39m [34m[ESM][39m [2mdist/[22mldap-DwvM5wTS.js.map                  [2m 2.58 kB[22m [2mâ”‚ gzip: 0.88 kB[22m
@n8n/rest-api-client:build: [34mâ„¹[39m [34m[ESM][39m [2mdist/[22mnodeTypes-BC7P_orZ.js                 [2m 2.45 kB[22m [2mâ”‚ gzip: 0.75 kB[22m
@n8n/rest-api-client:build: [34mâ„¹[39m [34m[ESM][39m [2mdist/[22meventbus.ee-CM4iObVK.js.map           [2m 2.32 kB[22m [2mâ”‚ gzip: 0.80 kB[22m
@n8n/rest-api-client:build: [34mâ„¹[39m [34m[ESM][39m [2mdist/[22mcommunityNodes-WJXSDS4D.js.map        [2m 2.04 kB[22m [2mâ”‚ gzip: 0.81 kB[22m
@n8n/rest-api-client:build: [34mâ„¹[39m [34m[ESM][39m [2mdist/[22mmfa-geZAdXW7.js.map                   [2m 1.86 kB[22m [2mâ”‚ gzip: 0.62 kB[22m
@n8n/rest-api-client:build: [34mâ„¹[39m [34m[ESM][39m [2mdist/[22musage-y2BZ1dMU.js.map                 [2m 1.78 kB[22m [2mâ”‚ gzip: 0.64 kB[22m
@n8n/rest-api-client:build: [34mâ„¹[39m [34m[ESM][39m [2mdist/[22mroles-Qsr3sRNC.js.map                 [2m 1.74 kB[22m [2mâ”‚ gzip: 0.61 kB[22m
@n8n/rest-api-client:build: [34mâ„¹[39m [34m[ESM][39m [2mdist/[22mapi-keys-B0qwpKhZ.js.map              [2m 1.74 kB[22m [2mâ”‚ gzip: 0.59 kB[22m
@n8n/rest-api-client:build: [34mâ„¹[39m [34m[ESM][39m [2mdist/[22mtemplates-D3n3tCE9.js                 [2m 1.67 kB[22m [2mâ”‚ gzip: 0.53 kB[22m
@n8n/rest-api-client:build: [34mâ„¹[39m [34m[ESM][39m [2mdist/[22mworkflowHistory-B50Tll0p.js.map       [2m 1.62 kB[22m [2mâ”‚ gzip: 0.62 kB[22m
@n8n/rest-api-client:build: [34mâ„¹[39m [34m[ESM][39m [2mdist/[22msso-DyMLx9gN.js                       [2m 1.48 kB[22m [2mâ”‚ gzip: 0.40 kB[22m
@n8n/rest-api-client:build: [34mâ„¹[39m [34m[ESM][39m [2mdist/[22mexternalSecrets.ee-apQetaGb.js        [2m 1.46 kB[22m [2mâ”‚ gzip: 0.38 kB[22m
@n8n/rest-api-client:build: [34mâ„¹[39m [34m[ESM][39m [2mdist/[22meventbus.ee-CM4iObVK.js               [2m 1.22 kB[22m [2mâ”‚ gzip: 0.44 kB[22m
@n8n/rest-api-client:build: [34mâ„¹[39m [34m[ESM][39m [2mdist/[22mcommunityNodes-WJXSDS4D.js            [2m 1.18 kB[22m [2mâ”‚ gzip: 0.51 kB[22m
@n8n/rest-api-client:build: [34mâ„¹[39m [34m[ESM][39m [2mdist/[22mprompts--Q4k2C7K.js.map               [2m 1.14 kB[22m [2mâ”‚ gzip: 0.52 kB[22m
@n8n/rest-api-client:build: [34mâ„¹[39m [34m[ESM][39m [2mdist/[22mprovisioning-BlP_QBS7.js.map          [2m 1.06 kB[22m [2mâ”‚ gzip: 0.47 kB[22m
@n8n/rest-api-client:build: [34mâ„¹[39m [34m[ESM][39m [2mdist/[22mcloudPlans-B42eAQWC.js                [2m 0.98 kB[22m [2mâ”‚ gzip: 0.38 kB[22m
@n8n/rest-api-client:build: [34mâ„¹[39m [34m[ESM][39m [2mdist/[22mmfa-geZAdXW7.js                       [2m 0.96 kB[22m [2mâ”‚ gzip: 0.35 kB[22m
@n8n/rest-api-client:build: [34mâ„¹[39m [34m[ESM][39m [2mdist/[22musage-y2BZ1dMU.js                     [2m 0.94 kB[22m [2mâ”‚ gzip: 0.35 kB[22m
@n8n/rest-api-client:build: [34mâ„¹[39m [34m[ESM][39m [2mdist/[22mapi/consent.js.map                    [2m 0.94 kB[22m [2mâ”‚ gzip: 0.45 kB[22m
@n8n/rest-api-client:build: [34mâ„¹[39m [34m[ESM][39m [2mdist/[22mroles-Qsr3sRNC.js                     [2m 0.92 kB[22m [2mâ”‚ gzip: 0.36 kB[22m
@n8n/rest-api-client:build: [34mâ„¹[39m [34m[ESM][39m [2mdist/[22mldap-DwvM5wTS.js                      [2m 0.89 kB[22m [2mâ”‚ gzip: 0.34 kB[22m
@n8n/rest-api-client:build: [34mâ„¹[39m [34m[ESM][39m [2mdist/[22mapi-keys-B0qwpKhZ.js                  [2m 0.85 kB[22m [2mâ”‚ gzip: 0.33 kB[22m
@n8n/rest-api-client:build: [34mâ„¹[39m [34m[ESM][39m [2mdist/[22mtelemetry-eS9Dgx1b.js.map             [2m 0.74 kB[22m [2mâ”‚ gzip: 0.43 kB[22m
@n8n/rest-api-client:build: [34mâ„¹[39m [34m[ESM][39m [2mdist/[22mwebhooks-CE0Mli58.js.map              [2m 0.72 kB[22m [2mâ”‚ gzip: 0.42 kB[22m
@n8n/rest-api-client:build: [34mâ„¹[39m [34m[ESM][39m [2mdist/[22mprompts--Q4k2C7K.js                   [2m 0.61 kB[22m [2mâ”‚ gzip: 0.32 kB[22m
@n8n/rest-api-client:build: [34mâ„¹[39m [34m[ESM][39m [2mdist/[22mworkflowHistory-B50Tll0p.js           [2m 0.60 kB[22m [2mâ”‚ gzip: 0.29 kB[22m
@n8n/rest-api-client:build: [34mâ„¹[39m [34m[ESM][39m [2mdist/[22mthird-party-licenses-B42NcmPM.js.map  [2m 0.55 kB[22m [2mâ”‚ gzip: 0.35 kB[22m
@n8n/rest-api-client:build: [34mâ„¹[39m [34m[ESM][39m [2mdist/[22mmodule-settings-CM9O_tz5.js.map       [2m 0.55 kB[22m [2mâ”‚ gzip: 0.33 kB[22m
@n8n/rest-api-client:build: [34mâ„¹[39m [34m[ESM][39m [2mdist/[22morchestration-mhsGPcmT.js.map         [2m 0.54 kB[22m [2mâ”‚ gzip: 0.35 kB[22m
@n8n/rest-api-client:build: [34mâ„¹[39m [34m[ESM][39m [2mdist/[22mnpsSurvey-BAwh7LWy.js.map             [2m 0.54 kB[22m [2mâ”‚ gzip: 0.34 kB[22m
@n8n/rest-api-client:build: [34mâ„¹[39m [34m[ESM][39m [2mdist/[22mprovisioning-BlP_QBS7.js              [2m 0.51 kB[22m [2mâ”‚ gzip: 0.27 kB[22m
@n8n/rest-api-client:build: [34mâ„¹[39m [34m[ESM][39m [2mdist/[22msettings-DGx56buN.js.map              [2m 0.51 kB[22m [2mâ”‚ gzip: 0.32 kB[22m
@n8n/rest-api-client:build: [34mâ„¹[39m [34m[ESM][39m [2mdist/[22mctas-CBVW-tFv.js.map                  [2m 0.45 kB[22m [2mâ”‚ gzip: 0.32 kB[22m
@n8n/rest-api-client:build: [34mâ„¹[39m [34m[ESM][39m [2mdist/[22mevents-BBXI_TpT.js.map                [2m 0.45 kB[22m [2mâ”‚ gzip: 0.31 kB[22m
@n8n/rest-api-client:build: [34mâ„¹[39m [34m[ESM][39m [2mdist/[22morchestration-mhsGPcmT.js             [2m 0.38 kB[22m [2mâ”‚ gzip: 0.26 kB[22m
@n8n/rest-api-client:build: [34mâ„¹[39m [34m[ESM][39m [2mdist/[22mthird-party-licenses-B42NcmPM.js      [2m 0.36 kB[22m [2mâ”‚ gzip: 0.26 kB[22m
@n8n/rest-api-client:build: [34mâ„¹[39m [34m[ESM][39m [2mdist/[22mtelemetry-eS9Dgx1b.js                 [2m 0.35 kB[22m [2mâ”‚ gzip: 0.24 kB[22m
@n8n/rest-api-client:build: [34mâ„¹[39m [34m[ESM][39m [2mdist/[22mnpsSurvey-BAwh7LWy.js                 [2m 0.33 kB[22m [2mâ”‚ gzip: 0.24 kB[22m
@n8n/rest-api-client:build: [34mâ„¹[39m [34m[ESM][39m [2mdist/[22mmodule-settings-CM9O_tz5.js           [2m 0.32 kB[22m [2mâ”‚ gzip: 0.23 kB[22m
@n8n/rest-api-client:build: [34mâ„¹[39m [34m[ESM][39m [2mdist/[22mwebhooks-CE0Mli58.js                  [2m 0.31 kB[22m [2mâ”‚ gzip: 0.23 kB[22m
@n8n/rest-api-client:build: [34mâ„¹[39m [34m[ESM][39m [2mdist/[22mevents-BBXI_TpT.js                    [2m 0.30 kB[22m [2mâ”‚ gzip: 0.23 kB[22m
@n8n/rest-api-client:build: [34mâ„¹[39m [34m[ESM][39m [2mdist/[22msettings-DGx56buN.js                  [2m 0.28 kB[22m [2mâ”‚ gzip: 0.22 kB[22m
@n8n/rest-api-client:build: [34mâ„¹[39m [34m[ESM][39m [2mdist/[22mctas-CBVW-tFv.js                      [2m 0.27 kB[22m [2mâ”‚ gzip: 0.22 kB[22m
@n8n/rest-api-client:build: [34mâ„¹[39m [34m[ESM][39m [2mdist/[22mapi-CfKKs5bY.js                       [2m 0.01 kB[22m [2mâ”‚ gzip: 0.03 kB[22m
@n8n/rest-api-client:build: [34mâ„¹[39m [34m[ESM][39m [2mdist/[22m[32m[1mindex.d.ts[22m[39m                            [2m 8.66 kB[22m [2mâ”‚ gzip: 2.44 kB[22m
@n8n/rest-api-client:build: [34mâ„¹[39m [34m[ESM][39m [2mdist/[22m[32m[1mapi/index.d.ts[22m[39m                        [2m 8.24 kB[22m [2mâ”‚ gzip: 2.28 kB[22m
@n8n/rest-api-client:build: [34mâ„¹[39m [34m[ESM][39m [2mdist/[22m[32m[1mapi/users.d.ts[22m[39m                        [2m 1.36 kB[22m [2mâ”‚ gzip: 0.45 kB[22m
@n8n/rest-api-client:build: [34mâ„¹[39m [34m[ESM][39m [2mdist/[22m[32m[1mapi/templates.d.ts[22m[39m                    [2m 1.11 kB[22m [2mâ”‚ gzip: 0.35 kB[22m
@n8n/rest-api-client:build: [34mâ„¹[39m [34m[ESM][39m [2mdist/[22m[32m[1mapi/nodeTypes.d.ts[22m[39m                    [2m 0.64 kB[22m [2mâ”‚ gzip: 0.26 kB[22m
@n8n/rest-api-client:build: [34mâ„¹[39m [34m[ESM][39m [2mdist/[22m[32m[1mapi/consent.d.ts[22m[39m                      [2m 0.58 kB[22m [2mâ”‚ gzip: 0.29 kB[22m
@n8n/rest-api-client:build: [34mâ„¹[39m [34m[ESM][39m [2mdist/[22m[32m[1mapi/eventbus.ee.d.ts[22m[39m                  [2m 0.49 kB[22m [2mâ”‚ gzip: 0.22 kB[22m
@n8n/rest-api-client:build: [34mâ„¹[39m [34m[ESM][39m [2mdist/[22m[32m[1mapi/sso.d.ts[22m[39m                          [2m 0.46 kB[22m [2mâ”‚ gzip: 0.22 kB[22m
@n8n/rest-api-client:build: [34mâ„¹[39m [34m[ESM][39m [2mdist/[22m[32m[1mapi/externalSecrets.ee.d.ts[22m[39m           [2m 0.46 kB[22m [2mâ”‚ gzip: 0.19 kB[22m
@n8n/rest-api-client:build: [34mâ„¹[39m [34m[ESM][39m [2mdist/[22m[32m[1mutils.d.ts[22m[39m                            [2m 0.45 kB[22m [2mâ”‚ gzip: 0.25 kB[22m
@n8n/rest-api-client:build: [34mâ„¹[39m [34m[ESM][39m [2mdist/[22m[32m[1mapi/cloudPlans.d.ts[22m[39m                   [2m 0.44 kB[22m [2mâ”‚ gzip: 0.23 kB[22m
@n8n/rest-api-client:build: [34mâ„¹[39m [34m[ESM][39m [2mdist/[22m[32m[1mapi/workflowHistory.d.ts[22m[39m              [2m 0.43 kB[22m [2mâ”‚ gzip: 0.18 kB[22m
@n8n/rest-api-client:build: [34mâ„¹[39m [34m[ESM][39m [2mdist/[22m[32m[1mapi/ldap.d.ts[22m[39m                         [2m 0.38 kB[22m [2mâ”‚ gzip: 0.20 kB[22m
@n8n/rest-api-client:build: [34mâ„¹[39m [34m[ESM][39m [2mdist/[22m[32m[1mapi/communityNodes.d.ts[22m[39m               [2m 0.34 kB[22m [2mâ”‚ gzip: 0.18 kB[22m
@n8n/rest-api-client:build: [34mâ„¹[39m [34m[ESM][39m [2mdist/[22m[32m[1mapi/mfa.d.ts[22m[39m                          [2m 0.31 kB[22m [2mâ”‚ gzip: 0.19 kB[22m
@n8n/rest-api-client:build: [34mâ„¹[39m [34m[ESM][39m [2mdist/[22m[32m[1mapi/usage.d.ts[22m[39m                        [2m 0.29 kB[22m [2mâ”‚ gzip: 0.18 kB[22m
@n8n/rest-api-client:build: [34mâ„¹[39m [34m[ESM][39m [2mdist/[22m[32m[1mapi/roles.d.ts[22m[39m                        [2m 0.27 kB[22m [2mâ”‚ gzip: 0.16 kB[22m
@n8n/rest-api-client:build: [34mâ„¹[39m [34m[ESM][39m [2mdist/[22m[32m[1mapi/api-keys.d.ts[22m[39m                     [2m 0.25 kB[22m [2mâ”‚ gzip: 0.16 kB[22m
@n8n/rest-api-client:build: [34mâ„¹[39m [34m[ESM][39m [2mdist/[22m[32m[1mapi/workflows.d.ts[22m[39m                    [2m 0.25 kB[22m [2mâ”‚ gzip: 0.14 kB[22m
@n8n/rest-api-client:build: [34mâ„¹[39m [34m[ESM][39m [2mdist/[22m[32m[1mapi/provisioning.d.ts[22m[39m                 [2m 0.24 kB[22m [2mâ”‚ gzip: 0.14 kB[22m
@n8n/rest-api-client:build: [34mâ„¹[39m [34m[ESM][39m [2mdist/[22m[32m[1mapi/telemetry.d.ts[22m[39m                    [2m 0.23 kB[22m [2mâ”‚ gzip: 0.14 kB[22m
@n8n/rest-api-client:build: [34mâ„¹[39m [34m[ESM][39m [2mdist/[22m[32m[1mapi/prompts.d.ts[22m[39m                      [2m 0.20 kB[22m [2mâ”‚ gzip: 0.14 kB[22m
@n8n/rest-api-client:build: [34mâ„¹[39m [34m[ESM][39m [2mdist/[22m[32m[1mapi/third-party-licenses.d.ts[22m[39m         [2m 0.15 kB[22m [2mâ”‚ gzip: 0.12 kB[22m
@n8n/rest-api-client:build: [34mâ„¹[39m [34m[ESM][39m [2mdist/[22m[32m[1mapi/orchestration.d.ts[22m[39m                [2m 0.14 kB[22m [2mâ”‚ gzip: 0.12 kB[22m
@n8n/rest-api-client:build: [34mâ„¹[39m [34m[ESM][39m [2mdist/[22m[32m[1mapi/module-settings.d.ts[22m[39m              [2m 0.13 kB[22m [2mâ”‚ gzip: 0.11 kB[22m
@n8n/rest-api-client:build: [34mâ„¹[39m [34m[ESM][39m [2mdist/[22m[32m[1mapi/npsSurvey.d.ts[22m[39m                    [2m 0.13 kB[22m [2mâ”‚ gzip: 0.11 kB[22m
@n8n/rest-api-client:build: [34mâ„¹[39m [34m[ESM][39m [2mdist/[22m[32m[1mapi/ctas.d.ts[22m[39m                         [2m 0.13 kB[22m [2mâ”‚ gzip: 0.11 kB[22m
@n8n/rest-api-client:build: [34mâ„¹[39m [34m[ESM][39m [2mdist/[22m[32m[1mapi/events.d.ts[22m[39m                       [2m 0.12 kB[22m [2mâ”‚ gzip: 0.11 kB[22m
@n8n/rest-api-client:build: [34mâ„¹[39m [34m[ESM][39m [2mdist/[22m[32m[1mapi/settings.d.ts[22m[39m                     [2m 0.11 kB[22m [2mâ”‚ gzip: 0.10 kB[22m
@n8n/rest-api-client:build: [34mâ„¹[39m [34m[ESM][39m [2mdist/[22m[32m[1mapi/webhooks.d.ts[22m[39m                     [2m 0.11 kB[22m [2mâ”‚ gzip: 0.10 kB[22m
@n8n/rest-api-client:build: [34mâ„¹[39m [34m[ESM][39m [2mdist/[22m[32m[1mtypes.d.ts[22m[39m                            [2m 0.09 kB[22m [2mâ”‚ gzip: 0.09 kB[22m
@n8n/rest-api-client:build: [34mâ„¹[39m [34m[ESM][39m [2mdist/[22m[32m[1mapi/tags.d.ts[22m[39m                         [2m 0.07 kB[22m [2mâ”‚ gzip: 0.08 kB[22m
@n8n/rest-api-client:build: [34mâ„¹[39m [34m[ESM][39m [2mdist/[22m[32m[1mapi/execution.d.ts[22m[39m                    [2m 0.01 kB[22m [2mâ”‚ gzip: 0.03 kB[22m
@n8n/rest-api-client:build: [34mâ„¹[39m [34m[ESM][39m [2mdist/[22m[32musers-TPZlo06l.d.ts[39m                   [2m 5.47 kB[22m [2mâ”‚ gzip: 1.27 kB[22m
@n8n/rest-api-client:build: [34mâ„¹[39m [34m[ESM][39m [2mdist/[22m[32mtemplates-Bfnse6k1.d.ts[39m               [2m 4.21 kB[22m [2mâ”‚ gzip: 1.08 kB[22m
@n8n/rest-api-client:build: [34mâ„¹[39m [34m[ESM][39m [2mdist/[22m[32mutils-DbW22h9Y.d.ts[39m                   [2m 2.22 kB[22m [2mâ”‚ gzip: 0.80 kB[22m
@n8n/rest-api-client:build: [34mâ„¹[39m [34m[ESM][39m [2mdist/[22m[32mnodeTypes-vg5ucJ4a.d.ts[39m               [2m 2.07 kB[22m [2mâ”‚ gzip: 0.60 kB[22m
@n8n/rest-api-client:build: [34mâ„¹[39m [34m[ESM][39m [2mdist/[22m[32mcloudPlans-DXrNMGte.d.ts[39m              [2m 1.96 kB[22m [2mâ”‚ gzip: 0.78 kB[22m
@n8n/rest-api-client:build: [34mâ„¹[39m [34m[ESM][39m [2mdist/[22m[32mldap-DknPwdG_.d.ts[39m                    [2m 1.73 kB[22m [2mâ”‚ gzip: 0.62 kB[22m
@n8n/rest-api-client:build: [34mâ„¹[39m [34m[ESM][39m [2mdist/[22m[32msso-zzvqhHzF.d.ts[39m                     [2m 1.40 kB[22m [2mâ”‚ gzip: 0.46 kB[22m
@n8n/rest-api-client:build: [34mâ„¹[39m [34m[ESM][39m [2mdist/[22m[32meventbus.ee-BgYmR5DA.d.ts[39m             [2m 1.31 kB[22m [2mâ”‚ gzip: 0.44 kB[22m
@n8n/rest-api-client:build: [34mâ„¹[39m [34m[ESM][39m [2mdist/[22m[32mexternalSecrets.ee-DpO1c9MS.d.ts[39m      [2m 1.31 kB[22m [2mâ”‚ gzip: 0.40 kB[22m
@n8n/rest-api-client:build: [34mâ„¹[39m [34m[ESM][39m [2mdist/[22m[32mworkflows-Cz2-YN5c.d.ts[39m               [2m 1.15 kB[22m [2mâ”‚ gzip: 0.45 kB[22m
@n8n/rest-api-client:build: [34mâ„¹[39m [34m[ESM][39m [2mdist/[22m[32mworkflowHistory-CsQCDAgB.d.ts[39m         [2m 1.13 kB[22m [2mâ”‚ gzip: 0.46 kB[22m
@n8n/rest-api-client:build: [34mâ„¹[39m [34m[ESM][39m [2mdist/[22m[32mmfa-DH9Uw3ST.d.ts[39m                     [2m 0.96 kB[22m [2mâ”‚ gzip: 0.39 kB[22m
@n8n/rest-api-client:build: [34mâ„¹[39m [34m[ESM][39m [2mdist/[22m[32mapi-keys-t77VMC0Z.d.ts[39m                [2m 0.93 kB[22m [2mâ”‚ gzip: 0.37 kB[22m
@n8n/rest-api-client:build: [34mâ„¹[39m [34m[ESM][39m [2mdist/[22m[32mcommunityNodes-T1D7wIez.d.ts[39m          [2m 0.93 kB[22m [2mâ”‚ gzip: 0.37 kB[22m
@n8n/rest-api-client:build: [34mâ„¹[39m [34m[ESM][39m [2mdist/[22m[32musage-CDQRZsjt.d.ts[39m                   [2m 0.92 kB[22m [2mâ”‚ gzip: 0.37 kB[22m
@n8n/rest-api-client:build: [34mâ„¹[39m [34m[ESM][39m [2mdist/[22m[32mroles-C6G7LAwy.d.ts[39m                   [2m 0.88 kB[22m [2mâ”‚ gzip: 0.35 kB[22m
@n8n/rest-api-client:build: [34mâ„¹[39m [34m[ESM][39m [2mdist/[22m[32mprovisioning-DLUCWrAk.d.ts[39m            [2m 0.70 kB[22m [2mâ”‚ gzip: 0.31 kB[22m
@n8n/rest-api-client:build: [34mâ„¹[39m [34m[ESM][39m [2mdist/[22m[32mtelemetry-C7osJTzZ.d.ts[39m               [2m 0.55 kB[22m [2mâ”‚ gzip: 0.32 kB[22m
@n8n/rest-api-client:build: [34mâ„¹[39m [34m[ESM][39m [2mdist/[22m[32mprompts-D1d8mPvy.d.ts[39m                 [2m 0.54 kB[22m [2mâ”‚ gzip: 0.28 kB[22m
@n8n/rest-api-client:build: [34mâ„¹[39m [34m[ESM][39m [2mdist/[22m[32mwebhooks-D7FxJ6CZ.d.ts[39m                [2m 0.48 kB[22m [2mâ”‚ gzip: 0.30 kB[22m
@n8n/rest-api-client:build: [34mâ„¹[39m [34m[ESM][39m [2mdist/[22m[32mmodule-settings-CQFdYXCD.d.ts[39m         [2m 0.35 kB[22m [2mâ”‚ gzip: 0.23 kB[22m
@n8n/rest-api-client:build: [34mâ„¹[39m [34m[ESM][39m [2mdist/[22m[32mnpsSurvey-MAPAnFcI.d.ts[39m               [2m 0.34 kB[22m [2mâ”‚ gzip: 0.23 kB[22m
@n8n/rest-api-client:build: [34mâ„¹[39m [34m[ESM][39m [2mdist/[22m[32msettings-7yKPcc3S.d.ts[39m                [2m 0.32 kB[22m [2mâ”‚ gzip: 0.22 kB[22m
@n8n/rest-api-client:build: [34mâ„¹[39m [34m[ESM][39m [2mdist/[22m[32mthird-party-licenses-CHfveTWV.d.ts[39m    [2m 0.30 kB[22m [2mâ”‚ gzip: 0.21 kB[22m
@n8n/rest-api-client:build: [34mâ„¹[39m [34m[ESM][39m [2mdist/[22m[32morchestration-Bb1P2zQl.d.ts[39m           [2m 0.28 kB[22m [2mâ”‚ gzip: 0.22 kB[22m
@n8n/rest-api-client:build: [34mâ„¹[39m [34m[ESM][39m [2mdist/[22m[32mctas-Dn2eMjei.d.ts[39m                    [2m 0.26 kB[22m [2mâ”‚ gzip: 0.21 kB[22m
@n8n/rest-api-client:build: [34mâ„¹[39m [34m[ESM][39m [2mdist/[22m[32mevents-ComEqsmR.d.ts[39m                  [2m 0.26 kB[22m [2mâ”‚ gzip: 0.20 kB[22m
@n8n/rest-api-client:build: [34mâ„¹[39m [34m[ESM][39m [2mdist/[22m[32mtags-BGntR6NO.d.ts[39m                    [2m 0.22 kB[22m [2mâ”‚ gzip: 0.17 kB[22m
@n8n/rest-api-client:build: [34mâ„¹[39m [34m[ESM][39m [2mdist/[22m[32mtypes-qb-ADDhv.d.ts[39m                   [2m 0.18 kB[22m [2mâ”‚ gzip: 0.16 kB[22m
@n8n/rest-api-client:build: [34mâ„¹[39m [34m[ESM][39m [2mdist/[22m[32mindex-DvpBZgor.d.ts[39m                   [2m 0.01 kB[22m [2mâ”‚ gzip: 0.03 kB[22m
@n8n/rest-api-client:build: [34mâ„¹[39m [34m[ESM][39m 150 files, total: 173.65 kB
@n8n/rest-api-client:build: [34mâ„¹[39m [33m[CJS][39m [2mdist/[22m[32m[1mindex.d.cts[22m[39m                          [2m8.69 kB[22m [2mâ”‚ gzip: 2.44 kB[22m
@n8n/rest-api-client:build: [34mâ„¹[39m [33m[CJS][39m [2mdist/[22m[32m[1mapi/index.d.cts[22m[39m                      [2m8.27 kB[22m [2mâ”‚ gzip: 2.28 kB[22m
@n8n/rest-api-client:build: [34mâ„¹[39m [33m[CJS][39m [2mdist/[22m[32m[1mapi/users.d.cts[22m[39m                      [2m1.36 kB[22m [2mâ”‚ gzip: 0.45 kB[22m
@n8n/rest-api-client:build: [34mâ„¹[39m [33m[CJS][39m [2mdist/[22m[32m[1mapi/templates.d.cts[22m[39m                  [2m1.12 kB[22m [2mâ”‚ gzip: 0.35 kB[22m
@n8n/rest-api-client:build: [34mâ„¹[39m [33m[CJS][39m [2mdist/[22m[32m[1mapi/nodeTypes.d.cts[22m[39m                  [2m0.64 kB[22m [2mâ”‚ gzip: 0.26 kB[22m
@n8n/rest-api-client:build: [34mâ„¹[39m [33m[CJS][39m [2mdist/[22m[32m[1mapi/consent.d.cts[22m[39m                    [2m0.58 kB[22m [2mâ”‚ gzip: 0.29 kB[22m
@n8n/rest-api-client:build: [34mâ„¹[39m [33m[CJS][39m [2mdist/[22m[32m[1mapi/eventbus.ee.d.cts[22m[39m                [2m0.49 kB[22m [2mâ”‚ gzip: 0.23 kB[22m
@n8n/rest-api-client:build: [34mâ„¹[39m [33m[CJS][39m [2mdist/[22m[32m[1mapi/sso.d.cts[22m[39m                        [2m0.46 kB[22m [2mâ”‚ gzip: 0.22 kB[22m
@n8n/rest-api-client:build: [34mâ„¹[39m [33m[CJS][39m [2mdist/[22m[32m[1mapi/externalSecrets.ee.d.cts[22m[39m         [2m0.46 kB[22m [2mâ”‚ gzip: 0.19 kB[22m
@n8n/rest-api-client:build: [34mâ„¹[39m [33m[CJS][39m [2mdist/[22m[32m[1mutils.d.cts[22m[39m                          [2m0.45 kB[22m [2mâ”‚ gzip: 0.25 kB[22m
@n8n/rest-api-client:build: [34mâ„¹[39m [33m[CJS][39m [2mdist/[22m[32m[1mapi/cloudPlans.d.cts[22m[39m                 [2m0.44 kB[22m [2mâ”‚ gzip: 0.24 kB[22m
@n8n/rest-api-client:build: [34mâ„¹[39m [33m[CJS][39m [2mdist/[22m[32m[1mapi/workflowHistory.d.cts[22m[39m            [2m0.43 kB[22m [2mâ”‚ gzip: 0.19 kB[22m
@n8n/rest-api-client:build: [34mâ„¹[39m [33m[CJS][39m [2mdist/[22m[32m[1mapi/ldap.d.cts[22m[39m                       [2m0.39 kB[22m [2mâ”‚ gzip: 0.20 kB[22m
@n8n/rest-api-client:build: [34mâ„¹[39m [33m[CJS][39m [2mdist/[22m[32m[1mapi/communityNodes.d.cts[22m[39m             [2m0.35 kB[22m [2mâ”‚ gzip: 0.19 kB[22m
@n8n/rest-api-client:build: [34mâ„¹[39m [33m[CJS][39m [2mdist/[22m[32m[1mapi/mfa.d.cts[22m[39m                        [2m0.31 kB[22m [2mâ”‚ gzip: 0.19 kB[22m
@n8n/rest-api-client:build: [34mâ„¹[39m [33m[CJS][39m [2mdist/[22m[32m[1mapi/usage.d.cts[22m[39m                      [2m0.29 kB[22m [2mâ”‚ gzip: 0.18 kB[22m
@n8n/rest-api-client:build: [34mâ„¹[39m [33m[CJS][39m [2mdist/[22m[32m[1mapi/roles.d.cts[22m[39m                      [2m0.27 kB[22m [2mâ”‚ gzip: 0.16 kB[22m
@n8n/rest-api-client:build: [34mâ„¹[39m [33m[CJS][39m [2mdist/[22m[32m[1mapi/api-keys.d.cts[22m[39m                   [2m0.25 kB[22m [2mâ”‚ gzip: 0.16 kB[22m
@n8n/rest-api-client:build: [34mâ„¹[39m [33m[CJS][39m [2mdist/[22m[32m[1mapi/workflows.d.cts[22m[39m                  [2m0.25 kB[22m [2mâ”‚ gzip: 0.15 kB[22m
@n8n/rest-api-client:build: [34mâ„¹[39m [33m[CJS][39m [2mdist/[22m[32m[1mapi/provisioning.d.cts[22m[39m               [2m0.24 kB[22m [2mâ”‚ gzip: 0.14 kB[22m
@n8n/rest-api-client:build: [34mâ„¹[39m [33m[CJS][39m [2mdist/[22m[32m[1mapi/telemetry.d.cts[22m[39m                  [2m0.23 kB[22m [2mâ”‚ gzip: 0.14 kB[22m
@n8n/rest-api-client:build: [34mâ„¹[39m [33m[CJS][39m [2mdist/[22m[32m[1mapi/prompts.d.cts[22m[39m                    [2m0.20 kB[22m [2mâ”‚ gzip: 0.14 kB[22m
@n8n/rest-api-client:build: [34mâ„¹[39m [33m[CJS][39m [2mdist/[22m[32m[1mapi/third-party-licenses.d.cts[22m[39m       [2m0.15 kB[22m [2mâ”‚ gzip: 0.12 kB[22m
@n8n/rest-api-client:build: [34mâ„¹[39m [33m[CJS][39m [2mdist/[22m[32m[1mapi/orchestration.d.cts[22m[39m              [2m0.14 kB[22m [2mâ”‚ gzip: 0.12 kB[22m
@n8n/rest-api-client:build: [34mâ„¹[39m [33m[CJS][39m [2mdist/[22m[32m[1mapi/module-settings.d.cts[22m[39m            [2m0.14 kB[22m [2mâ”‚ gzip: 0.11 kB[22m
@n8n/rest-api-client:build: [34mâ„¹[39m [33m[CJS][39m [2mdist/[22m[32m[1mapi/npsSurvey.d.cts[22m[39m                  [2m0.14 kB[22m [2mâ”‚ gzip: 0.11 kB[22m
@n8n/rest-api-client:build: [34mâ„¹[39m [33m[CJS][39m [2mdist/[22m[32m[1mapi/ctas.d.cts[22m[39m                       [2m0.13 kB[22m [2mâ”‚ gzip: 0.11 kB[22m
@n8n/rest-api-client:build: [34mâ„¹[39m [33m[CJS][39m [2mdist/[22m[32m[1mapi/events.d.cts[22m[39m                     [2m0.12 kB[22m [2mâ”‚ gzip: 0.11 kB[22m
@n8n/rest-api-client:build: [34mâ„¹[39m [33m[CJS][39m [2mdist/[22m[32m[1mapi/settings.d.cts[22m[39m                   [2m0.12 kB[22m [2mâ”‚ gzip: 0.10 kB[22m
@n8n/rest-api-client:build: [34mâ„¹[39m [33m[CJS][39m [2mdist/[22m[32m[1mapi/webhooks.d.cts[22m[39m                   [2m0.12 kB[22m [2mâ”‚ gzip: 0.10 kB[22m
@n8n/rest-api-client:build: [34mâ„¹[39m [33m[CJS][39m [2mdist/[22m[32m[1mtypes.d.cts[22m[39m                          [2m0.09 kB[22m [2mâ”‚ gzip: 0.09 kB[22m
@n8n/rest-api-client:build: [34mâ„¹[39m [33m[CJS][39m [2mdist/[22m[32m[1mapi/tags.d.cts[22m[39m                       [2m0.07 kB[22m [2mâ”‚ gzip: 0.08 kB[22m
@n8n/rest-api-client:build: [34mâ„¹[39m [33m[CJS][39m [2mdist/[22m[32m[1mapi/execution.d.cts[22m[39m                  [2m0.01 kB[22m [2mâ”‚ gzip: 0.03 kB[22m
@n8n/rest-api-client:build: [34mâ„¹[39m [33m[CJS][39m [2mdist/[22m[32musers-DKRdTd3z.d.cts[39m                 [2m5.47 kB[22m [2mâ”‚ gzip: 1.27 kB[22m
@n8n/rest-api-client:build: [34mâ„¹[39m [33m[CJS][39m [2mdist/[22m[32mtemplates-CQCs0gZ7.d.cts[39m             [2m4.21 kB[22m [2mâ”‚ gzip: 1.09 kB[22m
@n8n/rest-api-client:build: [34mâ„¹[39m [33m[CJS][39m [2mdist/[22m[32mutils-DaW_f8mK.d.cts[39m                 [2m2.22 kB[22m [2mâ”‚ gzip: 0.81 kB[22m
@n8n/rest-api-client:build: [34mâ„¹[39m [33m[CJS][39m [2mdist/[22m[32mnodeTypes-C3LsOISU.d.cts[39m             [2m2.07 kB[22m [2mâ”‚ gzip: 0.60 kB[22m
@n8n/rest-api-client:build: [34mâ„¹[39m [33m[CJS][39m [2mdist/[22m[32mcloudPlans-DJM4mwMR.d.cts[39m            [2m1.96 kB[22m [2mâ”‚ gzip: 0.78 kB[22m
@n8n/rest-api-client:build: [34mâ„¹[39m [33m[CJS][39m [2mdist/[22m[32mldap-BnhukADr.d.cts[39m                  [2m1.73 kB[22m [2mâ”‚ gzip: 0.62 kB[22m
@n8n/rest-api-client:build: [34mâ„¹[39m [33m[CJS][39m [2mdist/[22m[32msso-DGSgVitt.d.cts[39m                   [2m1.40 kB[22m [2mâ”‚ gzip: 0.47 kB[22m
@n8n/rest-api-client:build: [34mâ„¹[39m [33m[CJS][39m [2mdist/[22m[32meventbus.ee-DB64GFKt.d.cts[39m           [2m1.31 kB[22m [2mâ”‚ gzip: 0.44 kB[22m
@n8n/rest-api-client:build: [34mâ„¹[39m [33m[CJS][39m [2mdist/[22m[32mexternalSecrets.ee-BZ0NnbwB.d.cts[39m    [2m1.31 kB[22m [2mâ”‚ gzip: 0.40 kB[22m
@n8n/rest-api-client:build: [34mâ„¹[39m [33m[CJS][39m [2mdist/[22m[32mworkflows-CSH3p-08.d.cts[39m             [2m1.15 kB[22m [2mâ”‚ gzip: 0.46 kB[22m
@n8n/rest-api-client:build: [34mâ„¹[39m [33m[CJS][39m [2mdist/[22m[32mworkflowHistory-8fCTdExL.d.cts[39m       [2m1.13 kB[22m [2mâ”‚ gzip: 0.46 kB[22m
@n8n/rest-api-client:build: [34mâ„¹[39m [33m[CJS][39m [2mdist/[22m[32mmfa-vSjORDKD.d.cts[39m                   [2m0.96 kB[22m [2mâ”‚ gzip: 0.39 kB[22m
@n8n/rest-api-client:build: [34mâ„¹[39m [33m[CJS][39m [2mdist/[22m[32mapi-keys-CcOJV4lj.d.cts[39m              [2m0.94 kB[22m [2mâ”‚ gzip: 0.38 kB[22m
@n8n/rest-api-client:build: [34mâ„¹[39m [33m[CJS][39m [2mdist/[22m[32mcommunityNodes-ClSIDQeF.d.cts[39m        [2m0.93 kB[22m [2mâ”‚ gzip: 0.38 kB[22m
@n8n/rest-api-client:build: [34mâ„¹[39m [33m[CJS][39m [2mdist/[22m[32musage-C5oj2oeV.d.cts[39m                 [2m0.93 kB[22m [2mâ”‚ gzip: 0.38 kB[22m
@n8n/rest-api-client:build: [34mâ„¹[39m [33m[CJS][39m [2mdist/[22m[32mroles-xpGypjf1.d.cts[39m                 [2m0.88 kB[22m [2mâ”‚ gzip: 0.35 kB[22m
@n8n/rest-api-client:build: [34mâ„¹[39m [33m[CJS][39m [2mdist/[22m[32mprovisioning-C5ncjOwW.d.cts[39m          [2m0.70 kB[22m [2mâ”‚ gzip: 0.32 kB[22m
@n8n/rest-api-client:build: [34mâ„¹[39m [33m[CJS][39m [2mdist/[22m[32mtelemetry-E3DExaHq.d.cts[39m             [2m0.56 kB[22m [2mâ”‚ gzip: 0.32 kB[22m
@n8n/rest-api-client:build: [34mâ„¹[39m [33m[CJS][39m [2mdist/[22m[32mprompts-B6D_Easv.d.cts[39m               [2m0.54 kB[22m [2mâ”‚ gzip: 0.28 kB[22m
@n8n/rest-api-client:build: [34mâ„¹[39m [33m[CJS][39m [2mdist/[22m[32mwebhooks-CeiYdzpZ.d.cts[39m              [2m0.48 kB[22m [2mâ”‚ gzip: 0.30 kB[22m
@n8n/rest-api-client:build: [34mâ„¹[39m [33m[CJS][39m [2mdist/[22m[32mmodule-settings-Cnnn2sT6.d.cts[39m       [2m0.36 kB[22m [2mâ”‚ gzip: 0.23 kB[22m
@n8n/rest-api-client:build: [34mâ„¹[39m [33m[CJS][39m [2mdist/[22m[32mnpsSurvey-DRfhVtGn.d.cts[39m             [2m0.34 kB[22m [2mâ”‚ gzip: 0.24 kB[22m
@n8n/rest-api-client:build: [34mâ„¹[39m [33m[CJS][39m [2mdist/[22m[32msettings-BmQ92kwv.d.cts[39m              [2m0.32 kB[22m [2mâ”‚ gzip: 0.23 kB[22m
@n8n/rest-api-client:build: [34mâ„¹[39m [33m[CJS][39m [2mdist/[22m[32mthird-party-licenses-Dkvwk3hk.d.cts[39m  [2m0.30 kB[22m [2mâ”‚ gzip: 0.22 kB[22m
@n8n/rest-api-client:build: [34mâ„¹[39m [33m[CJS][39m [2mdist/[22m[32morchestration-CoNK39i5.d.cts[39m         [2m0.28 kB[22m [2mâ”‚ gzip: 0.22 kB[22m
@n8n/rest-api-client:build: [34mâ„¹[39m [33m[CJS][39m [2mdist/[22m[32mctas-DPVc4r7T.d.cts[39m                  [2m0.27 kB[22m [2mâ”‚ gzip: 0.21 kB[22m
@n8n/rest-api-client:build: [34mâ„¹[39m [33m[CJS][39m [2mdist/[22m[32mevents-CLOtyzVL.d.cts[39m                [2m0.26 kB[22m [2mâ”‚ gzip: 0.20 kB[22m
@n8n/rest-api-client:build: [34mâ„¹[39m [33m[CJS][39m [2mdist/[22m[32mtags-Bg_qtAV_.d.cts[39m                  [2m0.22 kB[22m [2mâ”‚ gzip: 0.17 kB[22m
@n8n/rest-api-client:build: [34mâ„¹[39m [33m[CJS][39m [2mdist/[22m[32mtypes-pb6j0BjZ.d.cts[39m                 [2m0.18 kB[22m [2mâ”‚ gzip: 0.16 kB[22m
@n8n/rest-api-client:build: [34mâ„¹[39m [33m[CJS][39m [2mdist/[22m[32mindex-BIAn8oQh.d.cts[39m                 [2m0.01 kB[22m [2mâ”‚ gzip: 0.03 kB[22m
@n8n/rest-api-client:build: [34mâ„¹[39m [33m[CJS][39m 63 files, total: 60.79 kB
@n8n/rest-api-client:build: [32mâœ”[39m Build complete in [32m3711ms[39m
@n8n/task-runner:build: cache hit, replaying logs 2cf0ad9e741f3168
@n8n/task-runner:build: 
@n8n/task-runner:build: > @n8n/task-runner@1.55.0 build /home/zhang/n8n-quanyuge/packages/@n8n/task-runner
@n8n/task-runner:build: > tsc -p ./tsconfig.build.json && tsc-alias -p tsconfig.build.json
@n8n/task-runner:build: 
@n8n/design-system:typecheck: 
@n8n/design-system:typecheck: > @n8n/design-system@1.106.0 typecheck /home/zhang/n8n-quanyuge/packages/frontend/@n8n/design-system
@n8n/design-system:typecheck: > vue-tsc --noEmit
@n8n/design-system:typecheck: 
n8n-editor-ui:fetch-popularity: cache miss, executing d519a35a4a0cfff8
n8n-nodes-base:build: cache hit, replaying logs 3314e7f507babbb6
n8n-nodes-base:build: 
n8n-nodes-base:build: 
n8n-nodes-base:build: > n8n-nodes-base@1.117.0 build /home/zhang/n8n-quanyuge/packages/nodes-base
n8n-nodes-base:build: > tsc --build tsconfig.build.cjs.json && pnpm copy-nodes-json && tsc-alias -p tsconfig.build.cjs.json && pnpm n8n-copy-static-files && pnpm n8n-generate-translations && pnpm n8n-generate-metadata
n8n-nodes-base:build: 
n8n-nodes-base:build: 
n8n-nodes-base:build: > n8n-nodes-base@1.117.0 copy-nodes-json /home/zhang/n8n-quanyuge/packages/nodes-base
n8n-nodes-base:build: > node scripts/copy-nodes-json.js .
n8n-nodes-base:build: 
n8n-nodes-base:build: Default locale set to: [35men[0m
n8n-nodes-base:build: No translation required - Skipping translations build...
n8n-nodes-base:build: Skipping invalid node description: {"name":"åˆ†æ”¯","color":"#506000"}
@n8n/db:build: cache hit, replaying logs 9146d6cf0fd715b9
@n8n/db:build: 
@n8n/db:build: 
@n8n/db:build: > @n8n/db@0.30.0 build /home/zhang/n8n-quanyuge/packages/@n8n/db
@n8n/db:build: > tsc -p tsconfig.build.json
@n8n/db:build: 
@n8n/backend-test-utils:build: cache hit, replaying logs e8e1a42b2b7b707d
@n8n/backend-test-utils:build: 
@n8n/backend-test-utils:build: 
@n8n/backend-test-utils:build: > @n8n/backend-test-utils@0.22.0 build /home/zhang/n8n-quanyuge/packages/@n8n/backend-test-utils
@n8n/backend-test-utils:build: > tsc -p tsconfig.build.json
@n8n/backend-test-utils:build: 
@n8n/n8n-nodes-langchain:build: cache hit, replaying logs b1df2eb6f1426137
@n8n/n8n-nodes-langchain:build: 
@n8n/n8n-nodes-langchain:build: 
@n8n/n8n-nodes-langchain:build: > @n8n/n8n-nodes-langchain@1.118.0 build /home/zhang/n8n-quanyuge/packages/@n8n/nodes-langchain
@n8n/n8n-nodes-langchain:build: > tsup --tsconfig tsconfig.build.json && pnpm copy-nodes-json && tsc-alias -p tsconfig.build.json && pnpm copy-tokenizer-json && pnpm n8n-copy-static-files && pnpm n8n-generate-metadata
@n8n/n8n-nodes-langchain:build: 
@n8n/n8n-nodes-langchain:build: 
@n8n/n8n-nodes-langchain:build: > @n8n/n8n-nodes-langchain@1.118.0 copy-nodes-json /home/zhang/n8n-quanyuge/packages/@n8n/nodes-langchain
@n8n/n8n-nodes-langchain:build: > node ../../nodes-base/scripts/copy-nodes-json.js .
@n8n/n8n-nodes-langchain:build: 
@n8n/n8n-nodes-langchain:build: 
@n8n/n8n-nodes-langchain:build: > @n8n/n8n-nodes-langchain@1.118.0 copy-tokenizer-json /home/zhang/n8n-quanyuge/packages/@n8n/nodes-langchain
@n8n/n8n-nodes-langchain:build: > node scripts/copy-tokenizer-json.js .
@n8n/n8n-nodes-langchain:build: 
@n8n/n8n-nodes-langchain:build: Copied: utils/tokenizer/cl100k_base.json -> dist/utils/tokenizer/cl100k_base.json
@n8n/n8n-nodes-langchain:build: Copied: utils/tokenizer/o200k_base.json -> dist/utils/tokenizer/o200k_base.json
n8n-core:typecheck: 
n8n-core:typecheck: > n8n-core@1.118.0 typecheck /home/zhang/n8n-quanyuge/packages/core
n8n-core:typecheck: > tsc --noEmit
n8n-core:typecheck: 
@n8n/i18n:typecheck: 
@n8n/i18n:typecheck: > @n8n/i18n@1.23.0 typecheck /home/zhang/n8n-quanyuge/packages/frontend/@n8n/i18n
@n8n/i18n:typecheck: > vue-tsc --noEmit
@n8n/i18n:typecheck: 
n8n-editor-ui:fetch-popularity: 
n8n-editor-ui:fetch-popularity: > n8n-editor-ui@1.119.0 fetch-popularity /home/zhang/n8n-quanyuge/packages/frontend/editor-ui
n8n-editor-ui:fetch-popularity: > node scripts/fetch-node-popularity.mjs
n8n-editor-ui:fetch-popularity: 
n8n-editor-ui:fetch-popularity: Fetching node popularity data from: https://internal-production.app.n8n.cloud/webhook/nodes-popularity-scores
n8n-editor-ui:fetch-popularity: Successfully fetched popularity data for 1000 nodes
n8n-editor-ui:fetch-popularity: Saved popularity data to /home/zhang/n8n-quanyuge/packages/frontend/editor-ui/.build/node-popularity.json with 1000 nodes
n8n-editor-ui:build: cache miss, executing 44458ef0c3080287
n8n-core:typecheck: src/execution-engine/__tests__/routing-node.test.ts(12,2): error TS2305: Module '"n8n-workflow"' has no exported member 'INodeCredentialDescription'.
n8n-core:typecheck: src/execution-engine/__tests__/routing-node.test.ts(23,15): error TS2305: Module '"n8n-workflow"' has no exported member 'ICredentialsDecrypted'.
n8n-core:typecheck: src/execution-engine/__tests__/routing-node.test.ts(85,10): error TS2353: Object literal may only specify known properties, and 'httpRequestWithAuthentication' does not exist in type '{ httpRequest?: ((requestOptions: IHttpRequestOptions) => Promise<any>) | undefined; request?: ((uriOrObject: string | IRequestOptions, options?: IRequestOptions | undefined) => Promise<...>) | undefined; ... 16 more ...; detectBinaryEncoding?: ((buffer: Buffer<...>) => string) | undefined; }'.
n8n-core:typecheck: src/execution-engine/__tests__/routing-node.test.ts(2169,46): error TS2339: Property 'credentials' does not exist on type 'INodeTypeDescription'.
n8n-core:typecheck: src/execution-engine/__tests__/routing-node.test.ts(2170,52): error TS2554: Expected 2 arguments, but got 3.
n8n-core:typecheck: src/execution-engine/node-execution-context/__tests__/execute-context.test.ts(11,2): error TS2305: Module '"n8n-workflow"' has no exported member 'ICredentialsHelper'.
n8n-core:typecheck: src/execution-engine/node-execution-context/__tests__/execute-context.test.ts(15,2): error TS2305: Module '"n8n-workflow"' has no exported member 'ICredentialDataDecryptedObject'.
n8n-core:typecheck: src/execution-engine/node-execution-context/__tests__/execute-context.test.ts(29,4): error TS2353: Object literal may only specify known properties, and 'credentials' does not exist in type '{ version?: number | (number | undefined)[] | undefined; defaults?: { color?: string | undefined; name?: string | undefined; } | undefined; eventTriggerDescription?: string | undefined; ... 36 more ...; usableAsTool?: true | ... 1 more ... | undefined; }'.
n8n-core:typecheck: src/execution-engine/node-execution-context/__tests__/execute-context.test.ts(52,3): error TS2353: Object literal may only specify known properties, and 'credentials' does not exist in type 'INode'.
n8n-core:typecheck: src/execution-engine/node-execution-context/__tests__/execute-context.test.ts(65,64): error TS2353: Object literal may only specify known properties, and 'credentialsHelper' does not exist in type '{ executeWorkflow?: ((workflowInfo: IExecuteWorkflowInfo, additionalData: IWorkflowExecuteAdditionalData, options: ExecuteWorkflowOptions) => Promise<...>) | undefined; ... 25 more ...; dataTableProjectId?: string | undefined; }'.
n8n-core:typecheck: src/execution-engine/node-execution-context/__tests__/execute-context.test.ts(78,3): error TS2345: Argument of type '{ [K in keyof T]: T[K] extends (...args: infer A) => infer B ? CalledWithMock<B, A> : T[K]; } & T' is not assignable to parameter of type 'IWorkflowExecuteAdditionalData'.
n8n-core:typecheck:   Type '{ [K in keyof T]: T[K] extends (...args: infer A) => infer B ? CalledWithMock<B, A> : T[K]; }' is missing the following properties from type 'IWorkflowExecuteAdditionalData': executeWorkflow, getRunExecutionData, currentNodeExecutionIndex, restApiUrl, and 9 more.
n8n-core:typecheck: src/execution-engine/node-execution-context/__tests__/execute-context.test.ts(90,49): error TS2345: Argument of type '{ [K in keyof T]: T[K] extends (...args: infer A) => infer B ? CalledWithMock<B, A> : T[K]; } & T' is not assignable to parameter of type 'INodeType'.
n8n-core:typecheck:   Property 'description' is missing in type '{ [K in keyof T]: T[K] extends (...args: infer A) => infer B ? CalledWithMock<B, A> : T[K]; }' but required in type 'INodeType'.
n8n-core:typecheck: src/execution-engine/node-execution-context/__tests__/execute-context.test.ts(140,50): error TS2345: Argument of type '{ [K in keyof T]: T[K] extends (...args: infer A) => infer B ? CalledWithMock<B, A> : T[K]; } & T' is not assignable to parameter of type 'INodeType'.
n8n-core:typecheck:   Property 'description' is missing in type '{ [K in keyof T]: T[K] extends (...args: infer A) => infer B ? CalledWithMock<B, A> : T[K]; }' but required in type 'INodeType'.
n8n-core:typecheck: src/execution-engine/node-execution-context/__tests__/execute-context.test.ts(205,50): error TS2345: Argument of type '{ [K in keyof T]: T[K] extends (...args: infer A) => infer B ? CalledWithMock<B, A> : T[K]; } & T' is not assignable to parameter of type 'INodeType'.
n8n-core:typecheck:   Property 'description' is missing in type '{ [K in keyof T]: T[K] extends (...args: infer A) => infer B ? CalledWithMock<B, A> : T[K]; }' but required in type 'INodeType'.
n8n-core:typecheck: src/execution-engine/node-execution-context/__tests__/execute-context.test.ts(208,45): error TS2339: Property 'getCredentials' does not exist on type 'ExecuteContext'.
n8n-core:typecheck: src/execution-engine/node-execution-context/__tests__/execute-context.test.ts(248,5): error TS2345: Argument of type '{ [K in keyof T]: T[K] extends (...args: infer A) => infer B ? CalledWithMock<B, A> : T[K]; } & T' is not assignable to parameter of type 'IWorkflowExecuteAdditionalData'.
n8n-core:typecheck:   Type '{ [K in keyof T]: T[K] extends (...args: infer A) => infer B ? CalledWithMock<B, A> : T[K]; }' is missing the following properties from type 'IWorkflowExecuteAdditionalData': executeWorkflow, getRunExecutionData, currentNodeExecutionIndex, restApiUrl, and 9 more.
n8n-core:typecheck: src/execution-engine/node-execution-context/__tests__/execute-context.test.ts(276,10): error TS2740: Type '{ [K in keyof T]: T[K] extends (...args: infer A) => infer B ? CalledWithMock<B, A> : T[K]; } & { hooks: ExecutionLifecycleHooks; }' is missing the following properties from type 'IWorkflowExecuteAdditionalData': executeWorkflow, getRunExecutionData, currentNodeExecutionIndex, restApiUrl, and 9 more.
n8n-core:typecheck: src/execution-engine/node-execution-context/__tests__/execute-context.test.ts(316,10): error TS2740: Type '{ [K in keyof T]: T[K] extends (...args: infer A) => infer B ? CalledWithMock<B, A> : T[K]; } & { hooks: ExecutionLifecycleHooks; }' is missing the following properties from type 'IWorkflowExecuteAdditionalData': executeWorkflow, getRunExecutionData, currentNodeExecutionIndex, restApiUrl, and 9 more.
n8n-core:typecheck: src/execution-engine/node-execution-context/__tests__/execute-context.test.ts(361,5): error TS2345: Argument of type '{ [K in keyof T]: T[K] extends (...args: infer A) => infer B ? CalledWithMock<B, A> : T[K]; } & T & { hooks: undefined; }' is not assignable to parameter of type 'IWorkflowExecuteAdditionalData'.
n8n-core:typecheck:   Type '{ [K in keyof T]: T[K] extends (...args: infer A) => infer B ? CalledWithMock<B, A> : T[K]; } & { hooks: undefined; }' is missing the following properties from type 'IWorkflowExecuteAdditionalData': executeWorkflow, getRunExecutionData, currentNodeExecutionIndex, restApiUrl, and 9 more.
n8n-core:typecheck: src/execution-engine/node-execution-context/__tests__/execute-single-context.test.ts(11,2): error TS2305: Module '"n8n-workflow"' has no exported member 'ICredentialsHelper'.
n8n-core:typecheck: src/execution-engine/node-execution-context/__tests__/execute-single-context.test.ts(15,2): error TS2305: Module '"n8n-workflow"' has no exported member 'ICredentialDataDecryptedObject'.
n8n-core:typecheck: src/execution-engine/node-execution-context/__tests__/execute-single-context.test.ts(26,4): error TS2353: Object literal may only specify known properties, and 'credentials' does not exist in type '{ version?: number | (number | undefined)[] | undefined; defaults?: { color?: string | undefined; name?: string | undefined; } | undefined; eventTriggerDescription?: string | undefined; ... 36 more ...; usableAsTool?: true | ... 1 more ... | undefined; }'.
n8n-core:typecheck: src/execution-engine/node-execution-context/__tests__/execute-single-context.test.ts(45,3): error TS2353: Object literal may only specify known properties, and 'credentials' does not exist in type '{ id?: string | undefined; name?: string | undefined; typeVersion?: number | undefined; type?: string | undefined; position?: [(number | undefined)?, (number | undefined)?] | undefined; ... 13 more ...; forceCustomOperation?: { ...; } | undefined; }'.
n8n-core:typecheck: src/execution-engine/node-execution-context/__tests__/execute-single-context.test.ts(51,7): error TS2339: Property 'parameters' does not exist on type '{ [K in keyof T]: T[K] extends (...args: infer A) => infer B ? CalledWithMock<B, A> : T[K]; } & T'.
n8n-core:typecheck: src/execution-engine/node-execution-context/__tests__/execute-single-context.test.ts(55,64): error TS2353: Object literal may only specify known properties, and 'credentialsHelper' does not exist in type '{ executeWorkflow?: ((workflowInfo: IExecuteWorkflowInfo, additionalData: IWorkflowExecuteAdditionalData, options: ExecuteWorkflowOptions) => Promise<...>) | undefined; ... 25 more ...; dataTableProjectId?: string | undefined; }'.
n8n-core:typecheck: src/execution-engine/node-execution-context/__tests__/execute-single-context.test.ts(67,3): error TS2345: Argument of type '{ [K in keyof T]: T[K] extends (...args: infer A) => infer B ? CalledWithMock<B, A> : T[K]; } & T' is not assignable to parameter of type 'INode'.
n8n-core:typecheck:   Type '{ [K in keyof T]: T[K] extends (...args: infer A) => infer B ? CalledWithMock<B, A> : T[K]; }' is missing the following properties from type 'INode': id, name, typeVersion, type, and 2 more.
n8n-core:typecheck: src/execution-engine/node-execution-context/__tests__/execute-single-context.test.ts(80,49): error TS2345: Argument of type '{ [K in keyof T]: T[K] extends (...args: infer A) => infer B ? CalledWithMock<B, A> : T[K]; } & T' is not assignable to parameter of type 'INodeType'.
n8n-core:typecheck:   Property 'description' is missing in type '{ [K in keyof T]: T[K] extends (...args: infer A) => infer B ? CalledWithMock<B, A> : T[K]; }' but required in type 'INodeType'.
n8n-core:typecheck: src/execution-engine/node-execution-context/__tests__/execute-single-context.test.ts(86,3): error TS2740: Type '{ [K in keyof T]: T[K] extends (...args: infer A) => infer B ? CalledWithMock<B, A> : T[K]; }' is missing the following properties from type 'INode': id, name, typeVersion, type, and 2 more.
n8n-core:typecheck: src/execution-engine/node-execution-context/__tests__/execute-single-context.test.ts(146,50): error TS2345: Argument of type '{ [K in keyof T]: T[K] extends (...args: infer A) => infer B ? CalledWithMock<B, A> : T[K]; } & T' is not assignable to parameter of type 'INodeType'.
n8n-core:typecheck:   Property 'description' is missing in type '{ [K in keyof T]: T[K] extends (...args: infer A) => infer B ? CalledWithMock<B, A> : T[K]; }' but required in type 'INodeType'.
n8n-core:typecheck: src/execution-engine/node-execution-context/__tests__/execute-single-context.test.ts(165,50): error TS2345: Argument of type '{ [K in keyof T]: T[K] extends (...args: infer A) => infer B ? CalledWithMock<B, A> : T[K]; } & T' is not assignable to parameter of type 'INodeType'.
n8n-core:typecheck:   Property 'description' is missing in type '{ [K in keyof T]: T[K] extends (...args: infer A) => infer B ? CalledWithMock<B, A> : T[K]; }' but required in type 'INodeType'.
n8n-core:typecheck: src/execution-engine/node-execution-context/__tests__/execute-single-context.test.ts(169,32): error TS2339: Property 'getCredentials' does not exist on type 'ExecuteSingleContext'.
n8n-core:typecheck: src/execution-engine/node-execution-context/__tests__/hook-context.test.ts(5,2): error TS2305: Module '"n8n-workflow"' has no exported member 'ICredentialDataDecryptedObject'.
n8n-core:typecheck: src/execution-engine/node-execution-context/__tests__/hook-context.test.ts(6,2): error TS2305: Module '"n8n-workflow"' has no exported member 'ICredentialsHelper'.
n8n-core:typecheck: src/execution-engine/node-execution-context/__tests__/hook-context.test.ts(30,4): error TS2353: Object literal may only specify known properties, and 'credentials' does not exist in type '{ version?: number | (number | undefined)[] | undefined; defaults?: { color?: string | undefined; name?: string | undefined; } | undefined; eventTriggerDescription?: string | undefined; ... 36 more ...; usableAsTool?: true | ... 1 more ... | undefined; }'.
n8n-core:typecheck: src/execution-engine/node-execution-context/__tests__/hook-context.test.ts(44,11): error TS2339: Property 'description' does not exist on type '{ [K in keyof T]: T[K] extends (...args: infer A) => infer B ? CalledWithMock<B, A> : T[K]; } & T'.
n8n-core:typecheck: src/execution-engine/node-execution-context/__tests__/hook-context.test.ts(49,3): error TS2353: Object literal may only specify known properties, and 'credentials' does not exist in type '{ id?: string | undefined; name?: string | undefined; typeVersion?: number | undefined; type?: string | undefined; position?: [(number | undefined)?, (number | undefined)?] | undefined; ... 13 more ...; forceCustomOperation?: { ...; } | undefined; }'.
n8n-core:typecheck: src/execution-engine/node-execution-context/__tests__/hook-context.test.ts(55,7): error TS2339: Property 'parameters' does not exist on type '{ [K in keyof T]: T[K] extends (...args: infer A) => infer B ? CalledWithMock<B, A> : T[K]; } & T'.
n8n-core:typecheck: src/execution-engine/node-execution-context/__tests__/hook-context.test.ts(59,64): error TS2353: Object literal may only specify known properties, and 'credentialsHelper' does not exist in type '{ executeWorkflow?: ((workflowInfo: IExecuteWorkflowInfo, additionalData: IWorkflowExecuteAdditionalData, options: ExecuteWorkflowOptions) => Promise<...>) | undefined; ... 25 more ...; dataTableProjectId?: string | undefined; }'.
n8n-core:typecheck: src/execution-engine/node-execution-context/__tests__/hook-context.test.ts(71,3): error TS2345: Argument of type '{ [K in keyof T]: T[K] extends (...args: infer A) => infer B ? CalledWithMock<B, A> : T[K]; } & T' is not assignable to parameter of type 'INode'.
n8n-core:typecheck:   Type '{ [K in keyof T]: T[K] extends (...args: infer A) => infer B ? CalledWithMock<B, A> : T[K]; }' is missing the following properties from type 'INode': id, name, typeVersion, type, and 2 more.
n8n-core:typecheck: src/execution-engine/node-execution-context/__tests__/hook-context.test.ts(80,49): error TS2345: Argument of type '{ [K in keyof T]: T[K] extends (...args: infer A) => infer B ? CalledWithMock<B, A> : T[K]; } & T' is not assignable to parameter of type 'INodeType'.
n8n-core:typecheck:   Property 'description' is missing in type '{ [K in keyof T]: T[K] extends (...args: infer A) => infer B ? CalledWithMock<B, A> : T[K]; }' but required in type 'INodeType'.
n8n-core:typecheck: src/execution-engine/node-execution-context/__tests__/hook-context.test.ts(94,50): error TS2345: Argument of type '{ [K in keyof T]: T[K] extends (...args: infer A) => infer B ? CalledWithMock<B, A> : T[K]; } & T' is not assignable to parameter of type 'INodeType'.
n8n-core:typecheck:   Property 'description' is missing in type '{ [K in keyof T]: T[K] extends (...args: infer A) => infer B ? CalledWithMock<B, A> : T[K]; }' but required in type 'INodeType'.
n8n-core:typecheck: src/execution-engine/node-execution-context/__tests__/hook-context.test.ts(98,23): error TS2339: Property 'getCredentials' does not exist on type 'HookContext'.
n8n-core:typecheck: src/execution-engine/node-execution-context/__tests__/hook-context.test.ts(130,5): error TS2345: Argument of type '{ [K in keyof T]: T[K] extends (...args: infer A) => infer B ? CalledWithMock<B, A> : T[K]; } & T' is not assignable to parameter of type 'INode'.
n8n-core:typecheck:   Type '{ [K in keyof T]: T[K] extends (...args: infer A) => infer B ? CalledWithMock<B, A> : T[K]; }' is missing the following properties from type 'INode': id, name, typeVersion, type, and 2 more.
n8n-core:typecheck: src/execution-engine/node-execution-context/__tests__/load-options-context.test.ts(4,2): error TS2305: Module '"n8n-workflow"' has no exported member 'ICredentialDataDecryptedObject'.
n8n-core:typecheck: src/execution-engine/node-execution-context/__tests__/load-options-context.test.ts(5,2): error TS2305: Module '"n8n-workflow"' has no exported member 'ICredentialsHelper'.
n8n-core:typecheck: src/execution-engine/node-execution-context/__tests__/load-options-context.test.ts(19,4): error TS2353: Object literal may only specify known properties, and 'credentials' does not exist in type '{ version?: number | (number | undefined)[] | undefined; defaults?: { color?: string | undefined; name?: string | undefined; } | undefined; eventTriggerDescription?: string | undefined; ... 36 more ...; usableAsTool?: true | ... 1 more ... | undefined; }'.
n8n-core:typecheck: src/execution-engine/node-execution-context/__tests__/load-options-context.test.ts(37,3): error TS2353: Object literal may only specify known properties, and 'credentials' does not exist in type '{ id?: string | undefined; name?: string | undefined; typeVersion?: number | undefined; type?: string | undefined; position?: [(number | undefined)?, (number | undefined)?] | undefined; ... 13 more ...; forceCustomOperation?: { ...; } | undefined; }'.
n8n-core:typecheck: src/execution-engine/node-execution-context/__tests__/load-options-context.test.ts(43,7): error TS2339: Property 'parameters' does not exist on type '{ [K in keyof T]: T[K] extends (...args: infer A) => infer B ? CalledWithMock<B, A> : T[K]; } & T'.
n8n-core:typecheck: src/execution-engine/node-execution-context/__tests__/load-options-context.test.ts(47,64): error TS2353: Object literal may only specify known properties, and 'credentialsHelper' does not exist in type '{ executeWorkflow?: ((workflowInfo: IExecuteWorkflowInfo, additionalData: IWorkflowExecuteAdditionalData, options: ExecuteWorkflowOptions) => Promise<...>) | undefined; ... 25 more ...; dataTableProjectId?: string | undefined; }'.
n8n-core:typecheck: src/execution-engine/node-execution-context/__tests__/load-options-context.test.ts(50,62): error TS2345: Argument of type '{ [K in keyof T]: T[K] extends (...args: infer A) => infer B ? CalledWithMock<B, A> : T[K]; } & T' is not assignable to parameter of type 'INode'.
n8n-core:typecheck:   Type '{ [K in keyof T]: T[K] extends (...args: infer A) => infer B ? CalledWithMock<B, A> : T[K]; }' is missing the following properties from type 'INode': id, name, typeVersion, type, and 2 more.
n8n-core:typecheck: src/execution-engine/node-execution-context/__tests__/load-options-context.test.ts(58,50): error TS2345: Argument of type '{ [K in keyof T]: T[K] extends (...args: infer A) => infer B ? CalledWithMock<B, A> : T[K]; } & T' is not assignable to parameter of type 'INodeType'.
n8n-core:typecheck:   Property 'description' is missing in type '{ [K in keyof T]: T[K] extends (...args: infer A) => infer B ? CalledWithMock<B, A> : T[K]; }' but required in type 'INodeType'.
n8n-core:typecheck: src/execution-engine/node-execution-context/__tests__/load-options-context.test.ts(62,30): error TS2339: Property 'getCredentials' does not exist on type 'LoadOptionsContext'.
n8n-core:typecheck: src/execution-engine/node-execution-context/__tests__/load-options-context.test.ts(70,50): error TS2345: Argument of type '{ [K in keyof T]: T[K] extends (...args: infer A) => infer B ? CalledWithMock<B, A> : T[K]; } & T' is not assignable to parameter of type 'INodeType'.
n8n-core:typecheck:   Property 'description' is missing in type '{ [K in keyof T]: T[K] extends (...args: infer A) => infer B ? CalledWithMock<B, A> : T[K]; }' but required in type 'INodeType'.
n8n-core:typecheck: src/execution-engine/node-execution-context/__tests__/load-options-context.test.ts(74,19): error TS2339: Property 'currentNodeParameters' does not exist on type '{ [K in keyof T]: T[K] extends (...args: infer A) => infer B ? CalledWithMock<B, A> : T[K]; } & T'.
n8n-core:typecheck: src/execution-engine/node-execution-context/__tests__/load-options-context.test.ts(86,50): error TS2345: Argument of type '{ [K in keyof T]: T[K] extends (...args: infer A) => infer B ? CalledWithMock<B, A> : T[K]; } & T' is not assignable to parameter of type 'INodeType'.
n8n-core:typecheck:   Property 'description' is missing in type '{ [K in keyof T]: T[K] extends (...args: infer A) => infer B ? CalledWithMock<B, A> : T[K]; }' but required in type 'INodeType'.
n8n-core:typecheck: src/execution-engine/node-execution-context/__tests__/node-execution-context.test.ts(42,3): error TS2353: Object literal may only specify known properties, and 'credentialsHelper' does not exist in type '{ executeWorkflow?: ((workflowInfo: IExecuteWorkflowInfo, additionalData: IWorkflowExecuteAdditionalData, options: ExecuteWorkflowOptions) => Promise<...>) | undefined; ... 25 more ...; dataTableProjectId?: string | undefined; }'.
n8n-core:typecheck: src/execution-engine/node-execution-context/__tests__/node-execution-context.test.ts(50,49): error TS2345: Argument of type '{ [K in keyof T]: T[K] extends (...args: infer A) => infer B ? CalledWithMock<B, A> : T[K]; } & T' is not assignable to parameter of type 'IWorkflowExecuteAdditionalData'.
n8n-core:typecheck:   Type '{ [K in keyof T]: T[K] extends (...args: infer A) => infer B ? CalledWithMock<B, A> : T[K]; }' is missing the following properties from type 'IWorkflowExecuteAdditionalData': executeWorkflow, getRunExecutionData, currentNodeExecutionIndex, restApiUrl, and 9 more.
n8n-core:typecheck: src/execution-engine/node-execution-context/__tests__/node-execution-context.test.ts(156,19): error TS2339: Property 'restApiUrl' does not exist on type '{ [K in keyof T]: T[K] extends (...args: infer A) => infer B ? CalledWithMock<B, A> : T[K]; } & T'.
n8n-core:typecheck: src/execution-engine/node-execution-context/__tests__/node-execution-context.test.ts(166,19): error TS2339: Property 'instanceBaseUrl' does not exist on type '{ [K in keyof T]: T[K] extends (...args: infer A) => infer B ? CalledWithMock<B, A> : T[K]; } & T'.
n8n-core:typecheck: src/execution-engine/node-execution-context/__tests__/node-execution-context.test.ts(191,16): error TS2339: Property 'getCredentialsProperties' does not exist on type 'TestContext'.
n8n-core:typecheck: src/execution-engine/node-execution-context/__tests__/node-execution-context.test.ts(192,26): error TS2339: Property 'credentialsHelper' does not exist on type '{ [K in keyof T]: T[K] extends (...args: infer A) => infer B ? CalledWithMock<B, A> : T[K]; } & T'.
n8n-core:typecheck: src/execution-engine/node-execution-context/__tests__/node-execution-context.test.ts(310,70): error TS2345: Argument of type '{ [K in keyof T]: T[K] extends (...args: infer A) => infer B ? CalledWithMock<B, A> : T[K]; } & T' is not assignable to parameter of type 'IWorkflowExecuteAdditionalData'.
n8n-core:typecheck:   Type '{ [K in keyof T]: T[K] extends (...args: infer A) => infer B ? CalledWithMock<B, A> : T[K]; }' is missing the following properties from type 'IWorkflowExecuteAdditionalData': executeWorkflow, getRunExecutionData, currentNodeExecutionIndex, restApiUrl, and 9 more.
n8n-core:typecheck: src/execution-engine/node-execution-context/__tests__/poll-context.test.ts(4,2): error TS2305: Module '"n8n-workflow"' has no exported member 'ICredentialDataDecryptedObject'.
n8n-core:typecheck: src/execution-engine/node-execution-context/__tests__/poll-context.test.ts(5,2): error TS2305: Module '"n8n-workflow"' has no exported member 'ICredentialsHelper'.
n8n-core:typecheck: src/execution-engine/node-execution-context/__tests__/poll-context.test.ts(21,4): error TS2353: Object literal may only specify known properties, and 'credentials' does not exist in type '{ version?: number | (number | undefined)[] | undefined; defaults?: { color?: string | undefined; name?: string | undefined; } | undefined; eventTriggerDescription?: string | undefined; ... 36 more ...; usableAsTool?: true | ... 1 more ... | undefined; }'.
n8n-core:typecheck: src/execution-engine/node-execution-context/__tests__/poll-context.test.ts(39,3): error TS2353: Object literal may only specify known properties, and 'credentials' does not exist in type '{ id?: string | undefined; name?: string | undefined; typeVersion?: number | undefined; type?: string | undefined; position?: [(number | undefined)?, (number | undefined)?] | undefined; ... 13 more ...; forceCustomOperation?: { ...; } | undefined; }'.
n8n-core:typecheck: src/execution-engine/node-execution-context/__tests__/poll-context.test.ts(45,7): error TS2339: Property 'parameters' does not exist on type '{ [K in keyof T]: T[K] extends (...args: infer A) => infer B ? CalledWithMock<B, A> : T[K]; } & T'.
n8n-core:typecheck: src/execution-engine/node-execution-context/__tests__/poll-context.test.ts(49,64): error TS2353: Object literal may only specify known properties, and 'credentialsHelper' does not exist in type '{ executeWorkflow?: ((workflowInfo: IExecuteWorkflowInfo, additionalData: IWorkflowExecuteAdditionalData, options: ExecuteWorkflowOptions) => Promise<...>) | undefined; ... 25 more ...; dataTableProjectId?: string | undefined; }'.
n8n-core:typecheck: src/execution-engine/node-execution-context/__tests__/poll-context.test.ts(53,48): error TS2345: Argument of type '{ [K in keyof T]: T[K] extends (...args: infer A) => infer B ? CalledWithMock<B, A> : T[K]; } & T' is not assignable to parameter of type 'INode'.
n8n-core:typecheck:   Type '{ [K in keyof T]: T[K] extends (...args: infer A) => infer B ? CalledWithMock<B, A> : T[K]; }' is missing the following properties from type 'INode': id, name, typeVersion, type, and 2 more.
n8n-core:typecheck: src/execution-engine/node-execution-context/__tests__/poll-context.test.ts(68,50): error TS2345: Argument of type '{ [K in keyof T]: T[K] extends (...args: infer A) => infer B ? CalledWithMock<B, A> : T[K]; } & T' is not assignable to parameter of type 'INodeType'.
n8n-core:typecheck:   Property 'description' is missing in type '{ [K in keyof T]: T[K] extends (...args: infer A) => infer B ? CalledWithMock<B, A> : T[K]; }' but required in type 'INodeType'.
n8n-core:typecheck: src/execution-engine/node-execution-context/__tests__/poll-context.test.ts(72,23): error TS2339: Property 'getCredentials' does not exist on type 'PollContext'.
n8n-core:typecheck: src/execution-engine/node-execution-context/__tests__/poll-context.test.ts(80,50): error TS2345: Argument of type '{ [K in keyof T]: T[K] extends (...args: infer A) => infer B ? CalledWithMock<B, A> : T[K]; } & T' is not assignable to parameter of type 'INodeType'.
n8n-core:typecheck:   Property 'description' is missing in type '{ [K in keyof T]: T[K] extends (...args: infer A) => infer B ? CalledWithMock<B, A> : T[K]; }' but required in type 'INodeType'.
n8n-core:typecheck: src/execution-engine/node-execution-context/__tests__/supply-data-context.test.ts(11,2): error TS2305: Module '"n8n-workflow"' has no exported member 'ICredentialsHelper'.
n8n-core:typecheck: src/execution-engine/node-execution-context/__tests__/supply-data-context.test.ts(15,2): error TS2305: Module '"n8n-workflow"' has no exported member 'ICredentialDataDecryptedObject'.
n8n-core:typecheck: src/execution-engine/node-execution-context/__tests__/supply-data-context.test.ts(28,4): error TS2353: Object literal may only specify known properties, and 'credentials' does not exist in type '{ version?: number | (number | undefined)[] | undefined; defaults?: { color?: string | undefined; name?: string | undefined; } | undefined; eventTriggerDescription?: string | undefined; ... 36 more ...; usableAsTool?: true | ... 1 more ... | undefined; }'.
n8n-core:typecheck: src/execution-engine/node-execution-context/__tests__/supply-data-context.test.ts(47,3): error TS2353: Object literal may only specify known properties, and 'credentials' does not exist in type '{ id?: string | undefined; name?: string | undefined; typeVersion?: number | undefined; type?: string | undefined; position?: [(number | undefined)?, (number | undefined)?] | undefined; ... 13 more ...; forceCustomOperation?: { ...; } | undefined; }'.
n8n-core:typecheck: src/execution-engine/node-execution-context/__tests__/supply-data-context.test.ts(53,7): error TS2339: Property 'parameters' does not exist on type '{ [K in keyof T]: T[K] extends (...args: infer A) => infer B ? CalledWithMock<B, A> : T[K]; } & T'.
n8n-core:typecheck: src/execution-engine/node-execution-context/__tests__/supply-data-context.test.ts(57,64): error TS2353: Object literal may only specify known properties, and 'credentialsHelper' does not exist in type '{ executeWorkflow?: ((workflowInfo: IExecuteWorkflowInfo, additionalData: IWorkflowExecuteAdditionalData, options: ExecuteWorkflowOptions) => Promise<...>) | undefined; ... 25 more ...; dataTableProjectId?: string | undefined; }'.
n8n-core:typecheck: src/execution-engine/node-execution-context/__tests__/supply-data-context.test.ts(72,3): error TS2345: Argument of type '{ [K in keyof T]: T[K] extends (...args: infer A) => infer B ? CalledWithMock<B, A> : T[K]; } & T' is not assignable to parameter of type 'INode'.
n8n-core:typecheck:   Type '{ [K in keyof T]: T[K] extends (...args: infer A) => infer B ? CalledWithMock<B, A> : T[K]; }' is missing the following properties from type 'INode': id, name, typeVersion, type, and 2 more.
n8n-core:typecheck: src/execution-engine/node-execution-context/__tests__/supply-data-context.test.ts(86,49): error TS2345: Argument of type '{ [K in keyof T]: T[K] extends (...args: infer A) => infer B ? CalledWithMock<B, A> : T[K]; } & T' is not assignable to parameter of type 'INodeType'.
n8n-core:typecheck:   Property 'description' is missing in type '{ [K in keyof T]: T[K] extends (...args: infer A) => infer B ? CalledWithMock<B, A> : T[K]; }' but required in type 'INodeType'.
n8n-core:typecheck: src/execution-engine/node-execution-context/__tests__/supply-data-context.test.ts(92,3): error TS2740: Type '{ [K in keyof T]: T[K] extends (...args: infer A) => infer B ? CalledWithMock<B, A> : T[K]; }' is missing the following properties from type 'INode': id, name, typeVersion, type, and 2 more.
n8n-core:typecheck: src/execution-engine/node-execution-context/__tests__/supply-data-context.test.ts(137,50): error TS2345: Argument of type '{ [K in keyof T]: T[K] extends (...args: infer A) => infer B ? CalledWithMock<B, A> : T[K]; } & T' is not assignable to parameter of type 'INodeType'.
n8n-core:typecheck:   Property 'description' is missing in type '{ [K in keyof T]: T[K] extends (...args: infer A) => infer B ? CalledWithMock<B, A> : T[K]; }' but required in type 'INodeType'.
n8n-core:typecheck: src/execution-engine/node-execution-context/__tests__/supply-data-context.test.ts(156,50): error TS2345: Argument of type '{ [K in keyof T]: T[K] extends (...args: infer A) => infer B ? CalledWithMock<B, A> : T[K]; } & T' is not assignable to parameter of type 'INodeType'.
n8n-core:typecheck:   Property 'description' is missing in type '{ [K in keyof T]: T[K] extends (...args: infer A) => infer B ? CalledWithMock<B, A> : T[K]; }' but required in type 'INodeType'.
n8n-core:typecheck: src/execution-engine/node-execution-context/__tests__/supply-data-context.test.ts(159,48): error TS2339: Property 'getCredentials' does not exist on type 'SupplyDataContext'.
n8n-core:typecheck: src/execution-engine/node-execution-context/__tests__/supply-data-context.test.ts(200,36): error TS2339: Property 'name' does not exist on type '{ [K in keyof T]: T[K] extends (...args: infer A) => infer B ? CalledWithMock<B, A> : T[K]; } & T'.
n8n-core:typecheck: src/execution-engine/node-execution-context/__tests__/supply-data-context.test.ts(204,5): error TS2345: Argument of type '{ [K in keyof T]: T[K] extends (...args: infer A) => infer B ? CalledWithMock<B, A> : T[K]; } & T' is not assignable to parameter of type 'INode'.
n8n-core:typecheck:   Type '{ [K in keyof T]: T[K] extends (...args: infer A) => infer B ? CalledWithMock<B, A> : T[K]; }' is missing the following properties from type 'INode': id, name, typeVersion, type, and 2 more.
n8n-core:typecheck: src/execution-engine/node-execution-context/__tests__/supply-data-context.test.ts(232,5): error TS2345: Argument of type '{ [K in keyof T]: T[K] extends (...args: infer A) => infer B ? CalledWithMock<B, A> : T[K]; } & T' is not assignable to parameter of type 'INode'.
n8n-core:typecheck:   Type '{ [K in keyof T]: T[K] extends (...args: infer A) => infer B ? CalledWithMock<B, A> : T[K]; }' is missing the following properties from type 'INode': id, name, typeVersion, type, and 2 more.
n8n-core:typecheck: src/execution-engine/node-execution-context/__tests__/supply-data-context.test.ts(265,5): error TS2353: Object literal may only specify known properties, and 'credentialsHelper' does not exist in type '{ executeWorkflow?: ((workflowInfo: IExecuteWorkflowInfo, additionalData: IWorkflowExecuteAdditionalData, options: ExecuteWorkflowOptions) => Promise<...>) | undefined; ... 25 more ...; dataTableProjectId?: string | undefined; }'.
n8n-core:typecheck: src/execution-engine/node-execution-context/__tests__/supply-data-context.test.ts(272,13): error TS2339: Property 'name' does not exist on type '{ [K in keyof T]: T[K] extends (...args: infer A) => infer B ? CalledWithMock<B, A> : T[K]; } & T'.
n8n-core:typecheck: src/execution-engine/node-execution-context/__tests__/supply-data-context.test.ts(289,5): error TS2345: Argument of type '{ [K in keyof T]: T[K] extends (...args: infer A) => infer B ? CalledWithMock<B, A> : T[K]; } & T' is not assignable to parameter of type 'INode'.
n8n-core:typecheck:   Type '{ [K in keyof T]: T[K] extends (...args: infer A) => infer B ? CalledWithMock<B, A> : T[K]; }' is missing the following properties from type 'INode': id, name, typeVersion, type, and 2 more.
n8n-core:typecheck: src/execution-engine/node-execution-context/__tests__/supply-data-context.test.ts(306,10): error TS2339: Property 'name' does not exist on type '{ [K in keyof T]: T[K] extends (...args: infer A) => infer B ? CalledWithMock<B, A> : T[K]; } & T'.
n8n-core:typecheck: src/execution-engine/node-execution-context/__tests__/supply-data-context.test.ts(310,66): error TS2339: Property 'name' does not exist on type '{ [K in keyof T]: T[K] extends (...args: infer A) => infer B ? CalledWithMock<B, A> : T[K]; } & T'.
n8n-core:typecheck: src/execution-engine/node-execution-context/__tests__/supply-data-context.test.ts(316,10): error TS2339: Property 'name' does not exist on type '{ [K in keyof T]: T[K] extends (...args: infer A) => infer B ? CalledWithMock<B, A> : T[K]; } & T'.
n8n-core:typecheck: src/execution-engine/node-execution-context/__tests__/supply-data-context.test.ts(327,5): error TS2345: Argument of type '{ [K in keyof T]: T[K] extends (...args: infer A) => infer B ? CalledWithMock<B, A> : T[K]; } & T' is not assignable to parameter of type 'INode'.
n8n-core:typecheck:   Type '{ [K in keyof T]: T[K] extends (...args: infer A) => infer B ? CalledWithMock<B, A> : T[K]; }' is missing the following properties from type 'INode': id, name, typeVersion, type, and 2 more.
n8n-core:typecheck: src/execution-engine/node-execution-context/__tests__/supply-data-context.test.ts(354,5): error TS2345: Argument of type '{ [K in keyof T]: T[K] extends (...args: infer A) => infer B ? CalledWithMock<B, A> : T[K]; } & T' is not assignable to parameter of type 'INode'.
n8n-core:typecheck:   Type '{ [K in keyof T]: T[K] extends (...args: infer A) => infer B ? CalledWithMock<B, A> : T[K]; }' is missing the following properties from type 'INode': id, name, typeVersion, type, and 2 more.
n8n-core:typecheck: src/execution-engine/node-execution-context/__tests__/supply-data-context.test.ts(387,5): error TS2345: Argument of type '{ [K in keyof T]: T[K] extends (...args: infer A) => infer B ? CalledWithMock<B, A> : T[K]; } & T' is not assignable to parameter of type 'INode'.
n8n-core:typecheck:   Type '{ [K in keyof T]: T[K] extends (...args: infer A) => infer B ? CalledWithMock<B, A> : T[K]; }' is missing the following properties from type 'INode': id, name, typeVersion, type, and 2 more.
n8n-core:typecheck: src/execution-engine/node-execution-context/__tests__/supply-data-context.test.ts(422,5): error TS2353: Object literal may only specify known properties, and 'credentialsHelper' does not exist in type '{ executeWorkflow?: ((workflowInfo: IExecuteWorkflowInfo, additionalData: IWorkflowExecuteAdditionalData, options: ExecuteWorkflowOptions) => Promise<...>) | undefined; ... 25 more ...; dataTableProjectId?: string | undefined; }'.
n8n-core:typecheck: src/execution-engine/node-execution-context/__tests__/supply-data-context.test.ts(429,13): error TS2339: Property 'name' does not exist on type '{ [K in keyof T]: T[K] extends (...args: infer A) => infer B ? CalledWithMock<B, A> : T[K]; } & T'.
n8n-core:typecheck: src/execution-engine/node-execution-context/__tests__/supply-data-context.test.ts(446,5): error TS2345: Argument of type '{ [K in keyof T]: T[K] extends (...args: infer A) => infer B ? CalledWithMock<B, A> : T[K]; } & T' is not assignable to parameter of type 'INode'.
n8n-core:typecheck:   Type '{ [K in keyof T]: T[K] extends (...args: infer A) => infer B ? CalledWithMock<B, A> : T[K]; }' is missing the following properties from type 'INode': id, name, typeVersion, type, and 2 more.
n8n-core:typecheck: src/execution-engine/node-execution-context/__tests__/supply-data-context.test.ts(473,10): error TS2339: Property 'name' does not exist on type '{ [K in keyof T]: T[K] extends (...args: infer A) => infer B ? CalledWithMock<B, A> : T[K]; } & T'.
n8n-core:typecheck: src/execution-engine/node-execution-context/__tests__/supply-data-context.test.ts(478,66): error TS2339: Property 'name' does not exist on type '{ [K in keyof T]: T[K] extends (...args: infer A) => infer B ? CalledWithMock<B, A> : T[K]; } & T'.
n8n-core:typecheck: src/execution-engine/node-execution-context/__tests__/supply-data-context.test.ts(489,5): error TS2353: Object literal may only specify known properties, and 'credentialsHelper' does not exist in type '{ executeWorkflow?: ((workflowInfo: IExecuteWorkflowInfo, additionalData: IWorkflowExecuteAdditionalData, options: ExecuteWorkflowOptions) => Promise<...>) | undefined; ... 25 more ...; dataTableProjectId?: string | undefined; }'.
n8n-core:typecheck: src/execution-engine/node-execution-context/__tests__/supply-data-context.test.ts(498,13): error TS2339: Property 'name' does not exist on type '{ [K in keyof T]: T[K] extends (...args: infer A) => infer B ? CalledWithMock<B, A> : T[K]; } & T'.
n8n-core:typecheck: src/execution-engine/node-execution-context/__tests__/supply-data-context.test.ts(520,5): error TS2345: Argument of type '{ [K in keyof T]: T[K] extends (...args: infer A) => infer B ? CalledWithMock<B, A> : T[K]; } & T' is not assignable to parameter of type 'INode'.
n8n-core:typecheck:   Type '{ [K in keyof T]: T[K] extends (...args: infer A) => infer B ? CalledWithMock<B, A> : T[K]; }' is missing the following properties from type 'INode': id, name, typeVersion, type, and 2 more.
n8n-core:typecheck: src/execution-engine/node-execution-context/__tests__/supply-data-context.test.ts(540,10): error TS2339: Property 'name' does not exist on type '{ [K in keyof T]: T[K] extends (...args: infer A) => infer B ? CalledWithMock<B, A> : T[K]; } & T'.
n8n-core:typecheck: src/execution-engine/node-execution-context/__tests__/supply-data-context.test.ts(545,66): error TS2339: Property 'name' does not exist on type '{ [K in keyof T]: T[K] extends (...args: infer A) => infer B ? CalledWithMock<B, A> : T[K]; } & T'.
n8n-core:typecheck: src/execution-engine/node-execution-context/__tests__/supply-data-context.test.ts(555,5): error TS2353: Object literal may only specify known properties, and 'credentialsHelper' does not exist in type '{ executeWorkflow?: ((workflowInfo: IExecuteWorkflowInfo, additionalData: IWorkflowExecuteAdditionalData, options: ExecuteWorkflowOptions) => Promise<...>) | undefined; ... 25 more ...; dataTableProjectId?: string | undefined; }'.
n8n-core:typecheck: src/execution-engine/node-execution-context/__tests__/supply-data-context.test.ts(569,5): error TS2345: Argument of type '{ [K in keyof T]: T[K] extends (...args: infer A) => infer B ? CalledWithMock<B, A> : T[K]; } & T' is not assignable to parameter of type 'INode'.
n8n-core:typecheck:   Type '{ [K in keyof T]: T[K] extends (...args: infer A) => infer B ? CalledWithMock<B, A> : T[K]; }' is missing the following properties from type 'INode': id, name, typeVersion, type, and 2 more.
n8n-core:typecheck: src/execution-engine/node-execution-context/__tests__/supply-data-context.test.ts(598,10): error TS2339: Property 'name' does not exist on type '{ [K in keyof T]: T[K] extends (...args: infer A) => infer B ? CalledWithMock<B, A> : T[K]; } & T'.
n8n-core:typecheck: src/execution-engine/node-execution-context/__tests__/supply-data-context.test.ts(603,66): error TS2339: Property 'name' does not exist on type '{ [K in keyof T]: T[K] extends (...args: infer A) => infer B ? CalledWithMock<B, A> : T[K]; } & T'.
n8n-core:typecheck: src/execution-engine/node-execution-context/__tests__/trigger-context.test.ts(4,2): error TS2305: Module '"n8n-workflow"' has no exported member 'ICredentialDataDecryptedObject'.
n8n-core:typecheck: src/execution-engine/node-execution-context/__tests__/trigger-context.test.ts(5,2): error TS2305: Module '"n8n-workflow"' has no exported member 'ICredentialsHelper'.
n8n-core:typecheck: src/execution-engine/node-execution-context/__tests__/trigger-context.test.ts(21,4): error TS2353: Object literal may only specify known properties, and 'credentials' does not exist in type '{ version?: number | (number | undefined)[] | undefined; defaults?: { color?: string | undefined; name?: string | undefined; } | undefined; eventTriggerDescription?: string | undefined; ... 36 more ...; usableAsTool?: true | ... 1 more ... | undefined; }'.
n8n-core:typecheck: src/execution-engine/node-execution-context/__tests__/trigger-context.test.ts(39,3): error TS2353: Object literal may only specify known properties, and 'credentials' does not exist in type '{ id?: string | undefined; name?: string | undefined; typeVersion?: number | undefined; type?: string | undefined; position?: [(number | undefined)?, (number | undefined)?] | undefined; ... 13 more ...; forceCustomOperation?: { ...; } | undefined; }'.
n8n-core:typecheck: src/execution-engine/node-execution-context/__tests__/trigger-context.test.ts(45,7): error TS2339: Property 'parameters' does not exist on type '{ [K in keyof T]: T[K] extends (...args: infer A) => infer B ? CalledWithMock<B, A> : T[K]; } & T'.
n8n-core:typecheck: src/execution-engine/node-execution-context/__tests__/trigger-context.test.ts(49,64): error TS2353: Object literal may only specify known properties, and 'credentialsHelper' does not exist in type '{ executeWorkflow?: ((workflowInfo: IExecuteWorkflowInfo, additionalData: IWorkflowExecuteAdditionalData, options: ExecuteWorkflowOptions) => Promise<...>) | undefined; ... 25 more ...; dataTableProjectId?: string | undefined; }'.
n8n-core:typecheck: src/execution-engine/node-execution-context/__tests__/trigger-context.test.ts(53,54): error TS2345: Argument of type '{ [K in keyof T]: T[K] extends (...args: infer A) => infer B ? CalledWithMock<B, A> : T[K]; } & T' is not assignable to parameter of type 'INode'.
n8n-core:typecheck:   Type '{ [K in keyof T]: T[K] extends (...args: infer A) => infer B ? CalledWithMock<B, A> : T[K]; }' is missing the following properties from type 'INode': id, name, typeVersion, type, and 2 more.
n8n-core:typecheck: src/execution-engine/node-execution-context/__tests__/trigger-context.test.ts(68,50): error TS2345: Argument of type '{ [K in keyof T]: T[K] extends (...args: infer A) => infer B ? CalledWithMock<B, A> : T[K]; } & T' is not assignable to parameter of type 'INodeType'.
n8n-core:typecheck:   Property 'description' is missing in type '{ [K in keyof T]: T[K] extends (...args: infer A) => infer B ? CalledWithMock<B, A> : T[K]; }' but required in type 'INodeType'.
n8n-core:typecheck: src/execution-engine/node-execution-context/__tests__/trigger-context.test.ts(72,26): error TS2339: Property 'getCredentials' does not exist on type 'TriggerContext'.
n8n-core:typecheck: src/execution-engine/node-execution-context/__tests__/trigger-context.test.ts(80,50): error TS2345: Argument of type '{ [K in keyof T]: T[K] extends (...args: infer A) => infer B ? CalledWithMock<B, A> : T[K]; } & T' is not assignable to parameter of type 'INodeType'.
n8n-core:typecheck:   Property 'description' is missing in type '{ [K in keyof T]: T[K] extends (...args: infer A) => infer B ? CalledWithMock<B, A> : T[K]; }' but required in type 'INodeType'.
n8n-core:typecheck: src/execution-engine/node-execution-context/__tests__/webhook-context.test.ts(5,2): error TS2305: Module '"n8n-workflow"' has no exported member 'ICredentialDataDecryptedObject'.
n8n-core:typecheck: src/execution-engine/node-execution-context/__tests__/webhook-context.test.ts(6,2): error TS2305: Module '"n8n-workflow"' has no exported member 'ICredentialsHelper'.
n8n-core:typecheck: src/execution-engine/node-execution-context/__tests__/webhook-context.test.ts(22,4): error TS2353: Object literal may only specify known properties, and 'credentials' does not exist in type '{ version?: number | (number | undefined)[] | undefined; defaults?: { color?: string | undefined; name?: string | undefined; } | undefined; eventTriggerDescription?: string | undefined; ... 36 more ...; usableAsTool?: true | ... 1 more ... | undefined; }'.
n8n-core:typecheck: src/execution-engine/node-execution-context/__tests__/webhook-context.test.ts(40,3): error TS2353: Object literal may only specify known properties, and 'credentials' does not exist in type '{ id?: string | undefined; name?: string | undefined; typeVersion?: number | undefined; type?: string | undefined; position?: [(number | undefined)?, (number | undefined)?] | undefined; ... 13 more ...; forceCustomOperation?: { ...; } | undefined; }'.
n8n-core:typecheck: src/execution-engine/node-execution-context/__tests__/webhook-context.test.ts(46,7): error TS2339: Property 'parameters' does not exist on type '{ [K in keyof T]: T[K] extends (...args: infer A) => infer B ? CalledWithMock<B, A> : T[K]; } & T'.
n8n-core:typecheck: src/execution-engine/node-execution-context/__tests__/webhook-context.test.ts(51,3): error TS2353: Object literal may only specify known properties, and 'credentialsHelper' does not exist in type '{ executeWorkflow?: ((workflowInfo: IExecuteWorkflowInfo, additionalData: IWorkflowExecuteAdditionalData, options: ExecuteWorkflowOptions) => Promise<...>) | undefined; ... 25 more ...; dataTableProjectId?: string | undefined; }'.
n8n-core:typecheck: src/execution-engine/node-execution-context/__tests__/webhook-context.test.ts(53,17): error TS2339: Property 'httpRequest' does not exist on type '{ [K in keyof T]: T[K] extends (...args: infer A) => infer B ? CalledWithMock<B, A> : T[K]; } & T'.
n8n-core:typecheck: src/execution-engine/node-execution-context/__tests__/webhook-context.test.ts(59,17): error TS2339: Property 'httpResponse' does not exist on type '{ [K in keyof T]: T[K] extends (...args: infer A) => infer B ? CalledWithMock<B, A> : T[K]; } & T'.
n8n-core:typecheck: src/execution-engine/node-execution-context/__tests__/webhook-context.test.ts(70,3): error TS2345: Argument of type '{ [K in keyof T]: T[K] extends (...args: infer A) => infer B ? CalledWithMock<B, A> : T[K]; } & T' is not assignable to parameter of type 'INode'.
n8n-core:typecheck:   Type '{ [K in keyof T]: T[K] extends (...args: infer A) => infer B ? CalledWithMock<B, A> : T[K]; }' is missing the following properties from type 'INode': id, name, typeVersion, type, and 2 more.
n8n-core:typecheck: src/execution-engine/node-execution-context/__tests__/webhook-context.test.ts(84,50): error TS2345: Argument of type '{ [K in keyof T]: T[K] extends (...args: infer A) => infer B ? CalledWithMock<B, A> : T[K]; } & T' is not assignable to parameter of type 'INodeType'.
n8n-core:typecheck:   Property 'description' is missing in type '{ [K in keyof T]: T[K] extends (...args: infer A) => infer B ? CalledWithMock<B, A> : T[K]; }' but required in type 'INodeType'.
n8n-core:typecheck: src/execution-engine/node-execution-context/__tests__/webhook-context.test.ts(88,26): error TS2339: Property 'getCredentials' does not exist on type 'WebhookContext'.
n8n-core:typecheck: src/execution-engine/node-execution-context/__tests__/webhook-context.test.ts(125,40): error TS2339: Property 'httpRequest' does not exist on type '{ [K in keyof T]: T[K] extends (...args: infer A) => infer B ? CalledWithMock<B, A> : T[K]; } & T'.
n8n-core:typecheck: src/execution-engine/node-execution-context/__tests__/webhook-context.test.ts(132,41): error TS2339: Property 'httpResponse' does not exist on type '{ [K in keyof T]: T[K] extends (...args: infer A) => infer B ? CalledWithMock<B, A> : T[K]; } & T'.
n8n-core:typecheck: src/execution-engine/node-execution-context/__tests__/webhook-context.test.ts(145,50): error TS2345: Argument of type '{ [K in keyof T]: T[K] extends (...args: infer A) => infer B ? CalledWithMock<B, A> : T[K]; } & T' is not assignable to parameter of type 'INodeType'.
n8n-core:typecheck:   Property 'description' is missing in type '{ [K in keyof T]: T[K] extends (...args: infer A) => infer B ? CalledWithMock<B, A> : T[K]; }' but required in type 'INodeType'.
n8n-core:typecheck: src/execution-engine/node-execution-context/node-execution-context.ts(28,2): error TS6133: 'NodeOperationError' is declared but its value is never read.
n8n-core:typecheck: src/execution-engine/node-execution-context/node-execution-context.ts(33,2): error TS6133: 'HTTP_REQUEST_AS_TOOL_NODE_TYPE' is declared but its value is never read.
n8n-core:typecheck: src/execution-engine/node-execution-context/node-execution-context.ts(34,2): error TS6133: 'HTTP_REQUEST_NODE_TYPE' is declared but its value is never read.
n8n-core:typecheck: src/execution-engine/node-execution-context/node-execution-context.ts(35,2): error TS6133: 'HTTP_REQUEST_TOOL_NODE_TYPE' is declared but its value is never read.
n8n-core:typecheck: src/execution-engine/node-execution-context/utils/__tests__/request-helper-functions.test.ts(895,13): error TS2339: Property 'credentials' does not exist on type 'DeepMockProxy<INode>'.
n8n-core:typecheck: src/execution-engine/node-execution-context/utils/__tests__/request-helper-functions.test.ts(904,13): error TS2339: Property 'getCredentials' does not exist on type 'DeepMockProxy<IAllExecuteFunctions>'.
n8n-core:typecheck:   Property 'getCredentials' does not exist on type '{ getNodeParameter: CalledWithMock<object | NodeParameterValueType, [parameterName: string, itemIndex: number, fallbackValue?: any, options?: IGetNodeParameterOptions | undefined]>; ... 45 more ...; startJob: CalledWithMock<...>; } & ... 4 more ... & { ...; }'.
n8n-core:typecheck: src/execution-engine/node-execution-context/utils/__tests__/request-helper-functions.test.ts(932,24): error TS2339: Property 'credentialsHelper' does not exist on type 'DeepMockProxy<IWorkflowExecuteAdditionalData>'.
n8n-core:typecheck: src/execution-engine/node-execution-context/utils/__tests__/request-helper-functions.test.ts(934,14): error TS2339: Property 'credentials' does not exist on type 'DeepMockProxy<INode>'.
n8n-core:typecheck: src/execution-engine/node-execution-context/utils/__tests__/request-helper-functions.test.ts(946,13): error TS2339: Property 'getCredentials' does not exist on type 'DeepMockProxy<IAllExecuteFunctions>'.
n8n-core:typecheck:   Property 'getCredentials' does not exist on type '{ getNodeParameter: CalledWithMock<object | NodeParameterValueType, [parameterName: string, itemIndex: number, fallbackValue?: any, options?: IGetNodeParameterOptions | undefined]>; ... 45 more ...; startJob: CalledWithMock<...>; } & ... 4 more ... & { ...; }'.
n8n-core:typecheck: src/execution-engine/node-execution-context/utils/__tests__/request-helper-functions.test.ts(974,24): error TS2339: Property 'credentialsHelper' does not exist on type 'DeepMockProxy<IWorkflowExecuteAdditionalData>'.
n8n-core:typecheck: src/execution-engine/node-execution-context/utils/__tests__/request-helper-functions.test.ts(976,14): error TS2339: Property 'credentials' does not exist on type 'DeepMockProxy<INode>'.
n8n-core:typecheck: src/execution-engine/node-execution-context/utils/__tests__/request-helper-functions.test.ts(988,13): error TS2339: Property 'getCredentials' does not exist on type 'DeepMockProxy<IAllExecuteFunctions>'.
n8n-core:typecheck:   Property 'getCredentials' does not exist on type '{ getNodeParameter: CalledWithMock<object | NodeParameterValueType, [parameterName: string, itemIndex: number, fallbackValue?: any, options?: IGetNodeParameterOptions | undefined]>; ... 45 more ...; startJob: CalledWithMock<...>; } & ... 4 more ... & { ...; }'.
n8n-core:typecheck: src/execution-engine/node-execution-context/utils/__tests__/request-helper-functions.test.ts(1013,24): error TS2339: Property 'credentialsHelper' does not exist on type 'DeepMockProxy<IWorkflowExecuteAdditionalData>'.
n8n-core:typecheck: src/execution-engine/node-execution-context/utils/__tests__/request-helper-functions.test.ts(1015,14): error TS2339: Property 'credentials' does not exist on type 'DeepMockProxy<INode>'.
n8n-core:typecheck: src/execution-engine/node-execution-context/utils/__tests__/request-helper-functions.test.ts(1027,13): error TS2339: Property 'getCredentials' does not exist on type 'DeepMockProxy<IAllExecuteFunctions>'.
n8n-core:typecheck:   Property 'getCredentials' does not exist on type '{ getNodeParameter: CalledWithMock<object | NodeParameterValueType, [parameterName: string, itemIndex: number, fallbackValue?: any, options?: IGetNodeParameterOptions | undefined]>; ... 45 more ...; startJob: CalledWithMock<...>; } & ... 4 more ... & { ...; }'.
n8n-core:typecheck: src/execution-engine/node-execution-context/utils/__tests__/request-helper-functions.test.ts(1036,24): error TS2339: Property 'credentialsHelper' does not exist on type 'DeepMockProxy<IWorkflowExecuteAdditionalData>'.
n8n-core:typecheck: src/execution-engine/node-execution-context/utils/__tests__/request-helper-functions.test.ts(1041,13): error TS2339: Property 'credentials' does not exist on type 'DeepMockProxy<INode>'.
n8n-core:typecheck: src/execution-engine/node-execution-context/utils/__tests__/request-helper-functions.test.ts(1042,13): error TS2339: Property 'getCredentials' does not exist on type 'DeepMockProxy<IAllExecuteFunctions>'.
n8n-core:typecheck:   Property 'getCredentials' does not exist on type '{ getNodeParameter: CalledWithMock<object | NodeParameterValueType, [parameterName: string, itemIndex: number, fallbackValue?: any, options?: IGetNodeParameterOptions | undefined]>; ... 45 more ...; startJob: CalledWithMock<...>; } & ... 4 more ... & { ...; }'.
n8n-core:typecheck: src/execution-engine/node-execution-context/utils/__tests__/request-helper-functions.test.ts(1052,24): error TS2339: Property 'credentialsHelper' does not exist on type 'DeepMockProxy<IWorkflowExecuteAdditionalData>'.
n8n-core:typecheck: src/execution-engine/node-execution-context/utils/request-helper-functions.ts(10,1): error TS6192: All imports in import declaration are unused.
n8n-core:typecheck: src/execution-engine/node-execution-context/utils/request-helper-functions.ts(16,1): error TS6133: 'ClientOAuth2' is declared but its value is never read.
n8n-core:typecheck: src/execution-engine/node-execution-context/utils/request-helper-functions.ts(18,15): error TS6196: 'AxiosError' is declared but never used.
n8n-core:typecheck: src/execution-engine/node-execution-context/utils/request-helper-functions.ts(20,18): error TS6133: 'createHmac' is declared but its value is never read.
n8n-core:typecheck: src/execution-engine/node-execution-context/utils/request-helper-functions.ts(24,1): error TS6133: 'get' is declared but its value is never read.
n8n-core:typecheck: src/execution-engine/node-execution-context/utils/request-helper-functions.ts(41,2): error TS6196: 'IDataObject' is declared but never used.
n8n-core:typecheck: src/execution-engine/node-execution-context/utils/request-helper-functions.ts(60,1): error TS6133: 'Token' is declared but its value is never read.
n8n-core:typecheck: src/execution-engine/node-execution-context/utils/request-helper-functions.ts(61,1): error TS6133: 'clientOAuth1' is declared but its value is never read.
n8n-core:typecheck: src/execution-engine/node-execution-context/utils/request-helper-functions.ts(66,1): error TS6133: 'IResponseError' is declared but its value is never read.
n8n-core:typecheck: src/execution-engine/node-execution-context/utils/request-helper-functions.ts(885,2): error TS6133: 'requestOptions' is declared but its value is never read.
n8n-core:typecheck: src/execution-engine/node-execution-context/utils/request-helper-functions.ts(887,2): error TS6133: 'additionalData' is declared but its value is never read.
n8n-core:typecheck: src/execution-engine/node-execution-context/utils/request-helper-functions.ts(888,2): error TS6133: 'oAuth2Options' is declared but its value is never read.
n8n-core:typecheck: src/execution-engine/node-execution-context/utils/request-helper-functions.ts(889,2): error TS6133: 'isN8nRequest' is declared but its value is never read.
n8n-core:typecheck: src/execution-engine/node-execution-context/utils/request-helper-functions.ts(905,2): error TS6133: 'requestOptions' is declared but its value is never read.
n8n-core:typecheck: src/execution-engine/node-execution-context/utils/request-helper-functions.ts(906,2): error TS6133: 'isN8nRequest' is declared but its value is never read.
n8n-core:typecheck: src/execution-engine/node-execution-context/utils/request-helper-functions.ts(923,2): error TS6133: 'additionalData' is declared but its value is never read.
n8n-core:typecheck: src/execution-engine/node-execution-context/utils/request-helper-functions.ts(924,2): error TS6133: 'oAuth2Options' is declared but its value is never read.
n8n-core:typecheck: src/execution-engine/node-execution-context/utils/request-helper-functions.ts(939,2): error TS6133: 'credentialsType' is declared but its value is never read.
n8n-core:typecheck: src/execution-engine/node-execution-context/utils/request-helper-functions.ts(941,2): error TS6133: 'workflow' is declared but its value is never read.
n8n-core:typecheck: src/execution-engine/node-execution-context/utils/request-helper-functions.ts(942,2): error TS6133: 'node' is declared but its value is never read.
n8n-core:typecheck: src/execution-engine/node-execution-context/utils/request-helper-functions.ts(943,2): error TS6133: 'additionalData' is declared but its value is never read.
n8n-core:typecheck: src/execution-engine/node-execution-context/utils/request-helper-functions.ts(963,2): error TS6133: 'credentialsType' is declared but its value is never read.
n8n-core:typecheck: src/execution-engine/node-execution-context/utils/request-helper-functions.ts(968,2): error TS6133: 'itemIndex' is declared but its value is never read.
n8n-core:typecheck: src/execution-engine/node-execution-context/utils/request-helper-functions.ts(1019,17): error TS6133: 'requestWithAuthenticationPaginated' is declared but its value is never read.
n8n-core:typecheck: src/execution-engine/node-execution-context/utils/request-helper-functions.ts(1024,3): error TS6133: 'credentialsType' is declared but its value is never read.
n8n-core:typecheck: src/execution-engine/node-execution-context/utils/request-helper-functions.ts(1227,4): error TS6133: 'credentialsType' is declared but its value is never read.
n8n-core:typecheck: src/execution-engine/node-execution-context/utils/request-helper-functions.ts(1228,4): error TS6133: 'requestOptions' is declared but its value is never read.
n8n-core:typecheck: src/execution-engine/node-execution-context/utils/request-helper-functions.ts(1234,4): error TS6133: 'credentialsType' is declared but its value is never read.
n8n-core:typecheck: src/execution-engine/node-execution-context/utils/request-helper-functions.ts(1235,4): error TS6133: 'requestOptions' is declared but its value is never read.
n8n-core:typecheck: src/execution-engine/node-execution-context/utils/request-helper-functions.ts(1236,4): error TS6133: 'oAuth2Options' is declared but its value is never read.
n8n-core:typecheck: src/execution-engine/node-execution-context/utils/request-helper-functions.ts(1242,4): error TS6133: 'credentialsType' is declared but its value is never read.
n8n-core:typecheck: src/execution-engine/node-execution-context/utils/request-helper-functions.ts(1243,4): error TS6133: 'oAuth2Options' is declared but its value is never read.
n8n-core:typecheck: src/execution-engine/routing-node.ts(531,3): error TS6133: 'credentialType' is declared but its value is never read.
n8n-core:typecheck: src/nodes-loader/__tests__/directory-loader.test.ts(4,2): error TS2305: Module '"n8n-workflow"' has no exported member 'ICredentialType'.
n8n-core:typecheck: src/nodes-loader/__tests__/directory-loader.test.ts(45,36): error TS6133: 'credential' is declared but its value is never read.
n8n-core:typecheck: src/nodes-loader/__tests__/directory-loader.test.ts(94,18): error TS2339: Property 'nodesByCredential' does not exist on type 'CustomDirectoryLoader'.
n8n-core:typecheck: src/nodes-loader/__tests__/directory-loader.test.ts(95,18): error TS2339: Property 'credentialTypes' does not exist on type 'CustomDirectoryLoader'.
n8n-core:typecheck: src/nodes-loader/__tests__/directory-loader.test.ts(123,18): error TS2339: Property 'nodesByCredential' does not exist on type 'PackageDirectoryLoader'.
n8n-core:typecheck: src/nodes-loader/__tests__/directory-loader.test.ts(124,18): error TS2339: Property 'credentialTypes' does not exist on type 'PackageDirectoryLoader'.
n8n-core:typecheck: src/nodes-loader/__tests__/directory-loader.test.ts(175,18): error TS2339: Property 'credentialTypes' does not exist on type 'PackageDirectoryLoader'.
n8n-core:typecheck: src/nodes-loader/__tests__/directory-loader.test.ts(192,26): error TS2339: Property 'credentials' does not exist on type 'INodeTypeDescription'.
n8n-core:typecheck: src/nodes-loader/__tests__/directory-loader.test.ts(417,18): error TS2339: Property 'credentialTypes' does not exist on type 'PackageDirectoryLoader'.
n8n-core:typecheck: src/nodes-loader/__tests__/directory-loader.test.ts(419,24): error TS2339: Property 'credentials' does not exist on type 'Types'.
n8n-core:typecheck: src/nodes-loader/__tests__/directory-loader.test.ts(429,18): error TS2339: Property 'credentialTypes' does not exist on type 'PackageDirectoryLoader'.
n8n-core:typecheck: src/nodes-loader/__tests__/directory-loader.test.ts(431,24): error TS2339: Property 'credentials' does not exist on type 'Types'.
n8n-core:typecheck: src/nodes-loader/__tests__/directory-loader.test.ts(460,6): error TS2322: Type '{ description: INodeTypeDescription; supplyData?: ((this: ISupplyDataFunctions, itemIndex: number) => Promise<SupplyData>) | undefined; ... 7 more ...; customOperations?: { ...; } | undefined; } & INodeType' is not assignable to type '{ description?: { version?: number | (number | undefined)[] | undefined; defaults?: { color?: string | undefined; name?: string | undefined; } | undefined; eventTriggerDescription?: string | undefined; ... 36 more ...; usableAsTool?: true | ... 1 more ... | undefined; } | undefined; ... 8 more ...; customOperations?...'.
n8n-core:typecheck:   Type '{ description: INodeTypeDescription; supplyData?: ((this: ISupplyDataFunctions, itemIndex: number) => Promise<SupplyData>) | undefined; ... 7 more ...; customOperations?: { ...; } | undefined; } & INodeType' is not assignable to type '{ description?: { version?: number | (number | undefined)[] | undefined; defaults?: { color?: string | undefined; name?: string | undefined; } | undefined; eventTriggerDescription?: string | undefined; ... 36 more ...; usableAsTool?: true | ... 1 more ... | undefined; } | undefined; ... 8 more ...; customOperations?...'.
n8n-core:typecheck:     The types of 'description.properties' are incompatible between these types.
n8n-core:typecheck:       Type 'INodeProperties[]' is not assignable to type '({ displayName?: string | undefined; name?: string | undefined; type?: NodePropertyTypes | undefined; typeOptions?: { [x: string]: any; buttonConfig?: { action?: string | ... 1 more ... | undefined; label?: string | undefined; hasInputField?: boolean | undefined; inputFieldMaxLength?: number | undefined; } | undefin...'.
n8n-core:typecheck:         Type 'INodeProperties' is not assignable to type '{ displayName?: string | undefined; name?: string | undefined; type?: NodePropertyTypes | undefined; typeOptions?: { [x: string]: any; buttonConfig?: { action?: string | { ...; } | undefined; label?: string | undefined; hasInputField?: boolean | undefined; inputFieldMaxLength?: number | undefined; } | undefined; ......'.
n8n-core:typecheck:           Types of property 'typeOptions' are incompatible.
n8n-core:typecheck:             Type 'INodePropertyTypeOptions | undefined' is not assignable to type '{ [x: string]: any; buttonConfig?: { action?: string | { type?: "askAiCodeGeneration" | undefined; handler?: string | undefined; target?: string | undefined; } | undefined; label?: string | undefined; hasInputField?: boolean | undefined; inputFieldMaxLength?: number | undefined; } | undefined; ... 25 more ...; binar...'.
n8n-core:typecheck:               Type 'INodePropertyTypeOptions' is not assignable to type '{ [x: string]: any; buttonConfig?: { action?: string | { type?: "askAiCodeGeneration" | undefined; handler?: string | undefined; target?: string | undefined; } | undefined; label?: string | undefined; hasInputField?: boolean | undefined; inputFieldMaxLength?: number | undefined; } | undefined; ... 25 more ...; binar...'.
n8n-core:typecheck:                 Types of property 'filter' are incompatible.
n8n-core:typecheck:                   Type 'FilterTypeOptions | undefined' is not assignable to type '{ version?: 1 | 2 | {} | undefined; caseSensitive?: string | boolean | undefined; leftValue?: string | undefined; allowedCombinators?: [(FilterTypeCombinator | undefined)?, ...undefined[]] | undefined; maxConditions?: number | undefined; typeValidation?: {} | ... 2 more ... | undefined; } | undefined'.
n8n-core:typecheck:                     Type 'FilterTypeOptions' is not assignable to type '{ version?: 1 | 2 | {} | undefined; caseSensitive?: string | boolean | undefined; leftValue?: string | undefined; allowedCombinators?: [(FilterTypeCombinator | undefined)?, ...undefined[]] | undefined; maxConditions?: number | undefined; typeValidation?: {} | ... 2 more ... | undefined; }'.
n8n-core:typecheck:                       Types of property 'allowedCombinators' are incompatible.
n8n-core:typecheck:                         Type 'NonEmptyArray<FilterTypeCombinator> | undefined' is not assignable to type '[(FilterTypeCombinator | undefined)?, ...undefined[]] | undefined'.
n8n-core:typecheck:                           Type 'NonEmptyArray<FilterTypeCombinator>' is not assignable to type '[(FilterTypeCombinator | undefined)?, ...undefined[]]'.
n8n-core:typecheck:                             Type at position 1 in source is not compatible with type at position 1 in target.
n8n-core:typecheck:                               Type 'FilterTypeCombinator' is not assignable to type 'undefined'.
n8n-core:typecheck:                                 Type '"and"' is not assignable to type 'undefined'.
n8n-core:typecheck: src/nodes-loader/__tests__/directory-loader.test.ts(461,6): error TS2322: Type '{ description: INodeTypeDescription; supplyData?: ((this: ISupplyDataFunctions, itemIndex: number) => Promise<SupplyData>) | undefined; ... 7 more ...; customOperations?: { ...; } | undefined; } & INodeType' is not assignable to type '{ description?: { version?: number | (number | undefined)[] | undefined; defaults?: { color?: string | undefined; name?: string | undefined; } | undefined; eventTriggerDescription?: string | undefined; ... 36 more ...; usableAsTool?: true | ... 1 more ... | undefined; } | undefined; ... 8 more ...; customOperations?...'.
n8n-core:typecheck:   Type '{ description: INodeTypeDescription; supplyData?: ((this: ISupplyDataFunctions, itemIndex: number) => Promise<SupplyData>) | undefined; ... 7 more ...; customOperations?: { ...; } | undefined; } & INodeType' is not assignable to type '{ description?: { version?: number | (number | undefined)[] | undefined; defaults?: { color?: string | undefined; name?: string | undefined; } | undefined; eventTriggerDescription?: string | undefined; ... 36 more ...; usableAsTool?: true | ... 1 more ... | undefined; } | undefined; ... 8 more ...; customOperations?...'.
n8n-core:typecheck:     The types of 'description.properties' are incompatible between these types.
n8n-core:typecheck:       Type 'INodeProperties[]' is not assignable to type '({ displayName?: string | undefined; name?: string | undefined; type?: NodePropertyTypes | undefined; typeOptions?: { [x: string]: any; buttonConfig?: { action?: string | ... 1 more ... | undefined; label?: string | undefined; hasInputField?: boolean | undefined; inputFieldMaxLength?: number | undefined; } | undefin...'.
n8n-core:typecheck:         Type 'INodeProperties' is not assignable to type '{ displayName?: string | undefined; name?: string | undefined; type?: NodePropertyTypes | undefined; typeOptions?: { [x: string]: any; buttonConfig?: { action?: string | { ...; } | undefined; label?: string | undefined; hasInputField?: boolean | undefined; inputFieldMaxLength?: number | undefined; } | undefined; ......'.
n8n-core:typecheck:           Types of property 'typeOptions' are incompatible.
n8n-core:typecheck:             Type 'INodePropertyTypeOptions | undefined' is not assignable to type '{ [x: string]: any; buttonConfig?: { action?: string | { type?: "askAiCodeGeneration" | undefined; handler?: string | undefined; target?: string | undefined; } | undefined; label?: string | undefined; hasInputField?: boolean | undefined; inputFieldMaxLength?: number | undefined; } | undefined; ... 25 more ...; binar...'.
n8n-core:typecheck:               Type 'INodePropertyTypeOptions' is not assignable to type '{ [x: string]: any; buttonConfig?: { action?: string | { type?: "askAiCodeGeneration" | undefined; handler?: string | undefined; target?: string | undefined; } | undefined; label?: string | undefined; hasInputField?: boolean | undefined; inputFieldMaxLength?: number | undefined; } | undefined; ... 25 more ...; binar...'.
n8n-core:typecheck:                 Types of property 'filter' are incompatible.
n8n-core:typecheck:                   Type 'FilterTypeOptions | undefined' is not assignable to type '{ version?: 1 | 2 | {} | undefined; caseSensitive?: string | boolean | undefined; leftValue?: string | undefined; allowedCombinators?: [(FilterTypeCombinator | undefined)?, ...undefined[]] | undefined; maxConditions?: number | undefined; typeValidation?: {} | ... 2 more ... | undefined; } | undefined'.
n8n-core:typecheck:                     Type 'FilterTypeOptions' is not assignable to type '{ version?: 1 | 2 | {} | undefined; caseSensitive?: string | boolean | undefined; leftValue?: string | undefined; allowedCombinators?: [(FilterTypeCombinator | undefined)?, ...undefined[]] | undefined; maxConditions?: number | undefined; typeValidation?: {} | ... 2 more ... | undefined; }'.
n8n-core:typecheck:                       Types of property 'allowedCombinators' are incompatible.
n8n-core:typecheck:                         Type 'NonEmptyArray<FilterTypeCombinator> | undefined' is not assignable to type '[(FilterTypeCombinator | undefined)?, ...undefined[]] | undefined'.
n8n-core:typecheck:                           Type 'NonEmptyArray<FilterTypeCombinator>' is not assignable to type '[(FilterTypeCombinator | undefined)?, ...undefined[]]'.
n8n-core:typecheck:                             Type at position 1 in source is not compatible with type at position 1 in target.
n8n-core:typecheck:                               Type 'FilterTypeCombinator' is not assignable to type 'undefined'.
n8n-core:typecheck:                                 Type '"and"' is not assignable to type 'undefined'.
n8n-core:typecheck: src/nodes-loader/__tests__/directory-loader.test.ts(465,50): error TS2345: Argument of type '{ [K in keyof T]: T[K] extends (...args: infer A) => infer B ? CalledWithMock<B, A> : T[K]; } & T' is not assignable to parameter of type 'INodeType | IVersionedNodeType'.
n8n-core:typecheck:   Type '{ [K in keyof T]: T[K] extends (...args: infer A) => infer B ? CalledWithMock<B, A> : T[K]; }' is missing the following properties from type 'IVersionedNodeType': nodeVersions, currentVersion, description, getNodeType
n8n-core:typecheck: src/nodes-loader/__tests__/directory-loader.test.ts(479,26): error TS2339: Property 'getCredentialsForNode' does not exist on type 'CustomDirectoryLoader'.
n8n-core:typecheck: src/nodes-loader/__tests__/directory-loader.test.ts(489,26): error TS2339: Property 'getCredentialsForNode' does not exist on type 'CustomDirectoryLoader'.
n8n-core:typecheck: src/nodes-loader/__tests__/directory-loader.test.ts(504,6): error TS2322: Type '{ description: INodeTypeDescription; supplyData?: ((this: ISupplyDataFunctions, itemIndex: number) => Promise<SupplyData>) | undefined; ... 7 more ...; customOperations?: { ...; } | undefined; } & INodeType' is not assignable to type '{ description?: { version?: number | (number | undefined)[] | undefined; defaults?: { color?: string | undefined; name?: string | undefined; } | undefined; eventTriggerDescription?: string | undefined; ... 36 more ...; usableAsTool?: true | ... 1 more ... | undefined; } | undefined; ... 8 more ...; customOperations?...'.
n8n-core:typecheck:   Type '{ description: INodeTypeDescription; supplyData?: ((this: ISupplyDataFunctions, itemIndex: number) => Promise<SupplyData>) | undefined; ... 7 more ...; customOperations?: { ...; } | undefined; } & INodeType' is not assignable to type '{ description?: { version?: number | (number | undefined)[] | undefined; defaults?: { color?: string | undefined; name?: string | undefined; } | undefined; eventTriggerDescription?: string | undefined; ... 36 more ...; usableAsTool?: true | ... 1 more ... | undefined; } | undefined; ... 8 more ...; customOperations?...'.
n8n-core:typecheck:     The types of 'description.properties' are incompatible between these types.
n8n-core:typecheck:       Type 'INodeProperties[]' is not assignable to type '({ displayName?: string | undefined; name?: string | undefined; type?: NodePropertyTypes | undefined; typeOptions?: { [x: string]: any; buttonConfig?: { action?: string | ... 1 more ... | undefined; label?: string | undefined; hasInputField?: boolean | undefined; inputFieldMaxLength?: number | undefined; } | undefin...'.
n8n-core:typecheck:         Type 'INodeProperties' is not assignable to type '{ displayName?: string | undefined; name?: string | undefined; type?: NodePropertyTypes | undefined; typeOptions?: { [x: string]: any; buttonConfig?: { action?: string | { ...; } | undefined; label?: string | undefined; hasInputField?: boolean | undefined; inputFieldMaxLength?: number | undefined; } | undefined; ......'.
n8n-core:typecheck:           Types of property 'typeOptions' are incompatible.
n8n-core:typecheck:             Type 'INodePropertyTypeOptions | undefined' is not assignable to type '{ [x: string]: any; buttonConfig?: { action?: string | { type?: "askAiCodeGeneration" | undefined; handler?: string | undefined; target?: string | undefined; } | undefined; label?: string | undefined; hasInputField?: boolean | undefined; inputFieldMaxLength?: number | undefined; } | undefined; ... 25 more ...; binar...'.
n8n-core:typecheck:               Type 'INodePropertyTypeOptions' is not assignable to type '{ [x: string]: any; buttonConfig?: { action?: string | { type?: "askAiCodeGeneration" | undefined; handler?: string | undefined; target?: string | undefined; } | undefined; label?: string | undefined; hasInputField?: boolean | undefined; inputFieldMaxLength?: number | undefined; } | undefined; ... 25 more ...; binar...'.
n8n-core:typecheck:                 Types of property 'filter' are incompatible.
n8n-core:typecheck:                   Type 'FilterTypeOptions | undefined' is not assignable to type '{ version?: 1 | 2 | {} | undefined; caseSensitive?: string | boolean | undefined; leftValue?: string | undefined; allowedCombinators?: [(FilterTypeCombinator | undefined)?, ...undefined[]] | undefined; maxConditions?: number | undefined; typeValidation?: {} | ... 2 more ... | undefined; } | undefined'.
n8n-core:typecheck:                     Type 'FilterTypeOptions' is not assignable to type '{ version?: 1 | 2 | {} | undefined; caseSensitive?: string | boolean | undefined; leftValue?: string | undefined; allowedCombinators?: [(FilterTypeCombinator | undefined)?, ...undefined[]] | undefined; maxConditions?: number | undefined; typeValidation?: {} | ... 2 more ... | undefined; }'.
n8n-core:typecheck:                       Types of property 'allowedCombinators' are incompatible.
n8n-core:typecheck:                         Type 'NonEmptyArray<FilterTypeCombinator> | undefined' is not assignable to type '[(FilterTypeCombinator | undefined)?, ...undefined[]] | undefined'.
n8n-core:typecheck:                           Type 'NonEmptyArray<FilterTypeCombinator>' is not assignable to type '[(FilterTypeCombinator | undefined)?, ...undefined[]]'.
n8n-core:typecheck:                             Type at position 1 in source is not compatible with type at position 1 in target.
n8n-core:typecheck:                               Type 'FilterTypeCombinator' is not assignable to type 'undefined'.
n8n-core:typecheck:                                 Type '"and"' is not assignable to type 'undefined'.
n8n-core:typecheck: src/nodes-loader/__tests__/directory-loader.test.ts(505,6): error TS2322: Type '{ description: INodeTypeDescription; supplyData?: ((this: ISupplyDataFunctions, itemIndex: number) => Promise<SupplyData>) | undefined; ... 7 more ...; customOperations?: { ...; } | undefined; } & INodeType' is not assignable to type '{ description?: { version?: number | (number | undefined)[] | undefined; defaults?: { color?: string | undefined; name?: string | undefined; } | undefined; eventTriggerDescription?: string | undefined; ... 36 more ...; usableAsTool?: true | ... 1 more ... | undefined; } | undefined; ... 8 more ...; customOperations?...'.
n8n-core:typecheck:   Type '{ description: INodeTypeDescription; supplyData?: ((this: ISupplyDataFunctions, itemIndex: number) => Promise<SupplyData>) | undefined; ... 7 more ...; customOperations?: { ...; } | undefined; } & INodeType' is not assignable to type '{ description?: { version?: number | (number | undefined)[] | undefined; defaults?: { color?: string | undefined; name?: string | undefined; } | undefined; eventTriggerDescription?: string | undefined; ... 36 more ...; usableAsTool?: true | ... 1 more ... | undefined; } | undefined; ... 8 more ...; customOperations?...'.
n8n-core:typecheck:     The types of 'description.properties' are incompatible between these types.
n8n-core:typecheck:       Type 'INodeProperties[]' is not assignable to type '({ displayName?: string | undefined; name?: string | undefined; type?: NodePropertyTypes | undefined; typeOptions?: { [x: string]: any; buttonConfig?: { action?: string | ... 1 more ... | undefined; label?: string | undefined; hasInputField?: boolean | undefined; inputFieldMaxLength?: number | undefined; } | undefin...'.
n8n-core:typecheck:         Type 'INodeProperties' is not assignable to type '{ displayName?: string | undefined; name?: string | undefined; type?: NodePropertyTypes | undefined; typeOptions?: { [x: string]: any; buttonConfig?: { action?: string | { ...; } | undefined; label?: string | undefined; hasInputField?: boolean | undefined; inputFieldMaxLength?: number | undefined; } | undefined; ......'.
n8n-core:typecheck:           Types of property 'typeOptions' are incompatible.
n8n-core:typecheck:             Type 'INodePropertyTypeOptions | undefined' is not assignable to type '{ [x: string]: any; buttonConfig?: { action?: string | { type?: "askAiCodeGeneration" | undefined; handler?: string | undefined; target?: string | undefined; } | undefined; label?: string | undefined; hasInputField?: boolean | undefined; inputFieldMaxLength?: number | undefined; } | undefined; ... 25 more ...; binar...'.
n8n-core:typecheck:               Type 'INodePropertyTypeOptions' is not assignable to type '{ [x: string]: any; buttonConfig?: { action?: string | { type?: "askAiCodeGeneration" | undefined; handler?: string | undefined; target?: string | undefined; } | undefined; label?: string | undefined; hasInputField?: boolean | undefined; inputFieldMaxLength?: number | undefined; } | undefined; ... 25 more ...; binar...'.
n8n-core:typecheck:                 Types of property 'filter' are incompatible.
n8n-core:typecheck:                   Type 'FilterTypeOptions | undefined' is not assignable to type '{ version?: 1 | 2 | {} | undefined; caseSensitive?: string | boolean | undefined; leftValue?: string | undefined; allowedCombinators?: [(FilterTypeCombinator | undefined)?, ...undefined[]] | undefined; maxConditions?: number | undefined; typeValidation?: {} | ... 2 more ... | undefined; } | undefined'.
n8n-core:typecheck:                     Type 'FilterTypeOptions' is not assignable to type '{ version?: 1 | 2 | {} | undefined; caseSensitive?: string | boolean | undefined; leftValue?: string | undefined; allowedCombinators?: [(FilterTypeCombinator | undefined)?, ...undefined[]] | undefined; maxConditions?: number | undefined; typeValidation?: {} | ... 2 more ... | undefined; }'.
n8n-core:typecheck:                       Types of property 'allowedCombinators' are incompatible.
n8n-core:typecheck:                         Type 'NonEmptyArray<FilterTypeCombinator> | undefined' is not assignable to type '[(FilterTypeCombinator | undefined)?, ...undefined[]] | undefined'.
n8n-core:typecheck:                           Type 'NonEmptyArray<FilterTypeCombinator>' is not assignable to type '[(FilterTypeCombinator | undefined)?, ...undefined[]]'.
n8n-core:typecheck:                             Type at position 1 in source is not compatible with type at position 1 in target.
n8n-core:typecheck:                               Type 'FilterTypeCombinator' is not assignable to type 'undefined'.
n8n-core:typecheck:                                 Type '"and"' is not assignable to type 'undefined'.
n8n-core:typecheck: src/nodes-loader/__tests__/directory-loader.test.ts(509,26): error TS2339: Property 'getCredentialsForNode' does not exist on type 'CustomDirectoryLoader'.
n8n-core:typecheck: src/nodes-loader/__tests__/directory-loader.test.ts(525,6): error TS2322: Type '{ description: INodeTypeDescription; supplyData?: ((this: ISupplyDataFunctions, itemIndex: number) => Promise<SupplyData>) | undefined; ... 7 more ...; customOperations?: { ...; } | undefined; } & INodeType' is not assignable to type '{ description?: { version?: number | (number | undefined)[] | undefined; defaults?: { color?: string | undefined; name?: string | undefined; } | undefined; eventTriggerDescription?: string | undefined; ... 36 more ...; usableAsTool?: true | ... 1 more ... | undefined; } | undefined; ... 8 more ...; customOperations?...'.
n8n-core:typecheck:   Type '{ description: INodeTypeDescription; supplyData?: ((this: ISupplyDataFunctions, itemIndex: number) => Promise<SupplyData>) | undefined; ... 7 more ...; customOperations?: { ...; } | undefined; } & INodeType' is not assignable to type '{ description?: { version?: number | (number | undefined)[] | undefined; defaults?: { color?: string | undefined; name?: string | undefined; } | undefined; eventTriggerDescription?: string | undefined; ... 36 more ...; usableAsTool?: true | ... 1 more ... | undefined; } | undefined; ... 8 more ...; customOperations?...'.
n8n-core:typecheck:     The types of 'description.properties' are incompatible between these types.
n8n-core:typecheck:       Type 'INodeProperties[]' is not assignable to type '({ displayName?: string | undefined; name?: string | undefined; type?: NodePropertyTypes | undefined; typeOptions?: { [x: string]: any; buttonConfig?: { action?: string | ... 1 more ... | undefined; label?: string | undefined; hasInputField?: boolean | undefined; inputFieldMaxLength?: number | undefined; } | undefin...'.
n8n-core:typecheck:         Type 'INodeProperties' is not assignable to type '{ displayName?: string | undefined; name?: string | undefined; type?: NodePropertyTypes | undefined; typeOptions?: { [x: string]: any; buttonConfig?: { action?: string | { ...; } | undefined; label?: string | undefined; hasInputField?: boolean | undefined; inputFieldMaxLength?: number | undefined; } | undefined; ......'.
n8n-core:typecheck:           Types of property 'typeOptions' are incompatible.
n8n-core:typecheck:             Type 'INodePropertyTypeOptions | undefined' is not assignable to type '{ [x: string]: any; buttonConfig?: { action?: string | { type?: "askAiCodeGeneration" | undefined; handler?: string | undefined; target?: string | undefined; } | undefined; label?: string | undefined; hasInputField?: boolean | undefined; inputFieldMaxLength?: number | undefined; } | undefined; ... 25 more ...; binar...'.
n8n-core:typecheck:               Type 'INodePropertyTypeOptions' is not assignable to type '{ [x: string]: any; buttonConfig?: { action?: string | { type?: "askAiCodeGeneration" | undefined; handler?: string | undefined; target?: string | undefined; } | undefined; label?: string | undefined; hasInputField?: boolean | undefined; inputFieldMaxLength?: number | undefined; } | undefined; ... 25 more ...; binar...'.
n8n-core:typecheck:                 Types of property 'filter' are incompatible.
n8n-core:typecheck:                   Type 'FilterTypeOptions | undefined' is not assignable to type '{ version?: 1 | 2 | {} | undefined; caseSensitive?: string | boolean | undefined; leftValue?: string | undefined; allowedCombinators?: [(FilterTypeCombinator | undefined)?, ...undefined[]] | undefined; maxConditions?: number | undefined; typeValidation?: {} | ... 2 more ... | undefined; } | undefined'.
n8n-core:typecheck:                     Type 'FilterTypeOptions' is not assignable to type '{ version?: 1 | 2 | {} | undefined; caseSensitive?: string | boolean | undefined; leftValue?: string | undefined; allowedCombinators?: [(FilterTypeCombinator | undefined)?, ...undefined[]] | undefined; maxConditions?: number | undefined; typeValidation?: {} | ... 2 more ... | undefined; }'.
n8n-core:typecheck:                       Types of property 'allowedCombinators' are incompatible.
n8n-core:typecheck:                         Type 'NonEmptyArray<FilterTypeCombinator> | undefined' is not assignable to type '[(FilterTypeCombinator | undefined)?, ...undefined[]] | undefined'.
n8n-core:typecheck:                           Type 'NonEmptyArray<FilterTypeCombinator>' is not assignable to type '[(FilterTypeCombinator | undefined)?, ...undefined[]]'.
n8n-core:typecheck:                             Type at position 1 in source is not compatible with type at position 1 in target.
n8n-core:typecheck:                               Type 'FilterTypeCombinator' is not assignable to type 'undefined'.
n8n-core:typecheck:                                 Type '"and"' is not assignable to type 'undefined'.
n8n-core:typecheck: src/nodes-loader/__tests__/directory-loader.test.ts(526,6): error TS2322: Type '{ description: INodeTypeDescription; supplyData?: ((this: ISupplyDataFunctions, itemIndex: number) => Promise<SupplyData>) | undefined; ... 7 more ...; customOperations?: { ...; } | undefined; } & INodeType' is not assignable to type '{ description?: { version?: number | (number | undefined)[] | undefined; defaults?: { color?: string | undefined; name?: string | undefined; } | undefined; eventTriggerDescription?: string | undefined; ... 36 more ...; usableAsTool?: true | ... 1 more ... | undefined; } | undefined; ... 8 more ...; customOperations?...'.
n8n-core:typecheck:   Type '{ description: INodeTypeDescription; supplyData?: ((this: ISupplyDataFunctions, itemIndex: number) => Promise<SupplyData>) | undefined; ... 7 more ...; customOperations?: { ...; } | undefined; } & INodeType' is not assignable to type '{ description?: { version?: number | (number | undefined)[] | undefined; defaults?: { color?: string | undefined; name?: string | undefined; } | undefined; eventTriggerDescription?: string | undefined; ... 36 more ...; usableAsTool?: true | ... 1 more ... | undefined; } | undefined; ... 8 more ...; customOperations?...'.
n8n-core:typecheck:     The types of 'description.properties' are incompatible between these types.
n8n-core:typecheck:       Type 'INodeProperties[]' is not assignable to type '({ displayName?: string | undefined; name?: string | undefined; type?: NodePropertyTypes | undefined; typeOptions?: { [x: string]: any; buttonConfig?: { action?: string | ... 1 more ... | undefined; label?: string | undefined; hasInputField?: boolean | undefined; inputFieldMaxLength?: number | undefined; } | undefin...'.
n8n-core:typecheck:         Type 'INodeProperties' is not assignable to type '{ displayName?: string | undefined; name?: string | undefined; type?: NodePropertyTypes | undefined; typeOptions?: { [x: string]: any; buttonConfig?: { action?: string | { ...; } | undefined; label?: string | undefined; hasInputField?: boolean | undefined; inputFieldMaxLength?: number | undefined; } | undefined; ......'.
n8n-core:typecheck:           Types of property 'typeOptions' are incompatible.
n8n-core:typecheck:             Type 'INodePropertyTypeOptions | undefined' is not assignable to type '{ [x: string]: any; buttonConfig?: { action?: string | { type?: "askAiCodeGeneration" | undefined; handler?: string | undefined; target?: string | undefined; } | undefined; label?: string | undefined; hasInputField?: boolean | undefined; inputFieldMaxLength?: number | undefined; } | undefined; ... 25 more ...; binar...'.
n8n-core:typecheck:               Type 'INodePropertyTypeOptions' is not assignable to type '{ [x: string]: any; buttonConfig?: { action?: string | { type?: "askAiCodeGeneration" | undefined; handler?: string | undefined; target?: string | undefined; } | undefined; label?: string | undefined; hasInputField?: boolean | undefined; inputFieldMaxLength?: number | undefined; } | undefined; ... 25 more ...; binar...'.
n8n-core:typecheck:                 Types of property 'filter' are incompatible.
n8n-core:typecheck:                   Type 'FilterTypeOptions | undefined' is not assignable to type '{ version?: 1 | 2 | {} | undefined; caseSensitive?: string | boolean | undefined; leftValue?: string | undefined; allowedCombinators?: [(FilterTypeCombinator | undefined)?, ...undefined[]] | undefined; maxConditions?: number | undefined; typeValidation?: {} | ... 2 more ... | undefined; } | undefined'.
n8n-core:typecheck:                     Type 'FilterTypeOptions' is not assignable to type '{ version?: 1 | 2 | {} | undefined; caseSensitive?: string | boolean | undefined; leftValue?: string | undefined; allowedCombinators?: [(FilterTypeCombinator | undefined)?, ...undefined[]] | undefined; maxConditions?: number | undefined; typeValidation?: {} | ... 2 more ... | undefined; }'.
n8n-core:typecheck:                       Types of property 'allowedCombinators' are incompatible.
n8n-core:typecheck:                         Type 'NonEmptyArray<FilterTypeCombinator> | undefined' is not assignable to type '[(FilterTypeCombinator | undefined)?, ...undefined[]] | undefined'.
n8n-core:typecheck:                           Type 'NonEmptyArray<FilterTypeCombinator>' is not assignable to type '[(FilterTypeCombinator | undefined)?, ...undefined[]]'.
n8n-core:typecheck:                             Type at position 1 in source is not compatible with type at position 1 in target.
n8n-core:typecheck:                               Type 'FilterTypeCombinator' is not assignable to type 'undefined'.
n8n-core:typecheck:                                 Type '"and"' is not assignable to type 'undefined'.
n8n-core:typecheck: src/nodes-loader/__tests__/directory-loader.test.ts(530,26): error TS2339: Property 'getCredentialsForNode' does not exist on type 'CustomDirectoryLoader'.
n8n-core:typecheck: src/nodes-loader/__tests__/directory-loader.test.ts(542,11): error TS2339: Property 'loadCredentialFromFile' does not exist on type 'CustomDirectoryLoader'.
n8n-core:typecheck: src/nodes-loader/__tests__/directory-loader.test.ts(544,18): error TS2339: Property 'credentialTypes' does not exist on type 'CustomDirectoryLoader'.
n8n-core:typecheck: src/nodes-loader/__tests__/directory-loader.test.ts(560,24): error TS2339: Property 'credentials' does not exist on type 'Types'.
n8n-core:typecheck: src/nodes-loader/__tests__/directory-loader.test.ts(575,11): error TS2339: Property 'loadCredentialFromFile' does not exist on type 'CustomDirectoryLoader'.
n8n-core:typecheck: src/nodes-loader/__tests__/directory-loader.test.ts(593,11): error TS2339: Property 'loadCredentialFromFile' does not exist on type 'CustomDirectoryLoader'.
n8n-core:typecheck: src/nodes-loader/__tests__/directory-loader.test.ts(609,11): error TS2339: Property 'nodesByCredential' does not exist on type 'CustomDirectoryLoader'.
n8n-core:typecheck: src/nodes-loader/__tests__/directory-loader.test.ts(611,11): error TS2339: Property 'loadCredentialFromFile' does not exist on type 'CustomDirectoryLoader'.
n8n-core:typecheck: src/nodes-loader/__tests__/directory-loader.test.ts(629,24): error TS2339: Property 'loadCredentialFromFile' does not exist on type 'CustomDirectoryLoader'.
n8n-core:typecheck: src/nodes-loader/__tests__/directory-loader.test.ts(636,11): error TS2339: Property 'loadCredentialFromFile' does not exist on type 'CustomDirectoryLoader'.
n8n-core:typecheck: src/nodes-loader/__tests__/directory-loader.test.ts(638,18): error TS2339: Property 'credentialTypes' does not exist on type 'CustomDirectoryLoader'.
n8n-core:typecheck: src/nodes-loader/__tests__/directory-loader.test.ts(641,24): error TS2339: Property 'credentials' does not exist on type 'Types'.
n8n-core:typecheck: src/nodes-loader/__tests__/directory-loader.test.ts(650,11): error TS2339: Property 'loadCredentialFromFile' does not exist on type 'CustomDirectoryLoader'.
n8n-core:typecheck: src/nodes-loader/__tests__/directory-loader.test.ts(652,26): error TS2339: Property 'getCredential' does not exist on type 'CustomDirectoryLoader'.
n8n-core:typecheck: src/nodes-loader/__tests__/directory-loader.test.ts(669,26): error TS2339: Property 'getCredential' does not exist on type 'CustomDirectoryLoader'.
n8n-core:typecheck: src/nodes-loader/__tests__/directory-loader.test.ts(684,24): error TS2339: Property 'getCredential' does not exist on type 'CustomDirectoryLoader'.
n8n-core:typecheck: src/nodes-loader/__tests__/directory-loader.test.ts(789,6): error TS2322: Type '{ description: INodeTypeDescription; supplyData?: ((this: ISupplyDataFunctions, itemIndex: number) => Promise<SupplyData>) | undefined; ... 7 more ...; customOperations?: { ...; } | undefined; } & INodeType' is not assignable to type '{ description?: { version?: number | (number | undefined)[] | undefined; defaults?: { color?: string | undefined; name?: string | undefined; } | undefined; eventTriggerDescription?: string | undefined; ... 36 more ...; usableAsTool?: true | ... 1 more ... | undefined; } | undefined; ... 8 more ...; customOperations?...'.
n8n-core:typecheck:   Type '{ description: INodeTypeDescription; supplyData?: ((this: ISupplyDataFunctions, itemIndex: number) => Promise<SupplyData>) | undefined; ... 7 more ...; customOperations?: { ...; } | undefined; } & INodeType' is not assignable to type '{ description?: { version?: number | (number | undefined)[] | undefined; defaults?: { color?: string | undefined; name?: string | undefined; } | undefined; eventTriggerDescription?: string | undefined; ... 36 more ...; usableAsTool?: true | ... 1 more ... | undefined; } | undefined; ... 8 more ...; customOperations?...'.
n8n-core:typecheck:     The types of 'description.properties' are incompatible between these types.
n8n-core:typecheck:       Type 'INodeProperties[]' is not assignable to type '({ displayName?: string | undefined; name?: string | undefined; type?: NodePropertyTypes | undefined; typeOptions?: { [x: string]: any; buttonConfig?: { action?: string | ... 1 more ... | undefined; label?: string | undefined; hasInputField?: boolean | undefined; inputFieldMaxLength?: number | undefined; } | undefin...'.
n8n-core:typecheck:         Type 'INodeProperties' is not assignable to type '{ displayName?: string | undefined; name?: string | undefined; type?: NodePropertyTypes | undefined; typeOptions?: { [x: string]: any; buttonConfig?: { action?: string | { ...; } | undefined; label?: string | undefined; hasInputField?: boolean | undefined; inputFieldMaxLength?: number | undefined; } | undefined; ......'.
n8n-core:typecheck:           Types of property 'typeOptions' are incompatible.
n8n-core:typecheck:             Type 'INodePropertyTypeOptions | undefined' is not assignable to type '{ [x: string]: any; buttonConfig?: { action?: string | { type?: "askAiCodeGeneration" | undefined; handler?: string | undefined; target?: string | undefined; } | undefined; label?: string | undefined; hasInputField?: boolean | undefined; inputFieldMaxLength?: number | undefined; } | undefined; ... 25 more ...; binar...'.
n8n-core:typecheck:               Type 'INodePropertyTypeOptions' is not assignable to type '{ [x: string]: any; buttonConfig?: { action?: string | { type?: "askAiCodeGeneration" | undefined; handler?: string | undefined; target?: string | undefined; } | undefined; label?: string | undefined; hasInputField?: boolean | undefined; inputFieldMaxLength?: number | undefined; } | undefined; ... 25 more ...; binar...'.
n8n-core:typecheck:                 Types of property 'filter' are incompatible.
n8n-core:typecheck:                   Type 'FilterTypeOptions | undefined' is not assignable to type '{ version?: 1 | 2 | {} | undefined; caseSensitive?: string | boolean | undefined; leftValue?: string | undefined; allowedCombinators?: [(FilterTypeCombinator | undefined)?, ...undefined[]] | undefined; maxConditions?: number | undefined; typeValidation?: {} | ... 2 more ... | undefined; } | undefined'.
n8n-core:typecheck:                     Type 'FilterTypeOptions' is not assignable to type '{ version?: 1 | 2 | {} | undefined; caseSensitive?: string | boolean | undefined; leftValue?: string | undefined; allowedCombinators?: [(FilterTypeCombinator | undefined)?, ...undefined[]] | undefined; maxConditions?: number | undefined; typeValidation?: {} | ... 2 more ... | undefined; }'.
n8n-core:typecheck:                       Types of property 'allowedCombinators' are incompatible.
n8n-core:typecheck:                         Type 'NonEmptyArray<FilterTypeCombinator> | undefined' is not assignable to type '[(FilterTypeCombinator | undefined)?, ...undefined[]] | undefined'.
n8n-core:typecheck:                           Type 'NonEmptyArray<FilterTypeCombinator>' is not assignable to type '[(FilterTypeCombinator | undefined)?, ...undefined[]]'.
n8n-core:typecheck:                             Type at position 1 in source is not compatible with type at position 1 in target.
n8n-core:typecheck:                               Type 'FilterTypeCombinator' is not assignable to type 'undefined'.
n8n-core:typecheck:                                 Type '"and"' is not assignable to type 'undefined'.
n8n-core:typecheck: src/nodes-loader/__tests__/directory-loader.test.ts(790,6): error TS2322: Type '{ description: INodeTypeDescription; supplyData?: ((this: ISupplyDataFunctions, itemIndex: number) => Promise<SupplyData>) | undefined; ... 7 more ...; customOperations?: { ...; } | undefined; } & INodeType' is not assignable to type '{ description?: { version?: number | (number | undefined)[] | undefined; defaults?: { color?: string | undefined; name?: string | undefined; } | undefined; eventTriggerDescription?: string | undefined; ... 36 more ...; usableAsTool?: true | ... 1 more ... | undefined; } | undefined; ... 8 more ...; customOperations?...'.
n8n-core:typecheck:   Type '{ description: INodeTypeDescription; supplyData?: ((this: ISupplyDataFunctions, itemIndex: number) => Promise<SupplyData>) | undefined; ... 7 more ...; customOperations?: { ...; } | undefined; } & INodeType' is not assignable to type '{ description?: { version?: number | (number | undefined)[] | undefined; defaults?: { color?: string | undefined; name?: string | undefined; } | undefined; eventTriggerDescription?: string | undefined; ... 36 more ...; usableAsTool?: true | ... 1 more ... | undefined; } | undefined; ... 8 more ...; customOperations?...'.
n8n-core:typecheck:     The types of 'description.properties' are incompatible between these types.
n8n-core:typecheck:       Type 'INodeProperties[]' is not assignable to type '({ displayName?: string | undefined; name?: string | undefined; type?: NodePropertyTypes | undefined; typeOptions?: { [x: string]: any; buttonConfig?: { action?: string | ... 1 more ... | undefined; label?: string | undefined; hasInputField?: boolean | undefined; inputFieldMaxLength?: number | undefined; } | undefin...'.
n8n-core:typecheck:         Type 'INodeProperties' is not assignable to type '{ displayName?: string | undefined; name?: string | undefined; type?: NodePropertyTypes | undefined; typeOptions?: { [x: string]: any; buttonConfig?: { action?: string | { ...; } | undefined; label?: string | undefined; hasInputField?: boolean | undefined; inputFieldMaxLength?: number | undefined; } | undefined; ......'.
n8n-core:typecheck:           Types of property 'typeOptions' are incompatible.
n8n-core:typecheck:             Type 'INodePropertyTypeOptions | undefined' is not assignable to type '{ [x: string]: any; buttonConfig?: { action?: string | { type?: "askAiCodeGeneration" | undefined; handler?: string | undefined; target?: string | undefined; } | undefined; label?: string | undefined; hasInputField?: boolean | undefined; inputFieldMaxLength?: number | undefined; } | undefined; ... 25 more ...; binar...'.
n8n-core:typecheck:               Type 'INodePropertyTypeOptions' is not assignable to type '{ [x: string]: any; buttonConfig?: { action?: string | { type?: "askAiCodeGeneration" | undefined; handler?: string | undefined; target?: string | undefined; } | undefined; label?: string | undefined; hasInputField?: boolean | undefined; inputFieldMaxLength?: number | undefined; } | undefined; ... 25 more ...; binar...'.
n8n-core:typecheck:                 Types of property 'filter' are incompatible.
n8n-core:typecheck:                   Type 'FilterTypeOptions | undefined' is not assignable to type '{ version?: 1 | 2 | {} | undefined; caseSensitive?: string | boolean | undefined; leftValue?: string | undefined; allowedCombinators?: [(FilterTypeCombinator | undefined)?, ...undefined[]] | undefined; maxConditions?: number | undefined; typeValidation?: {} | ... 2 more ... | undefined; } | undefined'.
n8n-core:typecheck:                     Type 'FilterTypeOptions' is not assignable to type '{ version?: 1 | 2 | {} | undefined; caseSensitive?: string | boolean | undefined; leftValue?: string | undefined; allowedCombinators?: [(FilterTypeCombinator | undefined)?, ...undefined[]] | undefined; maxConditions?: number | undefined; typeValidation?: {} | ... 2 more ... | undefined; }'.
n8n-core:typecheck:                       Types of property 'allowedCombinators' are incompatible.
n8n-core:typecheck:                         Type 'NonEmptyArray<FilterTypeCombinator> | undefined' is not assignable to type '[(FilterTypeCombinator | undefined)?, ...undefined[]] | undefined'.
n8n-core:typecheck:                           Type 'NonEmptyArray<FilterTypeCombinator>' is not assignable to type '[(FilterTypeCombinator | undefined)?, ...undefined[]]'.
n8n-core:typecheck:                             Type at position 1 in source is not compatible with type at position 1 in target.
n8n-core:typecheck:                               Type 'FilterTypeCombinator' is not assignable to type 'undefined'.
n8n-core:typecheck:                                 Type '"and"' is not assignable to type 'undefined'.
n8n-core:typecheck: â€‰ELIFECYCLEâ€‰ Command failed with exit code 1.
n8n-core:typecheck: ERROR: command finished with error: command (/home/zhang/n8n-quanyuge/packages/core) /home/zhang/nodejs/bin/pnpm run typecheck exited (1)
@n8n/design-system:typecheck: â€‰ELIFECYCLEâ€‰ Command failed.
@n8n/i18n:typecheck: â€‰ELIFECYCLEâ€‰ Command failed.
n8n-core#typecheck: command (/home/zhang/n8n-quanyuge/packages/core) /home/zhang/nodejs/bin/pnpm run typecheck exited (1)

 Tasks:    61 successful, 65 total
Cached:    59 cached, 65 total
  Time:    5.503s 
Failed:    n8n-core#typecheck

 ERROR  run failed: command  exited (1)
â€‰ELIFECYCLEâ€‰ Command failed with exit code 1.
