
> n8n-monorepo@1.119.0 typecheck /home/zhang/n8n-quanyuge
> turbo typecheck

turbo 2.5.4

â€¢ Packages in scope: @n8n/admin-panel, @n8n/ai-workflow-builder, @n8n/api-types, @n8n/backend-common, @n8n/backend-test-utils, @n8n/chat, @n8n/client-oauth2, @n8n/codemirror-lang, @n8n/codemirror-lang-sql, @n8n/composables, @n8n/config, @n8n/constants, @n8n/create-node, @n8n/db, @n8n/decorators, @n8n/design-system, @n8n/di, @n8n/errors, @n8n/eslint-config, @n8n/eslint-plugin-community-nodes, @n8n/extension-sdk, @n8n/i18n, @n8n/imap, @n8n/json-schema-to-zod, @n8n/n8n-benchmark, @n8n/n8n-extension-insights, @n8n/n8n-nodes-langchain, @n8n/node-cli, @n8n/permissions, @n8n/rest-api-client, @n8n/scan-community-package, @n8n/stores, @n8n/storybook, @n8n/stylelint-config, @n8n/task-runner, @n8n/typescript-config, @n8n/utils, @n8n/vitest-config, n8n, n8n-containers, n8n-core, n8n-editor-ui, n8n-node-dev, n8n-nodes-base, n8n-playwright, n8n-workflow
â€¢ Running typecheck in 46 packages
â€¢ Remote caching disabled
n8n-editor-ui:popularity-cache-marker: cache bypass, force executing fd648bd82aa4b239
@n8n/codemirror-lang:build: cache hit, replaying logs c77d8d5acca4e6e7
@n8n/codemirror-lang:build: 
@n8n/codemirror-lang:build: > @n8n/codemirror-lang@0.3.0 build /home/zhang/n8n-quanyuge/packages/@n8n/codemirror-lang
@n8n/codemirror-lang:build: > tsc -p tsconfig.build.json
@n8n/codemirror-lang:build: 
@n8n/vitest-config:build: cache hit, replaying logs 8975be36bba70577
@n8n/vitest-config:build: 
@n8n/vitest-config:build: > @n8n/vitest-config@1.5.0 build /home/zhang/n8n-quanyuge/packages/@n8n/vitest-config
@n8n/vitest-config:build: > tsc -p tsconfig.build.json
@n8n/vitest-config:build: 
@n8n/vitest-config:typecheck: cache hit, replaying logs 46315f8a3170e77f
@n8n/vitest-config:typecheck: 
@n8n/vitest-config:typecheck: > @n8n/vitest-config@1.5.0 typecheck /home/zhang/n8n-quanyuge/packages/@n8n/vitest-config
@n8n/vitest-config:typecheck: > tsc --noEmit
@n8n/vitest-config:typecheck: 
@n8n/codemirror-lang:typecheck: cache hit, replaying logs 388e682f17b31d0d
@n8n/codemirror-lang:typecheck: 
@n8n/codemirror-lang:typecheck: > @n8n/codemirror-lang@0.3.0 typecheck /home/zhang/n8n-quanyuge/packages/@n8n/codemirror-lang
@n8n/codemirror-lang:typecheck: > tsc --noEmit
@n8n/codemirror-lang:typecheck: 
@n8n/json-schema-to-zod:typecheck: cache hit, replaying logs 3f31580565e47216
@n8n/json-schema-to-zod:typecheck: 
@n8n/json-schema-to-zod:typecheck: > @n8n/json-schema-to-zod@1.5.0 typecheck /home/zhang/n8n-quanyuge/packages/@n8n/json-schema-to-zod
@n8n/json-schema-to-zod:typecheck: > tsc --noEmit
@n8n/json-schema-to-zod:typecheck: 
@n8n/permissions:typecheck: cache hit, replaying logs 7f414da6617c1902
@n8n/permissions:typecheck: 
@n8n/permissions:typecheck: > @n8n/permissions@0.41.0 typecheck /home/zhang/n8n-quanyuge/packages/@n8n/permissions
@n8n/permissions:typecheck: > tsc --noEmit
@n8n/permissions:typecheck: 
@n8n/constants:typecheck: cache hit, replaying logs ab51b8b06d662836
@n8n/constants:typecheck: 
@n8n/constants:typecheck: > @n8n/constants@0.13.0 typecheck /home/zhang/n8n-quanyuge/packages/@n8n/constants
@n8n/constants:typecheck: > tsc --noEmit
@n8n/constants:typecheck: 
@n8n/n8n-benchmark:typecheck: cache hit, replaying logs 12e7902dbe006e65
@n8n/n8n-benchmark:typecheck: 
@n8n/n8n-benchmark:typecheck: > @n8n/n8n-benchmark@1.28.0 typecheck /home/zhang/n8n-quanyuge/packages/@n8n/benchmark
@n8n/n8n-benchmark:typecheck: > tsc --noEmit
@n8n/n8n-benchmark:typecheck: 
@n8n/extension-sdk:build: cache hit, replaying logs eb863f1d8bc4f225
@n8n/extension-sdk:build: 
@n8n/extension-sdk:build: > @n8n/extension-sdk@0.8.0 build /home/zhang/n8n-quanyuge/packages/@n8n/extension-sdk
@n8n/extension-sdk:build: > pnpm "/^typecheck:.+/" && pnpm clean && tsdown && pnpm create-json-schema
@n8n/extension-sdk:build: 
@n8n/extension-sdk:build: 
@n8n/extension-sdk:build: > @n8n/extension-sdk@0.8.0 clean /home/zhang/n8n-quanyuge/packages/@n8n/extension-sdk
@n8n/extension-sdk:build: > rimraf dist
@n8n/extension-sdk:build: 
@n8n/extension-sdk:build: [34mâ„¹[39m tsdown [2mv0.15.6[22m powered by rolldown [2mv1.0.0-beta.47[22m
@n8n/extension-sdk:build: [34mâ„¹[39m Using tsdown config: [4m/home/zhang/n8n-quanyuge/packages/@n8n/extension-sdk/tsdown.config.ts[24m
@n8n/extension-sdk:build: [34mâ„¹[39m entry: [34msrc/backend/define.ts, src/backend/index.ts, src/backend/types.ts[39m
@n8n/extension-sdk:build: [34mâ„¹[39m entry: [34msrc/frontend/define.ts, src/frontend/index.ts, src/frontend/types.ts[39m
@n8n/extension-sdk:build: [34mâ„¹[39m entry: [34msrc/index.ts, src/schema.ts[39m
@n8n/extension-sdk:build: [34mâ„¹[39m tsconfig: [34mtsconfig.backend.json[39m
@n8n/extension-sdk:build: [34mâ„¹[39m tsconfig: [34mtsconfig.frontend.json[39m
@n8n/extension-sdk:build: [34mâ„¹[39m tsconfig: [34mtsconfig.common.json[39m
@n8n/extension-sdk:build: [34mâ„¹[39m Build start
@n8n/extension-sdk:build: âš  Deprecation Warning: The top-level "define" option is deprecated. Use "transform.define" instead.
@n8n/extension-sdk:build: âš  Deprecation Warning: The top-level "inject" option is deprecated. Use "transform.inject" instead.
@n8n/extension-sdk:build: âš  Deprecation Warning: The top-level "define" option is deprecated. Use "transform.define" instead.
@n8n/extension-sdk:build: âš  Deprecation Warning: The top-level "inject" option is deprecated. Use "transform.inject" instead.
@n8n/extension-sdk:build: âš  Deprecation Warning: The top-level "define" option is deprecated. Use "transform.define" instead.
@n8n/extension-sdk:build: âš  Deprecation Warning: The top-level "inject" option is deprecated. Use "transform.inject" instead.
@n8n/extension-sdk:build: âš  Deprecation Warning: The top-level "define" option is deprecated. Use "transform.define" instead.
@n8n/extension-sdk:build: âš  Deprecation Warning: The top-level "inject" option is deprecated. Use "transform.inject" instead.
@n8n/extension-sdk:build: âš  Deprecation Warning: The top-level "define" option is deprecated. Use "transform.define" instead.
@n8n/extension-sdk:build: âš  Deprecation Warning: The top-level "inject" option is deprecated. Use "transform.inject" instead.
@n8n/extension-sdk:build: âš  Deprecation Warning: The top-level "define" option is deprecated. Use "transform.define" instead.
@n8n/extension-sdk:build: âš  Deprecation Warning: The top-level "inject" option is deprecated. Use "transform.inject" instead.
@n8n/extension-sdk:build: [34mâ„¹[39m [33m[CJS][39m [2mdist/[22m[1mindex.cjs[22m                [2m0.13 kB[22m [2mâ”‚ gzip: 0.10 kB[22m
@n8n/extension-sdk:build: [34mâ„¹[39m [33m[CJS][39m [2mdist/[22m[1mschema.cjs[22m               [2m0.13 kB[22m [2mâ”‚ gzip: 0.10 kB[22m
@n8n/extension-sdk:build: [34mâ„¹[39m [33m[CJS][39m [2mdist/[22mschema-CXWjbwmW.cjs.map  [2m2.63 kB[22m [2mâ”‚ gzip: 0.87 kB[22m
@n8n/extension-sdk:build: [34mâ„¹[39m [33m[CJS][39m [2mdist/[22mschema-CXWjbwmW.cjs      [2m0.90 kB[22m [2mâ”‚ gzip: 0.40 kB[22m
@n8n/extension-sdk:build: [34mâ„¹[39m [33m[CJS][39m 4 files, total: 3.79 kB
@n8n/extension-sdk:build: âš  Deprecation Warning: The top-level "define" option is deprecated. Use "transform.define" instead.
@n8n/extension-sdk:build: âš  Deprecation Warning: The top-level "inject" option is deprecated. Use "transform.inject" instead.
@n8n/extension-sdk:build: [34mâ„¹[39m [33m[CJS][39m [2mdist/frontend/[22m[1mdefine.cjs[22m               [2m0.13 kB[22m [2mâ”‚ gzip: 0.10 kB[22m
@n8n/extension-sdk:build: [34mâ„¹[39m [33m[CJS][39m [2mdist/frontend/[22m[1mindex.cjs[22m                [2m0.13 kB[22m [2mâ”‚ gzip: 0.10 kB[22m
@n8n/extension-sdk:build: [34mâ„¹[39m [33m[CJS][39m [2mdist/frontend/[22m[1mtypes.cjs[22m                [2m0.00 kB[22m [2mâ”‚ gzip: 0.02 kB[22m
@n8n/extension-sdk:build: [34mâ„¹[39m [33m[CJS][39m [2mdist/frontend/[22mdefine-DIbMcH8i.cjs.map  [2m0.34 kB[22m [2mâ”‚ gzip: 0.23 kB[22m
@n8n/extension-sdk:build: [34mâ„¹[39m [33m[CJS][39m [2mdist/frontend/[22mdefine-DIbMcH8i.cjs      [2m0.30 kB[22m [2mâ”‚ gzip: 0.21 kB[22m
@n8n/extension-sdk:build: [34mâ„¹[39m [33m[CJS][39m 5 files, total: 0.91 kB
@n8n/extension-sdk:build: [34mâ„¹[39m [33m[CJS][39m [2mdist/backend/[22m[1mdefine.cjs[22m               [2m0.13 kB[22m [2mâ”‚ gzip: 0.10 kB[22m
@n8n/extension-sdk:build: [34mâ„¹[39m [33m[CJS][39m [2mdist/backend/[22m[1mindex.cjs[22m                [2m0.13 kB[22m [2mâ”‚ gzip: 0.10 kB[22m
@n8n/extension-sdk:build: [34mâ„¹[39m [33m[CJS][39m [2mdist/backend/[22m[1mtypes.cjs[22m                [2m0.00 kB[22m [2mâ”‚ gzip: 0.02 kB[22m
@n8n/extension-sdk:build: [34mâ„¹[39m [33m[CJS][39m [2mdist/backend/[22mdefine-CF1KLowA.cjs.map  [2m0.34 kB[22m [2mâ”‚ gzip: 0.23 kB[22m
@n8n/extension-sdk:build: [34mâ„¹[39m [33m[CJS][39m [2mdist/backend/[22mdefine-CF1KLowA.cjs      [2m0.30 kB[22m [2mâ”‚ gzip: 0.21 kB[22m
@n8n/extension-sdk:build: [34mâ„¹[39m [33m[CJS][39m 5 files, total: 0.89 kB
@n8n/extension-sdk:build: âš  Deprecation Warning: The top-level "define" option is deprecated. Use "transform.define" instead.
@n8n/extension-sdk:build: âš  Deprecation Warning: The top-level "inject" option is deprecated. Use "transform.inject" instead.
@n8n/extension-sdk:build: âš  Deprecation Warning: The top-level "define" option is deprecated. Use "transform.define" instead.
@n8n/extension-sdk:build: âš  Deprecation Warning: The top-level "inject" option is deprecated. Use "transform.inject" instead.
@n8n/extension-sdk:build: [34mâ„¹[39m [34m[ESM][39m [2mdist/[22m[1mindex.js[22m                [2m0.10 kB[22m [2mâ”‚ gzip: 0.09 kB[22m
@n8n/extension-sdk:build: [34mâ„¹[39m [34m[ESM][39m [2mdist/[22m[1mschema.js[22m               [2m0.10 kB[22m [2mâ”‚ gzip: 0.09 kB[22m
@n8n/extension-sdk:build: [34mâ„¹[39m [34m[ESM][39m [2mdist/[22mschema-BSoNETEW.js.map  [2m2.60 kB[22m [2mâ”‚ gzip: 0.86 kB[22m
@n8n/extension-sdk:build: [34mâ„¹[39m [34m[ESM][39m [2mdist/[22mschema-BSoNETEW.js      [2m0.71 kB[22m [2mâ”‚ gzip: 0.33 kB[22m
@n8n/extension-sdk:build: [34mâ„¹[39m [34m[ESM][39m [2mdist/[22m[32m[1mindex.d.ts[22m[39m              [2m0.15 kB[22m [2mâ”‚ gzip: 0.11 kB[22m
@n8n/extension-sdk:build: [34mâ„¹[39m [34m[ESM][39m [2mdist/[22m[32m[1mschema.d.ts[22m[39m             [2m0.15 kB[22m [2mâ”‚ gzip: 0.11 kB[22m
@n8n/extension-sdk:build: [34mâ„¹[39m [34m[ESM][39m [2mdist/[22m[32mschema-D0ROu72V.d.ts[39m    [2m2.37 kB[22m [2mâ”‚ gzip: 0.50 kB[22m
@n8n/extension-sdk:build: [34mâ„¹[39m [34m[ESM][39m 7 files, total: 6.18 kB
@n8n/extension-sdk:build: [34mâ„¹[39m [34m[ESM][39m [2mdist/frontend/[22m[1mdefine.js[22m               [2m0.10 kB[22m [2mâ”‚ gzip: 0.09 kB[22m
@n8n/extension-sdk:build: [34mâ„¹[39m [34m[ESM][39m [2mdist/frontend/[22m[1mindex.js[22m                [2m0.10 kB[22m [2mâ”‚ gzip: 0.09 kB[22m
@n8n/extension-sdk:build: [34mâ„¹[39m [34m[ESM][39m [2mdist/frontend/[22m[1mtypes.js[22m                [2m0.01 kB[22m [2mâ”‚ gzip: 0.03 kB[22m
@n8n/extension-sdk:build: [34mâ„¹[39m [34m[ESM][39m [2mdist/frontend/[22mdefine-D1LiKDBh.js.map  [2m0.34 kB[22m [2mâ”‚ gzip: 0.23 kB[22m
@n8n/extension-sdk:build: [34mâ„¹[39m [34m[ESM][39m [2mdist/frontend/[22mdefine-D1LiKDBh.js      [2m0.20 kB[22m [2mâ”‚ gzip: 0.16 kB[22m
@n8n/extension-sdk:build: [34mâ„¹[39m [34m[ESM][39m [2mdist/frontend/[22m[32m[1mindex.d.ts[22m[39m              [2m0.30 kB[22m [2mâ”‚ gzip: 0.15 kB[22m
@n8n/extension-sdk:build: [34mâ„¹[39m [34m[ESM][39m [2mdist/frontend/[22m[32m[1mtypes.d.ts[22m[39m              [2m0.20 kB[22m [2mâ”‚ gzip: 0.12 kB[22m
@n8n/extension-sdk:build: [34mâ„¹[39m [34m[ESM][39m [2mdist/frontend/[22m[32m[1mdefine.d.ts[22m[39m             [2m0.13 kB[22m [2mâ”‚ gzip: 0.11 kB[22m
@n8n/extension-sdk:build: [34mâ„¹[39m [34m[ESM][39m [2mdist/frontend/[22m[32mtypes-KgKQdgLX.d.ts[39m     [2m0.58 kB[22m [2mâ”‚ gzip: 0.29 kB[22m
@n8n/extension-sdk:build: [34mâ„¹[39m [34m[ESM][39m [2mdist/frontend/[22m[32mdefine-Cfx1XLAY.d.ts[39m    [2m0.29 kB[22m [2mâ”‚ gzip: 0.19 kB[22m
@n8n/extension-sdk:build: [34mâ„¹[39m [34m[ESM][39m 10 files, total: 2.27 kB
@n8n/extension-sdk:build: [34mâ„¹[39m [33m[CJS][39m [2mdist/[22m[32m[1mindex.d.cts[22m[39m            [2m0.15 kB[22m [2mâ”‚ gzip: 0.11 kB[22m
@n8n/extension-sdk:build: [34mâ„¹[39m [33m[CJS][39m [2mdist/[22m[32m[1mschema.d.cts[22m[39m           [2m0.15 kB[22m [2mâ”‚ gzip: 0.11 kB[22m
@n8n/extension-sdk:build: [34mâ„¹[39m [33m[CJS][39m [2mdist/[22m[32mschema-epxNxocl.d.cts[39m  [2m2.37 kB[22m [2mâ”‚ gzip: 0.49 kB[22m
@n8n/extension-sdk:build: [34mâ„¹[39m [33m[CJS][39m 3 files, total: 2.67 kB
@n8n/extension-sdk:build: [34mâ„¹[39m [34m[ESM][39m [2mdist/backend/[22m[1mdefine.js[22m               [2m0.10 kB[22m [2mâ”‚ gzip: 0.09 kB[22m
@n8n/extension-sdk:build: [34mâ„¹[39m [34m[ESM][39m [2mdist/backend/[22m[1mindex.js[22m                [2m0.10 kB[22m [2mâ”‚ gzip: 0.09 kB[22m
@n8n/extension-sdk:build: [34mâ„¹[39m [34m[ESM][39m [2mdist/backend/[22m[1mtypes.js[22m                [2m0.01 kB[22m [2mâ”‚ gzip: 0.03 kB[22m
@n8n/extension-sdk:build: [34mâ„¹[39m [34m[ESM][39m [2mdist/backend/[22mdefine-C57e8dWq.js.map  [2m0.33 kB[22m [2mâ”‚ gzip: 0.23 kB[22m
@n8n/extension-sdk:build: [34mâ„¹[39m [34m[ESM][39m [2mdist/backend/[22mdefine-C57e8dWq.js      [2m0.20 kB[22m [2mâ”‚ gzip: 0.16 kB[22m
@n8n/extension-sdk:build: [34mâ„¹[39m [34m[ESM][39m [2mdist/backend/[22m[32m[1mindex.d.ts[22m[39m              [2m0.29 kB[22m [2mâ”‚ gzip: 0.15 kB[22m
@n8n/extension-sdk:build: [34mâ„¹[39m [34m[ESM][39m [2mdist/backend/[22m[32m[1mtypes.d.ts[22m[39m              [2m0.20 kB[22m [2mâ”‚ gzip: 0.12 kB[22m
@n8n/extension-sdk:build: [34mâ„¹[39m [34m[ESM][39m [2mdist/backend/[22m[32m[1mdefine.d.ts[22m[39m             [2m0.13 kB[22m [2mâ”‚ gzip: 0.11 kB[22m
@n8n/extension-sdk:build: [34mâ„¹[39m [34m[ESM][39m [2mdist/backend/[22m[32mtypes-Clck-buQ.d.ts[39m     [2m0.37 kB[22m [2mâ”‚ gzip: 0.20 kB[22m
@n8n/extension-sdk:build: [34mâ„¹[39m [34m[ESM][39m [2mdist/backend/[22m[32mdefine-D3wQ6Cbq.d.ts[39m    [2m0.28 kB[22m [2mâ”‚ gzip: 0.19 kB[22m
@n8n/extension-sdk:build: [34mâ„¹[39m [34m[ESM][39m 10 files, total: 2.02 kB
@n8n/extension-sdk:build: [32mâœ”[39m Build complete in [32m5829ms[39m
@n8n/extension-sdk:build: [34mâ„¹[39m [33m[CJS][39m [2mdist/backend/[22m[32m[1mindex.d.cts[22m[39m            [2m0.29 kB[22m [2mâ”‚ gzip: 0.15 kB[22m
@n8n/extension-sdk:build: [34mâ„¹[39m [33m[CJS][39m [2mdist/backend/[22m[32m[1mtypes.d.cts[22m[39m            [2m0.20 kB[22m [2mâ”‚ gzip: 0.12 kB[22m
@n8n/extension-sdk:build: [34mâ„¹[39m [33m[CJS][39m [2mdist/backend/[22m[32m[1mdefine.d.cts[22m[39m           [2m0.13 kB[22m [2mâ”‚ gzip: 0.11 kB[22m
@n8n/extension-sdk:build: [34mâ„¹[39m [33m[CJS][39m [2mdist/backend/[22m[32mtypes-BTuWXQec.d.cts[39m   [2m0.37 kB[22m [2mâ”‚ gzip: 0.20 kB[22m
@n8n/extension-sdk:build: [34mâ„¹[39m [33m[CJS][39m [2mdist/backend/[22m[32mdefine-DC3Bc-EN.d.cts[39m  [2m0.28 kB[22m [2mâ”‚ gzip: 0.19 kB[22m
@n8n/extension-sdk:build: [34mâ„¹[39m [33m[CJS][39m 5 files, total: 1.28 kB
@n8n/extension-sdk:build: [32mâœ”[39m Build complete in [32m5917ms[39m
@n8n/extension-sdk:build: [34mâ„¹[39m [33m[CJS][39m [2mdist/frontend/[22m[32m[1mindex.d.cts[22m[39m            [2m0.30 kB[22m [2mâ”‚ gzip: 0.15 kB[22m
@n8n/extension-sdk:build: [34mâ„¹[39m [33m[CJS][39m [2mdist/frontend/[22m[32m[1mtypes.d.cts[22m[39m            [2m0.21 kB[22m [2mâ”‚ gzip: 0.12 kB[22m
@n8n/extension-sdk:build: [34mâ„¹[39m [33m[CJS][39m [2mdist/frontend/[22m[32m[1mdefine.d.cts[22m[39m           [2m0.14 kB[22m [2mâ”‚ gzip: 0.11 kB[22m
@n8n/extension-sdk:build: [34mâ„¹[39m [33m[CJS][39m [2mdist/frontend/[22m[32mtypes-C99xASCm.d.cts[39m   [2m0.58 kB[22m [2mâ”‚ gzip: 0.29 kB[22m
@n8n/extension-sdk:build: [34mâ„¹[39m [33m[CJS][39m [2mdist/frontend/[22m[32mdefine-DPnB827L.d.cts[39m  [2m0.29 kB[22m [2mâ”‚ gzip: 0.19 kB[22m
@n8n/extension-sdk:build: [34mâ„¹[39m [33m[CJS][39m 5 files, total: 1.52 kB
@n8n/extension-sdk:build: [32mâœ”[39m Build complete in [32m5920ms[39m
@n8n/extension-sdk:build: 
@n8n/extension-sdk:build: > @n8n/extension-sdk@0.8.0 create-json-schema /home/zhang/n8n-quanyuge/packages/@n8n/extension-sdk
@n8n/extension-sdk:build: > tsx scripts/create-json-schema.ts
@n8n/extension-sdk:build: 
@n8n/stylelint-config:typecheck: cache hit, replaying logs c438d38b0b958d6d
@n8n/stylelint-config:typecheck: 
@n8n/stylelint-config:typecheck: > @n8n/stylelint-config@0.0.1 typecheck /home/zhang/n8n-quanyuge/packages/@n8n/stylelint-config
@n8n/stylelint-config:typecheck: > tsc --noEmit
@n8n/stylelint-config:typecheck: 
@n8n/constants:build: cache hit, replaying logs 41c14565cce59bc2
@n8n/constants:build: 
@n8n/constants:build: > @n8n/constants@0.13.0 build /home/zhang/n8n-quanyuge/packages/@n8n/constants
@n8n/constants:build: > tsc -p tsconfig.build.json
@n8n/constants:build: 
@n8n/client-oauth2:typecheck: cache hit, replaying logs c3b4cc373fed0c2f
@n8n/client-oauth2:typecheck: 
@n8n/client-oauth2:typecheck: > @n8n/client-oauth2@0.31.0 typecheck /home/zhang/n8n-quanyuge/packages/@n8n/client-oauth2
@n8n/client-oauth2:typecheck: > tsc --noEmit
@n8n/client-oauth2:typecheck: 
@n8n/client-oauth2:build: cache hit, replaying logs 04befa8f3ad10d1b
@n8n/client-oauth2:build: 
@n8n/client-oauth2:build: > @n8n/client-oauth2@0.31.0 build /home/zhang/n8n-quanyuge/packages/@n8n/client-oauth2
@n8n/client-oauth2:build: > tsc -p tsconfig.build.json
@n8n/client-oauth2:build: 
@n8n/di:build: cache hit, replaying logs 5d79de500167d2ce
@n8n/di:build: 
@n8n/di:build: > @n8n/di@0.9.0 build /home/zhang/n8n-quanyuge/packages/@n8n/di
@n8n/di:build: > tsc -p tsconfig.build.json
@n8n/di:build: 
@n8n/di:typecheck: cache hit, replaying logs 47cf911e348896c2
@n8n/di:typecheck: 
@n8n/di:typecheck: > @n8n/di@0.9.0 typecheck /home/zhang/n8n-quanyuge/packages/@n8n/di
@n8n/di:typecheck: > tsc --noEmit
@n8n/di:typecheck: 
@n8n/errors:typecheck: cache hit, replaying logs 2c67622f76ea1e8f
@n8n/errors:typecheck: 
@n8n/errors:typecheck: > @n8n/errors@0.5.0 typecheck /home/zhang/n8n-quanyuge/packages/@n8n/errors
@n8n/errors:typecheck: > tsc --noEmit
@n8n/errors:typecheck: 
@n8n/json-schema-to-zod:build: cache hit, replaying logs 93f84faea57dd980
@n8n/json-schema-to-zod:build: 
@n8n/json-schema-to-zod:build: > @n8n/json-schema-to-zod@1.5.0 build /home/zhang/n8n-quanyuge/packages/@n8n/json-schema-to-zod
@n8n/json-schema-to-zod:build: > rimraf ./dist && pnpm run build:types && pnpm run build:cjs && pnpm run build:esm
@n8n/json-schema-to-zod:build: 
@n8n/json-schema-to-zod:build: 
@n8n/json-schema-to-zod:build: > @n8n/json-schema-to-zod@1.5.0 build:types /home/zhang/n8n-quanyuge/packages/@n8n/json-schema-to-zod
@n8n/json-schema-to-zod:build: > tsc -p tsconfig.types.json
@n8n/json-schema-to-zod:build: 
@n8n/json-schema-to-zod:build: 
@n8n/json-schema-to-zod:build: > @n8n/json-schema-to-zod@1.5.0 build:cjs /home/zhang/n8n-quanyuge/packages/@n8n/json-schema-to-zod
@n8n/json-schema-to-zod:build: > tsc -p tsconfig.cjs.json && node postcjs.cjs
@n8n/json-schema-to-zod:build: 
@n8n/json-schema-to-zod:build: 
@n8n/json-schema-to-zod:build: > @n8n/json-schema-to-zod@1.5.0 build:esm /home/zhang/n8n-quanyuge/packages/@n8n/json-schema-to-zod
@n8n/json-schema-to-zod:build: > tsc -p tsconfig.esm.json && node postesm.cjs
@n8n/json-schema-to-zod:build: 
@n8n/errors:build: cache hit, replaying logs 8b696b6971cbd432
@n8n/errors:build: 
@n8n/errors:build: > @n8n/errors@0.5.0 build /home/zhang/n8n-quanyuge/packages/@n8n/errors
@n8n/errors:build: > tsc -p tsconfig.build.json
@n8n/errors:build: 
@n8n/stylelint-config:build: cache hit, replaying logs 64847505802473fd
@n8n/stylelint-config:build: 
@n8n/stylelint-config:build: > @n8n/stylelint-config@0.0.1 build /home/zhang/n8n-quanyuge/packages/@n8n/stylelint-config
@n8n/stylelint-config:build: > tsc
@n8n/stylelint-config:build: 
@n8n/codemirror-lang-sql:build: cache hit, replaying logs 27cf673c61e2854a
@n8n/codemirror-lang-sql:build: 
@n8n/codemirror-lang-sql:build: > @n8n/codemirror-lang-sql@1.2.0 build /home/zhang/n8n-quanyuge/packages/@n8n/codemirror-lang-sql
@n8n/codemirror-lang-sql:build: > tsc -p tsconfig.build.json
@n8n/codemirror-lang-sql:build: 
@n8n/permissions:build: cache hit, replaying logs 552e7c1221aa2984
@n8n/permissions:build: 
@n8n/permissions:build: > @n8n/permissions@0.41.0 build /home/zhang/n8n-quanyuge/packages/@n8n/permissions
@n8n/permissions:build: > tsc -p tsconfig.build.json
@n8n/permissions:build: 
@n8n/imap:build: cache hit, replaying logs 2c8e103b348af389
@n8n/imap:build: 
@n8n/imap:build: > @n8n/imap@0.15.0 build /home/zhang/n8n-quanyuge/packages/@n8n/imap
@n8n/imap:build: > tsc -p tsconfig.build.json
@n8n/imap:build: 
@n8n/imap:typecheck: cache hit, replaying logs ae0bde8946e43651
@n8n/imap:typecheck: 
@n8n/imap:typecheck: > @n8n/imap@0.15.0 typecheck /home/zhang/n8n-quanyuge/packages/@n8n/imap
@n8n/imap:typecheck: > tsc --noEmit
@n8n/imap:typecheck: 
@n8n/eslint-plugin-community-nodes:typecheck: cache hit, replaying logs ba69b8c14c6e9d87
@n8n/eslint-plugin-community-nodes:typecheck: 
@n8n/eslint-plugin-community-nodes:typecheck: > @n8n/eslint-plugin-community-nodes@0.6.0 typecheck /home/zhang/n8n-quanyuge/packages/@n8n/eslint-plugin-community-nodes
@n8n/eslint-plugin-community-nodes:typecheck: > tsc --noEmit
@n8n/eslint-plugin-community-nodes:typecheck: 
@n8n/eslint-config:typecheck: cache hit, replaying logs 75931b7c1cdab679
@n8n/eslint-config:typecheck: 
@n8n/eslint-config:typecheck: > @n8n/eslint-config@0.0.1 typecheck /home/zhang/n8n-quanyuge/packages/@n8n/eslint-config
@n8n/eslint-config:typecheck: > tsc --noEmit
@n8n/eslint-config:typecheck: 
@n8n/eslint-config:build: cache hit, replaying logs c43b2f32b326678e
@n8n/eslint-config:build: 
@n8n/eslint-config:build: > @n8n/eslint-config@0.0.1 build /home/zhang/n8n-quanyuge/packages/@n8n/eslint-config
@n8n/eslint-config:build: > tsc
@n8n/eslint-config:build: 
@n8n/codemirror-lang-sql:typecheck: cache hit, replaying logs f73cb85d722ea354
@n8n/codemirror-lang-sql:typecheck: 
@n8n/codemirror-lang-sql:typecheck: > @n8n/codemirror-lang-sql@1.2.0 typecheck /home/zhang/n8n-quanyuge/packages/@n8n/codemirror-lang-sql
@n8n/codemirror-lang-sql:typecheck: > tsc --noEmit
@n8n/codemirror-lang-sql:typecheck: 
@n8n/eslint-plugin-community-nodes:build: cache hit, replaying logs 83323386ed6685c2
@n8n/eslint-plugin-community-nodes:build: 
@n8n/eslint-plugin-community-nodes:build: > @n8n/eslint-plugin-community-nodes@0.6.0 build /home/zhang/n8n-quanyuge/packages/@n8n/eslint-plugin-community-nodes
@n8n/eslint-plugin-community-nodes:build: > tsc --project tsconfig.build.json
@n8n/eslint-plugin-community-nodes:build: 
@n8n/config:typecheck: cache hit, replaying logs a4c1859bfaeb8bd6
@n8n/config:typecheck: 
@n8n/config:typecheck: > @n8n/config@1.61.0 typecheck /home/zhang/n8n-quanyuge/packages/@n8n/config
@n8n/config:typecheck: > tsc --noEmit
@n8n/config:typecheck: 
@n8n/n8n-extension-insights:typecheck: cache hit, replaying logs 6a4c77b0719ae757
@n8n/n8n-extension-insights:typecheck: 
@n8n/n8n-extension-insights:typecheck: > @n8n/n8n-extension-insights@0.10.0 typecheck /home/zhang/n8n-quanyuge/packages/extensions/insights
@n8n/n8n-extension-insights:typecheck: > vue-tsc --noEmit
@n8n/n8n-extension-insights:typecheck: 
@n8n/composables:typecheck: cache hit, replaying logs 1f8417978781c2e0
@n8n/composables:typecheck: 
@n8n/composables:typecheck: > @n8n/composables@1.12.0 typecheck /home/zhang/n8n-quanyuge/packages/frontend/@n8n/composables
@n8n/composables:typecheck: > vue-tsc --noEmit
@n8n/composables:typecheck: 
@n8n/utils:typecheck: cache hit, replaying logs c2aa11f0ed60d2ab
@n8n/utils:typecheck: 
@n8n/utils:typecheck: > @n8n/utils@1.18.0 typecheck /home/zhang/n8n-quanyuge/packages/@n8n/utils
@n8n/utils:typecheck: > tsc --noEmit
@n8n/utils:typecheck: 
@n8n/composables:build: cache hit, replaying logs 7314d0cca144ad06
@n8n/composables:build: 
@n8n/composables:build: > @n8n/composables@1.12.0 build /home/zhang/n8n-quanyuge/packages/frontend/@n8n/composables
@n8n/composables:build: > tsdown
@n8n/composables:build: 
@n8n/composables:build: [34mâ„¹[39m tsdown [2mv0.15.6[22m powered by rolldown [2mv1.0.0-beta.47[22m
@n8n/composables:build: [34mâ„¹[39m Using tsdown config: [4m/home/zhang/n8n-quanyuge/packages/frontend/@n8n/composables/tsdown.config.ts[24m
@n8n/composables:build: [34mâ„¹[39m entry: [34msrc/useDeviceSupport.ts, src/useShortKeyPress.ts, src/useThrottleWithReactiveDelay.ts[39m
@n8n/composables:build: [34mâ„¹[39m tsconfig: [34mtsconfig.json[39m
@n8n/composables:build: [34mâ„¹[39m Build start
@n8n/composables:build: [34mâ„¹[39m Cleaning 9 files
@n8n/composables:build: âš  Deprecation Warning: The top-level "define" option is deprecated. Use "transform.define" instead.
@n8n/composables:build: âš  Deprecation Warning: The top-level "inject" option is deprecated. Use "transform.inject" instead.
@n8n/composables:build: [34mâ„¹[39m [2mdist/[22m[1museDeviceSupport.js[22m                  [2m1.68 kB[22m [2mâ”‚ gzip: 0.69 kB[22m
@n8n/composables:build: [34mâ„¹[39m [2mdist/[22m[1museShortKeyPress.js[22m                  [2m0.57 kB[22m [2mâ”‚ gzip: 0.32 kB[22m
@n8n/composables:build: [34mâ„¹[39m [2mdist/[22m[1museThrottleWithReactiveDelay.js[22m      [2m0.56 kB[22m [2mâ”‚ gzip: 0.31 kB[22m
@n8n/composables:build: [34mâ„¹[39m [2mdist/[22museDeviceSupport.js.map              [2m2.62 kB[22m [2mâ”‚ gzip: 1.07 kB[22m
@n8n/composables:build: [34mâ„¹[39m [2mdist/[22museShortKeyPress.js.map              [2m1.27 kB[22m [2mâ”‚ gzip: 0.64 kB[22m
@n8n/composables:build: [34mâ„¹[39m [2mdist/[22museThrottleWithReactiveDelay.js.map  [2m0.89 kB[22m [2mâ”‚ gzip: 0.48 kB[22m
@n8n/composables:build: [34mâ„¹[39m [2mdist/[22m[32m[1museDeviceSupport.d.ts[22m[39m                [2m0.47 kB[22m [2mâ”‚ gzip: 0.29 kB[22m
@n8n/composables:build: [34mâ„¹[39m [2mdist/[22m[32m[1museShortKeyPress.d.ts[22m[39m                [2m0.41 kB[22m [2mâ”‚ gzip: 0.25 kB[22m
@n8n/composables:build: [34mâ„¹[39m [2mdist/[22m[32m[1museThrottleWithReactiveDelay.d.ts[22m[39m    [2m0.30 kB[22m [2mâ”‚ gzip: 0.19 kB[22m
@n8n/composables:build: [34mâ„¹[39m 9 files, total: 8.77 kB
@n8n/composables:build: [32mâœ”[39m Build complete in [32m3243ms[39m
@n8n/node-cli:typecheck: cache hit, replaying logs faa67764475c2af3
@n8n/node-cli:typecheck: 
@n8n/node-cli:typecheck: > @n8n/node-cli@0.14.0 typecheck /home/zhang/n8n-quanyuge/packages/@n8n/node-cli
@n8n/node-cli:typecheck: > tsc --noEmit
@n8n/node-cli:typecheck: 
@n8n/utils:build: cache hit, replaying logs 62263bf276bad39b
@n8n/utils:build: 
@n8n/utils:build: > @n8n/utils@1.18.0 build /home/zhang/n8n-quanyuge/packages/@n8n/utils
@n8n/utils:build: > tsdown
@n8n/utils:build: 
@n8n/utils:build: [34mâ„¹[39m tsdown [2mv0.15.6[22m powered by rolldown [2mv1.0.0-beta.47[22m
@n8n/utils:build: [34mâ„¹[39m Using tsdown config: [4m/home/zhang/n8n-quanyuge/packages/@n8n/utils/tsdown.config.ts[24m
@n8n/utils:build: [34mâ„¹[39m entry: [34msrc/assert.ts, src/event-bus.ts, src/event-queue.ts, src/retry.ts, src/number/smartDecimal.ts, src/search/reRankSearchResults.ts, src/search/sublimeSearch.ts, src/sort/sortByProperty.ts, src/string/truncate.ts[39m
@n8n/utils:build: [34mâ„¹[39m tsconfig: [34mtsconfig.json[39m
@n8n/utils:build: [34mâ„¹[39m Build start
@n8n/utils:build: [34mâ„¹[39m Cleaning 58 files
@n8n/utils:build: âš  Deprecation Warning: The top-level "define" option is deprecated. Use "transform.define" instead.
@n8n/utils:build: âš  Deprecation Warning: The top-level "inject" option is deprecated. Use "transform.inject" instead.
@n8n/utils:build: âš  Deprecation Warning: The top-level "define" option is deprecated. Use "transform.define" instead.
@n8n/utils:build: âš  Deprecation Warning: The top-level "inject" option is deprecated. Use "transform.inject" instead.
@n8n/utils:build: [34mâ„¹[39m [33m[CJS][39m [2mdist/[22m[1msearch/sublimeSearch.cjs[22m            [2m 5.36 kB[22m [2mâ”‚ gzip: 1.75 kB[22m
@n8n/utils:build: [34mâ„¹[39m [33m[CJS][39m [2mdist/[22m[1mretry.cjs[22m                           [2m 1.45 kB[22m [2mâ”‚ gzip: 0.66 kB[22m
@n8n/utils:build: [34mâ„¹[39m [33m[CJS][39m [2mdist/[22m[1mstring/truncate.cjs[22m                 [2m 1.37 kB[22m [2mâ”‚ gzip: 0.62 kB[22m
@n8n/utils:build: [34mâ„¹[39m [33m[CJS][39m [2mdist/[22m[1mevent-bus.cjs[22m                       [2m 1.03 kB[22m [2mâ”‚ gzip: 0.47 kB[22m
@n8n/utils:build: [34mâ„¹[39m [33m[CJS][39m [2mdist/[22m[1mevent-queue.cjs[22m                     [2m 1.01 kB[22m [2mâ”‚ gzip: 0.48 kB[22m
@n8n/utils:build: [34mâ„¹[39m [33m[CJS][39m [2mdist/[22m[1msearch/reRankSearchResults.cjs[22m      [2m 0.56 kB[22m [2mâ”‚ gzip: 0.30 kB[22m
@n8n/utils:build: [34mâ„¹[39m [33m[CJS][39m [2mdist/[22m[1msort/sortByProperty.cjs[22m             [2m 0.39 kB[22m [2mâ”‚ gzip: 0.25 kB[22m
@n8n/utils:build: [34mâ„¹[39m [33m[CJS][39m [2mdist/[22m[1mnumber/smartDecimal.cjs[22m             [2m 0.34 kB[22m [2mâ”‚ gzip: 0.22 kB[22m
@n8n/utils:build: [34mâ„¹[39m [33m[CJS][39m [2mdist/[22m[1massert.cjs[22m                          [2m 0.24 kB[22m [2mâ”‚ gzip: 0.19 kB[22m
@n8n/utils:build: [34mâ„¹[39m [33m[CJS][39m [2mdist/[22msearch/sublimeSearch.cjs.map        [2m11.66 kB[22m [2mâ”‚ gzip: 3.92 kB[22m
@n8n/utils:build: [34mâ„¹[39m [33m[CJS][39m [2mdist/[22mevent-bus.cjs.map                   [2m 2.93 kB[22m [2mâ”‚ gzip: 0.99 kB[22m
@n8n/utils:build: [34mâ„¹[39m [33m[CJS][39m [2mdist/[22mretry.cjs.map                       [2m 2.35 kB[22m [2mâ”‚ gzip: 1.05 kB[22m
@n8n/utils:build: [34mâ„¹[39m [33m[CJS][39m [2mdist/[22mstring/truncate.cjs.map             [2m 2.33 kB[22m [2mâ”‚ gzip: 1.01 kB[22m
@n8n/utils:build: [34mâ„¹[39m [33m[CJS][39m [2mdist/[22mevent-queue.cjs.map                 [2m 1.75 kB[22m [2mâ”‚ gzip: 0.83 kB[22m
@n8n/utils:build: [34mâ„¹[39m [33m[CJS][39m [2mdist/[22msearch/reRankSearchResults.cjs.map  [2m 1.27 kB[22m [2mâ”‚ gzip: 0.63 kB[22m
@n8n/utils:build: [34mâ„¹[39m [33m[CJS][39m [2mdist/[22msort/sortByProperty.cjs.map         [2m 0.67 kB[22m [2mâ”‚ gzip: 0.42 kB[22m
@n8n/utils:build: [34mâ„¹[39m [33m[CJS][39m [2mdist/[22mnumber/smartDecimal.cjs.map         [2m 0.63 kB[22m [2mâ”‚ gzip: 0.37 kB[22m
@n8n/utils:build: [34mâ„¹[39m [33m[CJS][39m [2mdist/[22massert.cjs.map                      [2m 0.46 kB[22m [2mâ”‚ gzip: 0.33 kB[22m
@n8n/utils:build: [34mâ„¹[39m [33m[CJS][39m 18 files, total: 35.80 kB
@n8n/utils:build: âš  Deprecation Warning: The top-level "define" option is deprecated. Use "transform.define" instead.
@n8n/utils:build: âš  Deprecation Warning: The top-level "inject" option is deprecated. Use "transform.inject" instead.
@n8n/utils:build: [34mâ„¹[39m [34m[ESM][39m [2mdist/[22m[1msearch/sublimeSearch.js[22m            [2m 5.32 kB[22m [2mâ”‚ gzip: 1.74 kB[22m
@n8n/utils:build: [34mâ„¹[39m [34m[ESM][39m [2mdist/[22m[1mretry.js[22m                           [2m 1.44 kB[22m [2mâ”‚ gzip: 0.66 kB[22m
@n8n/utils:build: [34mâ„¹[39m [34m[ESM][39m [2mdist/[22m[1mstring/truncate.js[22m                 [2m 1.33 kB[22m [2mâ”‚ gzip: 0.61 kB[22m
@n8n/utils:build: [34mâ„¹[39m [34m[ESM][39m [2mdist/[22m[1mevent-bus.js[22m                       [2m 1.01 kB[22m [2mâ”‚ gzip: 0.46 kB[22m
@n8n/utils:build: [34mâ„¹[39m [34m[ESM][39m [2mdist/[22m[1mevent-queue.js[22m                     [2m 1.00 kB[22m [2mâ”‚ gzip: 0.47 kB[22m
@n8n/utils:build: [34mâ„¹[39m [34m[ESM][39m [2mdist/[22m[1msearch/reRankSearchResults.js[22m      [2m 0.54 kB[22m [2mâ”‚ gzip: 0.29 kB[22m
@n8n/utils:build: [34mâ„¹[39m [34m[ESM][39m [2mdist/[22m[1msort/sortByProperty.js[22m             [2m 0.37 kB[22m [2mâ”‚ gzip: 0.25 kB[22m
@n8n/utils:build: [34mâ„¹[39m [34m[ESM][39m [2mdist/[22m[1mnumber/smartDecimal.js[22m             [2m 0.32 kB[22m [2mâ”‚ gzip: 0.22 kB[22m
@n8n/utils:build: [34mâ„¹[39m [34m[ESM][39m [2mdist/[22m[1massert.js[22m                          [2m 0.23 kB[22m [2mâ”‚ gzip: 0.18 kB[22m
@n8n/utils:build: [34mâ„¹[39m [34m[ESM][39m [2mdist/[22msearch/sublimeSearch.js.map        [2m11.66 kB[22m [2mâ”‚ gzip: 3.92 kB[22m
@n8n/utils:build: [34mâ„¹[39m [34m[ESM][39m [2mdist/[22mevent-bus.js.map                   [2m 2.93 kB[22m [2mâ”‚ gzip: 0.99 kB[22m
@n8n/utils:build: [34mâ„¹[39m [34m[ESM][39m [2mdist/[22mretry.js.map                       [2m 2.35 kB[22m [2mâ”‚ gzip: 1.05 kB[22m
@n8n/utils:build: [34mâ„¹[39m [34m[ESM][39m [2mdist/[22mstring/truncate.js.map             [2m 2.33 kB[22m [2mâ”‚ gzip: 1.00 kB[22m
@n8n/utils:build: [34mâ„¹[39m [34m[ESM][39m [2mdist/[22mevent-queue.js.map                 [2m 1.75 kB[22m [2mâ”‚ gzip: 0.83 kB[22m
@n8n/utils:build: [34mâ„¹[39m [34m[ESM][39m [2mdist/[22msearch/reRankSearchResults.js.map  [2m 1.27 kB[22m [2mâ”‚ gzip: 0.63 kB[22m
@n8n/utils:build: [34mâ„¹[39m [34m[ESM][39m [2mdist/[22msort/sortByProperty.js.map         [2m 0.67 kB[22m [2mâ”‚ gzip: 0.41 kB[22m
@n8n/utils:build: [34mâ„¹[39m [34m[ESM][39m [2mdist/[22mnumber/smartDecimal.js.map         [2m 0.63 kB[22m [2mâ”‚ gzip: 0.37 kB[22m
@n8n/utils:build: [34mâ„¹[39m [34m[ESM][39m [2mdist/[22massert.js.map                      [2m 0.46 kB[22m [2mâ”‚ gzip: 0.33 kB[22m
@n8n/utils:build: [34mâ„¹[39m [34m[ESM][39m [2mdist/[22m[32m[1mevent-bus.d.ts[22m[39m                     [2m 0.98 kB[22m [2mâ”‚ gzip: 0.34 kB[22m
@n8n/utils:build: [34mâ„¹[39m [34m[ESM][39m [2mdist/[22m[32m[1msearch/sublimeSearch.d.ts[22m[39m          [2m 0.38 kB[22m [2mâ”‚ gzip: 0.25 kB[22m
@n8n/utils:build: [34mâ„¹[39m [34m[ESM][39m [2mdist/[22m[32m[1msearch/reRankSearchResults.d.ts[22m[39m    [2m 0.36 kB[22m [2mâ”‚ gzip: 0.21 kB[22m
@n8n/utils:build: [34mâ„¹[39m [34m[ESM][39m [2mdist/[22m[32m[1mretry.d.ts[22m[39m                         [2m 0.28 kB[22m [2mâ”‚ gzip: 0.21 kB[22m
@n8n/utils:build: [34mâ„¹[39m [34m[ESM][39m [2mdist/[22m[32m[1mstring/truncate.d.ts[22m[39m               [2m 0.27 kB[22m [2mâ”‚ gzip: 0.18 kB[22m
@n8n/utils:build: [34mâ„¹[39m [34m[ESM][39m [2mdist/[22m[32m[1mevent-queue.d.ts[22m[39m                   [2m 0.23 kB[22m [2mâ”‚ gzip: 0.17 kB[22m
@n8n/utils:build: [34mâ„¹[39m [34m[ESM][39m [2mdist/[22m[32m[1msort/sortByProperty.d.ts[22m[39m           [2m 0.22 kB[22m [2mâ”‚ gzip: 0.17 kB[22m
@n8n/utils:build: [34mâ„¹[39m [34m[ESM][39m [2mdist/[22m[32m[1mnumber/smartDecimal.d.ts[22m[39m           [2m 0.19 kB[22m [2mâ”‚ gzip: 0.14 kB[22m
@n8n/utils:build: [34mâ„¹[39m [34m[ESM][39m [2mdist/[22m[32m[1massert.d.ts[22m[39m                        [2m 0.18 kB[22m [2mâ”‚ gzip: 0.15 kB[22m
@n8n/utils:build: [34mâ„¹[39m [34m[ESM][39m 27 files, total: 38.70 kB
@n8n/utils:build: [34mâ„¹[39m [33m[CJS][39m [2mdist/[22m[32m[1mevent-bus.d.cts[22m[39m                   [2m0.98 kB[22m [2mâ”‚ gzip: 0.34 kB[22m
@n8n/utils:build: [34mâ„¹[39m [33m[CJS][39m [2mdist/[22m[32m[1msearch/sublimeSearch.d.cts[22m[39m        [2m0.38 kB[22m [2mâ”‚ gzip: 0.25 kB[22m
@n8n/utils:build: [34mâ„¹[39m [33m[CJS][39m [2mdist/[22m[32m[1msearch/reRankSearchResults.d.cts[22m[39m  [2m0.36 kB[22m [2mâ”‚ gzip: 0.22 kB[22m
@n8n/utils:build: [34mâ„¹[39m [33m[CJS][39m [2mdist/[22m[32m[1mretry.d.cts[22m[39m                       [2m0.28 kB[22m [2mâ”‚ gzip: 0.21 kB[22m
@n8n/utils:build: [34mâ„¹[39m [33m[CJS][39m [2mdist/[22m[32m[1mstring/truncate.d.cts[22m[39m             [2m0.27 kB[22m [2mâ”‚ gzip: 0.18 kB[22m
@n8n/utils:build: [34mâ„¹[39m [33m[CJS][39m [2mdist/[22m[32m[1mevent-queue.d.cts[22m[39m                 [2m0.23 kB[22m [2mâ”‚ gzip: 0.17 kB[22m
@n8n/utils:build: [34mâ„¹[39m [33m[CJS][39m [2mdist/[22m[32m[1msort/sortByProperty.d.cts[22m[39m         [2m0.22 kB[22m [2mâ”‚ gzip: 0.17 kB[22m
@n8n/utils:build: [34mâ„¹[39m [33m[CJS][39m [2mdist/[22m[32m[1mnumber/smartDecimal.d.cts[22m[39m         [2m0.19 kB[22m [2mâ”‚ gzip: 0.15 kB[22m
@n8n/utils:build: [34mâ„¹[39m [33m[CJS][39m [2mdist/[22m[32m[1massert.d.cts[22m[39m                      [2m0.18 kB[22m [2mâ”‚ gzip: 0.15 kB[22m
@n8n/utils:build: [34mâ„¹[39m [33m[CJS][39m 9 files, total: 3.10 kB
@n8n/utils:build: [32mâœ”[39m Build complete in [32m2896ms[39m
@n8n/design-system:typecheck: cache miss, executing f127f7a9249b6d37
@n8n/config:build: cache hit, replaying logs 71039c537025cf23
@n8n/config:build: 
@n8n/config:build: > @n8n/config@1.61.0 build /home/zhang/n8n-quanyuge/packages/@n8n/config
@n8n/config:build: > tsc -p tsconfig.build.json
@n8n/config:build: 
n8n-workflow:typecheck: cache hit, replaying logs cd0a7132a4e6ac7a
n8n-workflow:typecheck: 
n8n-workflow:typecheck: > n8n-workflow@1.116.0 typecheck /home/zhang/n8n-quanyuge/packages/workflow
n8n-workflow:typecheck: > tsc --noEmit
n8n-workflow:typecheck: 
@n8n/design-system:build: cache hit, replaying logs c93ae853934a2f50
@n8n/design-system:build: 
@n8n/design-system:build: > @n8n/design-system@1.106.0 build /home/zhang/n8n-quanyuge/packages/frontend/@n8n/design-system
@n8n/design-system:build: > vite build
@n8n/design-system:build: 
@n8n/design-system:build: rolldown-vite v7.1.16 building for production...
@n8n/design-system:build: Browserslist: browsers data (caniuse-lite) is 6 months old. Please run:
@n8n/design-system:build:   npx update-browserslist-db@latest
@n8n/design-system:build:   Why you should do it regularly: https://github.com/browserslist/update-db#readme
@n8n/design-system:build: [2K@n8n/design-system:build: transforming...[32mâœ“[39m 2653 modules transformed.
@n8n/design-system:build: rendering chunks...
@n8n/design-system:build: computing gzip size...
@n8n/design-system:build: [2mdist/[22m[35mdesign-system.css        [39m[1m[2m  114.11 kB[22m[22m[2m â”‚ gzip:  18.17 kB[22m
@n8n/design-system:build: [2mdist/[22m[36men-Dv2AfWSE.js           [39m[1m[2m    0.08 kB[22m[22m[2m â”‚ gzip:   0.08 kB[22m
@n8n/design-system:build: [2mdist/[22m[36men-BZK1iLVe.js           [39m[1m[2m    4.89 kB[22m[22m[2m â”‚ gzip:   1.75 kB[22m
@n8n/design-system:build: [2mdist/[22m[36mzh-On8Xuf87.js           [39m[1m[2m    4.91 kB[22m[22m[2m â”‚ gzip:   2.14 kB[22m
@n8n/design-system:build: [2mdist/[22m[36mn8n-design-system.es.js  [39m[1m[33m1,552.98 kB[39m[22m[2m â”‚ gzip: 374.47 kB[22m
@n8n/design-system:build: [2K@n8n/design-system:build: transforming...[32mâœ“[39m 2653 modules transformed.
@n8n/design-system:build: rendering chunks...
@n8n/design-system:build: computing gzip size...
@n8n/design-system:build: [2mdist/[22m[35mdesign-system.css         [39m[1m[2m  114.11 kB[22m[22m[2m â”‚ gzip:  18.17 kB[22m
@n8n/design-system:build: [2mdist/[22m[36mn8n-design-system.umd.js  [39m[1m[33m1,154.63 kB[39m[22m[2m â”‚ gzip: 326.12 kB[22m
@n8n/design-system:build: âœ“ built in 8.90s
@n8n/node-cli:build: cache hit, replaying logs 9abdc34c0e6e7798
@n8n/node-cli:build: 
@n8n/node-cli:build: > @n8n/node-cli@0.14.0 build /home/zhang/n8n-quanyuge/packages/@n8n/node-cli
@n8n/node-cli:build: > tsc -p tsconfig.build.json && pnpm copy-templates
@n8n/node-cli:build: 
@n8n/node-cli:build: 
@n8n/node-cli:build: > @n8n/node-cli@0.14.0 copy-templates /home/zhang/n8n-quanyuge/packages/@n8n/node-cli
@n8n/node-cli:build: > node scripts/copy-templates.mjs
@n8n/node-cli:build: 
@n8n/chat:build: cache hit, replaying logs 85da4402dc3af66f
@n8n/chat:build: 
@n8n/chat:build: > @n8n/chat@0.64.0 build /home/zhang/n8n-quanyuge/packages/frontend/@n8n/chat
@n8n/chat:build: > pnpm build:vite && pnpm build:bundle
@n8n/chat:build: 
@n8n/chat:build: 
@n8n/chat:build: > @n8n/chat@0.64.0 build:vite /home/zhang/n8n-quanyuge/packages/frontend/@n8n/chat
@n8n/chat:build: > cross-env vite build
@n8n/chat:build: 
@n8n/chat:build: rolldown-vite v7.1.16 building for production...
@n8n/chat:build: [2K@n8n/chat:build: transforming...[32mâœ“[39m 2753 modules transformed.
@n8n/chat:build: rendering chunks...
@n8n/chat:build: [plugin builtin:reporter] 
@n8n/chat:build: (!) /home/zhang/n8n-quanyuge/packages/frontend/@n8n/design-system/src/locale/lang/en.ts is dynamically imported by /home/zhang/n8n-quanyuge/packages/frontend/@n8n/design-system/src/locale/index.ts but also statically imported by /home/zhang/n8n-quanyuge/packages/frontend/@n8n/design-system/src/locale/index.ts, dynamic import will not move module into another chunk.
@n8n/chat:build: 
@n8n/chat:build: 
@n8n/chat:build: [vite:dts] Start generate declaration files...
@n8n/chat:build: [vite:dts] Declaration files built in 13263ms.
@n8n/chat:build: 
@n8n/chat:build: computing gzip size...
@n8n/chat:build: [2mdist/[22m[35mchat.css    [39m[1m[2m 63.16 kB[22m[22m[2m â”‚ gzip:   9.77 kB[22m
@n8n/chat:build: [2mdist/[22m[36mchat.es.js  [39m[1m[33m950.32 kB[39m[22m[2m â”‚ gzip: 246.40 kB[22m
@n8n/chat:build: [2K@n8n/chat:build: transforming...[32mâœ“[39m 2753 modules transformed.
@n8n/chat:build: rendering chunks...
@n8n/chat:build: computing gzip size...
@n8n/chat:build: [2mdist/[22m[35mchat.css     [39m[1m[2m 63.16 kB[22m[22m[2m â”‚ gzip:   9.77 kB[22m
@n8n/chat:build: [2mdist/[22m[36mchat.umd.js  [39m[1m[33m695.80 kB[39m[22m[2m â”‚ gzip: 215.93 kB[22m
@n8n/chat:build: âœ“ built in 18.49s
@n8n/chat:build: 
@n8n/chat:build: > @n8n/chat@0.64.0 build:bundle /home/zhang/n8n-quanyuge/packages/frontend/@n8n/chat
@n8n/chat:build: > cross-env INCLUDE_VUE=true vite build
@n8n/chat:build: 
@n8n/chat:build: rolldown-vite v7.1.16 building for production...
@n8n/chat:build: [2K@n8n/chat:build: transforming...[32mâœ“[39m 2756 modules transformed.
@n8n/chat:build: rendering chunks...
@n8n/chat:build: [plugin builtin:reporter] 
@n8n/chat:build: (!) /home/zhang/n8n-quanyuge/packages/frontend/@n8n/design-system/src/locale/lang/en.ts is dynamically imported by /home/zhang/n8n-quanyuge/packages/frontend/@n8n/design-system/src/locale/index.ts but also statically imported by /home/zhang/n8n-quanyuge/packages/frontend/@n8n/design-system/src/locale/index.ts, dynamic import will not move module into another chunk.
@n8n/chat:build: 
@n8n/chat:build: 
@n8n/chat:build: [vite:dts] Start generate declaration files...
@n8n/chat:build: [vite:dts] Declaration files built in 11823ms.
@n8n/chat:build: 
@n8n/chat:build: computing gzip size...
@n8n/chat:build: [2mdist/[22m[35mchat.css           [39m[1m[2m   63.16 kB[22m[22m[2m â”‚ gzip:   9.77 kB[22m
@n8n/chat:build: [2mdist/[22m[36mchat.bundle.es.js  [39m[1m[33m1,035.09 kB[39m[22m[2m â”‚ gzip: 274.20 kB[22m
@n8n/chat:build: [2K@n8n/chat:build: transforming...[32mâœ“[39m 2756 modules transformed.
@n8n/chat:build: rendering chunks...
@n8n/chat:build: computing gzip size...
@n8n/chat:build: [2mdist/[22m[35mchat.css            [39m[1m[2m 63.16 kB[22m[22m[2m â”‚ gzip:   9.77 kB[22m
@n8n/chat:build: [2mdist/[22m[36mchat.bundle.umd.js  [39m[1m[33m701.00 kB[39m[22m[2m â”‚ gzip: 236.62 kB[22m
@n8n/chat:build: âœ“ built in 17.17s
n8n-workflow:build: cache hit, replaying logs f1ce4b9c731cff8a
n8n-workflow:build: 
n8n-workflow:build: > n8n-workflow@1.116.0 build /home/zhang/n8n-quanyuge/packages/workflow
n8n-workflow:build: > tsc --build tsconfig.build.esm.json tsconfig.build.cjs.json
n8n-workflow:build: 
@n8n/stores:typecheck: cache hit, replaying logs deaef4a6387aca01
@n8n/stores:typecheck: 
@n8n/stores:typecheck: > @n8n/stores@1.26.0 typecheck /home/zhang/n8n-quanyuge/packages/frontend/@n8n/stores
@n8n/stores:typecheck: > vue-tsc --noEmit
@n8n/stores:typecheck: 
@n8n/i18n:typecheck: cache miss, executing 9bfab9d86af0bb6e
@n8n/api-types:typecheck: cache miss, executing b8b8d25fb0d3c689
@n8n/api-types:build: cache miss, executing e26fedb69400d698
@n8n/stores:build: cache hit, replaying logs 59a45e1c3a99fac1
@n8n/stores:build: 
@n8n/stores:build: > @n8n/stores@1.26.0 build /home/zhang/n8n-quanyuge/packages/frontend/@n8n/stores
@n8n/stores:build: > tsdown
@n8n/stores:build: 
@n8n/stores:build: [34mâ„¹[39m tsdown [2mv0.15.6[22m powered by rolldown [2mv1.0.0-beta.47[22m
@n8n/stores:build: [34mâ„¹[39m Using tsdown config: [4m/home/zhang/n8n-quanyuge/packages/frontend/@n8n/stores/tsdown.config.ts[24m
@n8n/stores:build: [34mâ„¹[39m entry: [34msrc/constants.ts, src/index.ts, src/metaTagConfig.ts, src/useAgentRequestStore.ts, src/useRootStore.ts[39m
@n8n/stores:build: [34mâ„¹[39m tsconfig: [34mtsconfig.json[39m
@n8n/stores:build: [34mâ„¹[39m Build start
@n8n/stores:build: [34mâ„¹[39m Cleaning 17 files
@n8n/stores:build: âš  Deprecation Warning: The top-level "define" option is deprecated. Use "transform.define" instead.
@n8n/stores:build: âš  Deprecation Warning: The top-level "inject" option is deprecated. Use "transform.inject" instead.
@n8n/stores:build: [34mâ„¹[39m [2mdist/[22m[1museRootStore.js[22m                [2m 5.58 kB[22m [2mâ”‚ gzip: 1.33 kB[22m
@n8n/stores:build: [34mâ„¹[39m [2mdist/[22m[1museAgentRequestStore.js[22m        [2m 1.86 kB[22m [2mâ”‚ gzip: 0.55 kB[22m
@n8n/stores:build: [34mâ„¹[39m [2mdist/[22m[1mmetaTagConfig.js[22m               [2m 0.17 kB[22m [2mâ”‚ gzip: 0.11 kB[22m
@n8n/stores:build: [34mâ„¹[39m [2mdist/[22m[1mconstants.js[22m                   [2m 0.07 kB[22m [2mâ”‚ gzip: 0.08 kB[22m
@n8n/stores:build: [34mâ„¹[39m [2mdist/[22m[1mindex.js[22m                       [2m 0.07 kB[22m [2mâ”‚ gzip: 0.08 kB[22m
@n8n/stores:build: [34mâ„¹[39m [2mdist/[22museRootStore.js.map            [2m10.31 kB[22m [2mâ”‚ gzip: 2.29 kB[22m
@n8n/stores:build: [34mâ„¹[39m [2mdist/[22museAgentRequestStore.js.map    [2m 3.73 kB[22m [2mâ”‚ gzip: 1.16 kB[22m
@n8n/stores:build: [34mâ„¹[39m [2mdist/[22mconstants-J7LQJWZf.js.map      [2m 2.34 kB[22m [2mâ”‚ gzip: 1.08 kB[22m
@n8n/stores:build: [34mâ„¹[39m [2mdist/[22mmetaTagConfig-DwSO4X1O.js.map  [2m 1.86 kB[22m [2mâ”‚ gzip: 0.77 kB[22m
@n8n/stores:build: [34mâ„¹[39m [2mdist/[22mconstants-J7LQJWZf.js          [2m 1.64 kB[22m [2mâ”‚ gzip: 0.85 kB[22m
@n8n/stores:build: [34mâ„¹[39m [2mdist/[22mmetaTagConfig-DwSO4X1O.js      [2m 1.13 kB[22m [2mâ”‚ gzip: 0.47 kB[22m
@n8n/stores:build: [34mâ„¹[39m [2mdist/[22m[32m[1museRootStore.d.ts[22m[39m              [2m 7.43 kB[22m [2mâ”‚ gzip: 0.92 kB[22m
@n8n/stores:build: [34mâ„¹[39m [2mdist/[22m[32m[1museAgentRequestStore.d.ts[22m[39m      [2m 2.51 kB[22m [2mâ”‚ gzip: 0.49 kB[22m
@n8n/stores:build: [34mâ„¹[39m [2mdist/[22m[32m[1mmetaTagConfig.d.ts[22m[39m             [2m 0.31 kB[22m [2mâ”‚ gzip: 0.17 kB[22m
@n8n/stores:build: [34mâ„¹[39m [2mdist/[22m[32m[1mconstants.d.ts[22m[39m                 [2m 0.07 kB[22m [2mâ”‚ gzip: 0.08 kB[22m
@n8n/stores:build: [34mâ„¹[39m [2mdist/[22m[32m[1mindex.d.ts[22m[39m                     [2m 0.07 kB[22m [2mâ”‚ gzip: 0.08 kB[22m
@n8n/stores:build: [34mâ„¹[39m [2mdist/[22m[32mconstants-iRE-m0M3.d.ts[39m        [2m 2.16 kB[22m [2mâ”‚ gzip: 0.88 kB[22m
@n8n/stores:build: [34mâ„¹[39m 17 files, total: 41.31 kB
@n8n/stores:build: [32mâœ”[39m Build complete in [32m2511ms[39m
@n8n/i18n:build: cache miss, executing 9f45dbcdd5b2ab53
n8n-editor-ui:popularity-cache-marker: 
n8n-editor-ui:popularity-cache-marker: > n8n-editor-ui@1.119.0 popularity-cache-marker /home/zhang/n8n-quanyuge/packages/frontend/editor-ui
n8n-editor-ui:popularity-cache-marker: > node scripts/cache-marker.mjs
n8n-editor-ui:popularity-cache-marker: 
@n8n/decorators:typecheck: cache hit, replaying logs b30f8474bcd1a473
@n8n/decorators:typecheck: 
@n8n/decorators:typecheck: > @n8n/decorators@0.29.0 typecheck /home/zhang/n8n-quanyuge/packages/@n8n/decorators
@n8n/decorators:typecheck: > tsc --noEmit
@n8n/decorators:typecheck: 
@n8n/decorators:build: cache hit, replaying logs f1d02c2fb68aed05
@n8n/decorators:build: 
@n8n/decorators:build: > @n8n/decorators@0.29.0 build /home/zhang/n8n-quanyuge/packages/@n8n/decorators
@n8n/decorators:build: > tsc -p tsconfig.build.json
@n8n/decorators:build: 
@n8n/backend-common:typecheck: cache hit, replaying logs 008b0dfda60aee0f
@n8n/backend-common:typecheck: 
@n8n/backend-common:typecheck: > @n8n/backend-common@0.29.0 typecheck /home/zhang/n8n-quanyuge/packages/@n8n/backend-common
@n8n/backend-common:typecheck: > tsc --noEmit
@n8n/backend-common:typecheck: 
@n8n/backend-common:build: cache hit, replaying logs 3a2eca9181d5a416
@n8n/backend-common:build: 
@n8n/backend-common:build: > @n8n/backend-common@0.29.0 build /home/zhang/n8n-quanyuge/packages/@n8n/backend-common
@n8n/backend-common:build: > tsc -p tsconfig.build.json
@n8n/backend-common:build: 
n8n-core:typecheck: cache miss, executing 7009aa50f05189da
@n8n/ai-workflow-builder:typecheck: cache hit, replaying logs d4cc2e33ff0f0dc2
@n8n/ai-workflow-builder:typecheck: 
@n8n/ai-workflow-builder:typecheck: > @n8n/ai-workflow-builder@0.29.0 typecheck /home/zhang/n8n-quanyuge/packages/@n8n/ai-workflow-builder.ee
@n8n/ai-workflow-builder:typecheck: > tsc --noEmit
@n8n/ai-workflow-builder:typecheck: 
n8n-editor-ui:fetch-popularity: cache miss, executing 3f444b03e6873ce5
@n8n/ai-workflow-builder:build: cache hit, replaying logs a18cb27ba91563d9
@n8n/ai-workflow-builder:build: 
@n8n/ai-workflow-builder:build: > @n8n/ai-workflow-builder@0.29.0 build /home/zhang/n8n-quanyuge/packages/@n8n/ai-workflow-builder.ee
@n8n/ai-workflow-builder:build: > tsc -p ./tsconfig.build.json && tsc-alias -p tsconfig.build.json
@n8n/ai-workflow-builder:build: 
n8n-core:build: cache hit, replaying logs 0fe5ac800e1e8e11
n8n-core:build: 
n8n-core:build: > n8n-core@1.118.0 build /home/zhang/n8n-quanyuge/packages/core
n8n-core:build: > tsc -p tsconfig.build.json && tsc-alias -p tsconfig.build.json
n8n-core:build: 
n8n-nodes-base:build: cache miss, executing 3314e7f507babbb6
@n8n/task-runner:build: cache hit, replaying logs 2cf0ad9e741f3168
@n8n/task-runner:build: 
@n8n/task-runner:build: > @n8n/task-runner@1.55.0 build /home/zhang/n8n-quanyuge/packages/@n8n/task-runner
@n8n/task-runner:build: > tsc -p ./tsconfig.build.json && tsc-alias -p tsconfig.build.json
@n8n/task-runner:build: 
@n8n/design-system:typecheck: 
@n8n/design-system:typecheck: > @n8n/design-system@1.106.0 typecheck /home/zhang/n8n-quanyuge/packages/frontend/@n8n/design-system
@n8n/design-system:typecheck: > vue-tsc --noEmit
@n8n/design-system:typecheck: 
@n8n/api-types:typecheck: 
@n8n/api-types:typecheck: > @n8n/api-types@0.53.0 typecheck /home/zhang/n8n-quanyuge/packages/@n8n/api-types
@n8n/api-types:typecheck: > tsc --noEmit
@n8n/api-types:typecheck: 
@n8n/api-types:build: 
@n8n/api-types:build: > @n8n/api-types@0.53.0 build /home/zhang/n8n-quanyuge/packages/@n8n/api-types
@n8n/api-types:build: > tsc -p tsconfig.build.json
@n8n/api-types:build: 
@n8n/i18n:typecheck: 
@n8n/i18n:typecheck: > @n8n/i18n@1.23.0 typecheck /home/zhang/n8n-quanyuge/packages/frontend/@n8n/i18n
@n8n/i18n:typecheck: > vue-tsc --noEmit
@n8n/i18n:typecheck: 
n8n-core:typecheck: 
n8n-core:typecheck: > n8n-core@1.118.0 typecheck /home/zhang/n8n-quanyuge/packages/core
n8n-core:typecheck: > tsc --noEmit
n8n-core:typecheck: 
n8n-editor-ui:fetch-popularity: 
n8n-editor-ui:fetch-popularity: > n8n-editor-ui@1.119.0 fetch-popularity /home/zhang/n8n-quanyuge/packages/frontend/editor-ui
n8n-editor-ui:fetch-popularity: > node scripts/fetch-node-popularity.mjs
n8n-editor-ui:fetch-popularity: 
@n8n/i18n:build: 
@n8n/i18n:build: > @n8n/i18n@1.23.0 build /home/zhang/n8n-quanyuge/packages/frontend/@n8n/i18n
@n8n/i18n:build: > tsdown
@n8n/i18n:build: 
n8n-editor-ui:fetch-popularity: Fetching node popularity data from: https://internal-production.app.n8n.cloud/webhook/nodes-popularity-scores
n8n-nodes-base:build: 
n8n-nodes-base:build: > n8n-nodes-base@1.117.0 build /home/zhang/n8n-quanyuge/packages/nodes-base
n8n-nodes-base:build: > tsc --build tsconfig.build.cjs.json && pnpm copy-nodes-json && tsc-alias -p tsconfig.build.cjs.json && pnpm n8n-copy-static-files && pnpm n8n-generate-translations && pnpm n8n-generate-metadata
n8n-nodes-base:build: 
@n8n/i18n:build: [34mâ„¹[39m tsdown [2mv0.15.6[22m powered by rolldown [2mv1.0.0-beta.47[22m
@n8n/i18n:build: [34mâ„¹[39m Using tsdown config: [4m/home/zhang/n8n-quanyuge/packages/frontend/@n8n/i18n/tsdown.config.ts[24m
@n8n/i18n:build: [34mâ„¹[39m entry: [34msrc/index.ts, src/types.ts, src/utils.ts[39m
@n8n/i18n:build: [34mâ„¹[39m tsconfig: [34mtsconfig.json[39m
@n8n/i18n:build: [34mâ„¹[39m Build start
@n8n/i18n:build: [34mâ„¹[39m Cleaning 20 files
@n8n/i18n:build: âš  Deprecation Warning: The top-level "define" option is deprecated. Use "transform.define" instead.
@n8n/i18n:build: âš  Deprecation Warning: The top-level "inject" option is deprecated. Use "transform.inject" instead.
@n8n/i18n:build: âš  Deprecation Warning: The top-level "define" option is deprecated. Use "transform.define" instead.
@n8n/i18n:build: âš  Deprecation Warning: The top-level "inject" option is deprecated. Use "transform.inject" instead.
n8n-nodes-base:build: 
n8n-nodes-base:build: > n8n-nodes-base@1.117.0 copy-nodes-json /home/zhang/n8n-quanyuge/packages/nodes-base
n8n-nodes-base:build: > node scripts/copy-nodes-json.js .
n8n-nodes-base:build: 
n8n-editor-ui:fetch-popularity: Failed to fetch node popularity data: The operation was aborted due to timeout
n8n-editor-ui:fetch-popularity: API unavailable, checking for existing cached data
n8n-editor-ui:fetch-popularity: Using existing cached data - no changes made
n8n-nodes-base:build: Default locale set to: [35men[0m
n8n-nodes-base:build: No translation required - Skipping translations build...
@n8n/db:build: cache miss, executing 1f025b810f448ec8
n8n-core:typecheck: src/execution-engine/__tests__/routing-node.test.ts(12,2): error TS2305: Module '"n8n-workflow"' has no exported member 'INodeCredentialDescription'.
n8n-core:typecheck: src/execution-engine/__tests__/routing-node.test.ts(23,15): error TS2305: Module '"n8n-workflow"' has no exported member 'ICredentialsDecrypted'.
n8n-core:typecheck: src/execution-engine/__tests__/routing-node.test.ts(85,10): error TS2353: Object literal may only specify known properties, and 'httpRequestWithAuthentication' does not exist in type '{ httpRequest?: ((requestOptions: IHttpRequestOptions) => Promise<any>) | undefined; request?: ((uriOrObject: string | IRequestOptions, options?: IRequestOptions | undefined) => Promise<...>) | undefined; ... 16 more ...; detectBinaryEncoding?: ((buffer: Buffer<...>) => string) | undefined; }'.
n8n-core:typecheck: src/execution-engine/__tests__/routing-node.test.ts(2169,46): error TS2339: Property 'credentials' does not exist on type 'INodeTypeDescription'.
n8n-core:typecheck: src/execution-engine/__tests__/routing-node.test.ts(2170,52): error TS2554: Expected 2 arguments, but got 3.
n8n-core:typecheck: src/execution-engine/node-execution-context/__tests__/execute-context.test.ts(11,2): error TS2305: Module '"n8n-workflow"' has no exported member 'ICredentialsHelper'.
n8n-core:typecheck: src/execution-engine/node-execution-context/__tests__/execute-context.test.ts(15,2): error TS2305: Module '"n8n-workflow"' has no exported member 'ICredentialDataDecryptedObject'.
n8n-core:typecheck: src/execution-engine/node-execution-context/__tests__/execute-context.test.ts(29,4): error TS2353: Object literal may only specify known properties, and 'credentials' does not exist in type '{ version?: number | (number | undefined)[] | undefined; defaults?: { color?: string | undefined; name?: string | undefined; } | undefined; eventTriggerDescription?: string | undefined; ... 36 more ...; usableAsTool?: true | ... 1 more ... | undefined; }'.
n8n-core:typecheck: src/execution-engine/node-execution-context/__tests__/execute-context.test.ts(52,3): error TS2353: Object literal may only specify known properties, and 'credentials' does not exist in type 'INode'.
n8n-core:typecheck: src/execution-engine/node-execution-context/__tests__/execute-context.test.ts(65,64): error TS2353: Object literal may only specify known properties, and 'credentialsHelper' does not exist in type '{ executeWorkflow?: ((workflowInfo: IExecuteWorkflowInfo, additionalData: IWorkflowExecuteAdditionalData, options: ExecuteWorkflowOptions) => Promise<...>) | undefined; ... 25 more ...; dataTableProjectId?: string | undefined; }'.
n8n-core:typecheck: src/execution-engine/node-execution-context/__tests__/execute-context.test.ts(78,3): error TS2345: Argument of type '{ [K in keyof T]: T[K] extends (...args: infer A) => infer B ? CalledWithMock<B, A> : T[K]; } & T' is not assignable to parameter of type 'IWorkflowExecuteAdditionalData'.
n8n-core:typecheck:   Type '{ [K in keyof T]: T[K] extends (...args: infer A) => infer B ? CalledWithMock<B, A> : T[K]; }' is missing the following properties from type 'IWorkflowExecuteAdditionalData': executeWorkflow, getRunExecutionData, currentNodeExecutionIndex, restApiUrl, and 9 more.
n8n-core:typecheck: src/execution-engine/node-execution-context/__tests__/execute-context.test.ts(90,49): error TS2345: Argument of type '{ [K in keyof T]: T[K] extends (...args: infer A) => infer B ? CalledWithMock<B, A> : T[K]; } & T' is not assignable to parameter of type 'INodeType'.
n8n-core:typecheck:   Property 'description' is missing in type '{ [K in keyof T]: T[K] extends (...args: infer A) => infer B ? CalledWithMock<B, A> : T[K]; }' but required in type 'INodeType'.
n8n-core:typecheck: src/execution-engine/node-execution-context/__tests__/execute-context.test.ts(140,50): error TS2345: Argument of type '{ [K in keyof T]: T[K] extends (...args: infer A) => infer B ? CalledWithMock<B, A> : T[K]; } & T' is not assignable to parameter of type 'INodeType'.
n8n-core:typecheck:   Property 'description' is missing in type '{ [K in keyof T]: T[K] extends (...args: infer A) => infer B ? CalledWithMock<B, A> : T[K]; }' but required in type 'INodeType'.
n8n-core:typecheck: src/execution-engine/node-execution-context/__tests__/execute-context.test.ts(205,50): error TS2345: Argument of type '{ [K in keyof T]: T[K] extends (...args: infer A) => infer B ? CalledWithMock<B, A> : T[K]; } & T' is not assignable to parameter of type 'INodeType'.
n8n-core:typecheck:   Property 'description' is missing in type '{ [K in keyof T]: T[K] extends (...args: infer A) => infer B ? CalledWithMock<B, A> : T[K]; }' but required in type 'INodeType'.
n8n-core:typecheck: src/execution-engine/node-execution-context/__tests__/execute-context.test.ts(208,45): error TS2339: Property 'getCredentials' does not exist on type 'ExecuteContext'.
n8n-core:typecheck: src/execution-engine/node-execution-context/__tests__/execute-context.test.ts(248,5): error TS2345: Argument of type '{ [K in keyof T]: T[K] extends (...args: infer A) => infer B ? CalledWithMock<B, A> : T[K]; } & T' is not assignable to parameter of type 'IWorkflowExecuteAdditionalData'.
n8n-core:typecheck:   Type '{ [K in keyof T]: T[K] extends (...args: infer A) => infer B ? CalledWithMock<B, A> : T[K]; }' is missing the following properties from type 'IWorkflowExecuteAdditionalData': executeWorkflow, getRunExecutionData, currentNodeExecutionIndex, restApiUrl, and 9 more.
n8n-core:typecheck: src/execution-engine/node-execution-context/__tests__/execute-context.test.ts(276,10): error TS2740: Type '{ [K in keyof T]: T[K] extends (...args: infer A) => infer B ? CalledWithMock<B, A> : T[K]; } & { hooks: ExecutionLifecycleHooks; }' is missing the following properties from type 'IWorkflowExecuteAdditionalData': executeWorkflow, getRunExecutionData, currentNodeExecutionIndex, restApiUrl, and 9 more.
n8n-core:typecheck: src/execution-engine/node-execution-context/__tests__/execute-context.test.ts(316,10): error TS2740: Type '{ [K in keyof T]: T[K] extends (...args: infer A) => infer B ? CalledWithMock<B, A> : T[K]; } & { hooks: ExecutionLifecycleHooks; }' is missing the following properties from type 'IWorkflowExecuteAdditionalData': executeWorkflow, getRunExecutionData, currentNodeExecutionIndex, restApiUrl, and 9 more.
n8n-core:typecheck: src/execution-engine/node-execution-context/__tests__/execute-context.test.ts(361,5): error TS2345: Argument of type '{ [K in keyof T]: T[K] extends (...args: infer A) => infer B ? CalledWithMock<B, A> : T[K]; } & T & { hooks: undefined; }' is not assignable to parameter of type 'IWorkflowExecuteAdditionalData'.
n8n-core:typecheck:   Type '{ [K in keyof T]: T[K] extends (...args: infer A) => infer B ? CalledWithMock<B, A> : T[K]; } & { hooks: undefined; }' is missing the following properties from type 'IWorkflowExecuteAdditionalData': executeWorkflow, getRunExecutionData, currentNodeExecutionIndex, restApiUrl, and 9 more.
n8n-core:typecheck: src/execution-engine/node-execution-context/__tests__/execute-single-context.test.ts(11,2): error TS2305: Module '"n8n-workflow"' has no exported member 'ICredentialsHelper'.
n8n-core:typecheck: src/execution-engine/node-execution-context/__tests__/execute-single-context.test.ts(15,2): error TS2305: Module '"n8n-workflow"' has no exported member 'ICredentialDataDecryptedObject'.
n8n-core:typecheck: src/execution-engine/node-execution-context/__tests__/execute-single-context.test.ts(26,4): error TS2353: Object literal may only specify known properties, and 'credentials' does not exist in type '{ version?: number | (number | undefined)[] | undefined; defaults?: { color?: string | undefined; name?: string | undefined; } | undefined; eventTriggerDescription?: string | undefined; ... 36 more ...; usableAsTool?: true | ... 1 more ... | undefined; }'.
n8n-core:typecheck: src/execution-engine/node-execution-context/__tests__/execute-single-context.test.ts(45,3): error TS2353: Object literal may only specify known properties, and 'credentials' does not exist in type '{ id?: string | undefined; name?: string | undefined; typeVersion?: number | undefined; type?: string | undefined; position?: [(number | undefined)?, (number | undefined)?] | undefined; ... 13 more ...; forceCustomOperation?: { ...; } | undefined; }'.
n8n-core:typecheck: src/execution-engine/node-execution-context/__tests__/execute-single-context.test.ts(51,7): error TS2339: Property 'parameters' does not exist on type '{ [K in keyof T]: T[K] extends (...args: infer A) => infer B ? CalledWithMock<B, A> : T[K]; } & T'.
n8n-core:typecheck: src/execution-engine/node-execution-context/__tests__/execute-single-context.test.ts(55,64): error TS2353: Object literal may only specify known properties, and 'credentialsHelper' does not exist in type '{ executeWorkflow?: ((workflowInfo: IExecuteWorkflowInfo, additionalData: IWorkflowExecuteAdditionalData, options: ExecuteWorkflowOptions) => Promise<...>) | undefined; ... 25 more ...; dataTableProjectId?: string | undefined; }'.
n8n-core:typecheck: src/execution-engine/node-execution-context/__tests__/execute-single-context.test.ts(67,3): error TS2345: Argument of type '{ [K in keyof T]: T[K] extends (...args: infer A) => infer B ? CalledWithMock<B, A> : T[K]; } & T' is not assignable to parameter of type 'INode'.
n8n-core:typecheck:   Type '{ [K in keyof T]: T[K] extends (...args: infer A) => infer B ? CalledWithMock<B, A> : T[K]; }' is missing the following properties from type 'INode': id, name, typeVersion, type, and 2 more.
n8n-core:typecheck: src/execution-engine/node-execution-context/__tests__/execute-single-context.test.ts(80,49): error TS2345: Argument of type '{ [K in keyof T]: T[K] extends (...args: infer A) => infer B ? CalledWithMock<B, A> : T[K]; } & T' is not assignable to parameter of type 'INodeType'.
n8n-core:typecheck:   Property 'description' is missing in type '{ [K in keyof T]: T[K] extends (...args: infer A) => infer B ? CalledWithMock<B, A> : T[K]; }' but required in type 'INodeType'.
n8n-core:typecheck: src/execution-engine/node-execution-context/__tests__/execute-single-context.test.ts(86,3): error TS2740: Type '{ [K in keyof T]: T[K] extends (...args: infer A) => infer B ? CalledWithMock<B, A> : T[K]; }' is missing the following properties from type 'INode': id, name, typeVersion, type, and 2 more.
n8n-core:typecheck: src/execution-engine/node-execution-context/__tests__/execute-single-context.test.ts(146,50): error TS2345: Argument of type '{ [K in keyof T]: T[K] extends (...args: infer A) => infer B ? CalledWithMock<B, A> : T[K]; } & T' is not assignable to parameter of type 'INodeType'.
n8n-core:typecheck:   Property 'description' is missing in type '{ [K in keyof T]: T[K] extends (...args: infer A) => infer B ? CalledWithMock<B, A> : T[K]; }' but required in type 'INodeType'.
n8n-core:typecheck: src/execution-engine/node-execution-context/__tests__/execute-single-context.test.ts(165,50): error TS2345: Argument of type '{ [K in keyof T]: T[K] extends (...args: infer A) => infer B ? CalledWithMock<B, A> : T[K]; } & T' is not assignable to parameter of type 'INodeType'.
n8n-core:typecheck:   Property 'description' is missing in type '{ [K in keyof T]: T[K] extends (...args: infer A) => infer B ? CalledWithMock<B, A> : T[K]; }' but required in type 'INodeType'.
n8n-core:typecheck: src/execution-engine/node-execution-context/__tests__/execute-single-context.test.ts(169,32): error TS2339: Property 'getCredentials' does not exist on type 'ExecuteSingleContext'.
n8n-core:typecheck: src/execution-engine/node-execution-context/__tests__/hook-context.test.ts(5,2): error TS2305: Module '"n8n-workflow"' has no exported member 'ICredentialDataDecryptedObject'.
n8n-core:typecheck: src/execution-engine/node-execution-context/__tests__/hook-context.test.ts(6,2): error TS2305: Module '"n8n-workflow"' has no exported member 'ICredentialsHelper'.
n8n-core:typecheck: src/execution-engine/node-execution-context/__tests__/hook-context.test.ts(30,4): error TS2353: Object literal may only specify known properties, and 'credentials' does not exist in type '{ version?: number | (number | undefined)[] | undefined; defaults?: { color?: string | undefined; name?: string | undefined; } | undefined; eventTriggerDescription?: string | undefined; ... 36 more ...; usableAsTool?: true | ... 1 more ... | undefined; }'.
n8n-core:typecheck: src/execution-engine/node-execution-context/__tests__/hook-context.test.ts(44,11): error TS2339: Property 'description' does not exist on type '{ [K in keyof T]: T[K] extends (...args: infer A) => infer B ? CalledWithMock<B, A> : T[K]; } & T'.
n8n-core:typecheck: src/execution-engine/node-execution-context/__tests__/hook-context.test.ts(49,3): error TS2353: Object literal may only specify known properties, and 'credentials' does not exist in type '{ id?: string | undefined; name?: string | undefined; typeVersion?: number | undefined; type?: string | undefined; position?: [(number | undefined)?, (number | undefined)?] | undefined; ... 13 more ...; forceCustomOperation?: { ...; } | undefined; }'.
n8n-core:typecheck: src/execution-engine/node-execution-context/__tests__/hook-context.test.ts(55,7): error TS2339: Property 'parameters' does not exist on type '{ [K in keyof T]: T[K] extends (...args: infer A) => infer B ? CalledWithMock<B, A> : T[K]; } & T'.
n8n-core:typecheck: src/execution-engine/node-execution-context/__tests__/hook-context.test.ts(59,64): error TS2353: Object literal may only specify known properties, and 'credentialsHelper' does not exist in type '{ executeWorkflow?: ((workflowInfo: IExecuteWorkflowInfo, additionalData: IWorkflowExecuteAdditionalData, options: ExecuteWorkflowOptions) => Promise<...>) | undefined; ... 25 more ...; dataTableProjectId?: string | undefined; }'.
n8n-core:typecheck: src/execution-engine/node-execution-context/__tests__/hook-context.test.ts(71,3): error TS2345: Argument of type '{ [K in keyof T]: T[K] extends (...args: infer A) => infer B ? CalledWithMock<B, A> : T[K]; } & T' is not assignable to parameter of type 'INode'.
n8n-core:typecheck:   Type '{ [K in keyof T]: T[K] extends (...args: infer A) => infer B ? CalledWithMock<B, A> : T[K]; }' is missing the following properties from type 'INode': id, name, typeVersion, type, and 2 more.
n8n-core:typecheck: src/execution-engine/node-execution-context/__tests__/hook-context.test.ts(80,49): error TS2345: Argument of type '{ [K in keyof T]: T[K] extends (...args: infer A) => infer B ? CalledWithMock<B, A> : T[K]; } & T' is not assignable to parameter of type 'INodeType'.
n8n-core:typecheck:   Property 'description' is missing in type '{ [K in keyof T]: T[K] extends (...args: infer A) => infer B ? CalledWithMock<B, A> : T[K]; }' but required in type 'INodeType'.
n8n-core:typecheck: src/execution-engine/node-execution-context/__tests__/hook-context.test.ts(94,50): error TS2345: Argument of type '{ [K in keyof T]: T[K] extends (...args: infer A) => infer B ? CalledWithMock<B, A> : T[K]; } & T' is not assignable to parameter of type 'INodeType'.
n8n-core:typecheck:   Property 'description' is missing in type '{ [K in keyof T]: T[K] extends (...args: infer A) => infer B ? CalledWithMock<B, A> : T[K]; }' but required in type 'INodeType'.
n8n-core:typecheck: src/execution-engine/node-execution-context/__tests__/hook-context.test.ts(98,23): error TS2339: Property 'getCredentials' does not exist on type 'HookContext'.
n8n-core:typecheck: src/execution-engine/node-execution-context/__tests__/hook-context.test.ts(130,5): error TS2345: Argument of type '{ [K in keyof T]: T[K] extends (...args: infer A) => infer B ? CalledWithMock<B, A> : T[K]; } & T' is not assignable to parameter of type 'INode'.
n8n-core:typecheck:   Type '{ [K in keyof T]: T[K] extends (...args: infer A) => infer B ? CalledWithMock<B, A> : T[K]; }' is missing the following properties from type 'INode': id, name, typeVersion, type, and 2 more.
n8n-core:typecheck: src/execution-engine/node-execution-context/__tests__/load-options-context.test.ts(4,2): error TS2305: Module '"n8n-workflow"' has no exported member 'ICredentialDataDecryptedObject'.
n8n-core:typecheck: src/execution-engine/node-execution-context/__tests__/load-options-context.test.ts(5,2): error TS2305: Module '"n8n-workflow"' has no exported member 'ICredentialsHelper'.
n8n-core:typecheck: src/execution-engine/node-execution-context/__tests__/load-options-context.test.ts(19,4): error TS2353: Object literal may only specify known properties, and 'credentials' does not exist in type '{ version?: number | (number | undefined)[] | undefined; defaults?: { color?: string | undefined; name?: string | undefined; } | undefined; eventTriggerDescription?: string | undefined; ... 36 more ...; usableAsTool?: true | ... 1 more ... | undefined; }'.
n8n-core:typecheck: src/execution-engine/node-execution-context/__tests__/load-options-context.test.ts(37,3): error TS2353: Object literal may only specify known properties, and 'credentials' does not exist in type '{ id?: string | undefined; name?: string | undefined; typeVersion?: number | undefined; type?: string | undefined; position?: [(number | undefined)?, (number | undefined)?] | undefined; ... 13 more ...; forceCustomOperation?: { ...; } | undefined; }'.
n8n-core:typecheck: src/execution-engine/node-execution-context/__tests__/load-options-context.test.ts(43,7): error TS2339: Property 'parameters' does not exist on type '{ [K in keyof T]: T[K] extends (...args: infer A) => infer B ? CalledWithMock<B, A> : T[K]; } & T'.
n8n-core:typecheck: src/execution-engine/node-execution-context/__tests__/load-options-context.test.ts(47,64): error TS2353: Object literal may only specify known properties, and 'credentialsHelper' does not exist in type '{ executeWorkflow?: ((workflowInfo: IExecuteWorkflowInfo, additionalData: IWorkflowExecuteAdditionalData, options: ExecuteWorkflowOptions) => Promise<...>) | undefined; ... 25 more ...; dataTableProjectId?: string | undefined; }'.
n8n-core:typecheck: src/execution-engine/node-execution-context/__tests__/load-options-context.test.ts(50,62): error TS2345: Argument of type '{ [K in keyof T]: T[K] extends (...args: infer A) => infer B ? CalledWithMock<B, A> : T[K]; } & T' is not assignable to parameter of type 'INode'.
n8n-core:typecheck:   Type '{ [K in keyof T]: T[K] extends (...args: infer A) => infer B ? CalledWithMock<B, A> : T[K]; }' is missing the following properties from type 'INode': id, name, typeVersion, type, and 2 more.
n8n-core:typecheck: src/execution-engine/node-execution-context/__tests__/load-options-context.test.ts(58,50): error TS2345: Argument of type '{ [K in keyof T]: T[K] extends (...args: infer A) => infer B ? CalledWithMock<B, A> : T[K]; } & T' is not assignable to parameter of type 'INodeType'.
n8n-core:typecheck:   Property 'description' is missing in type '{ [K in keyof T]: T[K] extends (...args: infer A) => infer B ? CalledWithMock<B, A> : T[K]; }' but required in type 'INodeType'.
n8n-core:typecheck: src/execution-engine/node-execution-context/__tests__/load-options-context.test.ts(62,30): error TS2339: Property 'getCredentials' does not exist on type 'LoadOptionsContext'.
n8n-core:typecheck: src/execution-engine/node-execution-context/__tests__/load-options-context.test.ts(70,50): error TS2345: Argument of type '{ [K in keyof T]: T[K] extends (...args: infer A) => infer B ? CalledWithMock<B, A> : T[K]; } & T' is not assignable to parameter of type 'INodeType'.
n8n-core:typecheck:   Property 'description' is missing in type '{ [K in keyof T]: T[K] extends (...args: infer A) => infer B ? CalledWithMock<B, A> : T[K]; }' but required in type 'INodeType'.
n8n-core:typecheck: src/execution-engine/node-execution-context/__tests__/load-options-context.test.ts(74,19): error TS2339: Property 'currentNodeParameters' does not exist on type '{ [K in keyof T]: T[K] extends (...args: infer A) => infer B ? CalledWithMock<B, A> : T[K]; } & T'.
n8n-core:typecheck: src/execution-engine/node-execution-context/__tests__/load-options-context.test.ts(86,50): error TS2345: Argument of type '{ [K in keyof T]: T[K] extends (...args: infer A) => infer B ? CalledWithMock<B, A> : T[K]; } & T' is not assignable to parameter of type 'INodeType'.
n8n-core:typecheck:   Property 'description' is missing in type '{ [K in keyof T]: T[K] extends (...args: infer A) => infer B ? CalledWithMock<B, A> : T[K]; }' but required in type 'INodeType'.
n8n-core:typecheck: src/execution-engine/node-execution-context/__tests__/node-execution-context.test.ts(42,3): error TS2353: Object literal may only specify known properties, and 'credentialsHelper' does not exist in type '{ executeWorkflow?: ((workflowInfo: IExecuteWorkflowInfo, additionalData: IWorkflowExecuteAdditionalData, options: ExecuteWorkflowOptions) => Promise<...>) | undefined; ... 25 more ...; dataTableProjectId?: string | undefined; }'.
n8n-core:typecheck: src/execution-engine/node-execution-context/__tests__/node-execution-context.test.ts(50,49): error TS2345: Argument of type '{ [K in keyof T]: T[K] extends (...args: infer A) => infer B ? CalledWithMock<B, A> : T[K]; } & T' is not assignable to parameter of type 'IWorkflowExecuteAdditionalData'.
n8n-core:typecheck:   Type '{ [K in keyof T]: T[K] extends (...args: infer A) => infer B ? CalledWithMock<B, A> : T[K]; }' is missing the following properties from type 'IWorkflowExecuteAdditionalData': executeWorkflow, getRunExecutionData, currentNodeExecutionIndex, restApiUrl, and 9 more.
n8n-core:typecheck: src/execution-engine/node-execution-context/__tests__/node-execution-context.test.ts(156,19): error TS2339: Property 'restApiUrl' does not exist on type '{ [K in keyof T]: T[K] extends (...args: infer A) => infer B ? CalledWithMock<B, A> : T[K]; } & T'.
n8n-core:typecheck: src/execution-engine/node-execution-context/__tests__/node-execution-context.test.ts(166,19): error TS2339: Property 'instanceBaseUrl' does not exist on type '{ [K in keyof T]: T[K] extends (...args: infer A) => infer B ? CalledWithMock<B, A> : T[K]; } & T'.
n8n-core:typecheck: src/execution-engine/node-execution-context/__tests__/node-execution-context.test.ts(191,16): error TS2339: Property 'getCredentialsProperties' does not exist on type 'TestContext'.
n8n-core:typecheck: src/execution-engine/node-execution-context/__tests__/node-execution-context.test.ts(192,26): error TS2339: Property 'credentialsHelper' does not exist on type '{ [K in keyof T]: T[K] extends (...args: infer A) => infer B ? CalledWithMock<B, A> : T[K]; } & T'.
n8n-core:typecheck: src/execution-engine/node-execution-context/__tests__/node-execution-context.test.ts(310,70): error TS2345: Argument of type '{ [K in keyof T]: T[K] extends (...args: infer A) => infer B ? CalledWithMock<B, A> : T[K]; } & T' is not assignable to parameter of type 'IWorkflowExecuteAdditionalData'.
n8n-core:typecheck:   Type '{ [K in keyof T]: T[K] extends (...args: infer A) => infer B ? CalledWithMock<B, A> : T[K]; }' is missing the following properties from type 'IWorkflowExecuteAdditionalData': executeWorkflow, getRunExecutionData, currentNodeExecutionIndex, restApiUrl, and 9 more.
n8n-core:typecheck: src/execution-engine/node-execution-context/__tests__/poll-context.test.ts(4,2): error TS2305: Module '"n8n-workflow"' has no exported member 'ICredentialDataDecryptedObject'.
n8n-core:typecheck: src/execution-engine/node-execution-context/__tests__/poll-context.test.ts(5,2): error TS2305: Module '"n8n-workflow"' has no exported member 'ICredentialsHelper'.
n8n-core:typecheck: src/execution-engine/node-execution-context/__tests__/poll-context.test.ts(21,4): error TS2353: Object literal may only specify known properties, and 'credentials' does not exist in type '{ version?: number | (number | undefined)[] | undefined; defaults?: { color?: string | undefined; name?: string | undefined; } | undefined; eventTriggerDescription?: string | undefined; ... 36 more ...; usableAsTool?: true | ... 1 more ... | undefined; }'.
n8n-core:typecheck: src/execution-engine/node-execution-context/__tests__/poll-context.test.ts(39,3): error TS2353: Object literal may only specify known properties, and 'credentials' does not exist in type '{ id?: string | undefined; name?: string | undefined; typeVersion?: number | undefined; type?: string | undefined; position?: [(number | undefined)?, (number | undefined)?] | undefined; ... 13 more ...; forceCustomOperation?: { ...; } | undefined; }'.
n8n-core:typecheck: src/execution-engine/node-execution-context/__tests__/poll-context.test.ts(45,7): error TS2339: Property 'parameters' does not exist on type '{ [K in keyof T]: T[K] extends (...args: infer A) => infer B ? CalledWithMock<B, A> : T[K]; } & T'.
n8n-core:typecheck: src/execution-engine/node-execution-context/__tests__/poll-context.test.ts(49,64): error TS2353: Object literal may only specify known properties, and 'credentialsHelper' does not exist in type '{ executeWorkflow?: ((workflowInfo: IExecuteWorkflowInfo, additionalData: IWorkflowExecuteAdditionalData, options: ExecuteWorkflowOptions) => Promise<...>) | undefined; ... 25 more ...; dataTableProjectId?: string | undefined; }'.
n8n-core:typecheck: src/execution-engine/node-execution-context/__tests__/poll-context.test.ts(53,48): error TS2345: Argument of type '{ [K in keyof T]: T[K] extends (...args: infer A) => infer B ? CalledWithMock<B, A> : T[K]; } & T' is not assignable to parameter of type 'INode'.
n8n-core:typecheck:   Type '{ [K in keyof T]: T[K] extends (...args: infer A) => infer B ? CalledWithMock<B, A> : T[K]; }' is missing the following properties from type 'INode': id, name, typeVersion, type, and 2 more.
n8n-core:typecheck: src/execution-engine/node-execution-context/__tests__/poll-context.test.ts(68,50): error TS2345: Argument of type '{ [K in keyof T]: T[K] extends (...args: infer A) => infer B ? CalledWithMock<B, A> : T[K]; } & T' is not assignable to parameter of type 'INodeType'.
n8n-core:typecheck:   Property 'description' is missing in type '{ [K in keyof T]: T[K] extends (...args: infer A) => infer B ? CalledWithMock<B, A> : T[K]; }' but required in type 'INodeType'.
n8n-core:typecheck: src/execution-engine/node-execution-context/__tests__/poll-context.test.ts(72,23): error TS2339: Property 'getCredentials' does not exist on type 'PollContext'.
n8n-core:typecheck: src/execution-engine/node-execution-context/__tests__/poll-context.test.ts(80,50): error TS2345: Argument of type '{ [K in keyof T]: T[K] extends (...args: infer A) => infer B ? CalledWithMock<B, A> : T[K]; } & T' is not assignable to parameter of type 'INodeType'.
n8n-core:typecheck:   Property 'description' is missing in type '{ [K in keyof T]: T[K] extends (...args: infer A) => infer B ? CalledWithMock<B, A> : T[K]; }' but required in type 'INodeType'.
n8n-core:typecheck: src/execution-engine/node-execution-context/__tests__/supply-data-context.test.ts(11,2): error TS2305: Module '"n8n-workflow"' has no exported member 'ICredentialsHelper'.
n8n-core:typecheck: src/execution-engine/node-execution-context/__tests__/supply-data-context.test.ts(15,2): error TS2305: Module '"n8n-workflow"' has no exported member 'ICredentialDataDecryptedObject'.
n8n-core:typecheck: src/execution-engine/node-execution-context/__tests__/supply-data-context.test.ts(28,4): error TS2353: Object literal may only specify known properties, and 'credentials' does not exist in type '{ version?: number | (number | undefined)[] | undefined; defaults?: { color?: string | undefined; name?: string | undefined; } | undefined; eventTriggerDescription?: string | undefined; ... 36 more ...; usableAsTool?: true | ... 1 more ... | undefined; }'.
n8n-core:typecheck: src/execution-engine/node-execution-context/__tests__/supply-data-context.test.ts(47,3): error TS2353: Object literal may only specify known properties, and 'credentials' does not exist in type '{ id?: string | undefined; name?: string | undefined; typeVersion?: number | undefined; type?: string | undefined; position?: [(number | undefined)?, (number | undefined)?] | undefined; ... 13 more ...; forceCustomOperation?: { ...; } | undefined; }'.
n8n-core:typecheck: src/execution-engine/node-execution-context/__tests__/supply-data-context.test.ts(53,7): error TS2339: Property 'parameters' does not exist on type '{ [K in keyof T]: T[K] extends (...args: infer A) => infer B ? CalledWithMock<B, A> : T[K]; } & T'.
n8n-core:typecheck: src/execution-engine/node-execution-context/__tests__/supply-data-context.test.ts(57,64): error TS2353: Object literal may only specify known properties, and 'credentialsHelper' does not exist in type '{ executeWorkflow?: ((workflowInfo: IExecuteWorkflowInfo, additionalData: IWorkflowExecuteAdditionalData, options: ExecuteWorkflowOptions) => Promise<...>) | undefined; ... 25 more ...; dataTableProjectId?: string | undefined; }'.
n8n-core:typecheck: src/execution-engine/node-execution-context/__tests__/supply-data-context.test.ts(72,3): error TS2345: Argument of type '{ [K in keyof T]: T[K] extends (...args: infer A) => infer B ? CalledWithMock<B, A> : T[K]; } & T' is not assignable to parameter of type 'INode'.
n8n-core:typecheck:   Type '{ [K in keyof T]: T[K] extends (...args: infer A) => infer B ? CalledWithMock<B, A> : T[K]; }' is missing the following properties from type 'INode': id, name, typeVersion, type, and 2 more.
n8n-core:typecheck: src/execution-engine/node-execution-context/__tests__/supply-data-context.test.ts(86,49): error TS2345: Argument of type '{ [K in keyof T]: T[K] extends (...args: infer A) => infer B ? CalledWithMock<B, A> : T[K]; } & T' is not assignable to parameter of type 'INodeType'.
n8n-core:typecheck:   Property 'description' is missing in type '{ [K in keyof T]: T[K] extends (...args: infer A) => infer B ? CalledWithMock<B, A> : T[K]; }' but required in type 'INodeType'.
n8n-core:typecheck: src/execution-engine/node-execution-context/__tests__/supply-data-context.test.ts(92,3): error TS2740: Type '{ [K in keyof T]: T[K] extends (...args: infer A) => infer B ? CalledWithMock<B, A> : T[K]; }' is missing the following properties from type 'INode': id, name, typeVersion, type, and 2 more.
n8n-core:typecheck: src/execution-engine/node-execution-context/__tests__/supply-data-context.test.ts(137,50): error TS2345: Argument of type '{ [K in keyof T]: T[K] extends (...args: infer A) => infer B ? CalledWithMock<B, A> : T[K]; } & T' is not assignable to parameter of type 'INodeType'.
n8n-core:typecheck:   Property 'description' is missing in type '{ [K in keyof T]: T[K] extends (...args: infer A) => infer B ? CalledWithMock<B, A> : T[K]; }' but required in type 'INodeType'.
n8n-core:typecheck: src/execution-engine/node-execution-context/__tests__/supply-data-context.test.ts(156,50): error TS2345: Argument of type '{ [K in keyof T]: T[K] extends (...args: infer A) => infer B ? CalledWithMock<B, A> : T[K]; } & T' is not assignable to parameter of type 'INodeType'.
n8n-core:typecheck:   Property 'description' is missing in type '{ [K in keyof T]: T[K] extends (...args: infer A) => infer B ? CalledWithMock<B, A> : T[K]; }' but required in type 'INodeType'.
n8n-core:typecheck: src/execution-engine/node-execution-context/__tests__/supply-data-context.test.ts(159,48): error TS2339: Property 'getCredentials' does not exist on type 'SupplyDataContext'.
n8n-core:typecheck: src/execution-engine/node-execution-context/__tests__/supply-data-context.test.ts(200,36): error TS2339: Property 'name' does not exist on type '{ [K in keyof T]: T[K] extends (...args: infer A) => infer B ? CalledWithMock<B, A> : T[K]; } & T'.
n8n-core:typecheck: src/execution-engine/node-execution-context/__tests__/supply-data-context.test.ts(204,5): error TS2345: Argument of type '{ [K in keyof T]: T[K] extends (...args: infer A) => infer B ? CalledWithMock<B, A> : T[K]; } & T' is not assignable to parameter of type 'INode'.
n8n-core:typecheck:   Type '{ [K in keyof T]: T[K] extends (...args: infer A) => infer B ? CalledWithMock<B, A> : T[K]; }' is missing the following properties from type 'INode': id, name, typeVersion, type, and 2 more.
n8n-core:typecheck: src/execution-engine/node-execution-context/__tests__/supply-data-context.test.ts(232,5): error TS2345: Argument of type '{ [K in keyof T]: T[K] extends (...args: infer A) => infer B ? CalledWithMock<B, A> : T[K]; } & T' is not assignable to parameter of type 'INode'.
n8n-core:typecheck:   Type '{ [K in keyof T]: T[K] extends (...args: infer A) => infer B ? CalledWithMock<B, A> : T[K]; }' is missing the following properties from type 'INode': id, name, typeVersion, type, and 2 more.
n8n-core:typecheck: src/execution-engine/node-execution-context/__tests__/supply-data-context.test.ts(265,5): error TS2353: Object literal may only specify known properties, and 'credentialsHelper' does not exist in type '{ executeWorkflow?: ((workflowInfo: IExecuteWorkflowInfo, additionalData: IWorkflowExecuteAdditionalData, options: ExecuteWorkflowOptions) => Promise<...>) | undefined; ... 25 more ...; dataTableProjectId?: string | undefined; }'.
n8n-core:typecheck: src/execution-engine/node-execution-context/__tests__/supply-data-context.test.ts(272,13): error TS2339: Property 'name' does not exist on type '{ [K in keyof T]: T[K] extends (...args: infer A) => infer B ? CalledWithMock<B, A> : T[K]; } & T'.
n8n-core:typecheck: src/execution-engine/node-execution-context/__tests__/supply-data-context.test.ts(289,5): error TS2345: Argument of type '{ [K in keyof T]: T[K] extends (...args: infer A) => infer B ? CalledWithMock<B, A> : T[K]; } & T' is not assignable to parameter of type 'INode'.
n8n-core:typecheck:   Type '{ [K in keyof T]: T[K] extends (...args: infer A) => infer B ? CalledWithMock<B, A> : T[K]; }' is missing the following properties from type 'INode': id, name, typeVersion, type, and 2 more.
n8n-core:typecheck: src/execution-engine/node-execution-context/__tests__/supply-data-context.test.ts(306,10): error TS2339: Property 'name' does not exist on type '{ [K in keyof T]: T[K] extends (...args: infer A) => infer B ? CalledWithMock<B, A> : T[K]; } & T'.
n8n-core:typecheck: src/execution-engine/node-execution-context/__tests__/supply-data-context.test.ts(310,66): error TS2339: Property 'name' does not exist on type '{ [K in keyof T]: T[K] extends (...args: infer A) => infer B ? CalledWithMock<B, A> : T[K]; } & T'.
n8n-core:typecheck: src/execution-engine/node-execution-context/__tests__/supply-data-context.test.ts(316,10): error TS2339: Property 'name' does not exist on type '{ [K in keyof T]: T[K] extends (...args: infer A) => infer B ? CalledWithMock<B, A> : T[K]; } & T'.
n8n-core:typecheck: src/execution-engine/node-execution-context/__tests__/supply-data-context.test.ts(327,5): error TS2345: Argument of type '{ [K in keyof T]: T[K] extends (...args: infer A) => infer B ? CalledWithMock<B, A> : T[K]; } & T' is not assignable to parameter of type 'INode'.
n8n-core:typecheck:   Type '{ [K in keyof T]: T[K] extends (...args: infer A) => infer B ? CalledWithMock<B, A> : T[K]; }' is missing the following properties from type 'INode': id, name, typeVersion, type, and 2 more.
n8n-core:typecheck: src/execution-engine/node-execution-context/__tests__/supply-data-context.test.ts(354,5): error TS2345: Argument of type '{ [K in keyof T]: T[K] extends (...args: infer A) => infer B ? CalledWithMock<B, A> : T[K]; } & T' is not assignable to parameter of type 'INode'.
n8n-core:typecheck:   Type '{ [K in keyof T]: T[K] extends (...args: infer A) => infer B ? CalledWithMock<B, A> : T[K]; }' is missing the following properties from type 'INode': id, name, typeVersion, type, and 2 more.
n8n-core:typecheck: src/execution-engine/node-execution-context/__tests__/supply-data-context.test.ts(387,5): error TS2345: Argument of type '{ [K in keyof T]: T[K] extends (...args: infer A) => infer B ? CalledWithMock<B, A> : T[K]; } & T' is not assignable to parameter of type 'INode'.
n8n-core:typecheck:   Type '{ [K in keyof T]: T[K] extends (...args: infer A) => infer B ? CalledWithMock<B, A> : T[K]; }' is missing the following properties from type 'INode': id, name, typeVersion, type, and 2 more.
n8n-core:typecheck: src/execution-engine/node-execution-context/__tests__/supply-data-context.test.ts(422,5): error TS2353: Object literal may only specify known properties, and 'credentialsHelper' does not exist in type '{ executeWorkflow?: ((workflowInfo: IExecuteWorkflowInfo, additionalData: IWorkflowExecuteAdditionalData, options: ExecuteWorkflowOptions) => Promise<...>) | undefined; ... 25 more ...; dataTableProjectId?: string | undefined; }'.
n8n-core:typecheck: src/execution-engine/node-execution-context/__tests__/supply-data-context.test.ts(429,13): error TS2339: Property 'name' does not exist on type '{ [K in keyof T]: T[K] extends (...args: infer A) => infer B ? CalledWithMock<B, A> : T[K]; } & T'.
n8n-core:typecheck: src/execution-engine/node-execution-context/__tests__/supply-data-context.test.ts(446,5): error TS2345: Argument of type '{ [K in keyof T]: T[K] extends (...args: infer A) => infer B ? CalledWithMock<B, A> : T[K]; } & T' is not assignable to parameter of type 'INode'.
n8n-core:typecheck:   Type '{ [K in keyof T]: T[K] extends (...args: infer A) => infer B ? CalledWithMock<B, A> : T[K]; }' is missing the following properties from type 'INode': id, name, typeVersion, type, and 2 more.
n8n-core:typecheck: src/execution-engine/node-execution-context/__tests__/supply-data-context.test.ts(473,10): error TS2339: Property 'name' does not exist on type '{ [K in keyof T]: T[K] extends (...args: infer A) => infer B ? CalledWithMock<B, A> : T[K]; } & T'.
n8n-core:typecheck: src/execution-engine/node-execution-context/__tests__/supply-data-context.test.ts(478,66): error TS2339: Property 'name' does not exist on type '{ [K in keyof T]: T[K] extends (...args: infer A) => infer B ? CalledWithMock<B, A> : T[K]; } & T'.
n8n-core:typecheck: src/execution-engine/node-execution-context/__tests__/supply-data-context.test.ts(489,5): error TS2353: Object literal may only specify known properties, and 'credentialsHelper' does not exist in type '{ executeWorkflow?: ((workflowInfo: IExecuteWorkflowInfo, additionalData: IWorkflowExecuteAdditionalData, options: ExecuteWorkflowOptions) => Promise<...>) | undefined; ... 25 more ...; dataTableProjectId?: string | undefined; }'.
n8n-core:typecheck: src/execution-engine/node-execution-context/__tests__/supply-data-context.test.ts(498,13): error TS2339: Property 'name' does not exist on type '{ [K in keyof T]: T[K] extends (...args: infer A) => infer B ? CalledWithMock<B, A> : T[K]; } & T'.
n8n-core:typecheck: src/execution-engine/node-execution-context/__tests__/supply-data-context.test.ts(520,5): error TS2345: Argument of type '{ [K in keyof T]: T[K] extends (...args: infer A) => infer B ? CalledWithMock<B, A> : T[K]; } & T' is not assignable to parameter of type 'INode'.
n8n-core:typecheck:   Type '{ [K in keyof T]: T[K] extends (...args: infer A) => infer B ? CalledWithMock<B, A> : T[K]; }' is missing the following properties from type 'INode': id, name, typeVersion, type, and 2 more.
n8n-core:typecheck: src/execution-engine/node-execution-context/__tests__/supply-data-context.test.ts(540,10): error TS2339: Property 'name' does not exist on type '{ [K in keyof T]: T[K] extends (...args: infer A) => infer B ? CalledWithMock<B, A> : T[K]; } & T'.
n8n-core:typecheck: src/execution-engine/node-execution-context/__tests__/supply-data-context.test.ts(545,66): error TS2339: Property 'name' does not exist on type '{ [K in keyof T]: T[K] extends (...args: infer A) => infer B ? CalledWithMock<B, A> : T[K]; } & T'.
n8n-core:typecheck: src/execution-engine/node-execution-context/__tests__/supply-data-context.test.ts(555,5): error TS2353: Object literal may only specify known properties, and 'credentialsHelper' does not exist in type '{ executeWorkflow?: ((workflowInfo: IExecuteWorkflowInfo, additionalData: IWorkflowExecuteAdditionalData, options: ExecuteWorkflowOptions) => Promise<...>) | undefined; ... 25 more ...; dataTableProjectId?: string | undefined; }'.
n8n-core:typecheck: src/execution-engine/node-execution-context/__tests__/supply-data-context.test.ts(569,5): error TS2345: Argument of type '{ [K in keyof T]: T[K] extends (...args: infer A) => infer B ? CalledWithMock<B, A> : T[K]; } & T' is not assignable to parameter of type 'INode'.
n8n-core:typecheck:   Type '{ [K in keyof T]: T[K] extends (...args: infer A) => infer B ? CalledWithMock<B, A> : T[K]; }' is missing the following properties from type 'INode': id, name, typeVersion, type, and 2 more.
n8n-core:typecheck: src/execution-engine/node-execution-context/__tests__/supply-data-context.test.ts(598,10): error TS2339: Property 'name' does not exist on type '{ [K in keyof T]: T[K] extends (...args: infer A) => infer B ? CalledWithMock<B, A> : T[K]; } & T'.
n8n-core:typecheck: src/execution-engine/node-execution-context/__tests__/supply-data-context.test.ts(603,66): error TS2339: Property 'name' does not exist on type '{ [K in keyof T]: T[K] extends (...args: infer A) => infer B ? CalledWithMock<B, A> : T[K]; } & T'.
n8n-core:typecheck: src/execution-engine/node-execution-context/__tests__/trigger-context.test.ts(4,2): error TS2305: Module '"n8n-workflow"' has no exported member 'ICredentialDataDecryptedObject'.
n8n-core:typecheck: src/execution-engine/node-execution-context/__tests__/trigger-context.test.ts(5,2): error TS2305: Module '"n8n-workflow"' has no exported member 'ICredentialsHelper'.
n8n-core:typecheck: src/execution-engine/node-execution-context/__tests__/trigger-context.test.ts(21,4): error TS2353: Object literal may only specify known properties, and 'credentials' does not exist in type '{ version?: number | (number | undefined)[] | undefined; defaults?: { color?: string | undefined; name?: string | undefined; } | undefined; eventTriggerDescription?: string | undefined; ... 36 more ...; usableAsTool?: true | ... 1 more ... | undefined; }'.
n8n-core:typecheck: src/execution-engine/node-execution-context/__tests__/trigger-context.test.ts(39,3): error TS2353: Object literal may only specify known properties, and 'credentials' does not exist in type '{ id?: string | undefined; name?: string | undefined; typeVersion?: number | undefined; type?: string | undefined; position?: [(number | undefined)?, (number | undefined)?] | undefined; ... 13 more ...; forceCustomOperation?: { ...; } | undefined; }'.
n8n-core:typecheck: src/execution-engine/node-execution-context/__tests__/trigger-context.test.ts(45,7): error TS2339: Property 'parameters' does not exist on type '{ [K in keyof T]: T[K] extends (...args: infer A) => infer B ? CalledWithMock<B, A> : T[K]; } & T'.
n8n-core:typecheck: src/execution-engine/node-execution-context/__tests__/trigger-context.test.ts(49,64): error TS2353: Object literal may only specify known properties, and 'credentialsHelper' does not exist in type '{ executeWorkflow?: ((workflowInfo: IExecuteWorkflowInfo, additionalData: IWorkflowExecuteAdditionalData, options: ExecuteWorkflowOptions) => Promise<...>) | undefined; ... 25 more ...; dataTableProjectId?: string | undefined; }'.
n8n-core:typecheck: src/execution-engine/node-execution-context/__tests__/trigger-context.test.ts(53,54): error TS2345: Argument of type '{ [K in keyof T]: T[K] extends (...args: infer A) => infer B ? CalledWithMock<B, A> : T[K]; } & T' is not assignable to parameter of type 'INode'.
n8n-core:typecheck:   Type '{ [K in keyof T]: T[K] extends (...args: infer A) => infer B ? CalledWithMock<B, A> : T[K]; }' is missing the following properties from type 'INode': id, name, typeVersion, type, and 2 more.
n8n-core:typecheck: src/execution-engine/node-execution-context/__tests__/trigger-context.test.ts(68,50): error TS2345: Argument of type '{ [K in keyof T]: T[K] extends (...args: infer A) => infer B ? CalledWithMock<B, A> : T[K]; } & T' is not assignable to parameter of type 'INodeType'.
n8n-core:typecheck:   Property 'description' is missing in type '{ [K in keyof T]: T[K] extends (...args: infer A) => infer B ? CalledWithMock<B, A> : T[K]; }' but required in type 'INodeType'.
n8n-core:typecheck: src/execution-engine/node-execution-context/__tests__/trigger-context.test.ts(72,26): error TS2339: Property 'getCredentials' does not exist on type 'TriggerContext'.
n8n-core:typecheck: src/execution-engine/node-execution-context/__tests__/trigger-context.test.ts(80,50): error TS2345: Argument of type '{ [K in keyof T]: T[K] extends (...args: infer A) => infer B ? CalledWithMock<B, A> : T[K]; } & T' is not assignable to parameter of type 'INodeType'.
n8n-core:typecheck:   Property 'description' is missing in type '{ [K in keyof T]: T[K] extends (...args: infer A) => infer B ? CalledWithMock<B, A> : T[K]; }' but required in type 'INodeType'.
n8n-core:typecheck: src/execution-engine/node-execution-context/__tests__/webhook-context.test.ts(5,2): error TS2305: Module '"n8n-workflow"' has no exported member 'ICredentialDataDecryptedObject'.
n8n-core:typecheck: src/execution-engine/node-execution-context/__tests__/webhook-context.test.ts(6,2): error TS2305: Module '"n8n-workflow"' has no exported member 'ICredentialsHelper'.
n8n-core:typecheck: src/execution-engine/node-execution-context/__tests__/webhook-context.test.ts(22,4): error TS2353: Object literal may only specify known properties, and 'credentials' does not exist in type '{ version?: number | (number | undefined)[] | undefined; defaults?: { color?: string | undefined; name?: string | undefined; } | undefined; eventTriggerDescription?: string | undefined; ... 36 more ...; usableAsTool?: true | ... 1 more ... | undefined; }'.
n8n-core:typecheck: src/execution-engine/node-execution-context/__tests__/webhook-context.test.ts(40,3): error TS2353: Object literal may only specify known properties, and 'credentials' does not exist in type '{ id?: string | undefined; name?: string | undefined; typeVersion?: number | undefined; type?: string | undefined; position?: [(number | undefined)?, (number | undefined)?] | undefined; ... 13 more ...; forceCustomOperation?: { ...; } | undefined; }'.
n8n-core:typecheck: src/execution-engine/node-execution-context/__tests__/webhook-context.test.ts(46,7): error TS2339: Property 'parameters' does not exist on type '{ [K in keyof T]: T[K] extends (...args: infer A) => infer B ? CalledWithMock<B, A> : T[K]; } & T'.
n8n-core:typecheck: src/execution-engine/node-execution-context/__tests__/webhook-context.test.ts(51,3): error TS2353: Object literal may only specify known properties, and 'credentialsHelper' does not exist in type '{ executeWorkflow?: ((workflowInfo: IExecuteWorkflowInfo, additionalData: IWorkflowExecuteAdditionalData, options: ExecuteWorkflowOptions) => Promise<...>) | undefined; ... 25 more ...; dataTableProjectId?: string | undefined; }'.
n8n-core:typecheck: src/execution-engine/node-execution-context/__tests__/webhook-context.test.ts(53,17): error TS2339: Property 'httpRequest' does not exist on type '{ [K in keyof T]: T[K] extends (...args: infer A) => infer B ? CalledWithMock<B, A> : T[K]; } & T'.
n8n-core:typecheck: src/execution-engine/node-execution-context/__tests__/webhook-context.test.ts(59,17): error TS2339: Property 'httpResponse' does not exist on type '{ [K in keyof T]: T[K] extends (...args: infer A) => infer B ? CalledWithMock<B, A> : T[K]; } & T'.
n8n-core:typecheck: src/execution-engine/node-execution-context/__tests__/webhook-context.test.ts(70,3): error TS2345: Argument of type '{ [K in keyof T]: T[K] extends (...args: infer A) => infer B ? CalledWithMock<B, A> : T[K]; } & T' is not assignable to parameter of type 'INode'.
n8n-core:typecheck:   Type '{ [K in keyof T]: T[K] extends (...args: infer A) => infer B ? CalledWithMock<B, A> : T[K]; }' is missing the following properties from type 'INode': id, name, typeVersion, type, and 2 more.
n8n-core:typecheck: src/execution-engine/node-execution-context/__tests__/webhook-context.test.ts(84,50): error TS2345: Argument of type '{ [K in keyof T]: T[K] extends (...args: infer A) => infer B ? CalledWithMock<B, A> : T[K]; } & T' is not assignable to parameter of type 'INodeType'.
n8n-core:typecheck:   Property 'description' is missing in type '{ [K in keyof T]: T[K] extends (...args: infer A) => infer B ? CalledWithMock<B, A> : T[K]; }' but required in type 'INodeType'.
n8n-core:typecheck: src/execution-engine/node-execution-context/__tests__/webhook-context.test.ts(88,26): error TS2339: Property 'getCredentials' does not exist on type 'WebhookContext'.
n8n-core:typecheck: src/execution-engine/node-execution-context/__tests__/webhook-context.test.ts(125,40): error TS2339: Property 'httpRequest' does not exist on type '{ [K in keyof T]: T[K] extends (...args: infer A) => infer B ? CalledWithMock<B, A> : T[K]; } & T'.
n8n-core:typecheck: src/execution-engine/node-execution-context/__tests__/webhook-context.test.ts(132,41): error TS2339: Property 'httpResponse' does not exist on type '{ [K in keyof T]: T[K] extends (...args: infer A) => infer B ? CalledWithMock<B, A> : T[K]; } & T'.
n8n-core:typecheck: src/execution-engine/node-execution-context/__tests__/webhook-context.test.ts(145,50): error TS2345: Argument of type '{ [K in keyof T]: T[K] extends (...args: infer A) => infer B ? CalledWithMock<B, A> : T[K]; } & T' is not assignable to parameter of type 'INodeType'.
n8n-core:typecheck:   Property 'description' is missing in type '{ [K in keyof T]: T[K] extends (...args: infer A) => infer B ? CalledWithMock<B, A> : T[K]; }' but required in type 'INodeType'.
n8n-core:typecheck: src/execution-engine/node-execution-context/node-execution-context.ts(28,2): error TS6133: 'NodeOperationError' is declared but its value is never read.
n8n-core:typecheck: src/execution-engine/node-execution-context/node-execution-context.ts(33,2): error TS6133: 'HTTP_REQUEST_AS_TOOL_NODE_TYPE' is declared but its value is never read.
n8n-core:typecheck: src/execution-engine/node-execution-context/node-execution-context.ts(34,2): error TS6133: 'HTTP_REQUEST_NODE_TYPE' is declared but its value is never read.
n8n-core:typecheck: src/execution-engine/node-execution-context/node-execution-context.ts(35,2): error TS6133: 'HTTP_REQUEST_TOOL_NODE_TYPE' is declared but its value is never read.
n8n-core:typecheck: src/execution-engine/node-execution-context/utils/__tests__/request-helper-functions.test.ts(895,13): error TS2339: Property 'credentials' does not exist on type 'DeepMockProxy<INode>'.
n8n-core:typecheck: src/execution-engine/node-execution-context/utils/__tests__/request-helper-functions.test.ts(904,13): error TS2339: Property 'getCredentials' does not exist on type 'DeepMockProxy<IAllExecuteFunctions>'.
n8n-core:typecheck:   Property 'getCredentials' does not exist on type '{ getNodeParameter: CalledWithMock<object | NodeParameterValueType, [parameterName: string, itemIndex: number, fallbackValue?: any, options?: IGetNodeParameterOptions | undefined]>; ... 45 more ...; startJob: CalledWithMock<...>; } & ... 4 more ... & { ...; }'.
n8n-core:typecheck: src/execution-engine/node-execution-context/utils/__tests__/request-helper-functions.test.ts(932,24): error TS2339: Property 'credentialsHelper' does not exist on type 'DeepMockProxy<IWorkflowExecuteAdditionalData>'.
n8n-core:typecheck: src/execution-engine/node-execution-context/utils/__tests__/request-helper-functions.test.ts(934,14): error TS2339: Property 'credentials' does not exist on type 'DeepMockProxy<INode>'.
n8n-core:typecheck: src/execution-engine/node-execution-context/utils/__tests__/request-helper-functions.test.ts(946,13): error TS2339: Property 'getCredentials' does not exist on type 'DeepMockProxy<IAllExecuteFunctions>'.
n8n-core:typecheck:   Property 'getCredentials' does not exist on type '{ getNodeParameter: CalledWithMock<object | NodeParameterValueType, [parameterName: string, itemIndex: number, fallbackValue?: any, options?: IGetNodeParameterOptions | undefined]>; ... 45 more ...; startJob: CalledWithMock<...>; } & ... 4 more ... & { ...; }'.
n8n-core:typecheck: src/execution-engine/node-execution-context/utils/__tests__/request-helper-functions.test.ts(974,24): error TS2339: Property 'credentialsHelper' does not exist on type 'DeepMockProxy<IWorkflowExecuteAdditionalData>'.
n8n-core:typecheck: src/execution-engine/node-execution-context/utils/__tests__/request-helper-functions.test.ts(976,14): error TS2339: Property 'credentials' does not exist on type 'DeepMockProxy<INode>'.
n8n-core:typecheck: src/execution-engine/node-execution-context/utils/__tests__/request-helper-functions.test.ts(988,13): error TS2339: Property 'getCredentials' does not exist on type 'DeepMockProxy<IAllExecuteFunctions>'.
n8n-core:typecheck:   Property 'getCredentials' does not exist on type '{ getNodeParameter: CalledWithMock<object | NodeParameterValueType, [parameterName: string, itemIndex: number, fallbackValue?: any, options?: IGetNodeParameterOptions | undefined]>; ... 45 more ...; startJob: CalledWithMock<...>; } & ... 4 more ... & { ...; }'.
n8n-core:typecheck: src/execution-engine/node-execution-context/utils/__tests__/request-helper-functions.test.ts(1013,24): error TS2339: Property 'credentialsHelper' does not exist on type 'DeepMockProxy<IWorkflowExecuteAdditionalData>'.
n8n-core:typecheck: src/execution-engine/node-execution-context/utils/__tests__/request-helper-functions.test.ts(1015,14): error TS2339: Property 'credentials' does not exist on type 'DeepMockProxy<INode>'.
n8n-core:typecheck: src/execution-engine/node-execution-context/utils/__tests__/request-helper-functions.test.ts(1027,13): error TS2339: Property 'getCredentials' does not exist on type 'DeepMockProxy<IAllExecuteFunctions>'.
n8n-core:typecheck:   Property 'getCredentials' does not exist on type '{ getNodeParameter: CalledWithMock<object | NodeParameterValueType, [parameterName: string, itemIndex: number, fallbackValue?: any, options?: IGetNodeParameterOptions | undefined]>; ... 45 more ...; startJob: CalledWithMock<...>; } & ... 4 more ... & { ...; }'.
n8n-core:typecheck: src/execution-engine/node-execution-context/utils/__tests__/request-helper-functions.test.ts(1036,24): error TS2339: Property 'credentialsHelper' does not exist on type 'DeepMockProxy<IWorkflowExecuteAdditionalData>'.
n8n-core:typecheck: src/execution-engine/node-execution-context/utils/__tests__/request-helper-functions.test.ts(1041,13): error TS2339: Property 'credentials' does not exist on type 'DeepMockProxy<INode>'.
n8n-core:typecheck: src/execution-engine/node-execution-context/utils/__tests__/request-helper-functions.test.ts(1042,13): error TS2339: Property 'getCredentials' does not exist on type 'DeepMockProxy<IAllExecuteFunctions>'.
n8n-core:typecheck:   Property 'getCredentials' does not exist on type '{ getNodeParameter: CalledWithMock<object | NodeParameterValueType, [parameterName: string, itemIndex: number, fallbackValue?: any, options?: IGetNodeParameterOptions | undefined]>; ... 45 more ...; startJob: CalledWithMock<...>; } & ... 4 more ... & { ...; }'.
n8n-core:typecheck: src/execution-engine/node-execution-context/utils/__tests__/request-helper-functions.test.ts(1052,24): error TS2339: Property 'credentialsHelper' does not exist on type 'DeepMockProxy<IWorkflowExecuteAdditionalData>'.
n8n-core:typecheck: src/execution-engine/node-execution-context/utils/request-helper-functions.ts(10,1): error TS6192: All imports in import declaration are unused.
n8n-core:typecheck: src/execution-engine/node-execution-context/utils/request-helper-functions.ts(16,1): error TS6133: 'ClientOAuth2' is declared but its value is never read.
n8n-core:typecheck: src/execution-engine/node-execution-context/utils/request-helper-functions.ts(18,15): error TS6196: 'AxiosError' is declared but never used.
n8n-core:typecheck: src/execution-engine/node-execution-context/utils/request-helper-functions.ts(20,18): error TS6133: 'createHmac' is declared but its value is never read.
n8n-core:typecheck: src/execution-engine/node-execution-context/utils/request-helper-functions.ts(24,1): error TS6133: 'get' is declared but its value is never read.
n8n-core:typecheck: src/execution-engine/node-execution-context/utils/request-helper-functions.ts(41,2): error TS6196: 'IDataObject' is declared but never used.
n8n-core:typecheck: src/execution-engine/node-execution-context/utils/request-helper-functions.ts(60,1): error TS6133: 'Token' is declared but its value is never read.
n8n-core:typecheck: src/execution-engine/node-execution-context/utils/request-helper-functions.ts(61,1): error TS6133: 'clientOAuth1' is declared but its value is never read.
n8n-core:typecheck: src/execution-engine/node-execution-context/utils/request-helper-functions.ts(66,1): error TS6133: 'IResponseError' is declared but its value is never read.
n8n-core:typecheck: src/execution-engine/node-execution-context/utils/request-helper-functions.ts(885,2): error TS6133: 'requestOptions' is declared but its value is never read.
n8n-core:typecheck: src/execution-engine/node-execution-context/utils/request-helper-functions.ts(887,2): error TS6133: 'additionalData' is declared but its value is never read.
n8n-core:typecheck: src/execution-engine/node-execution-context/utils/request-helper-functions.ts(888,2): error TS6133: 'oAuth2Options' is declared but its value is never read.
n8n-core:typecheck: src/execution-engine/node-execution-context/utils/request-helper-functions.ts(889,2): error TS6133: 'isN8nRequest' is declared but its value is never read.
n8n-core:typecheck: src/execution-engine/node-execution-context/utils/request-helper-functions.ts(905,2): error TS6133: 'requestOptions' is declared but its value is never read.
n8n-core:typecheck: src/execution-engine/node-execution-context/utils/request-helper-functions.ts(906,2): error TS6133: 'isN8nRequest' is declared but its value is never read.
n8n-core:typecheck: src/execution-engine/node-execution-context/utils/request-helper-functions.ts(923,2): error TS6133: 'additionalData' is declared but its value is never read.
n8n-core:typecheck: src/execution-engine/node-execution-context/utils/request-helper-functions.ts(924,2): error TS6133: 'oAuth2Options' is declared but its value is never read.
n8n-core:typecheck: src/execution-engine/node-execution-context/utils/request-helper-functions.ts(939,2): error TS6133: 'credentialsType' is declared but its value is never read.
n8n-core:typecheck: src/execution-engine/node-execution-context/utils/request-helper-functions.ts(941,2): error TS6133: 'workflow' is declared but its value is never read.
n8n-core:typecheck: src/execution-engine/node-execution-context/utils/request-helper-functions.ts(942,2): error TS6133: 'node' is declared but its value is never read.
n8n-core:typecheck: src/execution-engine/node-execution-context/utils/request-helper-functions.ts(943,2): error TS6133: 'additionalData' is declared but its value is never read.
n8n-core:typecheck: src/execution-engine/node-execution-context/utils/request-helper-functions.ts(963,2): error TS6133: 'credentialsType' is declared but its value is never read.
n8n-core:typecheck: src/execution-engine/node-execution-context/utils/request-helper-functions.ts(968,2): error TS6133: 'itemIndex' is declared but its value is never read.
n8n-core:typecheck: src/execution-engine/node-execution-context/utils/request-helper-functions.ts(1019,17): error TS6133: 'requestWithAuthenticationPaginated' is declared but its value is never read.
n8n-core:typecheck: src/execution-engine/node-execution-context/utils/request-helper-functions.ts(1024,3): error TS6133: 'credentialsType' is declared but its value is never read.
n8n-core:typecheck: src/execution-engine/node-execution-context/utils/request-helper-functions.ts(1227,4): error TS6133: 'credentialsType' is declared but its value is never read.
n8n-core:typecheck: src/execution-engine/node-execution-context/utils/request-helper-functions.ts(1228,4): error TS6133: 'requestOptions' is declared but its value is never read.
n8n-core:typecheck: src/execution-engine/node-execution-context/utils/request-helper-functions.ts(1234,4): error TS6133: 'credentialsType' is declared but its value is never read.
n8n-core:typecheck: src/execution-engine/node-execution-context/utils/request-helper-functions.ts(1235,4): error TS6133: 'requestOptions' is declared but its value is never read.
n8n-core:typecheck: src/execution-engine/node-execution-context/utils/request-helper-functions.ts(1236,4): error TS6133: 'oAuth2Options' is declared but its value is never read.
n8n-core:typecheck: src/execution-engine/node-execution-context/utils/request-helper-functions.ts(1242,4): error TS6133: 'credentialsType' is declared but its value is never read.
n8n-core:typecheck: src/execution-engine/node-execution-context/utils/request-helper-functions.ts(1243,4): error TS6133: 'oAuth2Options' is declared but its value is never read.
n8n-core:typecheck: src/execution-engine/routing-node.ts(531,3): error TS6133: 'credentialType' is declared but its value is never read.
n8n-core:typecheck: src/nodes-loader/__tests__/directory-loader.test.ts(4,2): error TS2305: Module '"n8n-workflow"' has no exported member 'ICredentialType'.
n8n-core:typecheck: src/nodes-loader/__tests__/directory-loader.test.ts(45,36): error TS6133: 'credential' is declared but its value is never read.
n8n-core:typecheck: src/nodes-loader/__tests__/directory-loader.test.ts(94,18): error TS2339: Property 'nodesByCredential' does not exist on type 'CustomDirectoryLoader'.
n8n-core:typecheck: src/nodes-loader/__tests__/directory-loader.test.ts(95,18): error TS2339: Property 'credentialTypes' does not exist on type 'CustomDirectoryLoader'.
n8n-core:typecheck: src/nodes-loader/__tests__/directory-loader.test.ts(123,18): error TS2339: Property 'nodesByCredential' does not exist on type 'PackageDirectoryLoader'.
n8n-core:typecheck: src/nodes-loader/__tests__/directory-loader.test.ts(124,18): error TS2339: Property 'credentialTypes' does not exist on type 'PackageDirectoryLoader'.
n8n-core:typecheck: src/nodes-loader/__tests__/directory-loader.test.ts(175,18): error TS2339: Property 'credentialTypes' does not exist on type 'PackageDirectoryLoader'.
n8n-core:typecheck: src/nodes-loader/__tests__/directory-loader.test.ts(192,26): error TS2339: Property 'credentials' does not exist on type 'INodeTypeDescription'.
n8n-core:typecheck: src/nodes-loader/__tests__/directory-loader.test.ts(417,18): error TS2339: Property 'credentialTypes' does not exist on type 'PackageDirectoryLoader'.
n8n-core:typecheck: src/nodes-loader/__tests__/directory-loader.test.ts(419,24): error TS2339: Property 'credentials' does not exist on type 'Types'.
n8n-core:typecheck: src/nodes-loader/__tests__/directory-loader.test.ts(429,18): error TS2339: Property 'credentialTypes' does not exist on type 'PackageDirectoryLoader'.
n8n-core:typecheck: src/nodes-loader/__tests__/directory-loader.test.ts(431,24): error TS2339: Property 'credentials' does not exist on type 'Types'.
n8n-core:typecheck: src/nodes-loader/__tests__/directory-loader.test.ts(460,6): error TS2322: Type '{ description: INodeTypeDescription; supplyData?: ((this: ISupplyDataFunctions, itemIndex: number) => Promise<SupplyData>) | undefined; ... 7 more ...; customOperations?: { ...; } | undefined; } & INodeType' is not assignable to type '{ description?: { version?: number | (number | undefined)[] | undefined; defaults?: { color?: string | undefined; name?: string | undefined; } | undefined; eventTriggerDescription?: string | undefined; ... 36 more ...; usableAsTool?: true | ... 1 more ... | undefined; } | undefined; ... 8 more ...; customOperations?...'.
n8n-core:typecheck:   Type '{ description: INodeTypeDescription; supplyData?: ((this: ISupplyDataFunctions, itemIndex: number) => Promise<SupplyData>) | undefined; ... 7 more ...; customOperations?: { ...; } | undefined; } & INodeType' is not assignable to type '{ description?: { version?: number | (number | undefined)[] | undefined; defaults?: { color?: string | undefined; name?: string | undefined; } | undefined; eventTriggerDescription?: string | undefined; ... 36 more ...; usableAsTool?: true | ... 1 more ... | undefined; } | undefined; ... 8 more ...; customOperations?...'.
n8n-core:typecheck:     The types of 'description.properties' are incompatible between these types.
n8n-core:typecheck:       Type 'INodeProperties[]' is not assignable to type '({ displayName?: string | undefined; name?: string | undefined; type?: NodePropertyTypes | undefined; typeOptions?: { [x: string]: any; buttonConfig?: { action?: string | ... 1 more ... | undefined; label?: string | undefined; hasInputField?: boolean | undefined; inputFieldMaxLength?: number | undefined; } | undefin...'.
n8n-core:typecheck:         Type 'INodeProperties' is not assignable to type '{ displayName?: string | undefined; name?: string | undefined; type?: NodePropertyTypes | undefined; typeOptions?: { [x: string]: any; buttonConfig?: { action?: string | { ...; } | undefined; label?: string | undefined; hasInputField?: boolean | undefined; inputFieldMaxLength?: number | undefined; } | undefined; ......'.
n8n-core:typecheck:           Types of property 'typeOptions' are incompatible.
n8n-core:typecheck:             Type 'INodePropertyTypeOptions | undefined' is not assignable to type '{ [x: string]: any; buttonConfig?: { action?: string | { type?: "askAiCodeGeneration" | undefined; handler?: string | undefined; target?: string | undefined; } | undefined; label?: string | undefined; hasInputField?: boolean | undefined; inputFieldMaxLength?: number | undefined; } | undefined; ... 25 more ...; binar...'.
n8n-core:typecheck:               Type 'INodePropertyTypeOptions' is not assignable to type '{ [x: string]: any; buttonConfig?: { action?: string | { type?: "askAiCodeGeneration" | undefined; handler?: string | undefined; target?: string | undefined; } | undefined; label?: string | undefined; hasInputField?: boolean | undefined; inputFieldMaxLength?: number | undefined; } | undefined; ... 25 more ...; binar...'.
n8n-core:typecheck:                 Types of property 'filter' are incompatible.
n8n-core:typecheck:                   Type 'FilterTypeOptions | undefined' is not assignable to type '{ version?: 1 | 2 | {} | undefined; caseSensitive?: string | boolean | undefined; leftValue?: string | undefined; allowedCombinators?: [(FilterTypeCombinator | undefined)?, ...undefined[]] | undefined; maxConditions?: number | undefined; typeValidation?: {} | ... 2 more ... | undefined; } | undefined'.
n8n-core:typecheck:                     Type 'FilterTypeOptions' is not assignable to type '{ version?: 1 | 2 | {} | undefined; caseSensitive?: string | boolean | undefined; leftValue?: string | undefined; allowedCombinators?: [(FilterTypeCombinator | undefined)?, ...undefined[]] | undefined; maxConditions?: number | undefined; typeValidation?: {} | ... 2 more ... | undefined; }'.
n8n-core:typecheck:                       Types of property 'allowedCombinators' are incompatible.
n8n-core:typecheck:                         Type 'NonEmptyArray<FilterTypeCombinator> | undefined' is not assignable to type '[(FilterTypeCombinator | undefined)?, ...undefined[]] | undefined'.
n8n-core:typecheck:                           Type 'NonEmptyArray<FilterTypeCombinator>' is not assignable to type '[(FilterTypeCombinator | undefined)?, ...undefined[]]'.
n8n-core:typecheck:                             Type at position 1 in source is not compatible with type at position 1 in target.
n8n-core:typecheck:                               Type 'FilterTypeCombinator' is not assignable to type 'undefined'.
n8n-core:typecheck:                                 Type '"and"' is not assignable to type 'undefined'.
n8n-core:typecheck: src/nodes-loader/__tests__/directory-loader.test.ts(461,6): error TS2322: Type '{ description: INodeTypeDescription; supplyData?: ((this: ISupplyDataFunctions, itemIndex: number) => Promise<SupplyData>) | undefined; ... 7 more ...; customOperations?: { ...; } | undefined; } & INodeType' is not assignable to type '{ description?: { version?: number | (number | undefined)[] | undefined; defaults?: { color?: string | undefined; name?: string | undefined; } | undefined; eventTriggerDescription?: string | undefined; ... 36 more ...; usableAsTool?: true | ... 1 more ... | undefined; } | undefined; ... 8 more ...; customOperations?...'.
n8n-core:typecheck:   Type '{ description: INodeTypeDescription; supplyData?: ((this: ISupplyDataFunctions, itemIndex: number) => Promise<SupplyData>) | undefined; ... 7 more ...; customOperations?: { ...; } | undefined; } & INodeType' is not assignable to type '{ description?: { version?: number | (number | undefined)[] | undefined; defaults?: { color?: string | undefined; name?: string | undefined; } | undefined; eventTriggerDescription?: string | undefined; ... 36 more ...; usableAsTool?: true | ... 1 more ... | undefined; } | undefined; ... 8 more ...; customOperations?...'.
n8n-core:typecheck:     The types of 'description.properties' are incompatible between these types.
n8n-core:typecheck:       Type 'INodeProperties[]' is not assignable to type '({ displayName?: string | undefined; name?: string | undefined; type?: NodePropertyTypes | undefined; typeOptions?: { [x: string]: any; buttonConfig?: { action?: string | ... 1 more ... | undefined; label?: string | undefined; hasInputField?: boolean | undefined; inputFieldMaxLength?: number | undefined; } | undefin...'.
n8n-core:typecheck:         Type 'INodeProperties' is not assignable to type '{ displayName?: string | undefined; name?: string | undefined; type?: NodePropertyTypes | undefined; typeOptions?: { [x: string]: any; buttonConfig?: { action?: string | { ...; } | undefined; label?: string | undefined; hasInputField?: boolean | undefined; inputFieldMaxLength?: number | undefined; } | undefined; ......'.
n8n-core:typecheck:           Types of property 'typeOptions' are incompatible.
n8n-core:typecheck:             Type 'INodePropertyTypeOptions | undefined' is not assignable to type '{ [x: string]: any; buttonConfig?: { action?: string | { type?: "askAiCodeGeneration" | undefined; handler?: string | undefined; target?: string | undefined; } | undefined; label?: string | undefined; hasInputField?: boolean | undefined; inputFieldMaxLength?: number | undefined; } | undefined; ... 25 more ...; binar...'.
n8n-core:typecheck:               Type 'INodePropertyTypeOptions' is not assignable to type '{ [x: string]: any; buttonConfig?: { action?: string | { type?: "askAiCodeGeneration" | undefined; handler?: string | undefined; target?: string | undefined; } | undefined; label?: string | undefined; hasInputField?: boolean | undefined; inputFieldMaxLength?: number | undefined; } | undefined; ... 25 more ...; binar...'.
n8n-core:typecheck:                 Types of property 'filter' are incompatible.
n8n-core:typecheck:                   Type 'FilterTypeOptions | undefined' is not assignable to type '{ version?: 1 | 2 | {} | undefined; caseSensitive?: string | boolean | undefined; leftValue?: string | undefined; allowedCombinators?: [(FilterTypeCombinator | undefined)?, ...undefined[]] | undefined; maxConditions?: number | undefined; typeValidation?: {} | ... 2 more ... | undefined; } | undefined'.
n8n-core:typecheck:                     Type 'FilterTypeOptions' is not assignable to type '{ version?: 1 | 2 | {} | undefined; caseSensitive?: string | boolean | undefined; leftValue?: string | undefined; allowedCombinators?: [(FilterTypeCombinator | undefined)?, ...undefined[]] | undefined; maxConditions?: number | undefined; typeValidation?: {} | ... 2 more ... | undefined; }'.
n8n-core:typecheck:                       Types of property 'allowedCombinators' are incompatible.
n8n-core:typecheck:                         Type 'NonEmptyArray<FilterTypeCombinator> | undefined' is not assignable to type '[(FilterTypeCombinator | undefined)?, ...undefined[]] | undefined'.
n8n-core:typecheck:                           Type 'NonEmptyArray<FilterTypeCombinator>' is not assignable to type '[(FilterTypeCombinator | undefined)?, ...undefined[]]'.
n8n-core:typecheck:                             Type at position 1 in source is not compatible with type at position 1 in target.
n8n-core:typecheck:                               Type 'FilterTypeCombinator' is not assignable to type 'undefined'.
n8n-core:typecheck:                                 Type '"and"' is not assignable to type 'undefined'.
n8n-core:typecheck: src/nodes-loader/__tests__/directory-loader.test.ts(465,50): error TS2345: Argument of type '{ [K in keyof T]: T[K] extends (...args: infer A) => infer B ? CalledWithMock<B, A> : T[K]; } & T' is not assignable to parameter of type 'INodeType | IVersionedNodeType'.
n8n-core:typecheck:   Type '{ [K in keyof T]: T[K] extends (...args: infer A) => infer B ? CalledWithMock<B, A> : T[K]; }' is missing the following properties from type 'IVersionedNodeType': nodeVersions, currentVersion, description, getNodeType
n8n-core:typecheck: src/nodes-loader/__tests__/directory-loader.test.ts(479,26): error TS2339: Property 'getCredentialsForNode' does not exist on type 'CustomDirectoryLoader'.
n8n-core:typecheck: src/nodes-loader/__tests__/directory-loader.test.ts(489,26): error TS2339: Property 'getCredentialsForNode' does not exist on type 'CustomDirectoryLoader'.
n8n-core:typecheck: src/nodes-loader/__tests__/directory-loader.test.ts(504,6): error TS2322: Type '{ description: INodeTypeDescription; supplyData?: ((this: ISupplyDataFunctions, itemIndex: number) => Promise<SupplyData>) | undefined; ... 7 more ...; customOperations?: { ...; } | undefined; } & INodeType' is not assignable to type '{ description?: { version?: number | (number | undefined)[] | undefined; defaults?: { color?: string | undefined; name?: string | undefined; } | undefined; eventTriggerDescription?: string | undefined; ... 36 more ...; usableAsTool?: true | ... 1 more ... | undefined; } | undefined; ... 8 more ...; customOperations?...'.
n8n-core:typecheck:   Type '{ description: INodeTypeDescription; supplyData?: ((this: ISupplyDataFunctions, itemIndex: number) => Promise<SupplyData>) | undefined; ... 7 more ...; customOperations?: { ...; } | undefined; } & INodeType' is not assignable to type '{ description?: { version?: number | (number | undefined)[] | undefined; defaults?: { color?: string | undefined; name?: string | undefined; } | undefined; eventTriggerDescription?: string | undefined; ... 36 more ...; usableAsTool?: true | ... 1 more ... | undefined; } | undefined; ... 8 more ...; customOperations?...'.
n8n-core:typecheck:     The types of 'description.properties' are incompatible between these types.
n8n-core:typecheck:       Type 'INodeProperties[]' is not assignable to type '({ displayName?: string | undefined; name?: string | undefined; type?: NodePropertyTypes | undefined; typeOptions?: { [x: string]: any; buttonConfig?: { action?: string | ... 1 more ... | undefined; label?: string | undefined; hasInputField?: boolean | undefined; inputFieldMaxLength?: number | undefined; } | undefin...'.
n8n-core:typecheck:         Type 'INodeProperties' is not assignable to type '{ displayName?: string | undefined; name?: string | undefined; type?: NodePropertyTypes | undefined; typeOptions?: { [x: string]: any; buttonConfig?: { action?: string | { ...; } | undefined; label?: string | undefined; hasInputField?: boolean | undefined; inputFieldMaxLength?: number | undefined; } | undefined; ......'.
n8n-core:typecheck:           Types of property 'typeOptions' are incompatible.
n8n-core:typecheck:             Type 'INodePropertyTypeOptions | undefined' is not assignable to type '{ [x: string]: any; buttonConfig?: { action?: string | { type?: "askAiCodeGeneration" | undefined; handler?: string | undefined; target?: string | undefined; } | undefined; label?: string | undefined; hasInputField?: boolean | undefined; inputFieldMaxLength?: number | undefined; } | undefined; ... 25 more ...; binar...'.
n8n-core:typecheck:               Type 'INodePropertyTypeOptions' is not assignable to type '{ [x: string]: any; buttonConfig?: { action?: string | { type?: "askAiCodeGeneration" | undefined; handler?: string | undefined; target?: string | undefined; } | undefined; label?: string | undefined; hasInputField?: boolean | undefined; inputFieldMaxLength?: number | undefined; } | undefined; ... 25 more ...; binar...'.
n8n-core:typecheck:                 Types of property 'filter' are incompatible.
n8n-core:typecheck:                   Type 'FilterTypeOptions | undefined' is not assignable to type '{ version?: 1 | 2 | {} | undefined; caseSensitive?: string | boolean | undefined; leftValue?: string | undefined; allowedCombinators?: [(FilterTypeCombinator | undefined)?, ...undefined[]] | undefined; maxConditions?: number | undefined; typeValidation?: {} | ... 2 more ... | undefined; } | undefined'.
n8n-core:typecheck:                     Type 'FilterTypeOptions' is not assignable to type '{ version?: 1 | 2 | {} | undefined; caseSensitive?: string | boolean | undefined; leftValue?: string | undefined; allowedCombinators?: [(FilterTypeCombinator | undefined)?, ...undefined[]] | undefined; maxConditions?: number | undefined; typeValidation?: {} | ... 2 more ... | undefined; }'.
n8n-core:typecheck:                       Types of property 'allowedCombinators' are incompatible.
n8n-core:typecheck:                         Type 'NonEmptyArray<FilterTypeCombinator> | undefined' is not assignable to type '[(FilterTypeCombinator | undefined)?, ...undefined[]] | undefined'.
n8n-core:typecheck:                           Type 'NonEmptyArray<FilterTypeCombinator>' is not assignable to type '[(FilterTypeCombinator | undefined)?, ...undefined[]]'.
n8n-core:typecheck:                             Type at position 1 in source is not compatible with type at position 1 in target.
n8n-core:typecheck:                               Type 'FilterTypeCombinator' is not assignable to type 'undefined'.
n8n-core:typecheck:                                 Type '"and"' is not assignable to type 'undefined'.
n8n-core:typecheck: src/nodes-loader/__tests__/directory-loader.test.ts(505,6): error TS2322: Type '{ description: INodeTypeDescription; supplyData?: ((this: ISupplyDataFunctions, itemIndex: number) => Promise<SupplyData>) | undefined; ... 7 more ...; customOperations?: { ...; } | undefined; } & INodeType' is not assignable to type '{ description?: { version?: number | (number | undefined)[] | undefined; defaults?: { color?: string | undefined; name?: string | undefined; } | undefined; eventTriggerDescription?: string | undefined; ... 36 more ...; usableAsTool?: true | ... 1 more ... | undefined; } | undefined; ... 8 more ...; customOperations?...'.
n8n-core:typecheck:   Type '{ description: INodeTypeDescription; supplyData?: ((this: ISupplyDataFunctions, itemIndex: number) => Promise<SupplyData>) | undefined; ... 7 more ...; customOperations?: { ...; } | undefined; } & INodeType' is not assignable to type '{ description?: { version?: number | (number | undefined)[] | undefined; defaults?: { color?: string | undefined; name?: string | undefined; } | undefined; eventTriggerDescription?: string | undefined; ... 36 more ...; usableAsTool?: true | ... 1 more ... | undefined; } | undefined; ... 8 more ...; customOperations?...'.
n8n-core:typecheck:     The types of 'description.properties' are incompatible between these types.
n8n-core:typecheck:       Type 'INodeProperties[]' is not assignable to type '({ displayName?: string | undefined; name?: string | undefined; type?: NodePropertyTypes | undefined; typeOptions?: { [x: string]: any; buttonConfig?: { action?: string | ... 1 more ... | undefined; label?: string | undefined; hasInputField?: boolean | undefined; inputFieldMaxLength?: number | undefined; } | undefin...'.
n8n-core:typecheck:         Type 'INodeProperties' is not assignable to type '{ displayName?: string | undefined; name?: string | undefined; type?: NodePropertyTypes | undefined; typeOptions?: { [x: string]: any; buttonConfig?: { action?: string | { ...; } | undefined; label?: string | undefined; hasInputField?: boolean | undefined; inputFieldMaxLength?: number | undefined; } | undefined; ......'.
n8n-core:typecheck:           Types of property 'typeOptions' are incompatible.
n8n-core:typecheck:             Type 'INodePropertyTypeOptions | undefined' is not assignable to type '{ [x: string]: any; buttonConfig?: { action?: string | { type?: "askAiCodeGeneration" | undefined; handler?: string | undefined; target?: string | undefined; } | undefined; label?: string | undefined; hasInputField?: boolean | undefined; inputFieldMaxLength?: number | undefined; } | undefined; ... 25 more ...; binar...'.
n8n-core:typecheck:               Type 'INodePropertyTypeOptions' is not assignable to type '{ [x: string]: any; buttonConfig?: { action?: string | { type?: "askAiCodeGeneration" | undefined; handler?: string | undefined; target?: string | undefined; } | undefined; label?: string | undefined; hasInputField?: boolean | undefined; inputFieldMaxLength?: number | undefined; } | undefined; ... 25 more ...; binar...'.
n8n-core:typecheck:                 Types of property 'filter' are incompatible.
n8n-core:typecheck:                   Type 'FilterTypeOptions | undefined' is not assignable to type '{ version?: 1 | 2 | {} | undefined; caseSensitive?: string | boolean | undefined; leftValue?: string | undefined; allowedCombinators?: [(FilterTypeCombinator | undefined)?, ...undefined[]] | undefined; maxConditions?: number | undefined; typeValidation?: {} | ... 2 more ... | undefined; } | undefined'.
n8n-core:typecheck:                     Type 'FilterTypeOptions' is not assignable to type '{ version?: 1 | 2 | {} | undefined; caseSensitive?: string | boolean | undefined; leftValue?: string | undefined; allowedCombinators?: [(FilterTypeCombinator | undefined)?, ...undefined[]] | undefined; maxConditions?: number | undefined; typeValidation?: {} | ... 2 more ... | undefined; }'.
n8n-core:typecheck:                       Types of property 'allowedCombinators' are incompatible.
n8n-core:typecheck:                         Type 'NonEmptyArray<FilterTypeCombinator> | undefined' is not assignable to type '[(FilterTypeCombinator | undefined)?, ...undefined[]] | undefined'.
n8n-core:typecheck:                           Type 'NonEmptyArray<FilterTypeCombinator>' is not assignable to type '[(FilterTypeCombinator | undefined)?, ...undefined[]]'.
n8n-core:typecheck:                             Type at position 1 in source is not compatible with type at position 1 in target.
n8n-core:typecheck:                               Type 'FilterTypeCombinator' is not assignable to type 'undefined'.
n8n-core:typecheck:                                 Type '"and"' is not assignable to type 'undefined'.
n8n-core:typecheck: src/nodes-loader/__tests__/directory-loader.test.ts(509,26): error TS2339: Property 'getCredentialsForNode' does not exist on type 'CustomDirectoryLoader'.
n8n-core:typecheck: src/nodes-loader/__tests__/directory-loader.test.ts(525,6): error TS2322: Type '{ description: INodeTypeDescription; supplyData?: ((this: ISupplyDataFunctions, itemIndex: number) => Promise<SupplyData>) | undefined; ... 7 more ...; customOperations?: { ...; } | undefined; } & INodeType' is not assignable to type '{ description?: { version?: number | (number | undefined)[] | undefined; defaults?: { color?: string | undefined; name?: string | undefined; } | undefined; eventTriggerDescription?: string | undefined; ... 36 more ...; usableAsTool?: true | ... 1 more ... | undefined; } | undefined; ... 8 more ...; customOperations?...'.
n8n-core:typecheck:   Type '{ description: INodeTypeDescription; supplyData?: ((this: ISupplyDataFunctions, itemIndex: number) => Promise<SupplyData>) | undefined; ... 7 more ...; customOperations?: { ...; } | undefined; } & INodeType' is not assignable to type '{ description?: { version?: number | (number | undefined)[] | undefined; defaults?: { color?: string | undefined; name?: string | undefined; } | undefined; eventTriggerDescription?: string | undefined; ... 36 more ...; usableAsTool?: true | ... 1 more ... | undefined; } | undefined; ... 8 more ...; customOperations?...'.
n8n-core:typecheck:     The types of 'description.properties' are incompatible between these types.
n8n-core:typecheck:       Type 'INodeProperties[]' is not assignable to type '({ displayName?: string | undefined; name?: string | undefined; type?: NodePropertyTypes | undefined; typeOptions?: { [x: string]: any; buttonConfig?: { action?: string | ... 1 more ... | undefined; label?: string | undefined; hasInputField?: boolean | undefined; inputFieldMaxLength?: number | undefined; } | undefin...'.
n8n-core:typecheck:         Type 'INodeProperties' is not assignable to type '{ displayName?: string | undefined; name?: string | undefined; type?: NodePropertyTypes | undefined; typeOptions?: { [x: string]: any; buttonConfig?: { action?: string | { ...; } | undefined; label?: string | undefined; hasInputField?: boolean | undefined; inputFieldMaxLength?: number | undefined; } | undefined; ......'.
n8n-core:typecheck:           Types of property 'typeOptions' are incompatible.
n8n-core:typecheck:             Type 'INodePropertyTypeOptions | undefined' is not assignable to type '{ [x: string]: any; buttonConfig?: { action?: string | { type?: "askAiCodeGeneration" | undefined; handler?: string | undefined; target?: string | undefined; } | undefined; label?: string | undefined; hasInputField?: boolean | undefined; inputFieldMaxLength?: number | undefined; } | undefined; ... 25 more ...; binar...'.
n8n-core:typecheck:               Type 'INodePropertyTypeOptions' is not assignable to type '{ [x: string]: any; buttonConfig?: { action?: string | { type?: "askAiCodeGeneration" | undefined; handler?: string | undefined; target?: string | undefined; } | undefined; label?: string | undefined; hasInputField?: boolean | undefined; inputFieldMaxLength?: number | undefined; } | undefined; ... 25 more ...; binar...'.
n8n-core:typecheck:                 Types of property 'filter' are incompatible.
n8n-core:typecheck:                   Type 'FilterTypeOptions | undefined' is not assignable to type '{ version?: 1 | 2 | {} | undefined; caseSensitive?: string | boolean | undefined; leftValue?: string | undefined; allowedCombinators?: [(FilterTypeCombinator | undefined)?, ...undefined[]] | undefined; maxConditions?: number | undefined; typeValidation?: {} | ... 2 more ... | undefined; } | undefined'.
n8n-core:typecheck:                     Type 'FilterTypeOptions' is not assignable to type '{ version?: 1 | 2 | {} | undefined; caseSensitive?: string | boolean | undefined; leftValue?: string | undefined; allowedCombinators?: [(FilterTypeCombinator | undefined)?, ...undefined[]] | undefined; maxConditions?: number | undefined; typeValidation?: {} | ... 2 more ... | undefined; }'.
n8n-core:typecheck:                       Types of property 'allowedCombinators' are incompatible.
n8n-core:typecheck:                         Type 'NonEmptyArray<FilterTypeCombinator> | undefined' is not assignable to type '[(FilterTypeCombinator | undefined)?, ...undefined[]] | undefined'.
n8n-core:typecheck:                           Type 'NonEmptyArray<FilterTypeCombinator>' is not assignable to type '[(FilterTypeCombinator | undefined)?, ...undefined[]]'.
n8n-core:typecheck:                             Type at position 1 in source is not compatible with type at position 1 in target.
n8n-core:typecheck:                               Type 'FilterTypeCombinator' is not assignable to type 'undefined'.
n8n-core:typecheck:                                 Type '"and"' is not assignable to type 'undefined'.
n8n-core:typecheck: src/nodes-loader/__tests__/directory-loader.test.ts(526,6): error TS2322: Type '{ description: INodeTypeDescription; supplyData?: ((this: ISupplyDataFunctions, itemIndex: number) => Promise<SupplyData>) | undefined; ... 7 more ...; customOperations?: { ...; } | undefined; } & INodeType' is not assignable to type '{ description?: { version?: number | (number | undefined)[] | undefined; defaults?: { color?: string | undefined; name?: string | undefined; } | undefined; eventTriggerDescription?: string | undefined; ... 36 more ...; usableAsTool?: true | ... 1 more ... | undefined; } | undefined; ... 8 more ...; customOperations?...'.
n8n-core:typecheck:   Type '{ description: INodeTypeDescription; supplyData?: ((this: ISupplyDataFunctions, itemIndex: number) => Promise<SupplyData>) | undefined; ... 7 more ...; customOperations?: { ...; } | undefined; } & INodeType' is not assignable to type '{ description?: { version?: number | (number | undefined)[] | undefined; defaults?: { color?: string | undefined; name?: string | undefined; } | undefined; eventTriggerDescription?: string | undefined; ... 36 more ...; usableAsTool?: true | ... 1 more ... | undefined; } | undefined; ... 8 more ...; customOperations?...'.
n8n-core:typecheck:     The types of 'description.properties' are incompatible between these types.
n8n-core:typecheck:       Type 'INodeProperties[]' is not assignable to type '({ displayName?: string | undefined; name?: string | undefined; type?: NodePropertyTypes | undefined; typeOptions?: { [x: string]: any; buttonConfig?: { action?: string | ... 1 more ... | undefined; label?: string | undefined; hasInputField?: boolean | undefined; inputFieldMaxLength?: number | undefined; } | undefin...'.
n8n-core:typecheck:         Type 'INodeProperties' is not assignable to type '{ displayName?: string | undefined; name?: string | undefined; type?: NodePropertyTypes | undefined; typeOptions?: { [x: string]: any; buttonConfig?: { action?: string | { ...; } | undefined; label?: string | undefined; hasInputField?: boolean | undefined; inputFieldMaxLength?: number | undefined; } | undefined; ......'.
n8n-core:typecheck:           Types of property 'typeOptions' are incompatible.
n8n-core:typecheck:             Type 'INodePropertyTypeOptions | undefined' is not assignable to type '{ [x: string]: any; buttonConfig?: { action?: string | { type?: "askAiCodeGeneration" | undefined; handler?: string | undefined; target?: string | undefined; } | undefined; label?: string | undefined; hasInputField?: boolean | undefined; inputFieldMaxLength?: number | undefined; } | undefined; ... 25 more ...; binar...'.
n8n-core:typecheck:               Type 'INodePropertyTypeOptions' is not assignable to type '{ [x: string]: any; buttonConfig?: { action?: string | { type?: "askAiCodeGeneration" | undefined; handler?: string | undefined; target?: string | undefined; } | undefined; label?: string | undefined; hasInputField?: boolean | undefined; inputFieldMaxLength?: number | undefined; } | undefined; ... 25 more ...; binar...'.
n8n-core:typecheck:                 Types of property 'filter' are incompatible.
n8n-core:typecheck:                   Type 'FilterTypeOptions | undefined' is not assignable to type '{ version?: 1 | 2 | {} | undefined; caseSensitive?: string | boolean | undefined; leftValue?: string | undefined; allowedCombinators?: [(FilterTypeCombinator | undefined)?, ...undefined[]] | undefined; maxConditions?: number | undefined; typeValidation?: {} | ... 2 more ... | undefined; } | undefined'.
n8n-core:typecheck:                     Type 'FilterTypeOptions' is not assignable to type '{ version?: 1 | 2 | {} | undefined; caseSensitive?: string | boolean | undefined; leftValue?: string | undefined; allowedCombinators?: [(FilterTypeCombinator | undefined)?, ...undefined[]] | undefined; maxConditions?: number | undefined; typeValidation?: {} | ... 2 more ... | undefined; }'.
n8n-core:typecheck:                       Types of property 'allowedCombinators' are incompatible.
n8n-core:typecheck:                         Type 'NonEmptyArray<FilterTypeCombinator> | undefined' is not assignable to type '[(FilterTypeCombinator | undefined)?, ...undefined[]] | undefined'.
n8n-core:typecheck:                           Type 'NonEmptyArray<FilterTypeCombinator>' is not assignable to type '[(FilterTypeCombinator | undefined)?, ...undefined[]]'.
n8n-core:typecheck:                             Type at position 1 in source is not compatible with type at position 1 in target.
n8n-core:typecheck:                               Type 'FilterTypeCombinator' is not assignable to type 'undefined'.
n8n-core:typecheck:                                 Type '"and"' is not assignable to type 'undefined'.
n8n-core:typecheck: src/nodes-loader/__tests__/directory-loader.test.ts(530,26): error TS2339: Property 'getCredentialsForNode' does not exist on type 'CustomDirectoryLoader'.
n8n-core:typecheck: src/nodes-loader/__tests__/directory-loader.test.ts(542,11): error TS2339: Property 'loadCredentialFromFile' does not exist on type 'CustomDirectoryLoader'.
n8n-core:typecheck: src/nodes-loader/__tests__/directory-loader.test.ts(544,18): error TS2339: Property 'credentialTypes' does not exist on type 'CustomDirectoryLoader'.
n8n-core:typecheck: src/nodes-loader/__tests__/directory-loader.test.ts(560,24): error TS2339: Property 'credentials' does not exist on type 'Types'.
n8n-core:typecheck: src/nodes-loader/__tests__/directory-loader.test.ts(575,11): error TS2339: Property 'loadCredentialFromFile' does not exist on type 'CustomDirectoryLoader'.
n8n-core:typecheck: src/nodes-loader/__tests__/directory-loader.test.ts(593,11): error TS2339: Property 'loadCredentialFromFile' does not exist on type 'CustomDirectoryLoader'.
n8n-core:typecheck: src/nodes-loader/__tests__/directory-loader.test.ts(609,11): error TS2339: Property 'nodesByCredential' does not exist on type 'CustomDirectoryLoader'.
n8n-core:typecheck: src/nodes-loader/__tests__/directory-loader.test.ts(611,11): error TS2339: Property 'loadCredentialFromFile' does not exist on type 'CustomDirectoryLoader'.
n8n-core:typecheck: src/nodes-loader/__tests__/directory-loader.test.ts(629,24): error TS2339: Property 'loadCredentialFromFile' does not exist on type 'CustomDirectoryLoader'.
n8n-core:typecheck: src/nodes-loader/__tests__/directory-loader.test.ts(636,11): error TS2339: Property 'loadCredentialFromFile' does not exist on type 'CustomDirectoryLoader'.
n8n-core:typecheck: src/nodes-loader/__tests__/directory-loader.test.ts(638,18): error TS2339: Property 'credentialTypes' does not exist on type 'CustomDirectoryLoader'.
n8n-core:typecheck: src/nodes-loader/__tests__/directory-loader.test.ts(641,24): error TS2339: Property 'credentials' does not exist on type 'Types'.
n8n-core:typecheck: src/nodes-loader/__tests__/directory-loader.test.ts(650,11): error TS2339: Property 'loadCredentialFromFile' does not exist on type 'CustomDirectoryLoader'.
n8n-core:typecheck: src/nodes-loader/__tests__/directory-loader.test.ts(652,26): error TS2339: Property 'getCredential' does not exist on type 'CustomDirectoryLoader'.
n8n-core:typecheck: src/nodes-loader/__tests__/directory-loader.test.ts(669,26): error TS2339: Property 'getCredential' does not exist on type 'CustomDirectoryLoader'.
n8n-core:typecheck: src/nodes-loader/__tests__/directory-loader.test.ts(684,24): error TS2339: Property 'getCredential' does not exist on type 'CustomDirectoryLoader'.
n8n-core:typecheck: src/nodes-loader/__tests__/directory-loader.test.ts(789,6): error TS2322: Type '{ description: INodeTypeDescription; supplyData?: ((this: ISupplyDataFunctions, itemIndex: number) => Promise<SupplyData>) | undefined; ... 7 more ...; customOperations?: { ...; } | undefined; } & INodeType' is not assignable to type '{ description?: { version?: number | (number | undefined)[] | undefined; defaults?: { color?: string | undefined; name?: string | undefined; } | undefined; eventTriggerDescription?: string | undefined; ... 36 more ...; usableAsTool?: true | ... 1 more ... | undefined; } | undefined; ... 8 more ...; customOperations?...'.
n8n-core:typecheck:   Type '{ description: INodeTypeDescription; supplyData?: ((this: ISupplyDataFunctions, itemIndex: number) => Promise<SupplyData>) | undefined; ... 7 more ...; customOperations?: { ...; } | undefined; } & INodeType' is not assignable to type '{ description?: { version?: number | (number | undefined)[] | undefined; defaults?: { color?: string | undefined; name?: string | undefined; } | undefined; eventTriggerDescription?: string | undefined; ... 36 more ...; usableAsTool?: true | ... 1 more ... | undefined; } | undefined; ... 8 more ...; customOperations?...'.
n8n-core:typecheck:     The types of 'description.properties' are incompatible between these types.
n8n-core:typecheck:       Type 'INodeProperties[]' is not assignable to type '({ displayName?: string | undefined; name?: string | undefined; type?: NodePropertyTypes | undefined; typeOptions?: { [x: string]: any; buttonConfig?: { action?: string | ... 1 more ... | undefined; label?: string | undefined; hasInputField?: boolean | undefined; inputFieldMaxLength?: number | undefined; } | undefin...'.
n8n-core:typecheck:         Type 'INodeProperties' is not assignable to type '{ displayName?: string | undefined; name?: string | undefined; type?: NodePropertyTypes | undefined; typeOptions?: { [x: string]: any; buttonConfig?: { action?: string | { ...; } | undefined; label?: string | undefined; hasInputField?: boolean | undefined; inputFieldMaxLength?: number | undefined; } | undefined; ......'.
n8n-core:typecheck:           Types of property 'typeOptions' are incompatible.
n8n-core:typecheck:             Type 'INodePropertyTypeOptions | undefined' is not assignable to type '{ [x: string]: any; buttonConfig?: { action?: string | { type?: "askAiCodeGeneration" | undefined; handler?: string | undefined; target?: string | undefined; } | undefined; label?: string | undefined; hasInputField?: boolean | undefined; inputFieldMaxLength?: number | undefined; } | undefined; ... 25 more ...; binar...'.
n8n-core:typecheck:               Type 'INodePropertyTypeOptions' is not assignable to type '{ [x: string]: any; buttonConfig?: { action?: string | { type?: "askAiCodeGeneration" | undefined; handler?: string | undefined; target?: string | undefined; } | undefined; label?: string | undefined; hasInputField?: boolean | undefined; inputFieldMaxLength?: number | undefined; } | undefined; ... 25 more ...; binar...'.
n8n-core:typecheck:                 Types of property 'filter' are incompatible.
n8n-core:typecheck:                   Type 'FilterTypeOptions | undefined' is not assignable to type '{ version?: 1 | 2 | {} | undefined; caseSensitive?: string | boolean | undefined; leftValue?: string | undefined; allowedCombinators?: [(FilterTypeCombinator | undefined)?, ...undefined[]] | undefined; maxConditions?: number | undefined; typeValidation?: {} | ... 2 more ... | undefined; } | undefined'.
n8n-core:typecheck:                     Type 'FilterTypeOptions' is not assignable to type '{ version?: 1 | 2 | {} | undefined; caseSensitive?: string | boolean | undefined; leftValue?: string | undefined; allowedCombinators?: [(FilterTypeCombinator | undefined)?, ...undefined[]] | undefined; maxConditions?: number | undefined; typeValidation?: {} | ... 2 more ... | undefined; }'.
n8n-core:typecheck:                       Types of property 'allowedCombinators' are incompatible.
n8n-core:typecheck:                         Type 'NonEmptyArray<FilterTypeCombinator> | undefined' is not assignable to type '[(FilterTypeCombinator | undefined)?, ...undefined[]] | undefined'.
n8n-core:typecheck:                           Type 'NonEmptyArray<FilterTypeCombinator>' is not assignable to type '[(FilterTypeCombinator | undefined)?, ...undefined[]]'.
n8n-core:typecheck:                             Type at position 1 in source is not compatible with type at position 1 in target.
n8n-core:typecheck:                               Type 'FilterTypeCombinator' is not assignable to type 'undefined'.
n8n-core:typecheck:                                 Type '"and"' is not assignable to type 'undefined'.
n8n-core:typecheck: src/nodes-loader/__tests__/directory-loader.test.ts(790,6): error TS2322: Type '{ description: INodeTypeDescription; supplyData?: ((this: ISupplyDataFunctions, itemIndex: number) => Promise<SupplyData>) | undefined; ... 7 more ...; customOperations?: { ...; } | undefined; } & INodeType' is not assignable to type '{ description?: { version?: number | (number | undefined)[] | undefined; defaults?: { color?: string | undefined; name?: string | undefined; } | undefined; eventTriggerDescription?: string | undefined; ... 36 more ...; usableAsTool?: true | ... 1 more ... | undefined; } | undefined; ... 8 more ...; customOperations?...'.
n8n-core:typecheck:   Type '{ description: INodeTypeDescription; supplyData?: ((this: ISupplyDataFunctions, itemIndex: number) => Promise<SupplyData>) | undefined; ... 7 more ...; customOperations?: { ...; } | undefined; } & INodeType' is not assignable to type '{ description?: { version?: number | (number | undefined)[] | undefined; defaults?: { color?: string | undefined; name?: string | undefined; } | undefined; eventTriggerDescription?: string | undefined; ... 36 more ...; usableAsTool?: true | ... 1 more ... | undefined; } | undefined; ... 8 more ...; customOperations?...'.
n8n-core:typecheck:     The types of 'description.properties' are incompatible between these types.
n8n-core:typecheck:       Type 'INodeProperties[]' is not assignable to type '({ displayName?: string | undefined; name?: string | undefined; type?: NodePropertyTypes | undefined; typeOptions?: { [x: string]: any; buttonConfig?: { action?: string | ... 1 more ... | undefined; label?: string | undefined; hasInputField?: boolean | undefined; inputFieldMaxLength?: number | undefined; } | undefin...'.
n8n-core:typecheck:         Type 'INodeProperties' is not assignable to type '{ displayName?: string | undefined; name?: string | undefined; type?: NodePropertyTypes | undefined; typeOptions?: { [x: string]: any; buttonConfig?: { action?: string | { ...; } | undefined; label?: string | undefined; hasInputField?: boolean | undefined; inputFieldMaxLength?: number | undefined; } | undefined; ......'.
n8n-core:typecheck:           Types of property 'typeOptions' are incompatible.
n8n-core:typecheck:             Type 'INodePropertyTypeOptions | undefined' is not assignable to type '{ [x: string]: any; buttonConfig?: { action?: string | { type?: "askAiCodeGeneration" | undefined; handler?: string | undefined; target?: string | undefined; } | undefined; label?: string | undefined; hasInputField?: boolean | undefined; inputFieldMaxLength?: number | undefined; } | undefined; ... 25 more ...; binar...'.
n8n-core:typecheck:               Type 'INodePropertyTypeOptions' is not assignable to type '{ [x: string]: any; buttonConfig?: { action?: string | { type?: "askAiCodeGeneration" | undefined; handler?: string | undefined; target?: string | undefined; } | undefined; label?: string | undefined; hasInputField?: boolean | undefined; inputFieldMaxLength?: number | undefined; } | undefined; ... 25 more ...; binar...'.
n8n-core:typecheck:                 Types of property 'filter' are incompatible.
n8n-core:typecheck:                   Type 'FilterTypeOptions | undefined' is not assignable to type '{ version?: 1 | 2 | {} | undefined; caseSensitive?: string | boolean | undefined; leftValue?: string | undefined; allowedCombinators?: [(FilterTypeCombinator | undefined)?, ...undefined[]] | undefined; maxConditions?: number | undefined; typeValidation?: {} | ... 2 more ... | undefined; } | undefined'.
n8n-core:typecheck:                     Type 'FilterTypeOptions' is not assignable to type '{ version?: 1 | 2 | {} | undefined; caseSensitive?: string | boolean | undefined; leftValue?: string | undefined; allowedCombinators?: [(FilterTypeCombinator | undefined)?, ...undefined[]] | undefined; maxConditions?: number | undefined; typeValidation?: {} | ... 2 more ... | undefined; }'.
n8n-core:typecheck:                       Types of property 'allowedCombinators' are incompatible.
n8n-core:typecheck:                         Type 'NonEmptyArray<FilterTypeCombinator> | undefined' is not assignable to type '[(FilterTypeCombinator | undefined)?, ...undefined[]] | undefined'.
n8n-core:typecheck:                           Type 'NonEmptyArray<FilterTypeCombinator>' is not assignable to type '[(FilterTypeCombinator | undefined)?, ...undefined[]]'.
n8n-core:typecheck:                             Type at position 1 in source is not compatible with type at position 1 in target.
n8n-core:typecheck:                               Type 'FilterTypeCombinator' is not assignable to type 'undefined'.
n8n-core:typecheck:                                 Type '"and"' is not assignable to type 'undefined'.
n8n-core:typecheck: â€‰ELIFECYCLEâ€‰ Command failed with exit code 1.
n8n-core:typecheck: ERROR: command finished with error: command (/home/zhang/n8n-quanyuge/packages/core) /home/zhang/nodejs/bin/pnpm run typecheck exited (1)
n8n-nodes-base:build: â€‰ELIFECYCLEâ€‰ Command failed.
@n8n/i18n:typecheck: â€‰ELIFECYCLEâ€‰ Command failed.
@n8n/design-system:typecheck: â€‰ELIFECYCLEâ€‰ Command failed.
@n8n/i18n:build: â€‰ELIFECYCLEâ€‰ Command failed.
n8n-core#typecheck: command (/home/zhang/n8n-quanyuge/packages/core) /home/zhang/nodejs/bin/pnpm run typecheck exited (1)

 Tasks:    54 successful, 61 total
Cached:    51 cached, 61 total
  Time:    7.676s 
Failed:    n8n-core#typecheck

 ERROR  run failed: command  exited (1)
â€‰ELIFECYCLEâ€‰ Command failed with exit code 1.
