
> n8n-monorepo@1.119.0 typecheck /home/zhang/n8n-quanyuge
> turbo typecheck

turbo 2.5.4

â€¢ Packages in scope: @n8n/admin-panel, @n8n/ai-workflow-builder, @n8n/api-types, @n8n/backend-common, @n8n/backend-test-utils, @n8n/chat, @n8n/client-oauth2, @n8n/codemirror-lang, @n8n/codemirror-lang-sql, @n8n/composables, @n8n/config, @n8n/constants, @n8n/create-node, @n8n/db, @n8n/decorators, @n8n/design-system, @n8n/di, @n8n/errors, @n8n/eslint-config, @n8n/eslint-plugin-community-nodes, @n8n/extension-sdk, @n8n/i18n, @n8n/imap, @n8n/json-schema-to-zod, @n8n/n8n-benchmark, @n8n/n8n-extension-insights, @n8n/n8n-nodes-langchain, @n8n/node-cli, @n8n/permissions, @n8n/rest-api-client, @n8n/scan-community-package, @n8n/shared, @n8n/stores, @n8n/storybook, @n8n/stylelint-config, @n8n/task-runner, @n8n/typescript-config, @n8n/utils, @n8n/vitest-config, n8n, n8n-containers, n8n-core, n8n-editor-ui, n8n-node-dev, n8n-nodes-base, n8n-playwright, n8n-workflow
â€¢ Running typecheck in 47 packages
â€¢ Remote caching disabled
n8n-editor-ui:popularity-cache-marker: cache bypass, force executing 781679436bd8fd2e
@n8n/shared:typecheck: cache hit, replaying logs e7a41fa3b49e35a9
@n8n/shared:typecheck: 
@n8n/shared:typecheck: > @n8n/shared@1.0.0 typecheck /home/zhang/n8n-quanyuge/packages/frontend/shared
@n8n/shared:typecheck: > vue-tsc --noEmit
@n8n/shared:typecheck: 
@n8n/di:build: cache hit, replaying logs 443dbc3c24c5d870
@n8n/di:build: 
@n8n/di:build: > @n8n/di@0.9.0 build /home/zhang/n8n-quanyuge/packages/@n8n/di
@n8n/di:build: > tsc -p tsconfig.build.json
@n8n/di:build: 
@n8n/client-oauth2:build: cache hit, replaying logs aec36a20d998fc21
@n8n/client-oauth2:build: 
@n8n/client-oauth2:build: > @n8n/client-oauth2@0.31.0 build /home/zhang/n8n-quanyuge/packages/@n8n/client-oauth2
@n8n/client-oauth2:build: > tsc -p tsconfig.build.json
@n8n/client-oauth2:build: 
@n8n/vitest-config:build: cache hit, replaying logs 164f1243f11e2606
@n8n/vitest-config:build: 
@n8n/vitest-config:build: > @n8n/vitest-config@1.5.0 build /home/zhang/n8n-quanyuge/packages/@n8n/vitest-config
@n8n/vitest-config:build: > tsc -p tsconfig.build.json
@n8n/vitest-config:build: 
@n8n/errors:build: cache hit, replaying logs 457e7f34acedacf1
@n8n/errors:build: 
@n8n/errors:build: > @n8n/errors@0.5.0 build /home/zhang/n8n-quanyuge/packages/@n8n/errors
@n8n/errors:build: > tsc -p tsconfig.build.json
@n8n/errors:build: 
@n8n/codemirror-lang:build: cache hit, replaying logs a9f26cd3fcf29730
@n8n/codemirror-lang:build: 
@n8n/codemirror-lang:build: > @n8n/codemirror-lang@0.3.0 build /home/zhang/n8n-quanyuge/packages/@n8n/codemirror-lang
@n8n/codemirror-lang:build: > tsc -p tsconfig.build.json
@n8n/codemirror-lang:build: 
@n8n/constants:build: cache hit, replaying logs 0ec4c6e20930d46d
@n8n/constants:build: 
@n8n/constants:build: > @n8n/constants@0.13.0 build /home/zhang/n8n-quanyuge/packages/@n8n/constants
@n8n/constants:build: > tsc -p tsconfig.build.json
@n8n/constants:build: 
@n8n/stylelint-config:build: cache hit, replaying logs 377f93a88e97bc0b
@n8n/stylelint-config:build: 
@n8n/stylelint-config:build: > @n8n/stylelint-config@0.0.1 build /home/zhang/n8n-quanyuge/packages/@n8n/stylelint-config
@n8n/stylelint-config:build: > tsc
@n8n/stylelint-config:build: 
@n8n/json-schema-to-zod:build: cache hit, replaying logs d036dc1b5f15b60c
@n8n/json-schema-to-zod:build: 
@n8n/json-schema-to-zod:build: > @n8n/json-schema-to-zod@1.5.0 build /home/zhang/n8n-quanyuge/packages/@n8n/json-schema-to-zod
@n8n/json-schema-to-zod:build: > rimraf ./dist && pnpm run build:types && pnpm run build:cjs && pnpm run build:esm
@n8n/json-schema-to-zod:build: 
@n8n/json-schema-to-zod:build: 
@n8n/json-schema-to-zod:build: > @n8n/json-schema-to-zod@1.5.0 build:types /home/zhang/n8n-quanyuge/packages/@n8n/json-schema-to-zod
@n8n/json-schema-to-zod:build: > tsc -p tsconfig.types.json
@n8n/json-schema-to-zod:build: 
@n8n/json-schema-to-zod:build: 
@n8n/json-schema-to-zod:build: > @n8n/json-schema-to-zod@1.5.0 build:cjs /home/zhang/n8n-quanyuge/packages/@n8n/json-schema-to-zod
@n8n/json-schema-to-zod:build: > tsc -p tsconfig.cjs.json && node postcjs.cjs
@n8n/json-schema-to-zod:build: 
@n8n/json-schema-to-zod:build: 
@n8n/json-schema-to-zod:build: > @n8n/json-schema-to-zod@1.5.0 build:esm /home/zhang/n8n-quanyuge/packages/@n8n/json-schema-to-zod
@n8n/json-schema-to-zod:build: > tsc -p tsconfig.esm.json && node postesm.cjs
@n8n/json-schema-to-zod:build: 
@n8n/di:typecheck: cache hit, replaying logs 1d026eef992f1e8e
@n8n/di:typecheck: 
@n8n/di:typecheck: > @n8n/di@0.9.0 typecheck /home/zhang/n8n-quanyuge/packages/@n8n/di
@n8n/di:typecheck: > tsc --noEmit
@n8n/di:typecheck: 
@n8n/errors:typecheck: cache hit, replaying logs 1e9ba11d7e8e6117
@n8n/errors:typecheck: 
@n8n/errors:typecheck: > @n8n/errors@0.5.0 typecheck /home/zhang/n8n-quanyuge/packages/@n8n/errors
@n8n/errors:typecheck: > tsc --noEmit
@n8n/errors:typecheck: 
@n8n/extension-sdk:build: cache hit, replaying logs 4bbf2c9a01504dbe
@n8n/extension-sdk:build: 
@n8n/extension-sdk:build: > @n8n/extension-sdk@0.8.0 build /home/zhang/n8n-quanyuge/packages/@n8n/extension-sdk
@n8n/extension-sdk:build: > pnpm "/^typecheck:.+/" && pnpm clean && tsdown && pnpm create-json-schema
@n8n/extension-sdk:build: 
@n8n/extension-sdk:build: 
@n8n/extension-sdk:build: > @n8n/extension-sdk@0.8.0 clean /home/zhang/n8n-quanyuge/packages/@n8n/extension-sdk
@n8n/extension-sdk:build: > rimraf dist
@n8n/extension-sdk:build: 
@n8n/extension-sdk:build: [34mâ„¹[39m tsdown [2mv0.15.6[22m powered by rolldown [2mv1.0.0-beta.9-commit.d91dfb5[22m
@n8n/extension-sdk:build: [34mâ„¹[39m Using tsdown config: [4m/home/zhang/n8n-quanyuge/packages/@n8n/extension-sdk/tsdown.config.ts[24m
@n8n/extension-sdk:build: [34mâ„¹[39m entry: [34msrc/index.ts, src/schema.ts[39m
@n8n/extension-sdk:build: [34mâ„¹[39m entry: [34msrc/backend/define.ts, src/backend/index.ts, src/backend/types.ts[39m
@n8n/extension-sdk:build: [34mâ„¹[39m entry: [34msrc/frontend/define.ts, src/frontend/index.ts, src/frontend/types.ts[39m
@n8n/extension-sdk:build: [34mâ„¹[39m tsconfig: [34mtsconfig.common.json[39m
@n8n/extension-sdk:build: [34mâ„¹[39m tsconfig: [34mtsconfig.backend.json[39m
@n8n/extension-sdk:build: [34mâ„¹[39m tsconfig: [34mtsconfig.frontend.json[39m
@n8n/extension-sdk:build: [34mâ„¹[39m Build start
@n8n/extension-sdk:build: Warning validate input options.
@n8n/extension-sdk:build: - For the "tsconfig". Invalid key: Expected never but received "tsconfig". 
@n8n/extension-sdk:build: Warning validate input options.
@n8n/extension-sdk:build: - For the "tsconfig". Invalid key: Expected never but received "tsconfig". 
@n8n/extension-sdk:build: Warning validate input options.
@n8n/extension-sdk:build: - For the "tsconfig". Invalid key: Expected never but received "tsconfig". 
@n8n/extension-sdk:build: Warning validate input options.
@n8n/extension-sdk:build: - For the "tsconfig". Invalid key: Expected never but received "tsconfig". 
@n8n/extension-sdk:build: Warning validate input options.
@n8n/extension-sdk:build: - For the "tsconfig". Invalid key: Expected never but received "tsconfig". 
@n8n/extension-sdk:build: Warning validate input options.
@n8n/extension-sdk:build: - For the "tsconfig". Invalid key: Expected never but received "tsconfig". 
@n8n/extension-sdk:build: [34mâ„¹[39m [33m[CJS][39m [2mdist/[22m[1mindex.cjs[22m                [2m0.13 kB[22m [2mâ”‚ gzip: 0.10 kB[22m
@n8n/extension-sdk:build: [34mâ„¹[39m [33m[CJS][39m [2mdist/[22m[1mschema.cjs[22m               [2m0.13 kB[22m [2mâ”‚ gzip: 0.10 kB[22m
@n8n/extension-sdk:build: [34mâ„¹[39m [33m[CJS][39m [2mdist/[22mschema-Bxx2Q2hV.cjs.map  [2m2.63 kB[22m [2mâ”‚ gzip: 0.87 kB[22m
@n8n/extension-sdk:build: [34mâ„¹[39m [33m[CJS][39m [2mdist/[22mschema-Bxx2Q2hV.cjs      [2m1.89 kB[22m [2mâ”‚ gzip: 0.81 kB[22m
@n8n/extension-sdk:build: [34mâ„¹[39m [33m[CJS][39m 4 files, total: 4.78 kB
@n8n/extension-sdk:build: Warning validate input options.
@n8n/extension-sdk:build: - For the "tsconfig". Invalid key: Expected never but received "tsconfig". 
@n8n/extension-sdk:build: [34mâ„¹[39m [33m[CJS][39m [2mdist/backend/[22m[1mdefine.cjs[22m               [2m0.13 kB[22m [2mâ”‚ gzip: 0.10 kB[22m
@n8n/extension-sdk:build: [34mâ„¹[39m [33m[CJS][39m [2mdist/backend/[22m[1mindex.cjs[22m                [2m0.13 kB[22m [2mâ”‚ gzip: 0.10 kB[22m
@n8n/extension-sdk:build: [34mâ„¹[39m [33m[CJS][39m [2mdist/backend/[22m[1mtypes.cjs[22m                [2m0.00 kB[22m [2mâ”‚ gzip: 0.02 kB[22m
@n8n/extension-sdk:build: [34mâ„¹[39m [33m[CJS][39m [2mdist/backend/[22mdefine-CF1KLowA.cjs.map  [2m0.37 kB[22m [2mâ”‚ gzip: 0.24 kB[22m
@n8n/extension-sdk:build: [34mâ„¹[39m [33m[CJS][39m [2mdist/backend/[22mdefine-CF1KLowA.cjs      [2m0.30 kB[22m [2mâ”‚ gzip: 0.21 kB[22m
@n8n/extension-sdk:build: [34mâ„¹[39m [33m[CJS][39m 5 files, total: 0.93 kB
@n8n/extension-sdk:build: [34mâ„¹[39m [33m[CJS][39m [2mdist/frontend/[22m[1mdefine.cjs[22m               [2m0.13 kB[22m [2mâ”‚ gzip: 0.10 kB[22m
@n8n/extension-sdk:build: [34mâ„¹[39m [33m[CJS][39m [2mdist/frontend/[22m[1mindex.cjs[22m                [2m0.13 kB[22m [2mâ”‚ gzip: 0.10 kB[22m
@n8n/extension-sdk:build: [34mâ„¹[39m [33m[CJS][39m [2mdist/frontend/[22m[1mtypes.cjs[22m                [2m0.00 kB[22m [2mâ”‚ gzip: 0.02 kB[22m
@n8n/extension-sdk:build: [34mâ„¹[39m [33m[CJS][39m [2mdist/frontend/[22mdefine-DIbMcH8i.cjs.map  [2m0.38 kB[22m [2mâ”‚ gzip: 0.24 kB[22m
@n8n/extension-sdk:build: [34mâ„¹[39m [33m[CJS][39m [2mdist/frontend/[22mdefine-DIbMcH8i.cjs      [2m0.30 kB[22m [2mâ”‚ gzip: 0.21 kB[22m
@n8n/extension-sdk:build: [34mâ„¹[39m [33m[CJS][39m 5 files, total: 0.94 kB
@n8n/extension-sdk:build: Warning validate input options.
@n8n/extension-sdk:build: - For the "tsconfig". Invalid key: Expected never but received "tsconfig". 
@n8n/extension-sdk:build: Warning validate input options.
@n8n/extension-sdk:build: - For the "tsconfig". Invalid key: Expected never but received "tsconfig". 
@n8n/extension-sdk:build: [34mâ„¹[39m [34m[ESM][39m [2mdist/[22m[1mindex.js[22m                [2m0.10 kB[22m [2mâ”‚ gzip: 0.09 kB[22m
@n8n/extension-sdk:build: [34mâ„¹[39m [34m[ESM][39m [2mdist/[22m[1mschema.js[22m               [2m0.10 kB[22m [2mâ”‚ gzip: 0.09 kB[22m
@n8n/extension-sdk:build: [34mâ„¹[39m [34m[ESM][39m [2mdist/[22mschema-DzHGdlMR.js.map  [2m2.60 kB[22m [2mâ”‚ gzip: 0.87 kB[22m
@n8n/extension-sdk:build: [34mâ„¹[39m [34m[ESM][39m [2mdist/[22mschema-DzHGdlMR.js      [2m0.70 kB[22m [2mâ”‚ gzip: 0.33 kB[22m
@n8n/extension-sdk:build: [34mâ„¹[39m [34m[ESM][39m [2mdist/[22m[32m[1mindex.d.ts[22m[39m              [2m0.17 kB[22m [2mâ”‚ gzip: 0.10 kB[22m
@n8n/extension-sdk:build: [34mâ„¹[39m [34m[ESM][39m [2mdist/[22m[32m[1mschema.d.ts[22m[39m             [2m0.17 kB[22m [2mâ”‚ gzip: 0.10 kB[22m
@n8n/extension-sdk:build: [34mâ„¹[39m [34m[ESM][39m [2mdist/[22m[32mschema-BvnfPehp.d.ts[39m    [2m2.39 kB[22m [2mâ”‚ gzip: 0.49 kB[22m
@n8n/extension-sdk:build: [34mâ„¹[39m [34m[ESM][39m 7 files, total: 6.23 kB
@n8n/extension-sdk:build: [34mâ„¹[39m [34m[ESM][39m [2mdist/backend/[22m[1mdefine.js[22m               [2m0.10 kB[22m [2mâ”‚ gzip: 0.09 kB[22m
@n8n/extension-sdk:build: [34mâ„¹[39m [34m[ESM][39m [2mdist/backend/[22m[1mindex.js[22m                [2m0.10 kB[22m [2mâ”‚ gzip: 0.09 kB[22m
@n8n/extension-sdk:build: [34mâ„¹[39m [34m[ESM][39m [2mdist/backend/[22m[1mtypes.js[22m                [2m0.00 kB[22m [2mâ”‚ gzip: 0.02 kB[22m
@n8n/extension-sdk:build: [34mâ„¹[39m [34m[ESM][39m [2mdist/backend/[22mdefine-CIn4Njli.js.map  [2m0.37 kB[22m [2mâ”‚ gzip: 0.24 kB[22m
@n8n/extension-sdk:build: [34mâ„¹[39m [34m[ESM][39m [2mdist/backend/[22mdefine-CIn4Njli.js      [2m0.19 kB[22m [2mâ”‚ gzip: 0.15 kB[22m
@n8n/extension-sdk:build: [34mâ„¹[39m [34m[ESM][39m [2mdist/backend/[22m[32m[1mindex.d.ts[22m[39m              [2m0.30 kB[22m [2mâ”‚ gzip: 0.14 kB[22m
@n8n/extension-sdk:build: [34mâ„¹[39m [34m[ESM][39m [2mdist/backend/[22m[32m[1mtypes.d.ts[22m[39m              [2m0.18 kB[22m [2mâ”‚ gzip: 0.10 kB[22m
@n8n/extension-sdk:build: [34mâ„¹[39m [34m[ESM][39m [2mdist/backend/[22m[32m[1mdefine.d.ts[22m[39m             [2m0.15 kB[22m [2mâ”‚ gzip: 0.11 kB[22m
@n8n/extension-sdk:build: [34mâ„¹[39m [34m[ESM][39m [2mdist/backend/[22m[32mtypes-DYTQLeZP.d.ts[39m     [2m0.36 kB[22m [2mâ”‚ gzip: 0.20 kB[22m
@n8n/extension-sdk:build: [34mâ„¹[39m [34m[ESM][39m [2mdist/backend/[22m[32mdefine-CiP4WnNX.d.ts[39m    [2m0.30 kB[22m [2mâ”‚ gzip: 0.19 kB[22m
@n8n/extension-sdk:build: [34mâ„¹[39m [34m[ESM][39m 10 files, total: 2.05 kB
@n8n/extension-sdk:build: [34mâ„¹[39m [34m[ESM][39m [2mdist/frontend/[22m[1mdefine.js[22m               [2m0.10 kB[22m [2mâ”‚ gzip: 0.09 kB[22m
@n8n/extension-sdk:build: [34mâ„¹[39m [34m[ESM][39m [2mdist/frontend/[22m[1mindex.js[22m                [2m0.10 kB[22m [2mâ”‚ gzip: 0.09 kB[22m
@n8n/extension-sdk:build: [34mâ„¹[39m [34m[ESM][39m [2mdist/frontend/[22m[1mtypes.js[22m                [2m0.00 kB[22m [2mâ”‚ gzip: 0.02 kB[22m
@n8n/extension-sdk:build: [34mâ„¹[39m [34m[ESM][39m [2mdist/frontend/[22mdefine-CpvnL3-j.js.map  [2m0.37 kB[22m [2mâ”‚ gzip: 0.24 kB[22m
@n8n/extension-sdk:build: [34mâ„¹[39m [34m[ESM][39m [2mdist/frontend/[22mdefine-CpvnL3-j.js      [2m0.19 kB[22m [2mâ”‚ gzip: 0.15 kB[22m
@n8n/extension-sdk:build: [34mâ„¹[39m [34m[ESM][39m [2mdist/frontend/[22m[32m[1mindex.d.ts[22m[39m              [2m0.31 kB[22m [2mâ”‚ gzip: 0.14 kB[22m
@n8n/extension-sdk:build: [34mâ„¹[39m [34m[ESM][39m [2mdist/frontend/[22m[32m[1mtypes.d.ts[22m[39m              [2m0.19 kB[22m [2mâ”‚ gzip: 0.10 kB[22m
@n8n/extension-sdk:build: [34mâ„¹[39m [34m[ESM][39m [2mdist/frontend/[22m[32m[1mdefine.d.ts[22m[39m             [2m0.16 kB[22m [2mâ”‚ gzip: 0.11 kB[22m
@n8n/extension-sdk:build: [34mâ„¹[39m [34m[ESM][39m [2mdist/frontend/[22m[32mtypes-BkLz6u8x.d.ts[39m     [2m0.57 kB[22m [2mâ”‚ gzip: 0.29 kB[22m
@n8n/extension-sdk:build: [34mâ„¹[39m [34m[ESM][39m [2mdist/frontend/[22m[32mdefine-DFUZJgKw.d.ts[39m    [2m0.31 kB[22m [2mâ”‚ gzip: 0.19 kB[22m
@n8n/extension-sdk:build: [34mâ„¹[39m [34m[ESM][39m 10 files, total: 2.30 kB
@n8n/extension-sdk:build: [34mâ„¹[39m [33m[CJS][39m [2mdist/[22m[32m[1mindex.d.cts[22m[39m            [2m0.14 kB[22m [2mâ”‚ gzip: 0.09 kB[22m
@n8n/extension-sdk:build: [34mâ„¹[39m [33m[CJS][39m [2mdist/[22m[32m[1mschema.d.cts[22m[39m           [2m0.14 kB[22m [2mâ”‚ gzip: 0.09 kB[22m
@n8n/extension-sdk:build: [34mâ„¹[39m [33m[CJS][39m [2mdist/[22m[32mschema-DthLbnxJ.d.cts[39m  [2m2.36 kB[22m [2mâ”‚ gzip: 0.49 kB[22m
@n8n/extension-sdk:build: [34mâ„¹[39m [33m[CJS][39m 3 files, total: 2.64 kB
@n8n/extension-sdk:build: [32mâœ”[39m Build complete in [32m5316ms[39m
@n8n/extension-sdk:build: [34mâ„¹[39m [33m[CJS][39m [2mdist/backend/[22m[32m[1mindex.d.cts[22m[39m            [2m0.27 kB[22m [2mâ”‚ gzip: 0.13 kB[22m
@n8n/extension-sdk:build: [34mâ„¹[39m [33m[CJS][39m [2mdist/backend/[22m[32m[1mtypes.d.cts[22m[39m            [2m0.18 kB[22m [2mâ”‚ gzip: 0.10 kB[22m
@n8n/extension-sdk:build: [34mâ„¹[39m [33m[CJS][39m [2mdist/backend/[22m[32m[1mdefine.d.cts[22m[39m           [2m0.13 kB[22m [2mâ”‚ gzip: 0.10 kB[22m
@n8n/extension-sdk:build: [34mâ„¹[39m [33m[CJS][39m [2mdist/backend/[22m[32mtypes-BfwxaaeH.d.cts[39m   [2m0.36 kB[22m [2mâ”‚ gzip: 0.20 kB[22m
@n8n/extension-sdk:build: [34mâ„¹[39m [33m[CJS][39m [2mdist/backend/[22m[32mdefine-Ct6bwMfq.d.cts[39m  [2m0.27 kB[22m [2mâ”‚ gzip: 0.18 kB[22m
@n8n/extension-sdk:build: [34mâ„¹[39m [33m[CJS][39m 5 files, total: 1.22 kB
@n8n/extension-sdk:build: [32mâœ”[39m Build complete in [32m5324ms[39m
@n8n/extension-sdk:build: [34mâ„¹[39m [33m[CJS][39m [2mdist/frontend/[22m[32m[1mindex.d.cts[22m[39m            [2m0.28 kB[22m [2mâ”‚ gzip: 0.13 kB[22m
@n8n/extension-sdk:build: [34mâ„¹[39m [33m[CJS][39m [2mdist/frontend/[22m[32m[1mtypes.d.cts[22m[39m            [2m0.19 kB[22m [2mâ”‚ gzip: 0.10 kB[22m
@n8n/extension-sdk:build: [34mâ„¹[39m [33m[CJS][39m [2mdist/frontend/[22m[32m[1mdefine.d.cts[22m[39m           [2m0.13 kB[22m [2mâ”‚ gzip: 0.11 kB[22m
@n8n/extension-sdk:build: [34mâ„¹[39m [33m[CJS][39m [2mdist/frontend/[22m[32mtypes-Cfug_5tl.d.cts[39m   [2m0.57 kB[22m [2mâ”‚ gzip: 0.29 kB[22m
@n8n/extension-sdk:build: [34mâ„¹[39m [33m[CJS][39m [2mdist/frontend/[22m[32mdefine-ZL_u7zV_.d.cts[39m  [2m0.28 kB[22m [2mâ”‚ gzip: 0.19 kB[22m
@n8n/extension-sdk:build: [34mâ„¹[39m [33m[CJS][39m 5 files, total: 1.45 kB
@n8n/extension-sdk:build: [32mâœ”[39m Build complete in [32m5332ms[39m
@n8n/extension-sdk:build: 
@n8n/extension-sdk:build: > @n8n/extension-sdk@0.8.0 create-json-schema /home/zhang/n8n-quanyuge/packages/@n8n/extension-sdk
@n8n/extension-sdk:build: > tsx scripts/create-json-schema.ts
@n8n/extension-sdk:build: 
@n8n/permissions:build: cache hit, replaying logs 8d076084893561af
@n8n/permissions:build: 
@n8n/permissions:build: > @n8n/permissions@0.41.0 build /home/zhang/n8n-quanyuge/packages/@n8n/permissions
@n8n/client-oauth2:typecheck: cache hit, replaying logs f4fe6087718e28a5
@n8n/permissions:build: > tsc -p tsconfig.build.json
@n8n/permissions:build: 
@n8n/client-oauth2:typecheck: 
@n8n/client-oauth2:typecheck: > @n8n/client-oauth2@0.31.0 typecheck /home/zhang/n8n-quanyuge/packages/@n8n/client-oauth2
@n8n/client-oauth2:typecheck: > tsc --noEmit
@n8n/client-oauth2:typecheck: 
@n8n/json-schema-to-zod:typecheck: cache hit, replaying logs 736fb24bd0cf0775
@n8n/json-schema-to-zod:typecheck: 
@n8n/json-schema-to-zod:typecheck: > @n8n/json-schema-to-zod@1.5.0 typecheck /home/zhang/n8n-quanyuge/packages/@n8n/json-schema-to-zod
@n8n/json-schema-to-zod:typecheck: > tsc --noEmit
@n8n/json-schema-to-zod:typecheck: 
@n8n/permissions:typecheck: cache hit, replaying logs 68bc6b0fc05d1e91
@n8n/permissions:typecheck: 
@n8n/permissions:typecheck: > @n8n/permissions@0.41.0 typecheck /home/zhang/n8n-quanyuge/packages/@n8n/permissions
@n8n/permissions:typecheck: > tsc --noEmit
@n8n/permissions:typecheck: 
@n8n/constants:typecheck: cache hit, replaying logs edd3b08a03403a39
@n8n/constants:typecheck: 
@n8n/constants:typecheck: > @n8n/constants@0.13.0 typecheck /home/zhang/n8n-quanyuge/packages/@n8n/constants
@n8n/constants:typecheck: > tsc --noEmit
@n8n/constants:typecheck: 
@n8n/stylelint-config:typecheck: cache hit, replaying logs bc7a02d7264e8a8d
@n8n/stylelint-config:typecheck: 
@n8n/stylelint-config:typecheck: > @n8n/stylelint-config@0.0.1 typecheck /home/zhang/n8n-quanyuge/packages/@n8n/stylelint-config
@n8n/stylelint-config:typecheck: > tsc --noEmit
@n8n/stylelint-config:typecheck: 
@n8n/vitest-config:typecheck: cache hit, replaying logs 843869252e04034c
@n8n/vitest-config:typecheck: 
@n8n/vitest-config:typecheck: > @n8n/vitest-config@1.5.0 typecheck /home/zhang/n8n-quanyuge/packages/@n8n/vitest-config
@n8n/vitest-config:typecheck: > tsc --noEmit
@n8n/vitest-config:typecheck: 
@n8n/codemirror-lang:typecheck: cache hit, replaying logs e8e769b0c6786256
@n8n/codemirror-lang:typecheck: 
@n8n/codemirror-lang:typecheck: > @n8n/codemirror-lang@0.3.0 typecheck /home/zhang/n8n-quanyuge/packages/@n8n/codemirror-lang
@n8n/codemirror-lang:typecheck: > tsc --noEmit
@n8n/codemirror-lang:typecheck: 
@n8n/n8n-benchmark:typecheck: cache hit, replaying logs 6d7ca1c1105ad867
@n8n/n8n-benchmark:typecheck: 
@n8n/n8n-benchmark:typecheck: > @n8n/n8n-benchmark@1.28.0 typecheck /home/zhang/n8n-quanyuge/packages/@n8n/benchmark
@n8n/n8n-benchmark:typecheck: > tsc --noEmit
@n8n/n8n-benchmark:typecheck: 
@n8n/imap:build: cache hit, replaying logs bd16d3c2d5b34e83
@n8n/imap:build: 
@n8n/imap:build: > @n8n/imap@0.15.0 build /home/zhang/n8n-quanyuge/packages/@n8n/imap
@n8n/imap:build: > tsc -p tsconfig.build.json
@n8n/imap:build: 
@n8n/eslint-config:build: cache hit, replaying logs 244d7ac804c16e14
@n8n/eslint-config:build: 
@n8n/eslint-config:build: > @n8n/eslint-config@0.0.1 build /home/zhang/n8n-quanyuge/packages/@n8n/eslint-config
@n8n/eslint-config:build: > tsc
@n8n/eslint-config:build: 
@n8n/eslint-plugin-community-nodes:build: cache hit, replaying logs 6892a520f6e3425c
@n8n/eslint-plugin-community-nodes:build: 
@n8n/eslint-plugin-community-nodes:build: > @n8n/eslint-plugin-community-nodes@0.6.0 build /home/zhang/n8n-quanyuge/packages/@n8n/eslint-plugin-community-nodes
@n8n/eslint-plugin-community-nodes:build: > tsc --project tsconfig.build.json
@n8n/eslint-plugin-community-nodes:build: 
@n8n/config:typecheck: cache hit, replaying logs ca216ce81cf2b8aa
@n8n/config:typecheck: 
@n8n/config:typecheck: > @n8n/config@1.61.0 typecheck /home/zhang/n8n-quanyuge/packages/@n8n/config
@n8n/config:typecheck: > tsc --noEmit
@n8n/config:typecheck: 
@n8n/n8n-extension-insights:typecheck: cache hit, replaying logs 4d32489fdedd1cb1
@n8n/n8n-extension-insights:typecheck: 
@n8n/n8n-extension-insights:typecheck: > @n8n/n8n-extension-insights@0.10.0 typecheck /home/zhang/n8n-quanyuge/packages/extensions/insights
@n8n/n8n-extension-insights:typecheck: > vue-tsc --noEmit
@n8n/n8n-extension-insights:typecheck: 
@n8n/codemirror-lang-sql:build: cache hit, replaying logs 05970cc8dc3faacf
@n8n/codemirror-lang-sql:build: 
@n8n/codemirror-lang-sql:build: > @n8n/codemirror-lang-sql@1.2.0 build /home/zhang/n8n-quanyuge/packages/@n8n/codemirror-lang-sql
@n8n/codemirror-lang-sql:build: > tsc -p tsconfig.build.json
@n8n/codemirror-lang-sql:build: 
@n8n/imap:typecheck: cache hit, replaying logs b345227195f686a5
@n8n/imap:typecheck: 
@n8n/imap:typecheck: > @n8n/imap@0.15.0 typecheck /home/zhang/n8n-quanyuge/packages/@n8n/imap
@n8n/imap:typecheck: > tsc --noEmit
@n8n/imap:typecheck: 
@n8n/eslint-config:typecheck: cache hit, replaying logs e6b3fa9530d91084
@n8n/eslint-config:typecheck: 
@n8n/eslint-config:typecheck: > @n8n/eslint-config@0.0.1 typecheck /home/zhang/n8n-quanyuge/packages/@n8n/eslint-config
@n8n/eslint-config:typecheck: > tsc --noEmit
@n8n/eslint-config:typecheck: 
@n8n/config:build: cache hit, replaying logs b91e956872f4cd3d
@n8n/config:build: 
@n8n/config:build: > @n8n/config@1.61.0 build /home/zhang/n8n-quanyuge/packages/@n8n/config
@n8n/config:build: > tsc -p tsconfig.build.json
@n8n/config:build: 
@n8n/eslint-plugin-community-nodes:typecheck: cache hit, replaying logs 1e5289809f4a9712
@n8n/eslint-plugin-community-nodes:typecheck: 
@n8n/eslint-plugin-community-nodes:typecheck: > @n8n/eslint-plugin-community-nodes@0.6.0 typecheck /home/zhang/n8n-quanyuge/packages/@n8n/eslint-plugin-community-nodes
@n8n/eslint-plugin-community-nodes:typecheck: > tsc --noEmit
@n8n/eslint-plugin-community-nodes:typecheck: 
@n8n/codemirror-lang-sql:typecheck: cache hit, replaying logs fbd337c6c4df59c3
@n8n/codemirror-lang-sql:typecheck: 
@n8n/codemirror-lang-sql:typecheck: > @n8n/codemirror-lang-sql@1.2.0 typecheck /home/zhang/n8n-quanyuge/packages/@n8n/codemirror-lang-sql
@n8n/codemirror-lang-sql:typecheck: > tsc --noEmit
@n8n/codemirror-lang-sql:typecheck: 
@n8n/composables:build: cache hit, replaying logs 608737cff80ad2d4
@n8n/composables:build: 
@n8n/composables:build: > @n8n/composables@1.12.0 build /home/zhang/n8n-quanyuge/packages/frontend/@n8n/composables
@n8n/composables:build: > tsdown
@n8n/composables:build: 
@n8n/composables:build: [34mâ„¹[39m tsdown [2mv0.15.6[22m powered by rolldown [2mv1.0.0-beta.9-commit.d91dfb5[22m
@n8n/composables:build: [34mâ„¹[39m Using tsdown config: [4m/home/zhang/n8n-quanyuge/packages/frontend/@n8n/composables/tsdown.config.ts[24m
@n8n/composables:build: [34mâ„¹[39m entry: [34msrc/useDeviceSupport.ts, src/useShortKeyPress.ts, src/useThrottleWithReactiveDelay.ts[39m
@n8n/composables:build: [34mâ„¹[39m tsconfig: [34mtsconfig.json[39m
@n8n/composables:build: [34mâ„¹[39m Build start
@n8n/composables:build: [34mâ„¹[39m Cleaning 9 files
@n8n/composables:build: Warning validate input options.
@n8n/composables:build: - For the "tsconfig". Invalid key: Expected never but received "tsconfig". 
@n8n/composables:build: [34mâ„¹[39m [2mdist/[22m[1museDeviceSupport.js[22m                  [2m1.68 kB[22m [2mâ”‚ gzip: 0.69 kB[22m
@n8n/composables:build: [34mâ„¹[39m [2mdist/[22m[1museShortKeyPress.js[22m                  [2m0.61 kB[22m [2mâ”‚ gzip: 0.33 kB[22m
@n8n/composables:build: [34mâ„¹[39m [2mdist/[22m[1museThrottleWithReactiveDelay.js[22m      [2m0.56 kB[22m [2mâ”‚ gzip: 0.31 kB[22m
@n8n/composables:build: [34mâ„¹[39m [2mdist/[22museDeviceSupport.js.map              [2m2.66 kB[22m [2mâ”‚ gzip: 1.08 kB[22m
@n8n/composables:build: [34mâ„¹[39m [2mdist/[22museShortKeyPress.js.map              [2m1.35 kB[22m [2mâ”‚ gzip: 0.65 kB[22m
@n8n/composables:build: [34mâ„¹[39m [2mdist/[22museThrottleWithReactiveDelay.js.map  [2m0.95 kB[22m [2mâ”‚ gzip: 0.51 kB[22m
@n8n/composables:build: [34mâ„¹[39m [2mdist/[22m[32m[1museDeviceSupport.d.ts[22m[39m                [2m0.47 kB[22m [2mâ”‚ gzip: 0.29 kB[22m
@n8n/composables:build: [34mâ„¹[39m [2mdist/[22m[32m[1museShortKeyPress.d.ts[22m[39m                [2m0.41 kB[22m [2mâ”‚ gzip: 0.25 kB[22m
@n8n/composables:build: [34mâ„¹[39m [2mdist/[22m[32m[1museThrottleWithReactiveDelay.d.ts[22m[39m    [2m0.30 kB[22m [2mâ”‚ gzip: 0.19 kB[22m
@n8n/composables:build: [34mâ„¹[39m 9 files, total: 8.98 kB
@n8n/composables:build: [32mâœ”[39m Build complete in [32m2739ms[39m
@n8n/composables:typecheck: cache hit, replaying logs 30c03b9ee2b3a92f
@n8n/composables:typecheck: 
@n8n/composables:typecheck: > @n8n/composables@1.12.0 typecheck /home/zhang/n8n-quanyuge/packages/frontend/@n8n/composables
@n8n/composables:typecheck: > vue-tsc --noEmit
@n8n/composables:typecheck: 
@n8n/utils:typecheck: cache hit, replaying logs 6d85322d89b9bb1f
@n8n/utils:typecheck: 
@n8n/utils:typecheck: > @n8n/utils@1.18.0 typecheck /home/zhang/n8n-quanyuge/packages/@n8n/utils
@n8n/utils:typecheck: > tsc --noEmit
@n8n/utils:typecheck: 
n8n-workflow:typecheck: cache hit, replaying logs 96ba47fbbfb3ac2f
n8n-workflow:typecheck: 
n8n-workflow:typecheck: > n8n-workflow@1.116.0 typecheck /home/zhang/n8n-quanyuge/packages/workflow
n8n-workflow:typecheck: > tsc --noEmit
n8n-workflow:typecheck: 
@n8n/node-cli:typecheck: cache hit, replaying logs 35e4fcba8425a2cc
@n8n/node-cli:typecheck: 
@n8n/node-cli:typecheck: > @n8n/node-cli@0.14.0 typecheck /home/zhang/n8n-quanyuge/packages/@n8n/node-cli
@n8n/node-cli:typecheck: > tsc --noEmit
@n8n/node-cli:typecheck: 
@n8n/utils:build: cache hit, replaying logs b510b2f8f3aec6cd
@n8n/utils:build: 
@n8n/utils:build: > @n8n/utils@1.18.0 build /home/zhang/n8n-quanyuge/packages/@n8n/utils
@n8n/utils:build: > tsdown
@n8n/utils:build: 
@n8n/utils:build: [34mâ„¹[39m tsdown [2mv0.15.6[22m powered by rolldown [2mv1.0.0-beta.9-commit.d91dfb5[22m
@n8n/utils:build: [34mâ„¹[39m Using tsdown config: [4m/home/zhang/n8n-quanyuge/packages/@n8n/utils/tsdown.config.ts[24m
@n8n/utils:build: [34mâ„¹[39m entry: [34msrc/assert.ts, src/event-bus.ts, src/event-queue.ts, src/retry.ts, src/number/smartDecimal.ts, src/search/reRankSearchResults.ts, src/search/sublimeSearch.ts, src/sort/sortByProperty.ts, src/string/truncate.ts[39m
@n8n/utils:build: [34mâ„¹[39m tsconfig: [34mtsconfig.json[39m
@n8n/utils:build: [34mâ„¹[39m Build start
@n8n/utils:build: [34mâ„¹[39m Cleaning 58 files
@n8n/utils:build: Warning validate input options.
@n8n/utils:build: - For the "tsconfig". Invalid key: Expected never but received "tsconfig". 
@n8n/utils:build: Warning validate input options.
@n8n/utils:build: - For the "tsconfig". Invalid key: Expected never but received "tsconfig". 
@n8n/utils:build: [34mâ„¹[39m [33m[CJS][39m [2mdist/[22m[1msearch/sublimeSearch.cjs[22m            [2m 5.65 kB[22m [2mâ”‚ gzip: 1.81 kB[22m
@n8n/utils:build: [34mâ„¹[39m [33m[CJS][39m [2mdist/[22m[1mretry.cjs[22m                           [2m 1.48 kB[22m [2mâ”‚ gzip: 0.67 kB[22m
@n8n/utils:build: [34mâ„¹[39m [33m[CJS][39m [2mdist/[22m[1mstring/truncate.cjs[22m                 [2m 1.44 kB[22m [2mâ”‚ gzip: 0.63 kB[22m
@n8n/utils:build: [34mâ„¹[39m [33m[CJS][39m [2mdist/[22m[1mevent-queue.cjs[22m                     [2m 1.01 kB[22m [2mâ”‚ gzip: 0.48 kB[22m
@n8n/utils:build: [34mâ„¹[39m [33m[CJS][39m [2mdist/[22m[1mevent-bus.cjs[22m                       [2m 1.01 kB[22m [2mâ”‚ gzip: 0.45 kB[22m
@n8n/utils:build: [34mâ„¹[39m [33m[CJS][39m [2mdist/[22m[1msearch/reRankSearchResults.cjs[22m      [2m 0.60 kB[22m [2mâ”‚ gzip: 0.31 kB[22m
@n8n/utils:build: [34mâ„¹[39m [33m[CJS][39m [2mdist/[22m[1msort/sortByProperty.cjs[22m             [2m 0.39 kB[22m [2mâ”‚ gzip: 0.25 kB[22m
@n8n/utils:build: [34mâ„¹[39m [33m[CJS][39m [2mdist/[22m[1mnumber/smartDecimal.cjs[22m             [2m 0.34 kB[22m [2mâ”‚ gzip: 0.22 kB[22m
@n8n/utils:build: [34mâ„¹[39m [33m[CJS][39m [2mdist/[22m[1massert.cjs[22m                          [2m 0.24 kB[22m [2mâ”‚ gzip: 0.19 kB[22m
@n8n/utils:build: [34mâ„¹[39m [33m[CJS][39m [2mdist/[22msearch/sublimeSearch.cjs.map        [2m12.38 kB[22m [2mâ”‚ gzip: 4.07 kB[22m
@n8n/utils:build: [34mâ„¹[39m [33m[CJS][39m [2mdist/[22mevent-bus.cjs.map                   [2m 2.96 kB[22m [2mâ”‚ gzip: 1.00 kB[22m
@n8n/utils:build: [34mâ„¹[39m [33m[CJS][39m [2mdist/[22mretry.cjs.map                       [2m 2.49 kB[22m [2mâ”‚ gzip: 1.09 kB[22m
@n8n/utils:build: [34mâ„¹[39m [33m[CJS][39m [2mdist/[22mstring/truncate.cjs.map             [2m 2.41 kB[22m [2mâ”‚ gzip: 1.03 kB[22m
@n8n/utils:build: [34mâ„¹[39m [33m[CJS][39m [2mdist/[22mevent-queue.cjs.map                 [2m 1.82 kB[22m [2mâ”‚ gzip: 0.85 kB[22m
@n8n/utils:build: [34mâ„¹[39m [33m[CJS][39m [2mdist/[22msearch/reRankSearchResults.cjs.map  [2m 1.45 kB[22m [2mâ”‚ gzip: 0.66 kB[22m
@n8n/utils:build: [34mâ„¹[39m [33m[CJS][39m [2mdist/[22msort/sortByProperty.cjs.map         [2m 0.73 kB[22m [2mâ”‚ gzip: 0.44 kB[22m
@n8n/utils:build: [34mâ„¹[39m [33m[CJS][39m [2mdist/[22mnumber/smartDecimal.cjs.map         [2m 0.66 kB[22m [2mâ”‚ gzip: 0.38 kB[22m
@n8n/utils:build: [34mâ„¹[39m [33m[CJS][39m [2mdist/[22massert.cjs.map                      [2m 0.49 kB[22m [2mâ”‚ gzip: 0.33 kB[22m
@n8n/utils:build: [34mâ„¹[39m [33m[CJS][39m 18 files, total: 37.54 kB
@n8n/utils:build: Warning validate input options.
@n8n/utils:build: - For the "tsconfig". Invalid key: Expected never but received "tsconfig". 
@n8n/utils:build: [34mâ„¹[39m [34m[ESM][39m [2mdist/[22m[1msearch/sublimeSearch.js[22m            [2m 5.61 kB[22m [2mâ”‚ gzip: 1.80 kB[22m
@n8n/utils:build: [34mâ„¹[39m [34m[ESM][39m [2mdist/[22m[1mretry.js[22m                           [2m 1.47 kB[22m [2mâ”‚ gzip: 0.67 kB[22m
@n8n/utils:build: [34mâ„¹[39m [34m[ESM][39m [2mdist/[22m[1mstring/truncate.js[22m                 [2m 1.40 kB[22m [2mâ”‚ gzip: 0.63 kB[22m
@n8n/utils:build: [34mâ„¹[39m [34m[ESM][39m [2mdist/[22m[1mevent-bus.js[22m                       [2m 1.00 kB[22m [2mâ”‚ gzip: 0.45 kB[22m
@n8n/utils:build: [34mâ„¹[39m [34m[ESM][39m [2mdist/[22m[1mevent-queue.js[22m                     [2m 1.00 kB[22m [2mâ”‚ gzip: 0.47 kB[22m
@n8n/utils:build: [34mâ„¹[39m [34m[ESM][39m [2mdist/[22m[1msearch/reRankSearchResults.js[22m      [2m 0.58 kB[22m [2mâ”‚ gzip: 0.30 kB[22m
@n8n/utils:build: [34mâ„¹[39m [34m[ESM][39m [2mdist/[22m[1msort/sortByProperty.js[22m             [2m 0.37 kB[22m [2mâ”‚ gzip: 0.25 kB[22m
@n8n/utils:build: [34mâ„¹[39m [34m[ESM][39m [2mdist/[22m[1mnumber/smartDecimal.js[22m             [2m 0.32 kB[22m [2mâ”‚ gzip: 0.22 kB[22m
@n8n/utils:build: [34mâ„¹[39m [34m[ESM][39m [2mdist/[22m[1massert.js[22m                          [2m 0.23 kB[22m [2mâ”‚ gzip: 0.18 kB[22m
@n8n/utils:build: [34mâ„¹[39m [34m[ESM][39m [2mdist/[22msearch/sublimeSearch.js.map        [2m12.38 kB[22m [2mâ”‚ gzip: 4.07 kB[22m
@n8n/utils:build: [34mâ„¹[39m [34m[ESM][39m [2mdist/[22mevent-bus.js.map                   [2m 2.96 kB[22m [2mâ”‚ gzip: 1.00 kB[22m
@n8n/utils:build: [34mâ„¹[39m [34m[ESM][39m [2mdist/[22mretry.js.map                       [2m 2.49 kB[22m [2mâ”‚ gzip: 1.09 kB[22m
@n8n/utils:build: [34mâ„¹[39m [34m[ESM][39m [2mdist/[22mstring/truncate.js.map             [2m 2.41 kB[22m [2mâ”‚ gzip: 1.03 kB[22m
@n8n/utils:build: [34mâ„¹[39m [34m[ESM][39m [2mdist/[22mevent-queue.js.map                 [2m 1.82 kB[22m [2mâ”‚ gzip: 0.85 kB[22m
@n8n/utils:build: [34mâ„¹[39m [34m[ESM][39m [2mdist/[22msearch/reRankSearchResults.js.map  [2m 1.44 kB[22m [2mâ”‚ gzip: 0.65 kB[22m
@n8n/utils:build: [34mâ„¹[39m [34m[ESM][39m [2mdist/[22msort/sortByProperty.js.map         [2m 0.73 kB[22m [2mâ”‚ gzip: 0.43 kB[22m
@n8n/utils:build: [34mâ„¹[39m [34m[ESM][39m [2mdist/[22mnumber/smartDecimal.js.map         [2m 0.66 kB[22m [2mâ”‚ gzip: 0.38 kB[22m
@n8n/utils:build: [34mâ„¹[39m [34m[ESM][39m [2mdist/[22massert.js.map                      [2m 0.49 kB[22m [2mâ”‚ gzip: 0.33 kB[22m
@n8n/utils:build: [34mâ„¹[39m [34m[ESM][39m [2mdist/[22m[32m[1mevent-bus.d.ts[22m[39m                     [2m 0.98 kB[22m [2mâ”‚ gzip: 0.34 kB[22m
@n8n/utils:build: [34mâ„¹[39m [34m[ESM][39m [2mdist/[22m[32m[1msearch/sublimeSearch.d.ts[22m[39m          [2m 0.38 kB[22m [2mâ”‚ gzip: 0.25 kB[22m
@n8n/utils:build: [34mâ„¹[39m [34m[ESM][39m [2mdist/[22m[32m[1msearch/reRankSearchResults.d.ts[22m[39m    [2m 0.36 kB[22m [2mâ”‚ gzip: 0.21 kB[22m
@n8n/utils:build: [34mâ„¹[39m [34m[ESM][39m [2mdist/[22m[32m[1mretry.d.ts[22m[39m                         [2m 0.28 kB[22m [2mâ”‚ gzip: 0.21 kB[22m
@n8n/utils:build: [34mâ„¹[39m [34m[ESM][39m [2mdist/[22m[32m[1mstring/truncate.d.ts[22m[39m               [2m 0.27 kB[22m [2mâ”‚ gzip: 0.18 kB[22m
@n8n/utils:build: [34mâ„¹[39m [34m[ESM][39m [2mdist/[22m[32m[1mevent-queue.d.ts[22m[39m                   [2m 0.23 kB[22m [2mâ”‚ gzip: 0.17 kB[22m
@n8n/utils:build: [34mâ„¹[39m [34m[ESM][39m [2mdist/[22m[32m[1msort/sortByProperty.d.ts[22m[39m           [2m 0.22 kB[22m [2mâ”‚ gzip: 0.17 kB[22m
@n8n/utils:build: [34mâ„¹[39m [34m[ESM][39m [2mdist/[22m[32m[1mnumber/smartDecimal.d.ts[22m[39m           [2m 0.19 kB[22m [2mâ”‚ gzip: 0.14 kB[22m
@n8n/utils:build: [34mâ„¹[39m [34m[ESM][39m [2mdist/[22m[32m[1massert.d.ts[22m[39m                        [2m 0.18 kB[22m [2mâ”‚ gzip: 0.15 kB[22m
@n8n/utils:build: [34mâ„¹[39m [34m[ESM][39m 27 files, total: 40.43 kB
@n8n/utils:build: [34mâ„¹[39m [33m[CJS][39m [2mdist/[22m[32m[1mevent-bus.d.cts[22m[39m                   [2m0.98 kB[22m [2mâ”‚ gzip: 0.34 kB[22m
@n8n/utils:build: [34mâ„¹[39m [33m[CJS][39m [2mdist/[22m[32m[1msearch/sublimeSearch.d.cts[22m[39m        [2m0.38 kB[22m [2mâ”‚ gzip: 0.25 kB[22m
@n8n/utils:build: [34mâ„¹[39m [33m[CJS][39m [2mdist/[22m[32m[1msearch/reRankSearchResults.d.cts[22m[39m  [2m0.36 kB[22m [2mâ”‚ gzip: 0.22 kB[22m
@n8n/utils:build: [34mâ„¹[39m [33m[CJS][39m [2mdist/[22m[32m[1mretry.d.cts[22m[39m                       [2m0.28 kB[22m [2mâ”‚ gzip: 0.21 kB[22m
@n8n/utils:build: [34mâ„¹[39m [33m[CJS][39m [2mdist/[22m[32m[1mstring/truncate.d.cts[22m[39m             [2m0.27 kB[22m [2mâ”‚ gzip: 0.18 kB[22m
@n8n/utils:build: [34mâ„¹[39m [33m[CJS][39m [2mdist/[22m[32m[1mevent-queue.d.cts[22m[39m                 [2m0.23 kB[22m [2mâ”‚ gzip: 0.17 kB[22m
@n8n/utils:build: [34mâ„¹[39m [33m[CJS][39m [2mdist/[22m[32m[1msort/sortByProperty.d.cts[22m[39m         [2m0.22 kB[22m [2mâ”‚ gzip: 0.17 kB[22m
@n8n/utils:build: [34mâ„¹[39m [33m[CJS][39m [2mdist/[22m[32m[1mnumber/smartDecimal.d.cts[22m[39m         [2m0.19 kB[22m [2mâ”‚ gzip: 0.15 kB[22m
@n8n/utils:build: [34mâ„¹[39m [33m[CJS][39m [2mdist/[22m[32m[1massert.d.cts[22m[39m                      [2m0.18 kB[22m [2mâ”‚ gzip: 0.15 kB[22m
@n8n/utils:build: [34mâ„¹[39m [33m[CJS][39m 9 files, total: 3.10 kB
@n8n/utils:build: [32mâœ”[39m Build complete in [32m2358ms[39m
@n8n/design-system:typecheck: cache hit, replaying logs 00b6869b69931012
@n8n/design-system:typecheck: 
@n8n/design-system:typecheck: > @n8n/design-system@1.106.0 typecheck /home/zhang/n8n-quanyuge/packages/frontend/@n8n/design-system
@n8n/design-system:typecheck: > vue-tsc --noEmit
@n8n/design-system:typecheck: 
@n8n/node-cli:build: cache hit, replaying logs 429f76aa187f4f6e
@n8n/node-cli:build: 
@n8n/node-cli:build: > @n8n/node-cli@0.14.0 build /home/zhang/n8n-quanyuge/packages/@n8n/node-cli
@n8n/node-cli:build: > tsc -p tsconfig.build.json && pnpm copy-templates
@n8n/node-cli:build: 
@n8n/node-cli:build: 
@n8n/node-cli:build: > @n8n/node-cli@0.14.0 copy-templates /home/zhang/n8n-quanyuge/packages/@n8n/node-cli
@n8n/node-cli:build: > node scripts/copy-templates.mjs
@n8n/node-cli:build: 
@n8n/design-system:build: cache hit, replaying logs c2d63546c33bcde0
@n8n/design-system:build: 
@n8n/design-system:build: > @n8n/design-system@1.106.0 build /home/zhang/n8n-quanyuge/packages/frontend/@n8n/design-system
@n8n/design-system:build: > vite build
@n8n/design-system:build: 
@n8n/design-system:build: rolldown-vite v7.1.16 building for production...
@n8n/design-system:build: Browserslist: browsers data (caniuse-lite) is 6 months old. Please run:
@n8n/design-system:build:   npx update-browserslist-db@latest
@n8n/design-system:build:   Why you should do it regularly: https://github.com/browserslist/update-db#readme
@n8n/design-system:build: [2K@n8n/design-system:build: transforming...[32mâœ“[39m 2653 modules transformed.
@n8n/design-system:build: rendering chunks...
@n8n/design-system:build: computing gzip size...
@n8n/design-system:build: [2mdist/[22m[35mdesign-system.css        [39m[1m[2m  114.11 kB[22m[22m[2m â”‚ gzip:  18.17 kB[22m
@n8n/design-system:build: [2mdist/[22m[36men-Dv2AfWSE.js           [39m[1m[2m    0.08 kB[22m[22m[2m â”‚ gzip:   0.08 kB[22m
@n8n/design-system:build: [2mdist/[22m[36men-BZK1iLVe.js           [39m[1m[2m    4.89 kB[22m[22m[2m â”‚ gzip:   1.75 kB[22m
@n8n/design-system:build: [2mdist/[22m[36mzh-On8Xuf87.js           [39m[1m[2m    4.91 kB[22m[22m[2m â”‚ gzip:   2.14 kB[22m
@n8n/design-system:build: [2mdist/[22m[36mn8n-design-system.es.js  [39m[1m[33m1,552.98 kB[39m[22m[2m â”‚ gzip: 374.47 kB[22m
@n8n/design-system:build: [2K@n8n/design-system:build: transforming...[32mâœ“[39m 2653 modules transformed.
@n8n/design-system:build: rendering chunks...
@n8n/design-system:build: computing gzip size...
@n8n/design-system:build: [2mdist/[22m[35mdesign-system.css         [39m[1m[2m  114.11 kB[22m[22m[2m â”‚ gzip:  18.17 kB[22m
@n8n/design-system:build: [2mdist/[22m[36mn8n-design-system.umd.js  [39m[1m[33m1,154.63 kB[39m[22m[2m â”‚ gzip: 326.12 kB[22m
@n8n/design-system:build: âœ“ built in 8.79s
@n8n/chat:typecheck: cache hit, replaying logs 5b0de76e1a98016a
@n8n/chat:typecheck: 
@n8n/chat:typecheck: > @n8n/chat@0.64.0 typecheck /home/zhang/n8n-quanyuge/packages/frontend/@n8n/chat
@n8n/chat:typecheck: > vue-tsc --noEmit
@n8n/chat:typecheck: 
n8n-editor-ui:popularity-cache-marker: 
n8n-editor-ui:popularity-cache-marker: > n8n-editor-ui@1.119.0 popularity-cache-marker /home/zhang/n8n-quanyuge/packages/frontend/editor-ui
n8n-editor-ui:popularity-cache-marker: > node scripts/cache-marker.mjs
n8n-editor-ui:popularity-cache-marker: 
n8n-editor-ui:fetch-popularity: cache miss, executing 4573a22a8b8cb49b
n8n-workflow:build: cache hit, replaying logs 8bc4198e77446af3
n8n-workflow:build: 
n8n-workflow:build: > n8n-workflow@1.116.0 build /home/zhang/n8n-quanyuge/packages/workflow
n8n-workflow:build: > tsc --build tsconfig.build.esm.json tsconfig.build.cjs.json
n8n-workflow:build: 
@n8n/chat:build: cache hit, replaying logs 8424edd941adcff8
@n8n/chat:build: 
@n8n/chat:build: > @n8n/chat@0.64.0 build /home/zhang/n8n-quanyuge/packages/frontend/@n8n/chat
@n8n/chat:build: > pnpm build:vite && pnpm build:bundle
@n8n/chat:build: 
@n8n/chat:build: 
@n8n/chat:build: > @n8n/chat@0.64.0 build:vite /home/zhang/n8n-quanyuge/packages/frontend/@n8n/chat
@n8n/chat:build: > cross-env vite build
@n8n/chat:build: 
@n8n/chat:build: rolldown-vite v7.1.16 building for production...
@n8n/chat:build: [2K@n8n/chat:build: transforming...[32mâœ“[39m 2753 modules transformed.
@n8n/chat:build: rendering chunks...
@n8n/chat:build: [plugin builtin:reporter] 
@n8n/chat:build: (!) /home/zhang/n8n-quanyuge/packages/frontend/@n8n/design-system/src/locale/lang/en.ts is dynamically imported by /home/zhang/n8n-quanyuge/packages/frontend/@n8n/design-system/src/locale/index.ts but also statically imported by /home/zhang/n8n-quanyuge/packages/frontend/@n8n/design-system/src/locale/index.ts, dynamic import will not move module into another chunk.
@n8n/chat:build: 
@n8n/chat:build: 
@n8n/chat:build: [vite:dts] Start generate declaration files...
@n8n/chat:build: [vite:dts] Declaration files built in 22189ms.
@n8n/chat:build: 
@n8n/chat:build: computing gzip size...
@n8n/chat:build: [2mdist/[22m[35mchat.css    [39m[1m[2m 63.16 kB[22m[22m[2m â”‚ gzip:   9.77 kB[22m
@n8n/chat:build: [2mdist/[22m[36mchat.es.js  [39m[1m[33m950.32 kB[39m[22m[2m â”‚ gzip: 246.40 kB[22m
@n8n/chat:build: [2K@n8n/chat:build: transforming...[32mâœ“[39m 2753 modules transformed.
@n8n/chat:build: rendering chunks...
@n8n/chat:build: computing gzip size...
@n8n/chat:build: [2mdist/[22m[35mchat.css     [39m[1m[2m 63.16 kB[22m[22m[2m â”‚ gzip:   9.77 kB[22m
@n8n/chat:build: [2mdist/[22m[36mchat.umd.js  [39m[1m[33m695.80 kB[39m[22m[2m â”‚ gzip: 215.93 kB[22m
@n8n/chat:build: âœ“ built in 28.31s
@n8n/chat:build: 
@n8n/chat:build: > @n8n/chat@0.64.0 build:bundle /home/zhang/n8n-quanyuge/packages/frontend/@n8n/chat
@n8n/chat:build: > cross-env INCLUDE_VUE=true vite build
@n8n/chat:build: 
@n8n/chat:build: rolldown-vite v7.1.16 building for production...
@n8n/chat:build: [2K@n8n/chat:build: transforming...[32mâœ“[39m 2756 modules transformed.
@n8n/chat:build: rendering chunks...
@n8n/chat:build: [plugin builtin:reporter] 
@n8n/chat:build: (!) /home/zhang/n8n-quanyuge/packages/frontend/@n8n/design-system/src/locale/lang/en.ts is dynamically imported by /home/zhang/n8n-quanyuge/packages/frontend/@n8n/design-system/src/locale/index.ts but also statically imported by /home/zhang/n8n-quanyuge/packages/frontend/@n8n/design-system/src/locale/index.ts, dynamic import will not move module into another chunk.
@n8n/chat:build: 
@n8n/chat:build: 
@n8n/chat:build: [vite:dts] Start generate declaration files...
@n8n/chat:build: [vite:dts] Declaration files built in 12890ms.
@n8n/chat:build: 
@n8n/chat:build: computing gzip size...
@n8n/chat:build: [2mdist/[22m[35mchat.css           [39m[1m[2m   63.16 kB[22m[22m[2m â”‚ gzip:   9.77 kB[22m
@n8n/chat:build: [2mdist/[22m[36mchat.bundle.es.js  [39m[1m[33m1,035.09 kB[39m[22m[2m â”‚ gzip: 274.20 kB[22m
@n8n/chat:build: [2K@n8n/chat:build: transforming...[32mâœ“[39m 2756 modules transformed.
@n8n/chat:build: rendering chunks...
@n8n/chat:build: computing gzip size...
@n8n/chat:build: [2mdist/[22m[35mchat.css            [39m[1m[2m 63.16 kB[22m[22m[2m â”‚ gzip:   9.77 kB[22m
@n8n/chat:build: [2mdist/[22m[36mchat.bundle.umd.js  [39m[1m[33m701.00 kB[39m[22m[2m â”‚ gzip: 236.62 kB[22m
@n8n/chat:build: âœ“ built in 18.62s
@n8n/decorators:typecheck: cache hit, replaying logs 624758204c48693a
@n8n/decorators:typecheck: 
@n8n/decorators:typecheck: > @n8n/decorators@0.29.0 typecheck /home/zhang/n8n-quanyuge/packages/@n8n/decorators
@n8n/decorators:typecheck: > tsc --noEmit
@n8n/decorators:typecheck: 
@n8n/api-types:typecheck: cache hit, replaying logs 03b19edf52a28880
@n8n/api-types:typecheck: 
@n8n/api-types:typecheck: > @n8n/api-types@0.53.0 typecheck /home/zhang/n8n-quanyuge/packages/@n8n/api-types
@n8n/api-types:typecheck: > tsc --noEmit
@n8n/api-types:typecheck: 
@n8n/stores:typecheck: cache hit, replaying logs a940519243bb0f06
@n8n/stores:typecheck: 
@n8n/stores:typecheck: > @n8n/stores@1.26.0 typecheck /home/zhang/n8n-quanyuge/packages/frontend/@n8n/stores
@n8n/stores:typecheck: > vue-tsc --noEmit
@n8n/stores:typecheck: 
@n8n/i18n:typecheck: cache hit, replaying logs c7b1354891510180
@n8n/i18n:typecheck: 
@n8n/i18n:typecheck: > @n8n/i18n@1.23.0 typecheck /home/zhang/n8n-quanyuge/packages/frontend/@n8n/i18n
@n8n/i18n:typecheck: > vue-tsc --noEmit
@n8n/i18n:typecheck: 
@n8n/stores:build: cache hit, replaying logs df8c3aebe635becf
@n8n/stores:build: 
@n8n/stores:build: > @n8n/stores@1.26.0 build /home/zhang/n8n-quanyuge/packages/frontend/@n8n/stores
@n8n/stores:build: > tsdown
@n8n/stores:build: 
@n8n/stores:build: [34mâ„¹[39m tsdown [2mv0.15.6[22m powered by rolldown [2mv1.0.0-beta.9-commit.d91dfb5[22m
@n8n/stores:build: [34mâ„¹[39m Using tsdown config: [4m/home/zhang/n8n-quanyuge/packages/frontend/@n8n/stores/tsdown.config.ts[24m
@n8n/stores:build: [34mâ„¹[39m entry: [34msrc/constants.ts, src/index.ts, src/metaTagConfig.ts, src/useAgentRequestStore.ts, src/useRootStore.ts[39m
@n8n/stores:build: [34mâ„¹[39m tsconfig: [34mtsconfig.json[39m
@n8n/stores:build: [34mâ„¹[39m Build start
@n8n/stores:build: [34mâ„¹[39m Cleaning 17 files
@n8n/stores:build: Warning validate input options.
@n8n/stores:build: - For the "tsconfig". Invalid key: Expected never but received "tsconfig". 
@n8n/stores:build: [34mâ„¹[39m [2mdist/[22m[1museRootStore.js[22m                [2m 5.57 kB[22m [2mâ”‚ gzip: 1.32 kB[22m
@n8n/stores:build: [34mâ„¹[39m [2mdist/[22m[1museAgentRequestStore.js[22m        [2m 1.88 kB[22m [2mâ”‚ gzip: 0.56 kB[22m
@n8n/stores:build: [34mâ„¹[39m [2mdist/[22m[1mmetaTagConfig.js[22m               [2m 0.16 kB[22m [2mâ”‚ gzip: 0.10 kB[22m
@n8n/stores:build: [34mâ„¹[39m [2mdist/[22m[1mconstants.js[22m                   [2m 0.07 kB[22m [2mâ”‚ gzip: 0.08 kB[22m
@n8n/stores:build: [34mâ„¹[39m [2mdist/[22m[1mindex.js[22m                       [2m 0.07 kB[22m [2mâ”‚ gzip: 0.08 kB[22m
@n8n/stores:build: [34mâ„¹[39m [2mdist/[22museRootStore.js.map            [2m10.87 kB[22m [2mâ”‚ gzip: 2.35 kB[22m
@n8n/stores:build: [34mâ„¹[39m [2mdist/[22museAgentRequestStore.js.map    [2m 3.91 kB[22m [2mâ”‚ gzip: 1.22 kB[22m
@n8n/stores:build: [34mâ„¹[39m [2mdist/[22mconstants-CHlKciqY.js.map      [2m 2.34 kB[22m [2mâ”‚ gzip: 1.08 kB[22m
@n8n/stores:build: [34mâ„¹[39m [2mdist/[22mmetaTagConfig-AMMUarR2.js.map  [2m 1.92 kB[22m [2mâ”‚ gzip: 0.77 kB[22m
@n8n/stores:build: [34mâ„¹[39m [2mdist/[22mconstants-CHlKciqY.js          [2m 1.63 kB[22m [2mâ”‚ gzip: 0.84 kB[22m
@n8n/stores:build: [34mâ„¹[39m [2mdist/[22mmetaTagConfig-AMMUarR2.js      [2m 1.15 kB[22m [2mâ”‚ gzip: 0.47 kB[22m
@n8n/stores:build: [34mâ„¹[39m [2mdist/[22m[32m[1museRootStore.d.ts[22m[39m              [2m 7.43 kB[22m [2mâ”‚ gzip: 0.92 kB[22m
@n8n/stores:build: [34mâ„¹[39m [2mdist/[22m[32m[1museAgentRequestStore.d.ts[22m[39m      [2m 2.51 kB[22m [2mâ”‚ gzip: 0.49 kB[22m
@n8n/stores:build: [34mâ„¹[39m [2mdist/[22m[32m[1mmetaTagConfig.d.ts[22m[39m             [2m 0.31 kB[22m [2mâ”‚ gzip: 0.17 kB[22m
@n8n/stores:build: [34mâ„¹[39m [2mdist/[22m[32m[1mconstants.d.ts[22m[39m                 [2m 0.08 kB[22m [2mâ”‚ gzip: 0.08 kB[22m
@n8n/stores:build: [34mâ„¹[39m [2mdist/[22m[32m[1mindex.d.ts[22m[39m                     [2m 0.08 kB[22m [2mâ”‚ gzip: 0.08 kB[22m
@n8n/stores:build: [34mâ„¹[39m [2mdist/[22m[32mconstants-C-r6Jl7u.d.ts[39m        [2m 2.16 kB[22m [2mâ”‚ gzip: 0.89 kB[22m
@n8n/stores:build: [34mâ„¹[39m 17 files, total: 42.14 kB
@n8n/stores:build: [32mâœ”[39m Build complete in [32m4166ms[39m
@n8n/decorators:build: cache hit, replaying logs 128841ae08ad7dad
@n8n/decorators:build: 
@n8n/decorators:build: > @n8n/decorators@0.29.0 build /home/zhang/n8n-quanyuge/packages/@n8n/decorators
@n8n/decorators:build: > tsc -p tsconfig.build.json
@n8n/decorators:build: 
@n8n/backend-common:typecheck: cache hit, replaying logs 87fd99ccbf7e7f3e
@n8n/backend-common:typecheck: 
@n8n/backend-common:typecheck: > @n8n/backend-common@0.29.0 typecheck /home/zhang/n8n-quanyuge/packages/@n8n/backend-common
@n8n/backend-common:typecheck: > tsc --noEmit
@n8n/backend-common:typecheck: 
@n8n/i18n:build: cache hit, replaying logs 13b4da078292e4e3
@n8n/i18n:build: 
@n8n/i18n:build: > @n8n/i18n@1.23.0 build /home/zhang/n8n-quanyuge/packages/frontend/@n8n/i18n
@n8n/i18n:build: > tsdown
@n8n/i18n:build: 
@n8n/i18n:build: [34mâ„¹[39m tsdown [2mv0.15.6[22m powered by rolldown [2mv1.0.0-beta.9-commit.d91dfb5[22m
@n8n/i18n:build: [34mâ„¹[39m Using tsdown config: [4m/home/zhang/n8n-quanyuge/packages/frontend/@n8n/i18n/tsdown.config.ts[24m
@n8n/i18n:build: [34mâ„¹[39m entry: [34msrc/index.ts, src/types.ts, src/utils.ts[39m
@n8n/i18n:build: [34mâ„¹[39m tsconfig: [34mtsconfig.json[39m
@n8n/i18n:build: [34mâ„¹[39m Build start
@n8n/i18n:build: [34mâ„¹[39m Cleaning 20 files
@n8n/i18n:build: Warning validate input options.
@n8n/i18n:build: - For the "tsconfig". Invalid key: Expected never but received "tsconfig". 
@n8n/i18n:build: Warning validate input options.
@n8n/i18n:build: - For the "tsconfig". Invalid key: Expected never but received "tsconfig". 
@n8n/i18n:build: [34mâ„¹[39m [33m[CJS][39m [2mdist/[22m[1mindex.cjs[22m               [2m1279.42 kB[22m
@n8n/i18n:build: [34mâ„¹[39m [33m[CJS][39m [2mdist/[22m[1mutils.cjs[22m               [2m   0.30 kB[22m [2mâ”‚ gzip:   0.16 kB[22m
@n8n/i18n:build: [34mâ„¹[39m [33m[CJS][39m [2mdist/[22m[1mtypes.cjs[22m               [2m   0.00 kB[22m [2mâ”‚ gzip:   0.02 kB[22m
@n8n/i18n:build: [34mâ„¹[39m [33m[CJS][39m [2mdist/[22mindex.cjs.map           [2m 779.71 kB[22m [2mâ”‚ gzip: 173.05 kB[22m
@n8n/i18n:build: [34mâ„¹[39m [33m[CJS][39m [2mdist/[22mutils-p9ioSiTo.cjs.map  [2m   3.66 kB[22m [2mâ”‚ gzip:   1.41 kB[22m
@n8n/i18n:build: [34mâ„¹[39m [33m[CJS][39m [2mdist/[22mutils-p9ioSiTo.cjs      [2m   2.79 kB[22m [2mâ”‚ gzip:   1.05 kB[22m
@n8n/i18n:build: [34mâ„¹[39m [33m[CJS][39m 6 files, total: 2065.88 kB
@n8n/i18n:build: Warning validate input options.
@n8n/i18n:build: - For the "tsconfig". Invalid key: Expected never but received "tsconfig". 
@n8n/i18n:build: [34mâ„¹[39m [34m[ESM][39m [2mdist/[22m[1mindex.js[22m               [2m1278.00 kB[22m
@n8n/i18n:build: [34mâ„¹[39m [34m[ESM][39m [2mdist/[22m[1mutils.js[22m               [2m   0.20 kB[22m [2mâ”‚ gzip:   0.13 kB[22m
@n8n/i18n:build: [34mâ„¹[39m [34m[ESM][39m [2mdist/[22m[1mtypes.js[22m               [2m   0.00 kB[22m [2mâ”‚ gzip:   0.02 kB[22m
@n8n/i18n:build: [34mâ„¹[39m [34m[ESM][39m [2mdist/[22mindex.js.map           [2m 779.68 kB[22m [2mâ”‚ gzip: 173.04 kB[22m
@n8n/i18n:build: [34mâ„¹[39m [34m[ESM][39m [2mdist/[22mutils-BJm12gqs.js.map  [2m   3.65 kB[22m [2mâ”‚ gzip:   1.41 kB[22m
@n8n/i18n:build: [34mâ„¹[39m [34m[ESM][39m [2mdist/[22mutils-BJm12gqs.js      [2m   2.34 kB[22m [2mâ”‚ gzip:   0.97 kB[22m
@n8n/i18n:build: [34mâ„¹[39m [34m[ESM][39m [2mdist/[22m[32m[1mindex.d.ts[22m[39m             [2m 415.47 kB[22m [2mâ”‚ gzip:  55.96 kB[22m
@n8n/i18n:build: [34mâ„¹[39m [34m[ESM][39m [2mdist/[22m[32m[1mutils.d.ts[22m[39m             [2m   0.46 kB[22m [2mâ”‚ gzip:   0.25 kB[22m
@n8n/i18n:build: [34mâ„¹[39m [34m[ESM][39m [2mdist/[22m[32m[1mtypes.d.ts[22m[39m             [2m   0.19 kB[22m [2mâ”‚ gzip:   0.12 kB[22m
@n8n/i18n:build: [34mâ„¹[39m [34m[ESM][39m [2mdist/[22m[32mtypes-Cx4snYzz.d.ts[39m    [2m 198.36 kB[22m [2mâ”‚ gzip:  27.64 kB[22m
@n8n/i18n:build: [34mâ„¹[39m [34m[ESM][39m 10 files, total: 2678.36 kB
@n8n/i18n:build: [34mâ„¹[39m [33m[CJS][39m [2mdist/[22m[32m[1mindex.d.cts[22m[39m           [2m415.47 kB[22m [2mâ”‚ gzip: 55.96 kB[22m
@n8n/i18n:build: [34mâ„¹[39m [33m[CJS][39m [2mdist/[22m[32m[1mutils.d.cts[22m[39m           [2m  0.46 kB[22m [2mâ”‚ gzip:  0.25 kB[22m
@n8n/i18n:build: [34mâ„¹[39m [33m[CJS][39m [2mdist/[22m[32m[1mtypes.d.cts[22m[39m           [2m  0.19 kB[22m [2mâ”‚ gzip:  0.12 kB[22m
@n8n/i18n:build: [34mâ„¹[39m [33m[CJS][39m [2mdist/[22m[32mtypes-Cy9sweF2.d.cts[39m  [2m198.36 kB[22m [2mâ”‚ gzip: 27.64 kB[22m
@n8n/i18n:build: [34mâ„¹[39m [33m[CJS][39m 4 files, total: 614.49 kB
@n8n/i18n:build: [32mâœ”[39m Build complete in [32m6078ms[39m
@n8n/api-types:build: cache hit, replaying logs e1aaba8a9410e37e
@n8n/api-types:build: 
@n8n/api-types:build: > @n8n/api-types@0.53.0 build /home/zhang/n8n-quanyuge/packages/@n8n/api-types
@n8n/api-types:build: > tsc -p tsconfig.build.json
@n8n/api-types:build: 
@n8n/admin-panel:typecheck: cache hit, replaying logs 32610641dea4f33e
@n8n/admin-panel:typecheck: 
@n8n/admin-panel:typecheck: > @n8n/admin-panel@2.0.0 typecheck /home/zhang/n8n-quanyuge/packages/frontend/admin-panel
@n8n/admin-panel:typecheck: > vue-tsc --noEmit
@n8n/admin-panel:typecheck: 
@n8n/rest-api-client:typecheck: cache hit, replaying logs cdd90cd5d208062a
@n8n/rest-api-client:typecheck: 
@n8n/rest-api-client:typecheck: > @n8n/rest-api-client@1.22.0 typecheck /home/zhang/n8n-quanyuge/packages/frontend/@n8n/rest-api-client
@n8n/rest-api-client:typecheck: > vue-tsc --noEmit
@n8n/rest-api-client:typecheck: 
@n8n/backend-common:build: cache hit, replaying logs 289e8022bd5947ce
@n8n/backend-common:build: 
@n8n/backend-common:build: > @n8n/backend-common@0.29.0 build /home/zhang/n8n-quanyuge/packages/@n8n/backend-common
@n8n/backend-common:build: > tsc -p tsconfig.build.json
@n8n/backend-common:build: 
n8n-core:typecheck: cache hit, replaying logs 5b59a7e4c8da33b8
n8n-core:typecheck: 
n8n-core:typecheck: > n8n-core@1.118.0 typecheck /home/zhang/n8n-quanyuge/packages/core
n8n-core:typecheck: > tsc --noEmit
n8n-core:typecheck: 
@n8n/ai-workflow-builder:typecheck: cache hit, replaying logs 570ae588c34634ff
@n8n/ai-workflow-builder:typecheck: 
@n8n/ai-workflow-builder:typecheck: > @n8n/ai-workflow-builder@0.29.0 typecheck /home/zhang/n8n-quanyuge/packages/@n8n/ai-workflow-builder.ee
@n8n/ai-workflow-builder:typecheck: > tsc --noEmit
@n8n/ai-workflow-builder:typecheck: 
@n8n/rest-api-client:build: cache hit, replaying logs 91f31297384c51b8
@n8n/rest-api-client:build: 
@n8n/rest-api-client:build: > @n8n/rest-api-client@1.22.0 build /home/zhang/n8n-quanyuge/packages/frontend/@n8n/rest-api-client
@n8n/rest-api-client:build: > tsdown
@n8n/rest-api-client:build: 
@n8n/rest-api-client:build: [34mâ„¹[39m tsdown [2mv0.15.6[22m powered by rolldown [2mv1.0.0-beta.9-commit.d91dfb5[22m
@n8n/rest-api-client:build: [34mâ„¹[39m Using tsdown config: [4m/home/zhang/n8n-quanyuge/packages/frontend/@n8n/rest-api-client/tsdown.config.ts[24m
@n8n/rest-api-client:build: [34mâ„¹[39m entry: [34msrc/index.ts, src/types.ts, src/utils.ts, src/api/api-keys.ts, src/api/cloudPlans.ts, src/api/communityNodes.ts, src/api/consent.ts, src/api/ctas.ts, src/api/eventbus.ee.ts, src/api/events.ts, src/api/execution.ts, src/api/externalSecrets.ee.ts, src/api/index.ts, src/api/ldap.ts, src/api/mfa.ts, src/api/module-settings.ts, src/api/nodeTypes.ts, src/api/npsSurvey.ts, src/api/orchestration.ts, src/api/prompts.ts, src/api/provisioning.ts, src/api/roles.ts, src/api/settings.ts, src/api/sso.ts, src/api/tags.ts, src/api/telemetry.ts, src/api/templates.ts, src/api/third-party-licenses.ts, src/api/usage.ts, src/api/users.ts, src/api/webhooks.ts, src/api/workflowHistory.ts, src/api/workflows.ts[39m
@n8n/rest-api-client:build: [34mâ„¹[39m tsconfig: [34mtsconfig.json[39m
@n8n/rest-api-client:build: [34mâ„¹[39m Build start
@n8n/rest-api-client:build: [34mâ„¹[39m Cleaning 301 files
@n8n/rest-api-client:build: Warning validate input options.
@n8n/rest-api-client:build: - For the "tsconfig". Invalid key: Expected never but received "tsconfig". 
@n8n/rest-api-client:build: Warning validate input options.
@n8n/rest-api-client:build: - For the "tsconfig". Invalid key: Expected never but received "tsconfig". 
@n8n/rest-api-client:build: [34mâ„¹[39m [33m[CJS][39m [2mdist/[22m[1mindex.cjs[22m                              [2m 9.31 kB[22m [2mâ”‚ gzip: 2.00 kB[22m
@n8n/rest-api-client:build: [34mâ„¹[39m [33m[CJS][39m [2mdist/[22m[1mapi/index.cjs[22m                          [2m 8.76 kB[22m [2mâ”‚ gzip: 1.87 kB[22m
@n8n/rest-api-client:build: [34mâ„¹[39m [33m[CJS][39m [2mdist/[22m[1mapi/users.cjs[22m                          [2m 1.21 kB[22m [2mâ”‚ gzip: 0.34 kB[22m
@n8n/rest-api-client:build: [34mâ„¹[39m [33m[CJS][39m [2mdist/[22m[1mapi/nodeTypes.cjs[22m                      [2m 0.88 kB[22m [2mâ”‚ gzip: 0.27 kB[22m
@n8n/rest-api-client:build: [34mâ„¹[39m [33m[CJS][39m [2mdist/[22m[1mapi/externalSecrets.ee.cjs[22m             [2m 0.70 kB[22m [2mâ”‚ gzip: 0.20 kB[22m
@n8n/rest-api-client:build: [34mâ„¹[39m [33m[CJS][39m [2mdist/[22m[1mutils.cjs[22m                              [2m 0.62 kB[22m [2mâ”‚ gzip: 0.23 kB[22m
@n8n/rest-api-client:build: [34mâ„¹[39m [33m[CJS][39m [2mdist/[22m[1mapi/eventbus.ee.cjs[22m                    [2m 0.57 kB[22m [2mâ”‚ gzip: 0.21 kB[22m
@n8n/rest-api-client:build: [34mâ„¹[39m [33m[CJS][39m [2mdist/[22m[1mapi/sso.cjs[22m                            [2m 0.55 kB[22m [2mâ”‚ gzip: 0.20 kB[22m
@n8n/rest-api-client:build: [34mâ„¹[39m [33m[CJS][39m [2mdist/[22m[1mapi/templates.cjs[22m                      [2m 0.53 kB[22m [2mâ”‚ gzip: 0.20 kB[22m
@n8n/rest-api-client:build: [34mâ„¹[39m [33m[CJS][39m [2mdist/[22m[1mapi/consent.cjs[22m                        [2m 0.51 kB[22m [2mâ”‚ gzip: 0.27 kB[22m
@n8n/rest-api-client:build: [34mâ„¹[39m [33m[CJS][39m [2mdist/[22m[1mapi/communityNodes.cjs[22m                 [2m 0.50 kB[22m [2mâ”‚ gzip: 0.20 kB[22m
@n8n/rest-api-client:build: [34mâ„¹[39m [33m[CJS][39m [2mdist/[22m[1mapi/cloudPlans.cjs[22m                     [2m 0.49 kB[22m [2mâ”‚ gzip: 0.20 kB[22m
@n8n/rest-api-client:build: [34mâ„¹[39m [33m[CJS][39m [2mdist/[22m[1mapi/usage.cjs[22m                          [2m 0.39 kB[22m [2mâ”‚ gzip: 0.18 kB[22m
@n8n/rest-api-client:build: [34mâ„¹[39m [33m[CJS][39m [2mdist/[22m[1mapi/ldap.cjs[22m                           [2m 0.38 kB[22m [2mâ”‚ gzip: 0.18 kB[22m
@n8n/rest-api-client:build: [34mâ„¹[39m [33m[CJS][39m [2mdist/[22m[1mapi/mfa.cjs[22m                            [2m 0.37 kB[22m [2mâ”‚ gzip: 0.18 kB[22m
@n8n/rest-api-client:build: [34mâ„¹[39m [33m[CJS][39m [2mdist/[22m[1mapi/roles.cjs[22m                          [2m 0.37 kB[22m [2mâ”‚ gzip: 0.16 kB[22m
@n8n/rest-api-client:build: [34mâ„¹[39m [33m[CJS][39m [2mdist/[22m[1mapi/api-keys.cjs[22m                       [2m 0.37 kB[22m [2mâ”‚ gzip: 0.17 kB[22m
@n8n/rest-api-client:build: [34mâ„¹[39m [33m[CJS][39m [2mdist/[22m[1mapi/provisioning.cjs[22m                   [2m 0.26 kB[22m [2mâ”‚ gzip: 0.13 kB[22m
@n8n/rest-api-client:build: [34mâ„¹[39m [33m[CJS][39m [2mdist/[22m[1mapi/workflowHistory.cjs[22m                [2m 0.26 kB[22m [2mâ”‚ gzip: 0.13 kB[22m
@n8n/rest-api-client:build: [34mâ„¹[39m [33m[CJS][39m [2mdist/[22m[1mapi/prompts.cjs[22m                        [2m 0.21 kB[22m [2mâ”‚ gzip: 0.14 kB[22m
@n8n/rest-api-client:build: [34mâ„¹[39m [33m[CJS][39m [2mdist/[22m[1mapi/third-party-licenses.cjs[22m           [2m 0.20 kB[22m [2mâ”‚ gzip: 0.14 kB[22m
@n8n/rest-api-client:build: [34mâ„¹[39m [33m[CJS][39m [2mdist/[22m[1mapi/module-settings.cjs[22m                [2m 0.18 kB[22m [2mâ”‚ gzip: 0.12 kB[22m
@n8n/rest-api-client:build: [34mâ„¹[39m [33m[CJS][39m [2mdist/[22m[1mapi/orchestration.cjs[22m                  [2m 0.18 kB[22m [2mâ”‚ gzip: 0.13 kB[22m
@n8n/rest-api-client:build: [34mâ„¹[39m [33m[CJS][39m [2mdist/[22m[1mapi/telemetry.cjs[22m                      [2m 0.18 kB[22m [2mâ”‚ gzip: 0.13 kB[22m
@n8n/rest-api-client:build: [34mâ„¹[39m [33m[CJS][39m [2mdist/[22m[1mapi/npsSurvey.cjs[22m                      [2m 0.17 kB[22m [2mâ”‚ gzip: 0.12 kB[22m
@n8n/rest-api-client:build: [34mâ„¹[39m [33m[CJS][39m [2mdist/[22m[1mapi/ctas.cjs[22m                           [2m 0.15 kB[22m [2mâ”‚ gzip: 0.12 kB[22m
@n8n/rest-api-client:build: [34mâ„¹[39m [33m[CJS][39m [2mdist/[22m[1mapi/events.cjs[22m                         [2m 0.15 kB[22m [2mâ”‚ gzip: 0.12 kB[22m
@n8n/rest-api-client:build: [34mâ„¹[39m [33m[CJS][39m [2mdist/[22m[1mapi/settings.cjs[22m                       [2m 0.15 kB[22m [2mâ”‚ gzip: 0.11 kB[22m
@n8n/rest-api-client:build: [34mâ„¹[39m [33m[CJS][39m [2mdist/[22m[1mapi/webhooks.cjs[22m                       [2m 0.15 kB[22m [2mâ”‚ gzip: 0.11 kB[22m
@n8n/rest-api-client:build: [34mâ„¹[39m [33m[CJS][39m [2mdist/[22m[1mapi/execution.cjs[22m                      [2m 0.00 kB[22m [2mâ”‚ gzip: 0.02 kB[22m
@n8n/rest-api-client:build: [34mâ„¹[39m [33m[CJS][39m [2mdist/[22m[1mapi/tags.cjs[22m                           [2m 0.00 kB[22m [2mâ”‚ gzip: 0.02 kB[22m
@n8n/rest-api-client:build: [34mâ„¹[39m [33m[CJS][39m [2mdist/[22m[1mapi/workflows.cjs[22m                      [2m 0.00 kB[22m [2mâ”‚ gzip: 0.02 kB[22m
@n8n/rest-api-client:build: [34mâ„¹[39m [33m[CJS][39m [2mdist/[22m[1mtypes.cjs[22m                              [2m 0.00 kB[22m [2mâ”‚ gzip: 0.02 kB[22m
@n8n/rest-api-client:build: [34mâ„¹[39m [33m[CJS][39m [2mdist/[22mutils-D7vKIYZW.cjs.map                 [2m13.46 kB[22m [2mâ”‚ gzip: 4.29 kB[22m
@n8n/rest-api-client:build: [34mâ„¹[39m [33m[CJS][39m [2mdist/[22musers-Dc66BL7L.cjs.map                 [2m 9.25 kB[22m [2mâ”‚ gzip: 1.99 kB[22m
@n8n/rest-api-client:build: [34mâ„¹[39m [33m[CJS][39m [2mdist/[22mutils-D7vKIYZW.cjs                     [2m 8.73 kB[22m [2mâ”‚ gzip: 2.85 kB[22m
@n8n/rest-api-client:build: [34mâ„¹[39m [33m[CJS][39m [2mdist/[22mtemplates-CHI9S8Ki.cjs.map             [2m 6.61 kB[22m [2mâ”‚ gzip: 1.78 kB[22m
@n8n/rest-api-client:build: [34mâ„¹[39m [33m[CJS][39m [2mdist/[22musers-Dc66BL7L.cjs                     [2m 5.40 kB[22m [2mâ”‚ gzip: 0.88 kB[22m
@n8n/rest-api-client:build: [34mâ„¹[39m [33m[CJS][39m [2mdist/[22mnodeTypes-CMrqgnX7.cjs.map             [2m 4.97 kB[22m [2mâ”‚ gzip: 1.38 kB[22m
@n8n/rest-api-client:build: [34mâ„¹[39m [33m[CJS][39m [2mdist/[22mnodeTypes-CMrqgnX7.cjs                 [2m 3.80 kB[22m [2mâ”‚ gzip: 0.86 kB[22m
@n8n/rest-api-client:build: [34mâ„¹[39m [33m[CJS][39m [2mdist/[22msso-fiTBgOKd.cjs.map                   [2m 2.97 kB[22m [2mâ”‚ gzip: 0.81 kB[22m
@n8n/rest-api-client:build: [34mâ„¹[39m [33m[CJS][39m [2mdist/[22mcloudPlans-Cga6Hvmm.cjs.map            [2m 2.92 kB[22m [2mâ”‚ gzip: 1.02 kB[22m
@n8n/rest-api-client:build: [34mâ„¹[39m [33m[CJS][39m [2mdist/[22mexternalSecrets.ee-C9UErP3j.cjs.map    [2m 2.78 kB[22m [2mâ”‚ gzip: 0.73 kB[22m
@n8n/rest-api-client:build: [34mâ„¹[39m [33m[CJS][39m [2mdist/[22mldap-Dh97kQ1U.cjs.map                  [2m 2.71 kB[22m [2mâ”‚ gzip: 0.92 kB[22m
@n8n/rest-api-client:build: [34mâ„¹[39m [33m[CJS][39m [2mdist/[22meventbus.ee-B-qUD0pt.cjs.map           [2m 2.58 kB[22m [2mâ”‚ gzip: 0.84 kB[22m
@n8n/rest-api-client:build: [34mâ„¹[39m [33m[CJS][39m [2mdist/[22mtemplates-CHI9S8Ki.cjs                 [2m 2.55 kB[22m [2mâ”‚ gzip: 0.62 kB[22m
@n8n/rest-api-client:build: [34mâ„¹[39m [33m[CJS][39m [2mdist/[22msso-fiTBgOKd.cjs                       [2m 2.53 kB[22m [2mâ”‚ gzip: 0.51 kB[22m
@n8n/rest-api-client:build: [34mâ„¹[39m [33m[CJS][39m [2mdist/[22mexternalSecrets.ee-C9UErP3j.cjs        [2m 2.33 kB[22m [2mâ”‚ gzip: 0.48 kB[22m
@n8n/rest-api-client:build: [34mâ„¹[39m [33m[CJS][39m [2mdist/[22mcommunityNodes-BDc23E0U.cjs.map        [2m 2.24 kB[22m [2mâ”‚ gzip: 0.85 kB[22m
@n8n/rest-api-client:build: [34mâ„¹[39m [33m[CJS][39m [2mdist/[22meventbus.ee-B-qUD0pt.cjs               [2m 2.00 kB[22m [2mâ”‚ gzip: 0.54 kB[22m
@n8n/rest-api-client:build: [34mâ„¹[39m [33m[CJS][39m [2mdist/[22mmfa-75KZXsAk.cjs.map                   [2m 1.99 kB[22m [2mâ”‚ gzip: 0.65 kB[22m
@n8n/rest-api-client:build: [34mâ„¹[39m [33m[CJS][39m [2mdist/[22musage-CHW-pOzY.cjs.map                 [2m 1.94 kB[22m [2mâ”‚ gzip: 0.67 kB[22m
@n8n/rest-api-client:build: [34mâ„¹[39m [33m[CJS][39m [2mdist/[22mroles-BiQYRuP0.cjs.map                 [2m 1.89 kB[22m [2mâ”‚ gzip: 0.65 kB[22m
@n8n/rest-api-client:build: [34mâ„¹[39m [33m[CJS][39m [2mdist/[22mapi-keys-BiCydDTc.cjs.map              [2m 1.89 kB[22m [2mâ”‚ gzip: 0.62 kB[22m
@n8n/rest-api-client:build: [34mâ„¹[39m [33m[CJS][39m [2mdist/[22mcommunityNodes-BDc23E0U.cjs            [2m 1.85 kB[22m [2mâ”‚ gzip: 0.61 kB[22m
@n8n/rest-api-client:build: [34mâ„¹[39m [33m[CJS][39m [2mdist/[22mworkflowHistory-BP9_7KNF.cjs.map       [2m 1.77 kB[22m [2mâ”‚ gzip: 0.66 kB[22m
@n8n/rest-api-client:build: [34mâ„¹[39m [33m[CJS][39m [2mdist/[22mcloudPlans-Cga6Hvmm.cjs                [2m 1.71 kB[22m [2mâ”‚ gzip: 0.45 kB[22m
@n8n/rest-api-client:build: [34mâ„¹[39m [33m[CJS][39m [2mdist/[22mmfa-75KZXsAk.cjs                       [2m 1.65 kB[22m [2mâ”‚ gzip: 0.43 kB[22m
@n8n/rest-api-client:build: [34mâ„¹[39m [33m[CJS][39m [2mdist/[22musage-CHW-pOzY.cjs                     [2m 1.53 kB[22m [2mâ”‚ gzip: 0.44 kB[22m
@n8n/rest-api-client:build: [34mâ„¹[39m [33m[CJS][39m [2mdist/[22mroles-BiQYRuP0.cjs                     [2m 1.50 kB[22m [2mâ”‚ gzip: 0.44 kB[22m
@n8n/rest-api-client:build: [34mâ„¹[39m [33m[CJS][39m [2mdist/[22mldap-Dh97kQ1U.cjs                      [2m 1.48 kB[22m [2mâ”‚ gzip: 0.42 kB[22m
@n8n/rest-api-client:build: [34mâ„¹[39m [33m[CJS][39m [2mdist/[22mapi-keys-BiCydDTc.cjs                  [2m 1.42 kB[22m [2mâ”‚ gzip: 0.40 kB[22m
@n8n/rest-api-client:build: [34mâ„¹[39m [33m[CJS][39m [2mdist/[22mprompts-DbyyVlOo.cjs.map               [2m 1.23 kB[22m [2mâ”‚ gzip: 0.55 kB[22m
@n8n/rest-api-client:build: [34mâ„¹[39m [33m[CJS][39m [2mdist/[22mprovisioning-CPNMuVYI.cjs.map          [2m 1.14 kB[22m [2mâ”‚ gzip: 0.48 kB[22m
@n8n/rest-api-client:build: [34mâ„¹[39m [33m[CJS][39m [2mdist/[22mapi/consent.cjs.map                    [2m 1.00 kB[22m [2mâ”‚ gzip: 0.46 kB[22m
@n8n/rest-api-client:build: [34mâ„¹[39m [33m[CJS][39m [2mdist/[22mprompts-DbyyVlOo.cjs                   [2m 0.89 kB[22m [2mâ”‚ gzip: 0.40 kB[22m
@n8n/rest-api-client:build: [34mâ„¹[39m [33m[CJS][39m [2mdist/[22mworkflowHistory-BP9_7KNF.cjs           [2m 0.85 kB[22m [2mâ”‚ gzip: 0.36 kB[22m
@n8n/rest-api-client:build: [34mâ„¹[39m [33m[CJS][39m [2mdist/[22mtelemetry-C8gHoKNx.cjs.map             [2m 0.81 kB[22m [2mâ”‚ gzip: 0.44 kB[22m
@n8n/rest-api-client:build: [34mâ„¹[39m [33m[CJS][39m [2mdist/[22mwebhooks-BPSbKCzt.cjs.map              [2m 0.79 kB[22m [2mâ”‚ gzip: 0.44 kB[22m
@n8n/rest-api-client:build: [34mâ„¹[39m [33m[CJS][39m [2mdist/[22mprovisioning-CPNMuVYI.cjs              [2m 0.75 kB[22m [2mâ”‚ gzip: 0.34 kB[22m
@n8n/rest-api-client:build: [34mâ„¹[39m [33m[CJS][39m [2mdist/[22mnpsSurvey-aLZK3y6D.cjs.map             [2m 0.60 kB[22m [2mâ”‚ gzip: 0.35 kB[22m
@n8n/rest-api-client:build: [34mâ„¹[39m [33m[CJS][39m [2mdist/[22mthird-party-licenses-D62phVth.cjs.map  [2m 0.58 kB[22m [2mâ”‚ gzip: 0.36 kB[22m
@n8n/rest-api-client:build: [34mâ„¹[39m [33m[CJS][39m [2mdist/[22mmodule-settings-B9xuAHja.cjs.map       [2m 0.58 kB[22m [2mâ”‚ gzip: 0.34 kB[22m
@n8n/rest-api-client:build: [34mâ„¹[39m [33m[CJS][39m [2mdist/[22morchestration-BqktSt9s.cjs.map         [2m 0.58 kB[22m [2mâ”‚ gzip: 0.36 kB[22m
@n8n/rest-api-client:build: [34mâ„¹[39m [33m[CJS][39m [2mdist/[22msettings-DCKhJSAN.cjs.map              [2m 0.54 kB[22m [2mâ”‚ gzip: 0.33 kB[22m
@n8n/rest-api-client:build: [34mâ„¹[39m [33m[CJS][39m [2mdist/[22mctas-B--4C728.cjs.map                  [2m 0.50 kB[22m [2mâ”‚ gzip: 0.34 kB[22m
@n8n/rest-api-client:build: [34mâ„¹[39m [33m[CJS][39m [2mdist/[22mthird-party-licenses-D62phVth.cjs      [2m 0.48 kB[22m [2mâ”‚ gzip: 0.31 kB[22m
@n8n/rest-api-client:build: [34mâ„¹[39m [33m[CJS][39m [2mdist/[22morchestration-BqktSt9s.cjs             [2m 0.48 kB[22m [2mâ”‚ gzip: 0.32 kB[22m
@n8n/rest-api-client:build: [34mâ„¹[39m [33m[CJS][39m [2mdist/[22mevents-DUfXgI3_.cjs.map                [2m 0.48 kB[22m [2mâ”‚ gzip: 0.32 kB[22m
@n8n/rest-api-client:build: [34mâ„¹[39m [33m[CJS][39m [2mdist/[22mtelemetry-C8gHoKNx.cjs                 [2m 0.46 kB[22m [2mâ”‚ gzip: 0.30 kB[22m
@n8n/rest-api-client:build: [34mâ„¹[39m [33m[CJS][39m [2mdist/[22mnpsSurvey-aLZK3y6D.cjs                 [2m 0.44 kB[22m [2mâ”‚ gzip: 0.30 kB[22m
@n8n/rest-api-client:build: [34mâ„¹[39m [33m[CJS][39m [2mdist/[22mctas-B--4C728.cjs                      [2m 0.42 kB[22m [2mâ”‚ gzip: 0.29 kB[22m
@n8n/rest-api-client:build: [34mâ„¹[39m [33m[CJS][39m [2mdist/[22mmodule-settings-B9xuAHja.cjs           [2m 0.42 kB[22m [2mâ”‚ gzip: 0.28 kB[22m
@n8n/rest-api-client:build: [34mâ„¹[39m [33m[CJS][39m [2mdist/[22mwebhooks-BPSbKCzt.cjs                  [2m 0.41 kB[22m [2mâ”‚ gzip: 0.29 kB[22m
@n8n/rest-api-client:build: [34mâ„¹[39m [33m[CJS][39m [2mdist/[22mevents-DUfXgI3_.cjs                    [2m 0.40 kB[22m [2mâ”‚ gzip: 0.29 kB[22m
@n8n/rest-api-client:build: [34mâ„¹[39m [33m[CJS][39m [2mdist/[22msettings-DCKhJSAN.cjs                  [2m 0.38 kB[22m [2mâ”‚ gzip: 0.28 kB[22m
@n8n/rest-api-client:build: [34mâ„¹[39m [33m[CJS][39m [2mdist/[22mapi-V-uSbtgx.cjs                       [2m 0.00 kB[22m [2mâ”‚ gzip: 0.02 kB[22m
@n8n/rest-api-client:build: [34mâ„¹[39m [33m[CJS][39m 87 files, total: 142.44 kB
@n8n/rest-api-client:build: Warning validate input options.
@n8n/rest-api-client:build: - For the "tsconfig". Invalid key: Expected never but received "tsconfig". 
@n8n/rest-api-client:build: [34mâ„¹[39m [33m[CJS][39m [2mdist/[22m[32m[1mindex.d.cts[22m[39m                          [2m7.85 kB[22m [2mâ”‚ gzip: 2.06 kB[22m
@n8n/rest-api-client:build: [34mâ„¹[39m [33m[CJS][39m [2mdist/[22m[32m[1mapi/index.d.cts[22m[39m                      [2m7.48 kB[22m [2mâ”‚ gzip: 1.92 kB[22m
@n8n/rest-api-client:build: [34mâ„¹[39m [33m[CJS][39m [2mdist/[22m[32m[1mapi/users.d.cts[22m[39m                      [2m1.22 kB[22m [2mâ”‚ gzip: 0.32 kB[22m
@n8n/rest-api-client:build: [34mâ„¹[39m [33m[CJS][39m [2mdist/[22m[32m[1mapi/templates.d.cts[22m[39m                  [2m1.01 kB[22m [2mâ”‚ gzip: 0.25 kB[22m
@n8n/rest-api-client:build: [34mâ„¹[39m [33m[CJS][39m [2mdist/[22m[32m[1mapi/nodeTypes.d.cts[22m[39m                  [2m0.59 kB[22m [2mâ”‚ gzip: 0.21 kB[22m
@n8n/rest-api-client:build: [34mâ„¹[39m [33m[CJS][39m [2mdist/[22m[32m[1mapi/consent.d.cts[22m[39m                    [2m0.58 kB[22m [2mâ”‚ gzip: 0.29 kB[22m
@n8n/rest-api-client:build: [34mâ„¹[39m [33m[CJS][39m [2mdist/[22m[32m[1mapi/eventbus.ee.d.cts[22m[39m                [2m0.46 kB[22m [2mâ”‚ gzip: 0.19 kB[22m
@n8n/rest-api-client:build: [34mâ„¹[39m [33m[CJS][39m [2mdist/[22m[32m[1mapi/externalSecrets.ee.d.cts[22m[39m         [2m0.42 kB[22m [2mâ”‚ gzip: 0.16 kB[22m
@n8n/rest-api-client:build: [34mâ„¹[39m [33m[CJS][39m [2mdist/[22m[32m[1mapi/sso.d.cts[22m[39m                        [2m0.41 kB[22m [2mâ”‚ gzip: 0.17 kB[22m
@n8n/rest-api-client:build: [34mâ„¹[39m [33m[CJS][39m [2mdist/[22m[32m[1mapi/cloudPlans.d.cts[22m[39m                 [2m0.40 kB[22m [2mâ”‚ gzip: 0.19 kB[22m
@n8n/rest-api-client:build: [34mâ„¹[39m [33m[CJS][39m [2mdist/[22m[32m[1mapi/workflowHistory.d.cts[22m[39m            [2m0.39 kB[22m [2mâ”‚ gzip: 0.15 kB[22m
@n8n/rest-api-client:build: [34mâ„¹[39m [33m[CJS][39m [2mdist/[22m[32m[1mutils.d.cts[22m[39m                          [2m0.39 kB[22m [2mâ”‚ gzip: 0.20 kB[22m
@n8n/rest-api-client:build: [34mâ„¹[39m [33m[CJS][39m [2mdist/[22m[32m[1mapi/ldap.d.cts[22m[39m                       [2m0.34 kB[22m [2mâ”‚ gzip: 0.17 kB[22m
@n8n/rest-api-client:build: [34mâ„¹[39m [33m[CJS][39m [2mdist/[22m[32m[1mapi/communityNodes.d.cts[22m[39m             [2m0.32 kB[22m [2mâ”‚ gzip: 0.16 kB[22m
@n8n/rest-api-client:build: [34mâ„¹[39m [33m[CJS][39m [2mdist/[22m[32m[1mapi/mfa.d.cts[22m[39m                        [2m0.28 kB[22m [2mâ”‚ gzip: 0.16 kB[22m
@n8n/rest-api-client:build: [34mâ„¹[39m [33m[CJS][39m [2mdist/[22m[32m[1mapi/usage.d.cts[22m[39m                      [2m0.27 kB[22m [2mâ”‚ gzip: 0.15 kB[22m
@n8n/rest-api-client:build: [34mâ„¹[39m [33m[CJS][39m [2mdist/[22m[32m[1mapi/roles.d.cts[22m[39m                      [2m0.25 kB[22m [2mâ”‚ gzip: 0.13 kB[22m
@n8n/rest-api-client:build: [34mâ„¹[39m [33m[CJS][39m [2mdist/[22m[32m[1mapi/workflows.d.cts[22m[39m                  [2m0.23 kB[22m [2mâ”‚ gzip: 0.12 kB[22m
@n8n/rest-api-client:build: [34mâ„¹[39m [33m[CJS][39m [2mdist/[22m[32m[1mapi/api-keys.d.cts[22m[39m                   [2m0.23 kB[22m [2mâ”‚ gzip: 0.13 kB[22m
@n8n/rest-api-client:build: [34mâ„¹[39m [33m[CJS][39m [2mdist/[22m[32m[1mapi/provisioning.d.cts[22m[39m               [2m0.22 kB[22m [2mâ”‚ gzip: 0.12 kB[22m
@n8n/rest-api-client:build: [34mâ„¹[39m [33m[CJS][39m [2mdist/[22m[32m[1mapi/telemetry.d.cts[22m[39m                  [2m0.22 kB[22m [2mâ”‚ gzip: 0.12 kB[22m
@n8n/rest-api-client:build: [34mâ„¹[39m [33m[CJS][39m [2mdist/[22m[32m[1mapi/prompts.d.cts[22m[39m                    [2m0.18 kB[22m [2mâ”‚ gzip: 0.12 kB[22m
@n8n/rest-api-client:build: [34mâ„¹[39m [33m[CJS][39m [2mdist/[22m[32m[1mapi/third-party-licenses.d.cts[22m[39m       [2m0.14 kB[22m [2mâ”‚ gzip: 0.11 kB[22m
@n8n/rest-api-client:build: [34mâ„¹[39m [33m[CJS][39m [2mdist/[22m[32m[1mapi/orchestration.d.cts[22m[39m              [2m0.13 kB[22m [2mâ”‚ gzip: 0.11 kB[22m
@n8n/rest-api-client:build: [34mâ„¹[39m [33m[CJS][39m [2mdist/[22m[32m[1mapi/module-settings.d.cts[22m[39m            [2m0.13 kB[22m [2mâ”‚ gzip: 0.10 kB[22m
@n8n/rest-api-client:build: [34mâ„¹[39m [33m[CJS][39m [2mdist/[22m[32m[1mapi/npsSurvey.d.cts[22m[39m                  [2m0.13 kB[22m [2mâ”‚ gzip: 0.10 kB[22m
@n8n/rest-api-client:build: [34mâ„¹[39m [33m[CJS][39m [2mdist/[22m[32m[1mapi/ctas.d.cts[22m[39m                       [2m0.12 kB[22m [2mâ”‚ gzip: 0.10 kB[22m
@n8n/rest-api-client:build: [34mâ„¹[39m [33m[CJS][39m [2mdist/[22m[32m[1mapi/events.d.cts[22m[39m                     [2m0.12 kB[22m [2mâ”‚ gzip: 0.10 kB[22m
@n8n/rest-api-client:build: [34mâ„¹[39m [33m[CJS][39m [2mdist/[22m[32m[1mapi/settings.d.cts[22m[39m                   [2m0.11 kB[22m [2mâ”‚ gzip: 0.10 kB[22m
@n8n/rest-api-client:build: [34mâ„¹[39m [33m[CJS][39m [2mdist/[22m[32m[1mapi/webhooks.d.cts[22m[39m                   [2m0.11 kB[22m [2mâ”‚ gzip: 0.10 kB[22m
@n8n/rest-api-client:build: [34mâ„¹[39m [33m[CJS][39m [2mdist/[22m[32m[1mtypes.d.cts[22m[39m                          [2m0.08 kB[22m [2mâ”‚ gzip: 0.08 kB[22m
@n8n/rest-api-client:build: [34mâ„¹[39m [33m[CJS][39m [2mdist/[22m[32m[1mapi/tags.d.cts[22m[39m                       [2m0.06 kB[22m [2mâ”‚ gzip: 0.07 kB[22m
@n8n/rest-api-client:build: [34mâ„¹[39m [33m[CJS][39m [2mdist/[22m[32m[1mapi/execution.d.cts[22m[39m                  [2m0.01 kB[22m [2mâ”‚ gzip: 0.03 kB[22m
@n8n/rest-api-client:build: [34mâ„¹[39m [33m[CJS][39m [2mdist/[22m[32musers-CgBqp3uD.d.cts[39m                 [2m5.33 kB[22m [2mâ”‚ gzip: 1.20 kB[22m
@n8n/rest-api-client:build: [34mâ„¹[39m [33m[CJS][39m [2mdist/[22m[32mtemplates-CloJ3reH.d.cts[39m             [2m4.09 kB[22m [2mâ”‚ gzip: 1.02 kB[22m
@n8n/rest-api-client:build: [34mâ„¹[39m [33m[CJS][39m [2mdist/[22m[32mutils-CmtlDsg6.d.cts[39m                 [2m2.16 kB[22m [2mâ”‚ gzip: 0.78 kB[22m
@n8n/rest-api-client:build: [34mâ„¹[39m [33m[CJS][39m [2mdist/[22m[32mnodeTypes-BeTjB1ic.d.cts[39m             [2m2.02 kB[22m [2mâ”‚ gzip: 0.57 kB[22m
@n8n/rest-api-client:build: [34mâ„¹[39m [33m[CJS][39m [2mdist/[22m[32mcloudPlans-DCimpuar.d.cts[39m            [2m1.91 kB[22m [2mâ”‚ gzip: 0.75 kB[22m
@n8n/rest-api-client:build: [34mâ„¹[39m [33m[CJS][39m [2mdist/[22m[32mldap-C5SIAiZv.d.cts[39m                  [2m1.68 kB[22m [2mâ”‚ gzip: 0.60 kB[22m
@n8n/rest-api-client:build: [34mâ„¹[39m [33m[CJS][39m [2mdist/[22m[32msso-B1c4jiwR.d.cts[39m                   [2m1.34 kB[22m [2mâ”‚ gzip: 0.44 kB[22m
@n8n/rest-api-client:build: [34mâ„¹[39m [33m[CJS][39m [2mdist/[22m[32meventbus.ee-CDH8lYuD.d.cts[39m           [2m1.27 kB[22m [2mâ”‚ gzip: 0.42 kB[22m
@n8n/rest-api-client:build: [34mâ„¹[39m [33m[CJS][39m [2mdist/[22m[32mexternalSecrets.ee-BUBiX9hA.d.cts[39m    [2m1.27 kB[22m [2mâ”‚ gzip: 0.39 kB[22m
@n8n/rest-api-client:build: [34mâ„¹[39m [33m[CJS][39m [2mdist/[22m[32mworkflows-DE1nEKrQ.d.cts[39m             [2m1.12 kB[22m [2mâ”‚ gzip: 0.44 kB[22m
@n8n/rest-api-client:build: [34mâ„¹[39m [33m[CJS][39m [2mdist/[22m[32mworkflowHistory-CPd_nHGO.d.cts[39m       [2m1.09 kB[22m [2mâ”‚ gzip: 0.44 kB[22m
@n8n/rest-api-client:build: [34mâ„¹[39m [33m[CJS][39m [2mdist/[22m[32mmfa-us0uJ4bp.d.cts[39m                   [2m0.92 kB[22m [2mâ”‚ gzip: 0.37 kB[22m
@n8n/rest-api-client:build: [34mâ„¹[39m [33m[CJS][39m [2mdist/[22m[32mapi-keys-C7iAKd7S.d.cts[39m              [2m0.91 kB[22m [2mâ”‚ gzip: 0.36 kB[22m
@n8n/rest-api-client:build: [34mâ„¹[39m [33m[CJS][39m [2mdist/[22m[32mcommunityNodes-BUH-39qi.d.cts[39m        [2m0.90 kB[22m [2mâ”‚ gzip: 0.36 kB[22m
@n8n/rest-api-client:build: [34mâ„¹[39m [33m[CJS][39m [2mdist/[22m[32musage-CbJ0i_W0.d.cts[39m                 [2m0.90 kB[22m [2mâ”‚ gzip: 0.36 kB[22m
@n8n/rest-api-client:build: [34mâ„¹[39m [33m[CJS][39m [2mdist/[22m[32mroles-DuQpUe-R.d.cts[39m                 [2m0.85 kB[22m [2mâ”‚ gzip: 0.34 kB[22m
@n8n/rest-api-client:build: [34mâ„¹[39m [33m[CJS][39m [2mdist/[22m[32mprovisioning-VCMoAeas.d.cts[39m          [2m0.68 kB[22m [2mâ”‚ gzip: 0.30 kB[22m
@n8n/rest-api-client:build: [34mâ„¹[39m [33m[CJS][39m [2mdist/[22m[32mtelemetry-Vinownd_.d.cts[39m             [2m0.54 kB[22m [2mâ”‚ gzip: 0.31 kB[22m
@n8n/rest-api-client:build: [34mâ„¹[39m [33m[CJS][39m [2mdist/[22m[32mprompts-B6mJdfEH.d.cts[39m               [2m0.52 kB[22m [2mâ”‚ gzip: 0.27 kB[22m
@n8n/rest-api-client:build: [34mâ„¹[39m [33m[CJS][39m [2mdist/[22m[32mwebhooks-Bs6GbqEI.d.cts[39m              [2m0.47 kB[22m [2mâ”‚ gzip: 0.29 kB[22m
@n8n/rest-api-client:build: [34mâ„¹[39m [33m[CJS][39m [2mdist/[22m[32mmodule-settings-DEV8RDBw.d.cts[39m       [2m0.35 kB[22m [2mâ”‚ gzip: 0.23 kB[22m
@n8n/rest-api-client:build: [34mâ„¹[39m [33m[CJS][39m [2mdist/[22m[32mnpsSurvey-DQ7fZryy.d.cts[39m             [2m0.34 kB[22m [2mâ”‚ gzip: 0.23 kB[22m
@n8n/rest-api-client:build: [34mâ„¹[39m [33m[CJS][39m [2mdist/[22m[32msettings-CU3m0ObQ.d.cts[39m              [2m0.31 kB[22m [2mâ”‚ gzip: 0.22 kB[22m
@n8n/rest-api-client:build: [34mâ„¹[39m [33m[CJS][39m [2mdist/[22m[32mthird-party-licenses-C0Nz4RHq.d.cts[39m  [2m0.29 kB[22m [2mâ”‚ gzip: 0.21 kB[22m
@n8n/rest-api-client:build: [34mâ„¹[39m [33m[CJS][39m [2mdist/[22m[32morchestration-Dw-hy172.d.cts[39m         [2m0.27 kB[22m [2mâ”‚ gzip: 0.21 kB[22m
@n8n/rest-api-client:build: [34mâ„¹[39m [33m[CJS][39m [2mdist/[22m[32mctas-BPu87721.d.cts[39m                  [2m0.26 kB[22m [2mâ”‚ gzip: 0.21 kB[22m
@n8n/rest-api-client:build: [34mâ„¹[39m [33m[CJS][39m [2mdist/[22m[32mevents-B-t6a3G2.d.cts[39m                [2m0.25 kB[22m [2mâ”‚ gzip: 0.20 kB[22m
@n8n/rest-api-client:build: [34mâ„¹[39m [33m[CJS][39m [2mdist/[22m[32mtags-CAqCzyzW.d.cts[39m                  [2m0.22 kB[22m [2mâ”‚ gzip: 0.17 kB[22m
@n8n/rest-api-client:build: [34mâ„¹[39m [33m[CJS][39m [2mdist/[22m[32mtypes-CGd0oIFw.d.cts[39m                 [2m0.18 kB[22m [2mâ”‚ gzip: 0.16 kB[22m
@n8n/rest-api-client:build: [34mâ„¹[39m [33m[CJS][39m [2mdist/[22m[32mindex-BIAn8oQh.d.cts[39m                 [2m0.01 kB[22m [2mâ”‚ gzip: 0.03 kB[22m
@n8n/rest-api-client:build: [34mâ„¹[39m [33m[CJS][39m 63 files, total: 57.33 kB
@n8n/rest-api-client:build: [34mâ„¹[39m [34m[ESM][39m [2mdist/[22m[1mindex.js[22m                              [2m 5.66 kB[22m [2mâ”‚ gzip: 1.66 kB[22m
@n8n/rest-api-client:build: [34mâ„¹[39m [34m[ESM][39m [2mdist/[22m[1mapi/index.js[22m                          [2m 5.37 kB[22m [2mâ”‚ gzip: 1.55 kB[22m
@n8n/rest-api-client:build: [34mâ„¹[39m [34m[ESM][39m [2mdist/[22m[1mapi/users.js[22m                          [2m 0.76 kB[22m [2mâ”‚ gzip: 0.26 kB[22m
@n8n/rest-api-client:build: [34mâ„¹[39m [34m[ESM][39m [2mdist/[22m[1mapi/nodeTypes.js[22m                      [2m 0.59 kB[22m [2mâ”‚ gzip: 0.22 kB[22m
@n8n/rest-api-client:build: [34mâ„¹[39m [34m[ESM][39m [2mdist/[22m[1mapi/consent.js[22m                        [2m 0.44 kB[22m [2mâ”‚ gzip: 0.25 kB[22m
@n8n/rest-api-client:build: [34mâ„¹[39m [34m[ESM][39m [2mdist/[22m[1mapi/externalSecrets.ee.js[22m             [2m 0.42 kB[22m [2mâ”‚ gzip: 0.16 kB[22m
@n8n/rest-api-client:build: [34mâ„¹[39m [34m[ESM][39m [2mdist/[22m[1mapi/eventbus.ee.js[22m                    [2m 0.38 kB[22m [2mâ”‚ gzip: 0.18 kB[22m
@n8n/rest-api-client:build: [34mâ„¹[39m [34m[ESM][39m [2mdist/[22m[1mutils.js[22m                              [2m 0.36 kB[22m [2mâ”‚ gzip: 0.18 kB[22m
@n8n/rest-api-client:build: [34mâ„¹[39m [34m[ESM][39m [2mdist/[22m[1mapi/sso.js[22m                            [2m 0.35 kB[22m [2mâ”‚ gzip: 0.16 kB[22m
@n8n/rest-api-client:build: [34mâ„¹[39m [34m[ESM][39m [2mdist/[22m[1mapi/templates.js[22m                      [2m 0.33 kB[22m [2mâ”‚ gzip: 0.16 kB[22m
@n8n/rest-api-client:build: [34mâ„¹[39m [34m[ESM][39m [2mdist/[22m[1mapi/communityNodes.js[22m                 [2m 0.32 kB[22m [2mâ”‚ gzip: 0.16 kB[22m
@n8n/rest-api-client:build: [34mâ„¹[39m [34m[ESM][39m [2mdist/[22m[1mapi/cloudPlans.js[22m                     [2m 0.31 kB[22m [2mâ”‚ gzip: 0.17 kB[22m
@n8n/rest-api-client:build: [34mâ„¹[39m [34m[ESM][39m [2mdist/[22m[1mapi/usage.js[22m                          [2m 0.27 kB[22m [2mâ”‚ gzip: 0.16 kB[22m
@n8n/rest-api-client:build: [34mâ„¹[39m [34m[ESM][39m [2mdist/[22m[1mapi/ldap.js[22m                           [2m 0.26 kB[22m [2mâ”‚ gzip: 0.15 kB[22m
@n8n/rest-api-client:build: [34mâ„¹[39m [34m[ESM][39m [2mdist/[22m[1mapi/roles.js[22m                          [2m 0.24 kB[22m [2mâ”‚ gzip: 0.13 kB[22m
@n8n/rest-api-client:build: [34mâ„¹[39m [34m[ESM][39m [2mdist/[22m[1mapi/mfa.js[22m                            [2m 0.24 kB[22m [2mâ”‚ gzip: 0.15 kB[22m
@n8n/rest-api-client:build: [34mâ„¹[39m [34m[ESM][39m [2mdist/[22m[1mapi/api-keys.js[22m                       [2m 0.23 kB[22m [2mâ”‚ gzip: 0.13 kB[22m
@n8n/rest-api-client:build: [34mâ„¹[39m [34m[ESM][39m [2mdist/[22m[1mapi/provisioning.js[22m                   [2m 0.18 kB[22m [2mâ”‚ gzip: 0.11 kB[22m
@n8n/rest-api-client:build: [34mâ„¹[39m [34m[ESM][39m [2mdist/[22m[1mapi/workflowHistory.js[22m                [2m 0.17 kB[22m [2mâ”‚ gzip: 0.11 kB[22m
@n8n/rest-api-client:build: [34mâ„¹[39m [34m[ESM][39m [2mdist/[22m[1mapi/prompts.js[22m                        [2m 0.15 kB[22m [2mâ”‚ gzip: 0.12 kB[22m
@n8n/rest-api-client:build: [34mâ„¹[39m [34m[ESM][39m [2mdist/[22m[1mapi/third-party-licenses.js[22m           [2m 0.14 kB[22m [2mâ”‚ gzip: 0.11 kB[22m
@n8n/rest-api-client:build: [34mâ„¹[39m [34m[ESM][39m [2mdist/[22m[1mapi/telemetry.js[22m                      [2m 0.14 kB[22m [2mâ”‚ gzip: 0.11 kB[22m
@n8n/rest-api-client:build: [34mâ„¹[39m [34m[ESM][39m [2mdist/[22m[1mapi/orchestration.js[22m                  [2m 0.13 kB[22m [2mâ”‚ gzip: 0.11 kB[22m
@n8n/rest-api-client:build: [34mâ„¹[39m [34m[ESM][39m [2mdist/[22m[1mapi/module-settings.js[22m                [2m 0.13 kB[22m [2mâ”‚ gzip: 0.11 kB[22m
@n8n/rest-api-client:build: [34mâ„¹[39m [34m[ESM][39m [2mdist/[22m[1mapi/npsSurvey.js[22m                      [2m 0.13 kB[22m [2mâ”‚ gzip: 0.10 kB[22m
@n8n/rest-api-client:build: [34mâ„¹[39m [34m[ESM][39m [2mdist/[22m[1mapi/ctas.js[22m                           [2m 0.12 kB[22m [2mâ”‚ gzip: 0.10 kB[22m
@n8n/rest-api-client:build: [34mâ„¹[39m [34m[ESM][39m [2mdist/[22m[1mapi/events.js[22m                         [2m 0.11 kB[22m [2mâ”‚ gzip: 0.10 kB[22m
@n8n/rest-api-client:build: [34mâ„¹[39m [34m[ESM][39m [2mdist/[22m[1mapi/settings.js[22m                       [2m 0.11 kB[22m [2mâ”‚ gzip: 0.10 kB[22m
@n8n/rest-api-client:build: [34mâ„¹[39m [34m[ESM][39m [2mdist/[22m[1mapi/webhooks.js[22m                       [2m 0.11 kB[22m [2mâ”‚ gzip: 0.10 kB[22m
@n8n/rest-api-client:build: [34mâ„¹[39m [34m[ESM][39m [2mdist/[22m[1mapi/execution.js[22m                      [2m 0.00 kB[22m [2mâ”‚ gzip: 0.02 kB[22m
@n8n/rest-api-client:build: [34mâ„¹[39m [34m[ESM][39m [2mdist/[22m[1mapi/tags.js[22m                           [2m 0.00 kB[22m [2mâ”‚ gzip: 0.02 kB[22m
@n8n/rest-api-client:build: [34mâ„¹[39m [34m[ESM][39m [2mdist/[22m[1mapi/workflows.js[22m                      [2m 0.00 kB[22m [2mâ”‚ gzip: 0.02 kB[22m
@n8n/rest-api-client:build: [34mâ„¹[39m [34m[ESM][39m [2mdist/[22m[1mtypes.js[22m                              [2m 0.00 kB[22m [2mâ”‚ gzip: 0.02 kB[22m
@n8n/rest-api-client:build: [34mâ„¹[39m [34m[ESM][39m [2mdist/[22mutils-BXRMpA41.js.map                 [2m13.43 kB[22m [2mâ”‚ gzip: 4.28 kB[22m
@n8n/rest-api-client:build: [34mâ„¹[39m [34m[ESM][39m [2mdist/[22musers-jaaYmBx5.js.map                 [2m 9.25 kB[22m [2mâ”‚ gzip: 1.98 kB[22m
@n8n/rest-api-client:build: [34mâ„¹[39m [34m[ESM][39m [2mdist/[22mtemplates-Hh88PXCM.js.map             [2m 6.60 kB[22m [2mâ”‚ gzip: 1.78 kB[22m
@n8n/rest-api-client:build: [34mâ„¹[39m [34m[ESM][39m [2mdist/[22mutils-BXRMpA41.js                     [2m 6.35 kB[22m [2mâ”‚ gzip: 2.32 kB[22m
@n8n/rest-api-client:build: [34mâ„¹[39m [34m[ESM][39m [2mdist/[22mnodeTypes-_rxJEs_3.js.map             [2m 4.97 kB[22m [2mâ”‚ gzip: 1.38 kB[22m
@n8n/rest-api-client:build: [34mâ„¹[39m [34m[ESM][39m [2mdist/[22musers-jaaYmBx5.js                     [2m 3.00 kB[22m [2mâ”‚ gzip: 0.70 kB[22m
@n8n/rest-api-client:build: [34mâ„¹[39m [34m[ESM][39m [2mdist/[22msso-CrtGpzcI.js.map                   [2m 2.97 kB[22m [2mâ”‚ gzip: 0.81 kB[22m
@n8n/rest-api-client:build: [34mâ„¹[39m [34m[ESM][39m [2mdist/[22mcloudPlans-BUwEJfTj.js.map            [2m 2.91 kB[22m [2mâ”‚ gzip: 1.02 kB[22m
@n8n/rest-api-client:build: [34mâ„¹[39m [34m[ESM][39m [2mdist/[22mexternalSecrets.ee-kHGbYfDy.js.map    [2m 2.78 kB[22m [2mâ”‚ gzip: 0.73 kB[22m
@n8n/rest-api-client:build: [34mâ„¹[39m [34m[ESM][39m [2mdist/[22mldap-ByzC6iOb.js.map                  [2m 2.71 kB[22m [2mâ”‚ gzip: 0.92 kB[22m
@n8n/rest-api-client:build: [34mâ„¹[39m [34m[ESM][39m [2mdist/[22meventbus.ee-DVLD-Xgs.js.map           [2m 2.58 kB[22m [2mâ”‚ gzip: 0.84 kB[22m
@n8n/rest-api-client:build: [34mâ„¹[39m [34m[ESM][39m [2mdist/[22mnodeTypes-_rxJEs_3.js                 [2m 2.40 kB[22m [2mâ”‚ gzip: 0.72 kB[22m
@n8n/rest-api-client:build: [34mâ„¹[39m [34m[ESM][39m [2mdist/[22mcommunityNodes-t5waGAz1.js.map        [2m 2.20 kB[22m [2mâ”‚ gzip: 0.84 kB[22m
@n8n/rest-api-client:build: [34mâ„¹[39m [34m[ESM][39m [2mdist/[22mmfa-DkUGtZ4b.js.map                   [2m 1.99 kB[22m [2mâ”‚ gzip: 0.65 kB[22m
@n8n/rest-api-client:build: [34mâ„¹[39m [34m[ESM][39m [2mdist/[22musage-Cv3ZQ3q6.js.map                 [2m 1.94 kB[22m [2mâ”‚ gzip: 0.67 kB[22m
@n8n/rest-api-client:build: [34mâ„¹[39m [34m[ESM][39m [2mdist/[22mroles-DM5rVxV6.js.map                 [2m 1.89 kB[22m [2mâ”‚ gzip: 0.65 kB[22m
@n8n/rest-api-client:build: [34mâ„¹[39m [34m[ESM][39m [2mdist/[22mapi-keys-DEFfTbs8.js.map              [2m 1.89 kB[22m [2mâ”‚ gzip: 0.62 kB[22m
@n8n/rest-api-client:build: [34mâ„¹[39m [34m[ESM][39m [2mdist/[22mworkflowHistory-BGyT1Sp6.js.map       [2m 1.77 kB[22m [2mâ”‚ gzip: 0.66 kB[22m
@n8n/rest-api-client:build: [34mâ„¹[39m [34m[ESM][39m [2mdist/[22mtemplates-Hh88PXCM.js                 [2m 1.66 kB[22m [2mâ”‚ gzip: 0.52 kB[22m
@n8n/rest-api-client:build: [34mâ„¹[39m [34m[ESM][39m [2mdist/[22msso-CrtGpzcI.js                       [2m 1.43 kB[22m [2mâ”‚ gzip: 0.38 kB[22m
@n8n/rest-api-client:build: [34mâ„¹[39m [34m[ESM][39m [2mdist/[22mexternalSecrets.ee-kHGbYfDy.js        [2m 1.42 kB[22m [2mâ”‚ gzip: 0.37 kB[22m
@n8n/rest-api-client:build: [34mâ„¹[39m [34m[ESM][39m [2mdist/[22meventbus.ee-DVLD-Xgs.js               [2m 1.22 kB[22m [2mâ”‚ gzip: 0.44 kB[22m
@n8n/rest-api-client:build: [34mâ„¹[39m [34m[ESM][39m [2mdist/[22mprompts-CwVjZqk9.js.map               [2m 1.20 kB[22m [2mâ”‚ gzip: 0.54 kB[22m
@n8n/rest-api-client:build: [34mâ„¹[39m [34m[ESM][39m [2mdist/[22mcommunityNodes-t5waGAz1.js            [2m 1.19 kB[22m [2mâ”‚ gzip: 0.51 kB[22m
@n8n/rest-api-client:build: [34mâ„¹[39m [34m[ESM][39m [2mdist/[22mprovisioning-C3zBIpS2.js.map          [2m 1.14 kB[22m [2mâ”‚ gzip: 0.48 kB[22m
@n8n/rest-api-client:build: [34mâ„¹[39m [34m[ESM][39m [2mdist/[22mapi/consent.js.map                    [2m 0.99 kB[22m [2mâ”‚ gzip: 0.46 kB[22m
@n8n/rest-api-client:build: [34mâ„¹[39m [34m[ESM][39m [2mdist/[22mcloudPlans-BUwEJfTj.js                [2m 0.94 kB[22m [2mâ”‚ gzip: 0.36 kB[22m
@n8n/rest-api-client:build: [34mâ„¹[39m [34m[ESM][39m [2mdist/[22mmfa-DkUGtZ4b.js                       [2m 0.93 kB[22m [2mâ”‚ gzip: 0.33 kB[22m
@n8n/rest-api-client:build: [34mâ„¹[39m [34m[ESM][39m [2mdist/[22musage-Cv3ZQ3q6.js                     [2m 0.91 kB[22m [2mâ”‚ gzip: 0.34 kB[22m
@n8n/rest-api-client:build: [34mâ„¹[39m [34m[ESM][39m [2mdist/[22mroles-DM5rVxV6.js                     [2m 0.89 kB[22m [2mâ”‚ gzip: 0.35 kB[22m
@n8n/rest-api-client:build: [34mâ„¹[39m [34m[ESM][39m [2mdist/[22mldap-ByzC6iOb.js                      [2m 0.86 kB[22m [2mâ”‚ gzip: 0.33 kB[22m
@n8n/rest-api-client:build: [34mâ„¹[39m [34m[ESM][39m [2mdist/[22mapi-keys-DEFfTbs8.js                  [2m 0.82 kB[22m [2mâ”‚ gzip: 0.32 kB[22m
@n8n/rest-api-client:build: [34mâ„¹[39m [34m[ESM][39m [2mdist/[22mtelemetry-BkO6DMW5.js.map             [2m 0.81 kB[22m [2mâ”‚ gzip: 0.44 kB[22m
@n8n/rest-api-client:build: [34mâ„¹[39m [34m[ESM][39m [2mdist/[22mwebhooks-Dqb-e4aU.js.map              [2m 0.79 kB[22m [2mâ”‚ gzip: 0.44 kB[22m
@n8n/rest-api-client:build: [34mâ„¹[39m [34m[ESM][39m [2mdist/[22mnpsSurvey-DwuA9zv1.js.map             [2m 0.59 kB[22m [2mâ”‚ gzip: 0.35 kB[22m
@n8n/rest-api-client:build: [34mâ„¹[39m [34m[ESM][39m [2mdist/[22mworkflowHistory-BGyT1Sp6.js           [2m 0.59 kB[22m [2mâ”‚ gzip: 0.29 kB[22m
@n8n/rest-api-client:build: [34mâ„¹[39m [34m[ESM][39m [2mdist/[22mprompts-CwVjZqk9.js                   [2m 0.59 kB[22m [2mâ”‚ gzip: 0.31 kB[22m
@n8n/rest-api-client:build: [34mâ„¹[39m [34m[ESM][39m [2mdist/[22mthird-party-licenses-BnYs2--8.js.map  [2m 0.58 kB[22m [2mâ”‚ gzip: 0.36 kB[22m
@n8n/rest-api-client:build: [34mâ„¹[39m [34m[ESM][39m [2mdist/[22mmodule-settings-Bge6bPLk.js.map       [2m 0.58 kB[22m [2mâ”‚ gzip: 0.33 kB[22m
@n8n/rest-api-client:build: [34mâ„¹[39m [34m[ESM][39m [2mdist/[22morchestration-Bup2SLZY.js.map         [2m 0.58 kB[22m [2mâ”‚ gzip: 0.36 kB[22m
@n8n/rest-api-client:build: [34mâ„¹[39m [34m[ESM][39m [2mdist/[22msettings-DvyXWUWb.js.map              [2m 0.54 kB[22m [2mâ”‚ gzip: 0.33 kB[22m
@n8n/rest-api-client:build: [34mâ„¹[39m [34m[ESM][39m [2mdist/[22mctas-_jAI7b0i.js.map                  [2m 0.50 kB[22m [2mâ”‚ gzip: 0.34 kB[22m
@n8n/rest-api-client:build: [34mâ„¹[39m [34m[ESM][39m [2mdist/[22mprovisioning-C3zBIpS2.js              [2m 0.50 kB[22m [2mâ”‚ gzip: 0.26 kB[22m
@n8n/rest-api-client:build: [34mâ„¹[39m [34m[ESM][39m [2mdist/[22mevents-2LGwkv-S.js.map                [2m 0.48 kB[22m [2mâ”‚ gzip: 0.32 kB[22m
@n8n/rest-api-client:build: [34mâ„¹[39m [34m[ESM][39m [2mdist/[22morchestration-Bup2SLZY.js             [2m 0.37 kB[22m [2mâ”‚ gzip: 0.26 kB[22m
@n8n/rest-api-client:build: [34mâ„¹[39m [34m[ESM][39m [2mdist/[22mthird-party-licenses-BnYs2--8.js      [2m 0.35 kB[22m [2mâ”‚ gzip: 0.25 kB[22m
@n8n/rest-api-client:build: [34mâ„¹[39m [34m[ESM][39m [2mdist/[22mtelemetry-BkO6DMW5.js                 [2m 0.34 kB[22m [2mâ”‚ gzip: 0.24 kB[22m
@n8n/rest-api-client:build: [34mâ„¹[39m [34m[ESM][39m [2mdist/[22mnpsSurvey-DwuA9zv1.js                 [2m 0.32 kB[22m [2mâ”‚ gzip: 0.23 kB[22m
@n8n/rest-api-client:build: [34mâ„¹[39m [34m[ESM][39m [2mdist/[22mmodule-settings-Bge6bPLk.js           [2m 0.31 kB[22m [2mâ”‚ gzip: 0.22 kB[22m
@n8n/rest-api-client:build: [34mâ„¹[39m [34m[ESM][39m [2mdist/[22mwebhooks-Dqb-e4aU.js                  [2m 0.30 kB[22m [2mâ”‚ gzip: 0.23 kB[22m
@n8n/rest-api-client:build: [34mâ„¹[39m [34m[ESM][39m [2mdist/[22mctas-_jAI7b0i.js                      [2m 0.29 kB[22m [2mâ”‚ gzip: 0.23 kB[22m
@n8n/rest-api-client:build: [34mâ„¹[39m [34m[ESM][39m [2mdist/[22mevents-2LGwkv-S.js                    [2m 0.29 kB[22m [2mâ”‚ gzip: 0.22 kB[22m
@n8n/rest-api-client:build: [34mâ„¹[39m [34m[ESM][39m [2mdist/[22msettings-DvyXWUWb.js                  [2m 0.28 kB[22m [2mâ”‚ gzip: 0.21 kB[22m
@n8n/rest-api-client:build: [34mâ„¹[39m [34m[ESM][39m [2mdist/[22mapi-C40SY5lM.js                       [2m 0.00 kB[22m [2mâ”‚ gzip: 0.02 kB[22m
@n8n/rest-api-client:build: [34mâ„¹[39m [34m[ESM][39m [2mdist/[22m[32m[1mindex.d.ts[22m[39m                            [2m10.56 kB[22m [2mâ”‚ gzip: 2.54 kB[22m
@n8n/rest-api-client:build: [34mâ„¹[39m [34m[ESM][39m [2mdist/[22m[32m[1mapi/index.d.ts[22m[39m                        [2m10.00 kB[22m [2mâ”‚ gzip: 2.36 kB[22m
@n8n/rest-api-client:build: [34mâ„¹[39m [34m[ESM][39m [2mdist/[22m[32m[1mapi/users.d.ts[22m[39m                        [2m 1.64 kB[22m [2mâ”‚ gzip: 0.43 kB[22m
@n8n/rest-api-client:build: [34mâ„¹[39m [34m[ESM][39m [2mdist/[22m[32m[1mapi/templates.d.ts[22m[39m                    [2m 1.16 kB[22m [2mâ”‚ gzip: 0.29 kB[22m
@n8n/rest-api-client:build: [34mâ„¹[39m [34m[ESM][39m [2mdist/[22m[32m[1mapi/nodeTypes.d.ts[22m[39m                    [2m 0.89 kB[22m [2mâ”‚ gzip: 0.27 kB[22m
@n8n/rest-api-client:build: [34mâ„¹[39m [34m[ESM][39m [2mdist/[22m[32m[1mapi/eventbus.ee.d.ts[22m[39m                  [2m 0.63 kB[22m [2mâ”‚ gzip: 0.23 kB[22m
@n8n/rest-api-client:build: [34mâ„¹[39m [34m[ESM][39m [2mdist/[22m[32m[1mapi/externalSecrets.ee.d.ts[22m[39m           [2m 0.62 kB[22m [2mâ”‚ gzip: 0.20 kB[22m
@n8n/rest-api-client:build: [34mâ„¹[39m [34m[ESM][39m [2mdist/[22m[32m[1mutils.d.ts[22m[39m                            [2m 0.59 kB[22m [2mâ”‚ gzip: 0.26 kB[22m
@n8n/rest-api-client:build: [34mâ„¹[39m [34m[ESM][39m [2mdist/[22m[32m[1mapi/sso.d.ts[22m[39m                          [2m 0.58 kB[22m [2mâ”‚ gzip: 0.22 kB[22m
@n8n/rest-api-client:build: [34mâ„¹[39m [34m[ESM][39m [2mdist/[22m[32m[1mapi/consent.d.ts[22m[39m                      [2m 0.57 kB[22m [2mâ”‚ gzip: 0.28 kB[22m
@n8n/rest-api-client:build: [34mâ„¹[39m [34m[ESM][39m [2mdist/[22m[32m[1mapi/cloudPlans.d.ts[22m[39m                   [2m 0.53 kB[22m [2mâ”‚ gzip: 0.23 kB[22m
@n8n/rest-api-client:build: [34mâ„¹[39m [34m[ESM][39m [2mdist/[22m[32m[1mapi/communityNodes.d.ts[22m[39m               [2m 0.45 kB[22m [2mâ”‚ gzip: 0.19 kB[22m
@n8n/rest-api-client:build: [34mâ„¹[39m [34m[ESM][39m [2mdist/[22m[32m[1mapi/ldap.d.ts[22m[39m                         [2m 0.45 kB[22m [2mâ”‚ gzip: 0.20 kB[22m
@n8n/rest-api-client:build: [34mâ„¹[39m [34m[ESM][39m [2mdist/[22m[32m[1mapi/workflowHistory.d.ts[22m[39m              [2m 0.44 kB[22m [2mâ”‚ gzip: 0.17 kB[22m
@n8n/rest-api-client:build: [34mâ„¹[39m [34m[ESM][39m [2mdist/[22m[32m[1mapi/usage.d.ts[22m[39m                        [2m 0.38 kB[22m [2mâ”‚ gzip: 0.18 kB[22m
@n8n/rest-api-client:build: [34mâ„¹[39m [34m[ESM][39m [2mdist/[22m[32m[1mapi/mfa.d.ts[22m[39m                          [2m 0.38 kB[22m [2mâ”‚ gzip: 0.19 kB[22m
@n8n/rest-api-client:build: [34mâ„¹[39m [34m[ESM][39m [2mdist/[22m[32m[1mapi/roles.d.ts[22m[39m                        [2m 0.35 kB[22m [2mâ”‚ gzip: 0.16 kB[22m
@n8n/rest-api-client:build: [34mâ„¹[39m [34m[ESM][39m [2mdist/[22m[32m[1mapi/api-keys.d.ts[22m[39m                     [2m 0.32 kB[22m [2mâ”‚ gzip: 0.16 kB[22m
@n8n/rest-api-client:build: [34mâ„¹[39m [34m[ESM][39m [2mdist/[22m[32m[1mapi/provisioning.d.ts[22m[39m                 [2m 0.28 kB[22m [2mâ”‚ gzip: 0.13 kB[22m
@n8n/rest-api-client:build: [34mâ„¹[39m [34m[ESM][39m [2mdist/[22m[32m[1mapi/telemetry.d.ts[22m[39m                    [2m 0.24 kB[22m [2mâ”‚ gzip: 0.13 kB[22m
@n8n/rest-api-client:build: [34mâ„¹[39m [34m[ESM][39m [2mdist/[22m[32m[1mapi/workflows.d.ts[22m[39m                    [2m 0.23 kB[22m [2mâ”‚ gzip: 0.12 kB[22m
@n8n/rest-api-client:build: [34mâ„¹[39m [34m[ESM][39m [2mdist/[22m[32m[1mapi/prompts.d.ts[22m[39m                      [2m 0.23 kB[22m [2mâ”‚ gzip: 0.13 kB[22m
@n8n/rest-api-client:build: [34mâ„¹[39m [34m[ESM][39m [2mdist/[22m[32m[1mapi/third-party-licenses.d.ts[22m[39m         [2m 0.17 kB[22m [2mâ”‚ gzip: 0.12 kB[22m
@n8n/rest-api-client:build: [34mâ„¹[39m [34m[ESM][39m [2mdist/[22m[32m[1mapi/orchestration.d.ts[22m[39m                [2m 0.15 kB[22m [2mâ”‚ gzip: 0.12 kB[22m
@n8n/rest-api-client:build: [34mâ„¹[39m [34m[ESM][39m [2mdist/[22m[32m[1mapi/npsSurvey.d.ts[22m[39m                    [2m 0.15 kB[22m [2mâ”‚ gzip: 0.11 kB[22m
@n8n/rest-api-client:build: [34mâ„¹[39m [34m[ESM][39m [2mdist/[22m[32m[1mapi/module-settings.d.ts[22m[39m              [2m 0.15 kB[22m [2mâ”‚ gzip: 0.11 kB[22m
@n8n/rest-api-client:build: [34mâ„¹[39m [34m[ESM][39m [2mdist/[22m[32m[1mapi/ctas.d.ts[22m[39m                         [2m 0.15 kB[22m [2mâ”‚ gzip: 0.11 kB[22m
@n8n/rest-api-client:build: [34mâ„¹[39m [34m[ESM][39m [2mdist/[22m[32m[1mapi/events.d.ts[22m[39m                       [2m 0.13 kB[22m [2mâ”‚ gzip: 0.11 kB[22m
@n8n/rest-api-client:build: [34mâ„¹[39m [34m[ESM][39m [2mdist/[22m[32m[1mapi/settings.d.ts[22m[39m                     [2m 0.13 kB[22m [2mâ”‚ gzip: 0.10 kB[22m
@n8n/rest-api-client:build: [34mâ„¹[39m [34m[ESM][39m [2mdist/[22m[32m[1mapi/webhooks.d.ts[22m[39m                     [2m 0.13 kB[22m [2mâ”‚ gzip: 0.10 kB[22m
@n8n/rest-api-client:build: [34mâ„¹[39m [34m[ESM][39m [2mdist/[22m[32m[1mtypes.d.ts[22m[39m                            [2m 0.08 kB[22m [2mâ”‚ gzip: 0.08 kB[22m
@n8n/rest-api-client:build: [34mâ„¹[39m [34m[ESM][39m [2mdist/[22m[32m[1mapi/tags.d.ts[22m[39m                         [2m 0.06 kB[22m [2mâ”‚ gzip: 0.07 kB[22m
@n8n/rest-api-client:build: [34mâ„¹[39m [34m[ESM][39m [2mdist/[22m[32m[1mapi/execution.d.ts[22m[39m                    [2m 0.01 kB[22m [2mâ”‚ gzip: 0.03 kB[22m
@n8n/rest-api-client:build: [34mâ„¹[39m [34m[ESM][39m [2mdist/[22m[32musers-DKt7YywI.d.ts[39m                   [2m 5.74 kB[22m [2mâ”‚ gzip: 1.28 kB[22m
@n8n/rest-api-client:build: [34mâ„¹[39m [34m[ESM][39m [2mdist/[22m[32mtemplates-BCxAB4qP.d.ts[39m               [2m 4.24 kB[22m [2mâ”‚ gzip: 1.05 kB[22m
@n8n/rest-api-client:build: [34mâ„¹[39m [34m[ESM][39m [2mdist/[22m[32mutils-DVykuYsA.d.ts[39m                   [2m 2.36 kB[22m [2mâ”‚ gzip: 0.82 kB[22m
@n8n/rest-api-client:build: [34mâ„¹[39m [34m[ESM][39m [2mdist/[22m[32mnodeTypes-DJxKa2EN.d.ts[39m               [2m 2.31 kB[22m [2mâ”‚ gzip: 0.61 kB[22m
@n8n/rest-api-client:build: [34mâ„¹[39m [34m[ESM][39m [2mdist/[22m[32mcloudPlans-CVakDgyl.d.ts[39m              [2m 2.05 kB[22m [2mâ”‚ gzip: 0.78 kB[22m
@n8n/rest-api-client:build: [34mâ„¹[39m [34m[ESM][39m [2mdist/[22m[32mldap-BzYWQ4Cl.d.ts[39m                    [2m 1.79 kB[22m [2mâ”‚ gzip: 0.63 kB[22m
@n8n/rest-api-client:build: [34mâ„¹[39m [34m[ESM][39m [2mdist/[22m[32msso-DpzC8Pya.d.ts[39m                     [2m 1.51 kB[22m [2mâ”‚ gzip: 0.47 kB[22m
@n8n/rest-api-client:build: [34mâ„¹[39m [34m[ESM][39m [2mdist/[22m[32mexternalSecrets.ee-qziWDA4P.d.ts[39m      [2m 1.46 kB[22m [2mâ”‚ gzip: 0.42 kB[22m
@n8n/rest-api-client:build: [34mâ„¹[39m [34m[ESM][39m [2mdist/[22m[32meventbus.ee-DSvYqVLc.d.ts[39m             [2m 1.44 kB[22m [2mâ”‚ gzip: 0.45 kB[22m
@n8n/rest-api-client:build: [34mâ„¹[39m [34m[ESM][39m [2mdist/[22m[32mworkflowHistory-D-ioslRI.d.ts[39m         [2m 1.14 kB[22m [2mâ”‚ gzip: 0.45 kB[22m
@n8n/rest-api-client:build: [34mâ„¹[39m [34m[ESM][39m [2mdist/[22m[32mworkflows-DPKvwmzw.d.ts[39m               [2m 1.12 kB[22m [2mâ”‚ gzip: 0.44 kB[22m
@n8n/rest-api-client:build: [34mâ„¹[39m [34m[ESM][39m [2mdist/[22m[32mcommunityNodes-DU11UC3E.d.ts[39m          [2m 1.03 kB[22m [2mâ”‚ gzip: 0.39 kB[22m
@n8n/rest-api-client:build: [34mâ„¹[39m [34m[ESM][39m [2mdist/[22m[32mmfa-X1wBgC7f.d.ts[39m                     [2m 1.02 kB[22m [2mâ”‚ gzip: 0.40 kB[22m
@n8n/rest-api-client:build: [34mâ„¹[39m [34m[ESM][39m [2mdist/[22m[32musage-DAmmoJSf.d.ts[39m                   [2m 1.01 kB[22m [2mâ”‚ gzip: 0.38 kB[22m
@n8n/rest-api-client:build: [34mâ„¹[39m [34m[ESM][39m [2mdist/[22m[32mapi-keys-D95fUQ2y.d.ts[39m                [2m 0.99 kB[22m [2mâ”‚ gzip: 0.38 kB[22m
@n8n/rest-api-client:build: [34mâ„¹[39m [34m[ESM][39m [2mdist/[22m[32mroles-wl9AFAxk.d.ts[39m                   [2m 0.95 kB[22m [2mâ”‚ gzip: 0.36 kB[22m
@n8n/rest-api-client:build: [34mâ„¹[39m [34m[ESM][39m [2mdist/[22m[32mprovisioning-vSdz82ym.d.ts[39m            [2m 0.73 kB[22m [2mâ”‚ gzip: 0.32 kB[22m
@n8n/rest-api-client:build: [34mâ„¹[39m [34m[ESM][39m [2mdist/[22m[32mtelemetry-B8fsd7Ts.d.ts[39m               [2m 0.56 kB[22m [2mâ”‚ gzip: 0.31 kB[22m
@n8n/rest-api-client:build: [34mâ„¹[39m [34m[ESM][39m [2mdist/[22m[32mprompts-Ahp1W_V4.d.ts[39m                 [2m 0.56 kB[22m [2mâ”‚ gzip: 0.28 kB[22m
@n8n/rest-api-client:build: [34mâ„¹[39m [34m[ESM][39m [2mdist/[22m[32mwebhooks-BavECrL-.d.ts[39m                [2m 0.49 kB[22m [2mâ”‚ gzip: 0.30 kB[22m
@n8n/rest-api-client:build: [34mâ„¹[39m [34m[ESM][39m [2mdist/[22m[32mmodule-settings-DqMZY4ss.d.ts[39m         [2m 0.37 kB[22m [2mâ”‚ gzip: 0.23 kB[22m
@n8n/rest-api-client:build: [34mâ„¹[39m [34m[ESM][39m [2mdist/[22m[32mnpsSurvey-CuNsZ-0l.d.ts[39m               [2m 0.36 kB[22m [2mâ”‚ gzip: 0.24 kB[22m
@n8n/rest-api-client:build: [34mâ„¹[39m [34m[ESM][39m [2mdist/[22m[32msettings-CAEbFMVt.d.ts[39m                [2m 0.32 kB[22m [2mâ”‚ gzip: 0.22 kB[22m
@n8n/rest-api-client:build: [34mâ„¹[39m [34m[ESM][39m [2mdist/[22m[32mthird-party-licenses-DdNuZYZW.d.ts[39m    [2m 0.32 kB[22m [2mâ”‚ gzip: 0.22 kB[22m
@n8n/rest-api-client:build: [34mâ„¹[39m [34m[ESM][39m [2mdist/[22m[32morchestration-ChZFmC5j.d.ts[39m           [2m 0.29 kB[22m [2mâ”‚ gzip: 0.22 kB[22m
@n8n/rest-api-client:build: [34mâ„¹[39m [34m[ESM][39m [2mdist/[22m[32mctas-DwUAY58n.d.ts[39m                    [2m 0.28 kB[22m [2mâ”‚ gzip: 0.21 kB[22m
@n8n/rest-api-client:build: [34mâ„¹[39m [34m[ESM][39m [2mdist/[22m[32mevents-Dn5xW6dv.d.ts[39m                  [2m 0.27 kB[22m [2mâ”‚ gzip: 0.21 kB[22m
@n8n/rest-api-client:build: [34mâ„¹[39m [34m[ESM][39m [2mdist/[22m[32mtags-QBCgHvOs.d.ts[39m                    [2m 0.22 kB[22m [2mâ”‚ gzip: 0.17 kB[22m
@n8n/rest-api-client:build: [34mâ„¹[39m [34m[ESM][39m [2mdist/[22m[32mtypes-B_Rnf-p_.d.ts[39m                   [2m 0.18 kB[22m [2mâ”‚ gzip: 0.15 kB[22m
@n8n/rest-api-client:build: [34mâ„¹[39m [34m[ESM][39m [2mdist/[22m[32mindex-DvpBZgor.d.ts[39m                   [2m 0.01 kB[22m [2mâ”‚ gzip: 0.03 kB[22m
@n8n/rest-api-client:build: [34mâ„¹[39m [34m[ESM][39m 150 files, total: 183.32 kB
@n8n/rest-api-client:build: [32mâœ”[39m Build complete in [32m6268ms[39m
n8n-editor-ui:typecheck: cache miss, executing 5661d3996ce74ac7
n8n-core:build: cache hit, replaying logs 73cf8811ea660fe7
n8n-core:build: 
n8n-core:build: > n8n-core@1.118.0 build /home/zhang/n8n-quanyuge/packages/core
n8n-core:build: > tsc -p tsconfig.build.json && tsc-alias -p tsconfig.build.json
n8n-core:build: 
n8n-nodes-base:typecheck: cache hit, replaying logs 76904cc8d60dd608
n8n-nodes-base:typecheck: 
n8n-nodes-base:typecheck: > n8n-nodes-base@1.117.0 typecheck /home/zhang/n8n-quanyuge/packages/nodes-base
n8n-nodes-base:typecheck: > tsc --noEmit
n8n-nodes-base:typecheck: 
@n8n/ai-workflow-builder:build: cache hit, replaying logs cf7e0054a602fb46
@n8n/ai-workflow-builder:build: 
@n8n/ai-workflow-builder:build: > @n8n/ai-workflow-builder@0.29.0 build /home/zhang/n8n-quanyuge/packages/@n8n/ai-workflow-builder.ee
@n8n/ai-workflow-builder:build: > tsc -p ./tsconfig.build.json && tsc-alias -p tsconfig.build.json
@n8n/ai-workflow-builder:build: 
@n8n/db:typecheck: cache hit, replaying logs 36b1b171cd312956
@n8n/db:typecheck: 
@n8n/db:typecheck: > @n8n/db@0.30.0 typecheck /home/zhang/n8n-quanyuge/packages/@n8n/db
@n8n/db:typecheck: > tsc --noEmit
@n8n/db:typecheck: 
@n8n/task-runner:typecheck: cache hit, replaying logs f0ad3cae88407384
@n8n/task-runner:typecheck: 
@n8n/task-runner:typecheck: > @n8n/task-runner@1.55.0 typecheck /home/zhang/n8n-quanyuge/packages/@n8n/task-runner
@n8n/task-runner:typecheck: > tsc --noEmit
@n8n/task-runner:typecheck: 
@n8n/task-runner:build: cache hit, replaying logs 1dd4227978528150
@n8n/task-runner:build: 
@n8n/task-runner:build: > @n8n/task-runner@1.55.0 build /home/zhang/n8n-quanyuge/packages/@n8n/task-runner
@n8n/task-runner:build: > tsc -p ./tsconfig.build.json && tsc-alias -p tsconfig.build.json
@n8n/task-runner:build: 
n8n-nodes-base:build: cache hit, replaying logs f556ed9728559b1a
n8n-nodes-base:build: 
n8n-nodes-base:build: > n8n-nodes-base@1.117.0 build /home/zhang/n8n-quanyuge/packages/nodes-base
n8n-nodes-base:build: > tsc --build tsconfig.build.cjs.json && pnpm copy-nodes-json && tsc-alias -p tsconfig.build.cjs.json && pnpm n8n-copy-static-files && pnpm n8n-generate-translations && pnpm n8n-generate-metadata
n8n-nodes-base:build: 
n8n-nodes-base:build: 
n8n-nodes-base:build: > n8n-nodes-base@1.117.0 copy-nodes-json /home/zhang/n8n-quanyuge/packages/nodes-base
n8n-nodes-base:build: > node scripts/copy-nodes-json.js .
n8n-nodes-base:build: 
n8n-nodes-base:build: Default locale set to: [35men[0m
n8n-nodes-base:build: No translation required - Skipping translations build...
n8n-nodes-base:build: Skipping invalid node description: {"name":"Switch","color":"#506000"}
@n8n/n8n-nodes-langchain:typecheck: cache hit, replaying logs 66c989cb4213c520
@n8n/n8n-nodes-langchain:typecheck: 
@n8n/n8n-nodes-langchain:typecheck: > @n8n/n8n-nodes-langchain@1.118.0 typecheck /home/zhang/n8n-quanyuge/packages/@n8n/nodes-langchain
@n8n/n8n-nodes-langchain:typecheck: > tsc --noEmit
@n8n/n8n-nodes-langchain:typecheck: 
@n8n/db:build: cache hit, replaying logs 3c03b3de7cb83f10
@n8n/db:build: 
@n8n/db:build: > @n8n/db@0.30.0 build /home/zhang/n8n-quanyuge/packages/@n8n/db
@n8n/db:build: > tsc -p tsconfig.build.json
@n8n/db:build: 
@n8n/backend-test-utils:typecheck: cache hit, replaying logs 49344220a0d80b3c
@n8n/backend-test-utils:typecheck: 
@n8n/backend-test-utils:typecheck: > @n8n/backend-test-utils@0.22.0 typecheck /home/zhang/n8n-quanyuge/packages/@n8n/backend-test-utils
@n8n/backend-test-utils:typecheck: > tsc --noEmit
@n8n/backend-test-utils:typecheck: 
@n8n/backend-test-utils:build: cache hit, replaying logs a5fe2b5502d718ba
@n8n/backend-test-utils:build: 
@n8n/backend-test-utils:build: > @n8n/backend-test-utils@0.22.0 build /home/zhang/n8n-quanyuge/packages/@n8n/backend-test-utils
@n8n/backend-test-utils:build: > tsc -p tsconfig.build.json
@n8n/backend-test-utils:build: 
n8n-editor-ui:typecheck: 
n8n-editor-ui:typecheck: > n8n-editor-ui@1.119.0 typecheck /home/zhang/n8n-quanyuge/packages/frontend/editor-ui
n8n-editor-ui:typecheck: > vue-tsc --noEmit
n8n-editor-ui:typecheck: 
@n8n/n8n-nodes-langchain:build: cache hit, replaying logs dfb53b7f25d570c8
@n8n/n8n-nodes-langchain:build: 
@n8n/n8n-nodes-langchain:build: > @n8n/n8n-nodes-langchain@1.118.0 build /home/zhang/n8n-quanyuge/packages/@n8n/nodes-langchain
@n8n/n8n-nodes-langchain:build: > tsup --tsconfig tsconfig.build.json && pnpm copy-nodes-json && tsc-alias -p tsconfig.build.json && pnpm copy-tokenizer-json && pnpm n8n-copy-static-files && pnpm n8n-generate-metadata
@n8n/n8n-nodes-langchain:build: 
@n8n/n8n-nodes-langchain:build: 
@n8n/n8n-nodes-langchain:build: > @n8n/n8n-nodes-langchain@1.118.0 copy-nodes-json /home/zhang/n8n-quanyuge/packages/@n8n/nodes-langchain
@n8n/n8n-nodes-langchain:build: > node ../../nodes-base/scripts/copy-nodes-json.js .
@n8n/n8n-nodes-langchain:build: 
@n8n/n8n-nodes-langchain:build: 
@n8n/n8n-nodes-langchain:build: > @n8n/n8n-nodes-langchain@1.118.0 copy-tokenizer-json /home/zhang/n8n-quanyuge/packages/@n8n/nodes-langchain
@n8n/n8n-nodes-langchain:build: > node scripts/copy-tokenizer-json.js .
@n8n/n8n-nodes-langchain:build: 
@n8n/n8n-nodes-langchain:build: Copied: utils/tokenizer/cl100k_base.json -> dist/utils/tokenizer/cl100k_base.json
@n8n/n8n-nodes-langchain:build: Copied: utils/tokenizer/o200k_base.json -> dist/utils/tokenizer/o200k_base.json
n8n-editor-ui:fetch-popularity: 
n8n-editor-ui:fetch-popularity: > n8n-editor-ui@1.119.0 fetch-popularity /home/zhang/n8n-quanyuge/packages/frontend/editor-ui
n8n-editor-ui:fetch-popularity: > node scripts/fetch-node-popularity.mjs
n8n-editor-ui:fetch-popularity: 
n8n-editor-ui:fetch-popularity: Fetching node popularity data from: https://internal-production.app.n8n.cloud/webhook/nodes-popularity-scores
n8n-editor-ui:fetch-popularity: Successfully fetched popularity data for 1000 nodes
n8n-editor-ui:fetch-popularity: Saved popularity data to /home/zhang/n8n-quanyuge/packages/frontend/editor-ui/.build/node-popularity.json with 1000 nodes
n8n-editor-ui:build: cache miss, executing fc441f4c32958afc
n8n-editor-ui:build: 
n8n-editor-ui:build: > n8n-editor-ui@1.119.0 build /home/zhang/n8n-quanyuge/packages/frontend/editor-ui
n8n-editor-ui:build: > cross-env VUE_APP_PUBLIC_PATH="/{{BASE_PATH}}/" NODE_OPTIONS="--max-old-space-size=8192" vite build
n8n-editor-ui:build: 
n8n-editor-ui:build: You or a plugin you are using have set `optimizeDeps.esbuildOptions` but this option is now deprecated. Vite now uses Rolldown to optimize the dependencies. Please use `optimizeDeps.rollupOptions` instead.
n8n-editor-ui:build: plugin-legacy overrode 'build.target'. You should pass 'targets' as an option to this plugin with the list of legacy browsers to support instead.
n8n-editor-ui:build: plugin-legacy 'modernTargets' option overrode the builtin targets of modern chunks. Some versions of browsers between legacy and modern may not be supported.
n8n-editor-ui:build: rolldown-vite v7.1.16 building for production...
n8n-editor-ui:build: <script src="/{{BASE_PATH}}/static/base-path.js"> in "/index.html" can't be bundled without type="module" attribute
n8n-editor-ui:build: 
n8n-editor-ui:build: /{{BASE_PATH}}/static/prefers-color-scheme.css doesn't exist at build time, it will remain unchanged to be resolved at runtime
n8n-editor-ui:build: Browserslist: browsers data (caniuse-lite) is 6 months old. Please run:
n8n-editor-ui:build:   npx update-browserslist-db@latest
n8n-editor-ui:build:   Why you should do it regularly: https://github.com/browserslist/update-db#readme
n8n-editor-ui:build: [plugin rolldown:vite-resolve] Module "os" has been externalized for browser compatibility, imported by "/home/zhang/n8n-quanyuge/node_modules/.pnpm/recast@0.22.0/node_modules/recast/lib/util.js". See https://vite.dev/guide/troubleshooting.html#module-externalized-for-browser-compatibility for more details.
n8n-editor-ui:build: [2Kn8n-editor-ui:build: transforming...[32mâœ“[39m 6266 modules transformed.
n8n-editor-ui:typecheck: src/App.vue(41,7): error TS6133: 'settingsStore' is declared but its value is never read.
n8n-editor-ui:typecheck: src/App.vue(48,29): error TS2551: Property 'value' does not exist on type '"en" | "zh"'. Did you mean 'valueOf'?
n8n-editor-ui:typecheck:   Property 'value' does not exist on type '"en"'.
n8n-editor-ui:typecheck: src/Interface.ts(5,2): error TS2305: Module '"@n8n/api-types"' has no exported member 'IVersionNotificationSettings'.
n8n-editor-ui:typecheck: src/Interface.ts(35,30): error TS2307: Cannot find module '@n8n/rest-api-client/api/versions' or its corresponding type declarations.
n8n-editor-ui:typecheck: src/__tests__/defaults.ts(98,2): error TS2353: Object literal may only specify known properties, and 'versionNotifications' does not exist in type 'FrontendSettings'.
n8n-editor-ui:typecheck: src/__tests__/mocks.ts(65,2): error TS2339: Property 'credentials' does not exist on type 'Partial<INodeTypeDescription>'.
n8n-editor-ui:typecheck: src/__tests__/mocks.ts(92,3): error TS2353: Object literal may only specify known properties, and 'credentials' does not exist in type '{ version?: number | (number | undefined)[] | undefined; defaults?: { color?: string | undefined; name?: string | undefined; } | undefined; eventTriggerDescription?: string | undefined; ... 36 more ...; usableAsTool?: true | ... 1 more ... | undefined; }'.
n8n-editor-ui:typecheck: src/__tests__/mocks.ts(103,3): error TS2322: Type '_MockProxy<INodeType> & INodeType' is not assignable to type '{ description?: { version?: number | (number | undefined)[] | undefined; defaults?: { color?: string | undefined; name?: string | undefined; } | undefined; eventTriggerDescription?: string | undefined; ... 36 more ...; usableAsTool?: true | ... 1 more ... | undefined; } | undefined; ... 8 more ...; customOperations?...'.
n8n-editor-ui:typecheck:   Type '_MockProxy<INodeType> & INodeType' is not assignable to type '{ description?: { version?: number | (number | undefined)[] | undefined; defaults?: { color?: string | undefined; name?: string | undefined; } | undefined; eventTriggerDescription?: string | undefined; ... 36 more ...; usableAsTool?: true | ... 1 more ... | undefined; } | undefined; ... 8 more ...; customOperations?...'.
n8n-editor-ui:typecheck:     The types of 'description.properties' are incompatible between these types.
n8n-editor-ui:typecheck:       Type 'INodeProperties[]' is not assignable to type '({ displayName?: string | undefined; name?: string | undefined; type?: NodePropertyTypes | undefined; typeOptions?: { [x: string]: any; buttonConfig?: { action?: string | ... 1 more ... | undefined; label?: string | undefined; hasInputField?: boolean | undefined; inputFieldMaxLength?: number | undefined; } | undefin...'.
n8n-editor-ui:typecheck:         Type 'INodeProperties' is not assignable to type '{ displayName?: string | undefined; name?: string | undefined; type?: NodePropertyTypes | undefined; typeOptions?: { [x: string]: any; buttonConfig?: { action?: string | { ...; } | undefined; label?: string | undefined; hasInputField?: boolean | undefined; inputFieldMaxLength?: number | undefined; } | undefined; ......'.
n8n-editor-ui:typecheck:           Types of property 'typeOptions' are incompatible.
n8n-editor-ui:typecheck:             Type 'INodePropertyTypeOptions | undefined' is not assignable to type '{ [x: string]: any; buttonConfig?: { action?: string | { type?: "askAiCodeGeneration" | undefined; handler?: string | undefined; target?: string | undefined; } | undefined; label?: string | undefined; hasInputField?: boolean | undefined; inputFieldMaxLength?: number | undefined; } | undefined; ... 25 more ...; binar...'.
n8n-editor-ui:typecheck:               Type 'INodePropertyTypeOptions' is not assignable to type '{ [x: string]: any; buttonConfig?: { action?: string | { type?: "askAiCodeGeneration" | undefined; handler?: string | undefined; target?: string | undefined; } | undefined; label?: string | undefined; hasInputField?: boolean | undefined; inputFieldMaxLength?: number | undefined; } | undefined; ... 25 more ...; binar...'.
n8n-editor-ui:typecheck:                 Types of property 'filter' are incompatible.
n8n-editor-ui:typecheck:                   Type 'FilterTypeOptions | undefined' is not assignable to type '{ version?: 2 | 1 | {} | undefined; caseSensitive?: string | boolean | undefined; leftValue?: string | undefined; allowedCombinators?: [(FilterTypeCombinator | undefined)?, ...undefined[]] | undefined; maxConditions?: number | undefined; typeValidation?: "strict" | ... 2 more ... | undefined; } | undefined'.
n8n-editor-ui:typecheck:                     Type 'FilterTypeOptions' is not assignable to type '{ version?: 2 | 1 | {} | undefined; caseSensitive?: string | boolean | undefined; leftValue?: string | undefined; allowedCombinators?: [(FilterTypeCombinator | undefined)?, ...undefined[]] | undefined; maxConditions?: number | undefined; typeValidation?: "strict" | ... 2 more ... | undefined; }'.
n8n-editor-ui:typecheck:                       Types of property 'allowedCombinators' are incompatible.
n8n-editor-ui:typecheck:                         Type 'NonEmptyArray<FilterTypeCombinator> | undefined' is not assignable to type '[(FilterTypeCombinator | undefined)?, ...undefined[]] | undefined'.
n8n-editor-ui:typecheck:                           Type 'NonEmptyArray<FilterTypeCombinator>' is not assignable to type '[(FilterTypeCombinator | undefined)?, ...undefined[]]'.
n8n-editor-ui:typecheck:                             Type at position 1 in source is not compatible with type at position 1 in target.
n8n-editor-ui:typecheck:                               Type 'FilterTypeCombinator' is not assignable to type 'undefined'.
n8n-editor-ui:typecheck:                                 Type '"and"' is not assignable to type 'undefined'.
n8n-editor-ui:typecheck: src/__tests__/mocks.ts(104,4): error TS2578: Unused '@ts-expect-error' directive.
n8n-editor-ui:typecheck: src/__tests__/mocks.ts(124,2): error TS2739: Type '_MockProxy<T>' is missing the following properties from type 'LoadedClass<INodeType | IVersionedNodeType>': sourcePath, type
n8n-editor-ui:typecheck: src/__tests__/server/endpoints/index.ts(3,38): error TS2307: Cannot find module './credential' or its corresponding type declarations.
n8n-editor-ui:typecheck: src/__tests__/server/endpoints/index.ts(4,42): error TS2307: Cannot find module './credentialType' or its corresponding type declarations.
n8n-editor-ui:typecheck: src/__tests__/server/factories/index.ts(2,35): error TS2307: Cannot find module './credential' or its corresponding type declarations.
n8n-editor-ui:typecheck: src/__tests__/server/factories/index.ts(3,39): error TS2307: Cannot find module './credentialType' or its corresponding type declarations.
n8n-editor-ui:typecheck: src/__tests__/server/factories/index.ts(9,15): error TS2307: Cannot find module './credential' or its corresponding type declarations.
n8n-editor-ui:typecheck: src/__tests__/server/factories/index.ts(10,15): error TS2307: Cannot find module './credentialType' or its corresponding type declarations.
n8n-editor-ui:typecheck: src/__tests__/server/models/index.ts(2,33): error TS2307: Cannot find module './credential' or its corresponding type declarations.
n8n-editor-ui:typecheck: src/__tests__/server/models/index.ts(3,37): error TS2307: Cannot find module './credentialType' or its corresponding type declarations.
n8n-editor-ui:typecheck: src/app/components/BillingModal.vue(92,19): error TS2322: Type 'undefined' is not assignable to type '"link" | "unlink" | "json" | "text" | "binary" | "code" | "type" | "user" | "variable" | "folder" | "mcp" | "list" | "share" | "search" | "mail" | "expand" | "x" | "anthropic" | "bolt-filled" | ... 201 more ... | "zoom-out"'.
n8n-editor-ui:typecheck: src/app/components/FocusPanel.test.ts(59,4): error TS2740: Type '_MockProxy<T>' is missing the following properties from type 'INodeTypeDescription': version, defaults, inputs, outputs, and 5 more.
n8n-editor-ui:typecheck: src/app/components/FreeAiCreditsCallout.test.ts(79,4): error TS2304: Cannot find name 'useCredentialsStore'.
n8n-editor-ui:typecheck: src/app/components/FreeAiCreditsCallout.test.ts(121,40): error TS2304: Cannot find name 'useCredentialsStore'.
n8n-editor-ui:typecheck: src/app/components/FreeAiCreditsCallout.test.ts(162,4): error TS2304: Cannot find name 'useCredentialsStore'.
n8n-editor-ui:typecheck: src/app/components/FreeAiCreditsCallout.vue(35,7): error TS6133: 'projectsStore' is declared but its value is never read.
n8n-editor-ui:typecheck: src/app/components/FromAiParametersModal.vue(107,3): error TS2353: Object literal may only specify known properties, and 'credentials' does not exist in type '{ loadOptions?: ILoadOptions | undefined; } & BaseDynamicParametersRequestDto'.
n8n-editor-ui:typecheck: src/app/components/FromAiParametersModal.vue(107,24): error TS2339: Property 'credentials' does not exist on type 'INode'.
n8n-editor-ui:typecheck: src/app/components/MainSidebar.test.ts(10,34): error TS2307: Cannot find module '@/app/stores/versions.store' or its corresponding type declarations.
n8n-editor-ui:typecheck: src/app/components/MainSidebar.test.ts(12,30): error TS2307: Cannot find module '@n8n/rest-api-client/api/versions' or its corresponding type declarations.
n8n-editor-ui:typecheck: src/app/components/MainSidebar.vue(85,45): error TS2769: No overload matches this call.
n8n-editor-ui:typecheck:   Overload 2 of 2, '(options: WritableComputedOptions<IMenuItem[], IMenuItem[]>, debugOptions?: DebuggerOptions | undefined): WritableComputedRef<...>', gave the following error.
n8n-editor-ui:typecheck:     Argument of type '() => ({ id: string; icon: "house"; label: string; position: "top"; route: { to: { name: VIEWS; }; }; available: boolean; type?: undefined; link?: undefined; children?: undefined; } | { id: string; type: string; ... 6 more ...; children?: undefined; } | ... 9 more ... | { ...; })[]' is not assignable to parameter of type 'WritableComputedOptions<IMenuItem[], IMenuItem[]>'.
n8n-editor-ui:typecheck: src/app/components/MainSidebar.vue(423,24): error TS2339: Property 'type' does not exist on type 'IMenuItem'.
n8n-editor-ui:typecheck: src/app/components/Modals.vue(36,1): error TS6192: All imports in import declaration are unused.
n8n-editor-ui:typecheck: src/app/components/Modals.vue(39,8): error TS2307: Cannot find module '@/features/credentials/credentials.constants' or its corresponding type declarations.
n8n-editor-ui:typecheck: src/app/components/NodeExecuteButton.test.ts(150,38): error TS2322: Type '_MockProxy<T> & T & { name: string; }' is not assignable to type 'INodeTypeDescription | null'.
n8n-editor-ui:typecheck:   Type '_MockProxy<T> & { name: string; }' is missing the following properties from type 'INodeTypeDescription': version, defaults, inputs, outputs, and 4 more.
n8n-editor-ui:typecheck: src/app/components/NodeExecuteButton.test.ts(162,38): error TS2322: Type '_MockProxy<T> & T & { name: string; }' is not assignable to type 'INodeTypeDescription | null'.
n8n-editor-ui:typecheck:   Type '_MockProxy<T> & { name: string; }' is missing the following properties from type 'INodeTypeDescription': version, defaults, inputs, outputs, and 4 more.
n8n-editor-ui:typecheck: src/app/components/NodeExecuteButton.test.ts(174,38): error TS2322: Type '_MockProxy<T> & T & { name: string; }' is not assignable to type 'INodeTypeDescription | null'.
n8n-editor-ui:typecheck:   Type '_MockProxy<T> & { name: string; }' is missing the following properties from type 'INodeTypeDescription': version, defaults, inputs, outputs, and 4 more.
n8n-editor-ui:typecheck: src/app/components/NodeExecuteButton.test.ts(186,38): error TS2322: Type '_MockProxy<T> & T & { polling: true; }' is not assignable to type 'INodeTypeDescription | null'.
n8n-editor-ui:typecheck:   Type '_MockProxy<T> & { polling: true; }' is missing the following properties from type 'INodeTypeDescription': version, defaults, inputs, outputs, and 5 more.
n8n-editor-ui:typecheck: src/app/components/NodeExecuteButton.test.ts(313,38): error TS2322: Type '_MockProxy<T> & T' is not assignable to type 'INodeTypeDescription | null'.
n8n-editor-ui:typecheck:   Type '_MockProxy<T>' is missing the following properties from type 'INodeTypeDescription': version, defaults, inputs, outputs, and 5 more.
n8n-editor-ui:typecheck: src/app/components/NodeExecuteButton.test.ts(330,38): error TS2322: Type '_MockProxy<T> & T' is not assignable to type 'INodeTypeDescription | null'.
n8n-editor-ui:typecheck:   Type '_MockProxy<T>' is missing the following properties from type 'INodeTypeDescription': version, defaults, inputs, outputs, and 5 more.
n8n-editor-ui:typecheck: src/app/components/NodeIcon.vue(4,34): error TS2307: Cannot find module '@n8n/rest-api-client/api/versions' or its corresponding type declarations.
n8n-editor-ui:typecheck: src/app/components/NodeList.vue(42,47): error TS2339: Property 'name' does not exist on type 'ITemplatesNode'.
n8n-editor-ui:typecheck: src/app/components/VersionCard.vue(6,43): error TS2307: Cannot find module '@n8n/rest-api-client/api/versions' or its corresponding type declarations.
n8n-editor-ui:typecheck: src/app/components/VirtualSchemaHeader.test.ts(37,4): error TS2740: Type '_MockProxy<T>' is missing the following properties from type 'INodeTypeDescription': version, defaults, inputs, outputs, and 5 more.
n8n-editor-ui:typecheck: src/app/components/VirtualSchemaHeader.test.ts(41,4): error TS2740: Type '_MockProxy<T>' is missing the following properties from type 'INodeTypeDescription': version, defaults, inputs, outputs, and 5 more.
n8n-editor-ui:typecheck: src/app/components/WorkflowActivator.test.ts(15,64): error TS2304: Cannot find name 'useCredentialsStore'.
n8n-editor-ui:typecheck: src/app/components/WorkflowActivator.test.ts(33,38): error TS2304: Cannot find name 'useCredentialsStore'.
n8n-editor-ui:typecheck: src/app/components/WorkflowActivator.test.ts(131,5): error TS2353: Object literal may only specify known properties, and 'credentials' does not exist in type 'INodeUi'.
n8n-editor-ui:typecheck: src/app/components/WorkflowActivator.test.ts(199,5): error TS2353: Object literal may only specify known properties, and 'credentials' does not exist in type 'INodeUi'.
n8n-editor-ui:typecheck: src/app/components/WorkflowActivator.vue(16,1): error TS6133: 'INodeUi' is declared but its value is never read.
n8n-editor-ui:typecheck: src/app/components/WorkflowActivator.vue(17,1): error TS6133: 'OPEN_AI_API_CREDENTIAL_TYPE' is declared but its value is never read.
n8n-editor-ui:typecheck: src/app/components/WorkflowSettings.test.ts(9,10): error TS2305: Module '"@/app/constants"' has no exported member 'EnterpriseEditionFeature'.
n8n-editor-ui:typecheck: src/app/components/WorkflowSettings.test.ts(90,3): error TS7053: Element implicitly has an 'any' type because expression of type 'any' can't be used to index type '{ sharing: boolean; ldap: boolean; saml: boolean; oidc: boolean; mfaEnforcement: boolean; logStreaming: boolean; advancedExecutionFilters: boolean; variables: boolean; sourceControl: boolean; ... 11 more ...; customRoles: boolean; }'.
n8n-editor-ui:typecheck: src/app/components/WorkflowSettings.test.ts(97,3): error TS7053: Element implicitly has an 'any' type because expression of type 'any' can't be used to index type '{ sharing: boolean; ldap: boolean; saml: boolean; oidc: boolean; mfaEnforcement: boolean; logStreaming: boolean; advancedExecutionFilters: boolean; variables: boolean; sourceControl: boolean; ... 11 more ...; customRoles: boolean; }'.
n8n-editor-ui:typecheck: src/app/components/WorkflowSettings.test.ts(108,3): error TS7053: Element implicitly has an 'any' type because expression of type 'any' can't be used to index type '{ sharing: boolean; ldap: boolean; saml: boolean; oidc: boolean; mfaEnforcement: boolean; logStreaming: boolean; advancedExecutionFilters: boolean; variables: boolean; sourceControl: boolean; ... 11 more ...; customRoles: boolean; }'.
n8n-editor-ui:typecheck: src/app/components/WorkflowSettings.test.ts(117,3): error TS7053: Element implicitly has an 'any' type because expression of type 'any' can't be used to index type '{ sharing: boolean; ldap: boolean; saml: boolean; oidc: boolean; mfaEnforcement: boolean; logStreaming: boolean; advancedExecutionFilters: boolean; variables: boolean; sourceControl: boolean; ... 11 more ...; customRoles: boolean; }'.
n8n-editor-ui:typecheck: src/app/components/WorkflowSettings.test.ts(128,3): error TS7053: Element implicitly has an 'any' type because expression of type 'any' can't be used to index type '{ sharing: boolean; ldap: boolean; saml: boolean; oidc: boolean; mfaEnforcement: boolean; logStreaming: boolean; advancedExecutionFilters: boolean; variables: boolean; sourceControl: boolean; ... 11 more ...; customRoles: boolean; }'.
n8n-editor-ui:typecheck: src/app/components/WorkflowSettings.test.ts(148,3): error TS7053: Element implicitly has an 'any' type because expression of type 'any' can't be used to index type '{ sharing: boolean; ldap: boolean; saml: boolean; oidc: boolean; mfaEnforcement: boolean; logStreaming: boolean; advancedExecutionFilters: boolean; variables: boolean; sourceControl: boolean; ... 11 more ...; customRoles: boolean; }'.
n8n-editor-ui:typecheck: src/app/components/WorkflowSettings.test.ts(165,3): error TS7053: Element implicitly has an 'any' type because expression of type 'any' can't be used to index type '{ sharing: boolean; ldap: boolean; saml: boolean; oidc: boolean; mfaEnforcement: boolean; logStreaming: boolean; advancedExecutionFilters: boolean; variables: boolean; sourceControl: boolean; ... 11 more ...; customRoles: boolean; }'.
n8n-editor-ui:typecheck: src/app/components/shared/NodeTester.vue(7,50): error TS2345: Argument of type '"nodeTester.inputData"' is not assignable to parameter of type 'BaseTextKey'.
n8n-editor-ui:typecheck: src/app/components/shared/NodeTester.vue(13,34): error TS2345: Argument of type '"nodeTester.selectTemplate"' is not assignable to parameter of type 'BaseTextKey'.
n8n-editor-ui:typecheck: src/app/components/shared/NodeTester.vue(17,54): error TS2345: Argument of type '"nodeTester.template.empty"' is not assignable to parameter of type 'BaseTextKey'.
n8n-editor-ui:typecheck: src/app/components/shared/NodeTester.vue(18,55): error TS2345: Argument of type '"nodeTester.template.simple"' is not assignable to parameter of type 'BaseTextKey'.
n8n-editor-ui:typecheck: src/app/components/shared/NodeTester.vue(19,54): error TS2345: Argument of type '"nodeTester.template.array"' is not assignable to parameter of type 'BaseTextKey'.
n8n-editor-ui:typecheck: src/app/components/shared/NodeTester.vue(34,15): error TS2322: Type '"exclamation-triangle"' is not assignable to type '"link" | "unlink" | "json" | "text" | "binary" | "code" | "type" | "user" | "variable" | "folder" | "mcp" | "list" | "share" | "search" | "mail" | "expand" | "x" | "anthropic" | "bolt-filled" | ... 201 more ... | "zoom-out"'.
n8n-editor-ui:typecheck: src/app/components/shared/NodeTester.vue(46,22): error TS2345: Argument of type '"nodeTester.runTest"' is not assignable to parameter of type 'BaseTextKey'.
n8n-editor-ui:typecheck: src/app/components/shared/NodeTester.vue(53,15): error TS2322: Type '"check-circle"' is not assignable to type '"link" | "unlink" | "json" | "text" | "binary" | "code" | "type" | "user" | "variable" | "folder" | "mcp" | "list" | "share" | "search" | "mail" | "expand" | "x" | "anthropic" | "bolt-filled" | ... 201 more ... | "zoom-out"'.
n8n-editor-ui:typecheck: src/app/components/shared/NodeTester.vue(54,50): error TS2345: Argument of type '"nodeTester.output"' is not assignable to parameter of type 'BaseTextKey'.
n8n-editor-ui:typecheck: src/app/components/shared/NodeTester.vue(60,39): error TS2345: Argument of type '"nodeTester.success"' is not assignable to parameter of type 'BaseTextKey'.
n8n-editor-ui:typecheck: src/app/components/shared/NodeTester.vue(62,25): error TS2345: Argument of type '"nodeTester.executionTime"' is not assignable to parameter of type 'BaseTextKey'.
n8n-editor-ui:typecheck: src/app/components/shared/NodeTester.vue(72,38): error TS2345: Argument of type '"nodeTester.failed"' is not assignable to parameter of type 'BaseTextKey'.
n8n-editor-ui:typecheck: src/app/components/shared/NodeTester.vue(90,50): error TS2345: Argument of type '"nodeTester.logs"' is not assignable to parameter of type 'BaseTextKey'.
n8n-editor-ui:typecheck: src/app/components/shared/NodeTester.vue(235,37): error TS2345: Argument of type '"nodeTester.error.inputMustBeArray"' is not assignable to parameter of type 'BaseTextKey'.
n8n-editor-ui:typecheck: src/app/components/shared/NodeTester.vue(241,36): error TS2345: Argument of type '"nodeTester.error.invalidJson"' is not assignable to parameter of type 'BaseTextKey'.
n8n-editor-ui:typecheck: src/app/components/shared/NodeTester.vue(251,9): error TS2554: Expected 2-3 arguments, but got 1.
n8n-editor-ui:typecheck: src/app/components/shared/NodeTester.vue(252,25): error TS2345: Argument of type '"nodeTester.error.title"' is not assignable to parameter of type 'BaseTextKey'.
n8n-editor-ui:typecheck: src/app/components/shared/NodeTester.vue(253,47): error TS2345: Argument of type '"nodeTester.error.invalidInput"' is not assignable to parameter of type 'BaseTextKey'.
n8n-editor-ui:typecheck: src/app/components/shared/NodeTester.vue(279,26): error TS2345: Argument of type '"nodeTester.success"' is not assignable to parameter of type 'BaseTextKey'.
n8n-editor-ui:typecheck: src/app/components/shared/NodeTester.vue(280,28): error TS2345: Argument of type '"nodeTester.testCompleted"' is not assignable to parameter of type 'BaseTextKey'.
n8n-editor-ui:typecheck: src/app/components/shared/NodeTester.vue(284,10): error TS2554: Expected 2-3 arguments, but got 1.
n8n-editor-ui:typecheck: src/app/components/shared/NodeTester.vue(285,26): error TS2345: Argument of type '"nodeTester.failed"' is not assignable to parameter of type 'BaseTextKey'.
n8n-editor-ui:typecheck: src/app/components/shared/NodeTester.vue(286,46): error TS2345: Argument of type '"nodeTester.error.unknown"' is not assignable to parameter of type 'BaseTextKey'.
n8n-editor-ui:typecheck: src/app/components/shared/NodeTester.vue(290,55): error TS2345: Argument of type '"nodeTester.error.requestFailed"' is not assignable to parameter of type 'BaseTextKey'.
n8n-editor-ui:typecheck: src/app/components/shared/NodeTester.vue(291,9): error TS2554: Expected 2-3 arguments, but got 1.
n8n-editor-ui:typecheck: src/app/components/shared/NodeTester.vue(292,25): error TS2345: Argument of type '"nodeTester.error.title"' is not assignable to parameter of type 'BaseTextKey'.
n8n-editor-ui:typecheck: src/app/composables/useCanvasOperations.test.ts(141,5): error TS2353: Object literal may only specify known properties, and 'usedCredentials' does not exist in type '{ id?: string | undefined; name?: string | undefined; description?: string | null | undefined; active?: boolean | undefined; isArchived?: boolean | undefined; createdAt?: string | number | undefined; ... 11 more ...; parentFolder?: { ...; } | undefined; }'.
n8n-editor-ui:typecheck: src/app/composables/useCanvasOperations.test.ts(170,43): error TS2418: Type of computed property's value is '_MockProxy<T> & T', which is not assignable to type 'INodeTypeDescription'.
n8n-editor-ui:typecheck:   Type '_MockProxy<T>' is missing the following properties from type 'INodeTypeDescription': version, defaults, inputs, outputs, and 5 more.
n8n-editor-ui:typecheck: src/app/composables/useCanvasOperations.test.ts(183,43): error TS2740: Type '_MockProxy<T>' is missing the following properties from type 'INodeTypeDescription': version, defaults, inputs, outputs, and 5 more.
n8n-editor-ui:typecheck: src/app/composables/useCanvasOperations.test.ts(220,5): error TS2345: Argument of type '_MockProxy<T> & T' is not assignable to parameter of type 'INodeTypeDescription'.
n8n-editor-ui:typecheck:   Type '_MockProxy<T>' is missing the following properties from type 'INodeTypeDescription': version, defaults, inputs, outputs, and 5 more.
n8n-editor-ui:typecheck: src/app/composables/useCanvasOperations.test.ts(233,5): error TS2345: Argument of type '_MockProxy<T> & T' is not assignable to parameter of type 'INodeTypeDescription'.
n8n-editor-ui:typecheck:   Type '_MockProxy<T>' is missing the following properties from type 'INodeTypeDescription': version, defaults, inputs, outputs, and 5 more.
n8n-editor-ui:typecheck: src/app/composables/useCanvasOperations.test.ts(247,5): error TS2345: Argument of type '_MockProxy<T> & T' is not assignable to parameter of type 'INodeTypeDescription'.
n8n-editor-ui:typecheck:   Type '_MockProxy<T>' is missing the following properties from type 'INodeTypeDescription': version, defaults, inputs, outputs, and 5 more.
n8n-editor-ui:typecheck: src/app/composables/useCanvasOperations.test.ts(254,29): error TS2304: Cannot find name 'useCredentialsStore'.
n8n-editor-ui:typecheck: src/app/composables/useCanvasOperations.test.ts(255,29): error TS2304: Cannot find name 'ICredentialsResponse'.
n8n-editor-ui:typecheck: src/app/composables/useCanvasOperations.test.ts(256,29): error TS2304: Cannot find name 'ICredentialsResponse'.
n8n-editor-ui:typecheck: src/app/composables/useCanvasOperations.test.ts(260,5): error TS2353: Object literal may only specify known properties, and 'credentials' does not exist in type 'Partial<INodeTypeDescription>'.
n8n-editor-ui:typecheck: src/app/composables/useCanvasOperations.test.ts(263,4): error TS2578: Unused '@ts-expect-error' directive.
n8n-editor-ui:typecheck: src/app/composables/useCanvasOperations.test.ts(275,5): error TS2345: Argument of type '_MockProxy<T> & T' is not assignable to parameter of type 'INodeTypeDescription'.
n8n-editor-ui:typecheck:   Type '_MockProxy<T>' is missing the following properties from type 'INodeTypeDescription': version, defaults, inputs, outputs, and 5 more.
n8n-editor-ui:typecheck: src/app/composables/useCanvasOperations.test.ts(277,18): error TS2339: Property 'credentials' does not exist on type 'INodeUi'.
n8n-editor-ui:typecheck: src/app/composables/useCanvasOperations.test.ts(291,5): error TS2345: Argument of type '_MockProxy<T> & T' is not assignable to parameter of type 'INodeTypeDescription'.
n8n-editor-ui:typecheck:   Type '_MockProxy<T>' is missing the following properties from type 'INodeTypeDescription': version, defaults, inputs, outputs, and 5 more.
n8n-editor-ui:typecheck: src/app/composables/useCanvasOperations.test.ts(311,5): error TS2345: Argument of type '_MockProxy<T> & T' is not assignable to parameter of type 'INodeTypeDescription'.
n8n-editor-ui:typecheck:   Type '_MockProxy<T>' is missing the following properties from type 'INodeTypeDescription': version, defaults, inputs, outputs, and 5 more.
n8n-editor-ui:typecheck: src/app/composables/useCanvasOperations.test.ts(333,5): error TS2345: Argument of type '_MockProxy<T> & T' is not assignable to parameter of type 'INodeTypeDescription'.
n8n-editor-ui:typecheck:   Type '_MockProxy<T>' is missing the following properties from type 'INodeTypeDescription': version, defaults, inputs, outputs, and 5 more.
n8n-editor-ui:typecheck: src/app/composables/useCanvasOperations.test.ts(357,47): error TS2345: Argument of type '_MockProxy<T> & T' is not assignable to parameter of type 'INodeTypeDescription'.
n8n-editor-ui:typecheck:   Type '_MockProxy<T>' is missing the following properties from type 'INodeTypeDescription': version, defaults, inputs, outputs, and 5 more.
n8n-editor-ui:typecheck: src/app/composables/useCanvasOperations.test.ts(377,75): error TS2345: Argument of type '_MockProxy<T> & T' is not assignable to parameter of type 'INodeTypeDescription'.
n8n-editor-ui:typecheck:   Type '_MockProxy<T>' is missing the following properties from type 'INodeTypeDescription': version, defaults, inputs, outputs, and 5 more.
n8n-editor-ui:typecheck: src/app/composables/useCanvasOperations.test.ts(403,75): error TS2345: Argument of type '_MockProxy<T> & T' is not assignable to parameter of type 'INodeTypeDescription'.
n8n-editor-ui:typecheck:   Type '_MockProxy<T>' is missing the following properties from type 'INodeTypeDescription': version, defaults, inputs, outputs, and 5 more.
n8n-editor-ui:typecheck: src/app/composables/useCanvasOperations.test.ts(435,75): error TS2345: Argument of type '_MockProxy<T> & T' is not assignable to parameter of type 'INodeTypeDescription'.
n8n-editor-ui:typecheck:   Type '_MockProxy<T>' is missing the following properties from type 'INodeTypeDescription': version, defaults, inputs, outputs, and 5 more.
n8n-editor-ui:typecheck: src/app/composables/useCanvasOperations.test.ts(451,75): error TS2345: Argument of type '_MockProxy<T> & T' is not assignable to parameter of type 'INodeTypeDescription'.
n8n-editor-ui:typecheck:   Type '_MockProxy<T>' is missing the following properties from type 'INodeTypeDescription': version, defaults, inputs, outputs, and 5 more.
n8n-editor-ui:typecheck: src/app/composables/useCanvasOperations.test.ts(461,75): error TS2345: Argument of type '_MockProxy<T> & T' is not assignable to parameter of type 'INodeTypeDescription'.
n8n-editor-ui:typecheck:   Type '_MockProxy<T>' is missing the following properties from type 'INodeTypeDescription': version, defaults, inputs, outputs, and 5 more.
n8n-editor-ui:typecheck: src/app/composables/useCanvasOperations.test.ts(495,75): error TS2345: Argument of type '_MockProxy<T> & T' is not assignable to parameter of type 'INodeTypeDescription'.
n8n-editor-ui:typecheck:   Type '_MockProxy<T>' is missing the following properties from type 'INodeTypeDescription': version, defaults, inputs, outputs, and 5 more.
n8n-editor-ui:typecheck: src/app/composables/useCanvasOperations.test.ts(532,75): error TS2345: Argument of type '_MockProxy<T> & T' is not assignable to parameter of type 'INodeTypeDescription'.
n8n-editor-ui:typecheck:   Type '_MockProxy<T>' is missing the following properties from type 'INodeTypeDescription': version, defaults, inputs, outputs, and 5 more.
n8n-editor-ui:typecheck: src/app/composables/useCanvasOperations.test.ts(567,75): error TS2345: Argument of type '_MockProxy<T> & T' is not assignable to parameter of type 'INodeTypeDescription'.
n8n-editor-ui:typecheck:   Type '_MockProxy<T>' is missing the following properties from type 'INodeTypeDescription': version, defaults, inputs, outputs, and 5 more.
n8n-editor-ui:typecheck: src/app/composables/useCanvasOperations.test.ts(604,75): error TS2345: Argument of type '_MockProxy<T> & T' is not assignable to parameter of type 'INodeTypeDescription'.
n8n-editor-ui:typecheck:   Type '_MockProxy<T>' is missing the following properties from type 'INodeTypeDescription': version, defaults, inputs, outputs, and 5 more.
n8n-editor-ui:typecheck: src/app/composables/useCanvasOperations.test.ts(896,23): error TS2740: Type '_MockProxy<T>' is missing the following properties from type 'INodeTypeDescription': version, defaults, inputs, outputs, and 5 more.
n8n-editor-ui:typecheck: src/app/composables/useCanvasOperations.test.ts(931,23): error TS2740: Type '_MockProxy<T>' is missing the following properties from type 'INodeTypeDescription': version, defaults, inputs, outputs, and 5 more.
n8n-editor-ui:typecheck: src/app/composables/useCanvasOperations.test.ts(961,23): error TS2740: Type '_MockProxy<T>' is missing the following properties from type 'INodeTypeDescription': version, defaults, inputs, outputs, and 5 more.
n8n-editor-ui:typecheck: src/app/composables/useCanvasOperations.test.ts(993,23): error TS2740: Type '_MockProxy<T>' is missing the following properties from type 'INodeTypeDescription': version, defaults, inputs, outputs, and 5 more.
n8n-editor-ui:typecheck: src/app/composables/useCanvasOperations.test.ts(1011,23): error TS2740: Type '_MockProxy<T>' is missing the following properties from type 'INodeTypeDescription': version, defaults, inputs, outputs, and 5 more.
n8n-editor-ui:typecheck: src/app/composables/useCanvasOperations.test.ts(1030,23): error TS2740: Type '_MockProxy<T>' is missing the following properties from type 'INodeTypeDescription': version, defaults, inputs, outputs, and 5 more.
n8n-editor-ui:typecheck: src/app/composables/useCanvasOperations.test.ts(1060,23): error TS2740: Type '_MockProxy<T>' is missing the following properties from type 'INodeTypeDescription': version, defaults, inputs, outputs, and 5 more.
n8n-editor-ui:typecheck: src/app/composables/useCanvasOperations.test.ts(1153,24): error TS2740: Type '_MockProxy<T>' is missing the following properties from type 'INodeTypeDescription': version, defaults, inputs, outputs, and 5 more.
n8n-editor-ui:typecheck: src/app/composables/useCanvasOperations.test.ts(1223,24): error TS2740: Type '_MockProxy<T>' is missing the following properties from type 'INodeTypeDescription': version, defaults, inputs, outputs, and 5 more.
n8n-editor-ui:typecheck: src/app/composables/useCanvasOperations.test.ts(1569,23): error TS2740: Type '_MockProxy<T>' is missing the following properties from type 'INodeTypeDescription': version, defaults, inputs, outputs, and 5 more.
n8n-editor-ui:typecheck: src/app/composables/useCanvasOperations.test.ts(1662,31): error TS2339: Property 'name' does not exist on type '_MockProxy<T> & T'.
n8n-editor-ui:typecheck: src/app/composables/useCanvasOperations.test.ts(1668,31): error TS2339: Property 'name' does not exist on type '_MockProxy<T> & T'.
n8n-editor-ui:typecheck: src/app/composables/useCanvasOperations.test.ts(1680,13): error TS2740: Type '_MockProxy<T>' is missing the following properties from type 'INodeTypeDescription': version, defaults, inputs, outputs, and 5 more.
n8n-editor-ui:typecheck: src/app/composables/useCanvasOperations.test.ts(1720,31): error TS2339: Property 'name' does not exist on type '_MockProxy<T> & T'.
n8n-editor-ui:typecheck: src/app/composables/useCanvasOperations.test.ts(1726,31): error TS2339: Property 'name' does not exist on type '_MockProxy<T> & T'.
n8n-editor-ui:typecheck: src/app/composables/useCanvasOperations.test.ts(1738,13): error TS2740: Type '_MockProxy<T>' is missing the following properties from type 'INodeTypeDescription': version, defaults, inputs, outputs, and 5 more.
n8n-editor-ui:typecheck: src/app/composables/useCanvasOperations.test.ts(1816,4): error TS2322: Type 'Mock<(nodeTypeName: string) => _MockProxy<T> & T>' is not assignable to type '(nodeTypeName: string, version?: number) => INodeTypeDescription | null'.
n8n-editor-ui:typecheck:   Type '_MockProxy<T> & T' is not assignable to type 'INodeTypeDescription | null'.
n8n-editor-ui:typecheck:     Type '_MockProxy<T>' is missing the following properties from type 'INodeTypeDescription': version, defaults, inputs, outputs, and 5 more.
n8n-editor-ui:typecheck: src/app/composables/useCanvasOperations.test.ts(1864,4): error TS2322: Type 'Mock<(nodeTypeName: string) => _MockProxy<T> & T>' is not assignable to type '(nodeTypeName: string, version?: number) => INodeTypeDescription | null'.
n8n-editor-ui:typecheck:   Type '_MockProxy<T> & T' is not assignable to type 'INodeTypeDescription | null'.
n8n-editor-ui:typecheck:     Type '_MockProxy<T>' is missing the following properties from type 'INodeTypeDescription': version, defaults, inputs, outputs, and 5 more.
n8n-editor-ui:typecheck: src/app/composables/useCanvasOperations.test.ts(1917,4): error TS2322: Type 'Mock<(nodeTypeName: string) => _MockProxy<T> & T>' is not assignable to type '(nodeTypeName: string, version?: number) => INodeTypeDescription | null'.
n8n-editor-ui:typecheck:   Type '_MockProxy<T> & T' is not assignable to type 'INodeTypeDescription | null'.
n8n-editor-ui:typecheck:     Type '_MockProxy<T>' is missing the following properties from type 'INodeTypeDescription': version, defaults, inputs, outputs, and 5 more.
n8n-editor-ui:typecheck: src/app/composables/useCanvasOperations.test.ts(1969,4): error TS2322: Type 'Mock<(nodeTypeName: string) => _MockProxy<T> & T>' is not assignable to type '(nodeTypeName: string, version?: number) => INodeTypeDescription | null'.
n8n-editor-ui:typecheck:   Type '_MockProxy<T> & T' is not assignable to type 'INodeTypeDescription | null'.
n8n-editor-ui:typecheck:     Type '_MockProxy<T>' is missing the following properties from type 'INodeTypeDescription': version, defaults, inputs, outputs, and 5 more.
n8n-editor-ui:typecheck: src/app/composables/useCanvasOperations.test.ts(2030,4): error TS2322: Type 'Mock<(nodeTypeName: string) => _MockProxy<T> & T>' is not assignable to type '(nodeTypeName: string, version?: number) => INodeTypeDescription | null'.
n8n-editor-ui:typecheck:   Type '_MockProxy<T> & T' is not assignable to type 'INodeTypeDescription | null'.
n8n-editor-ui:typecheck:     Type '_MockProxy<T>' is missing the following properties from type 'INodeTypeDescription': version, defaults, inputs, outputs, and 5 more.
n8n-editor-ui:typecheck: src/app/composables/useCanvasOperations.test.ts(2091,4): error TS2322: Type 'Mock<(nodeTypeName: string) => _MockProxy<T> & T>' is not assignable to type '(nodeTypeName: string, version?: number) => INodeTypeDescription | null'.
n8n-editor-ui:typecheck:   Type '_MockProxy<T> & T' is not assignable to type 'INodeTypeDescription | null'.
n8n-editor-ui:typecheck:     Type '_MockProxy<T>' is missing the following properties from type 'INodeTypeDescription': version, defaults, inputs, outputs, and 5 more.
n8n-editor-ui:typecheck: src/app/composables/useCanvasOperations.test.ts(2152,4): error TS2322: Type 'Mock<(nodeTypeName: string) => _MockProxy<T> & T>' is not assignable to type '(nodeTypeName: string, version?: number) => INodeTypeDescription | null'.
n8n-editor-ui:typecheck:   Type '_MockProxy<T> & T' is not assignable to type 'INodeTypeDescription | null'.
n8n-editor-ui:typecheck:     Type '_MockProxy<T>' is missing the following properties from type 'INodeTypeDescription': version, defaults, inputs, outputs, and 5 more.
n8n-editor-ui:typecheck: src/app/composables/useCanvasOperations.test.ts(2214,4): error TS2322: Type 'Mock<(nodeTypeName: string) => _MockProxy<T> & T>' is not assignable to type '(nodeTypeName: string, version?: number) => INodeTypeDescription | null'.
n8n-editor-ui:typecheck:   Type '_MockProxy<T> & T' is not assignable to type 'INodeTypeDescription | null'.
n8n-editor-ui:typecheck:     Type '_MockProxy<T>' is missing the following properties from type 'INodeTypeDescription': version, defaults, inputs, outputs, and 5 more.
n8n-editor-ui:typecheck: src/app/composables/useCanvasOperations.test.ts(2273,4): error TS2322: Type 'Mock<(nodeTypeName: string) => _MockProxy<T> & T>' is not assignable to type '(nodeTypeName: string, version?: number) => INodeTypeDescription | null'.
n8n-editor-ui:typecheck:   Type '_MockProxy<T> & T' is not assignable to type 'INodeTypeDescription | null'.
n8n-editor-ui:typecheck:     Type '_MockProxy<T>' is missing the following properties from type 'INodeTypeDescription': version, defaults, inputs, outputs, and 5 more.
n8n-editor-ui:typecheck: src/app/composables/useCanvasOperations.test.ts(2335,6): error TS2322: Type 'Mock<(nodeTypeName: string) => _MockProxy<T> & T>' is not assignable to type '(nodeTypeName: string, version?: number) => INodeTypeDescription | null'.
n8n-editor-ui:typecheck:   Type '_MockProxy<T> & T' is not assignable to type 'INodeTypeDescription | null'.
n8n-editor-ui:typecheck:     Type '_MockProxy<T>' is missing the following properties from type 'INodeTypeDescription': version, defaults, inputs, outputs, and 5 more.
n8n-editor-ui:typecheck: src/app/composables/useCanvasOperations.test.ts(2345,6): error TS2322: Type 'Mock<(nodeTypeName: string) => _MockProxy<T> & T>' is not assignable to type '(nodeTypeName: string, version?: number) => INodeTypeDescription | null'.
n8n-editor-ui:typecheck:   Type '_MockProxy<T> & T' is not assignable to type 'INodeTypeDescription | null'.
n8n-editor-ui:typecheck:     Type '_MockProxy<T>' is missing the following properties from type 'INodeTypeDescription': version, defaults, inputs, outputs, and 5 more.
n8n-editor-ui:typecheck: src/app/composables/useCanvasOperations.test.ts(2411,6): error TS2322: Type 'Mock<(nodeTypeName: string) => _MockProxy<T> & T>' is not assignable to type '(nodeTypeName: string, version?: number) => INodeTypeDescription | null'.
n8n-editor-ui:typecheck:   Type '_MockProxy<T> & T' is not assignable to type 'INodeTypeDescription | null'.
n8n-editor-ui:typecheck:     Type '_MockProxy<T>' is missing the following properties from type 'INodeTypeDescription': version, defaults, inputs, outputs, and 5 more.
n8n-editor-ui:typecheck: src/app/composables/useCanvasOperations.test.ts(2418,6): error TS2322: Type 'Mock<(nodeTypeName: string) => _MockProxy<T> & T>' is not assignable to type '(nodeTypeName: string, version?: number) => INodeTypeDescription | null'.
n8n-editor-ui:typecheck:   Type '_MockProxy<T> & T' is not assignable to type 'INodeTypeDescription | null'.
n8n-editor-ui:typecheck:     Type '_MockProxy<T>' is missing the following properties from type 'INodeTypeDescription': version, defaults, inputs, outputs, and 5 more.
n8n-editor-ui:typecheck: src/app/composables/useCanvasOperations.test.ts(2466,4): error TS2322: Type 'Mock<(nodeTypeName: string) => _MockProxy<T> & T>' is not assignable to type '(nodeTypeName: string, version?: number) => INodeTypeDescription | null'.
n8n-editor-ui:typecheck:   Type '_MockProxy<T> & T' is not assignable to type 'INodeTypeDescription | null'.
n8n-editor-ui:typecheck:     Type '_MockProxy<T>' is missing the following properties from type 'INodeTypeDescription': version, defaults, inputs, outputs, and 5 more.
n8n-editor-ui:typecheck: src/app/composables/useCanvasOperations.test.ts(2995,24): error TS2740: Type '_MockProxy<T>' is missing the following properties from type 'INodeTypeDescription': version, defaults, inputs, outputs, and 5 more.
n8n-editor-ui:typecheck: src/app/composables/useCanvasOperations.test.ts(3018,24): error TS2740: Type '_MockProxy<T>' is missing the following properties from type 'INodeTypeDescription': version, defaults, inputs, outputs, and 5 more.
n8n-editor-ui:typecheck: src/app/composables/useCanvasOperations.test.ts(3115,43): error TS2418: Type of computed property's value is '_MockProxy<T> & T', which is not assignable to type 'INodeTypeDescription'.
n8n-editor-ui:typecheck:   Type '_MockProxy<T>' is missing the following properties from type 'INodeTypeDescription': version, defaults, inputs, outputs, and 5 more.
n8n-editor-ui:typecheck: src/app/composables/useCanvasOperations.test.ts(3500,4): error TS2322: Type 'Mock<() => _MockProxy<T> & T>' is not assignable to type '(nodeTypeName: string, version?: number) => INodeTypeDescription | null'.
n8n-editor-ui:typecheck:   Type '_MockProxy<T> & T' is not assignable to type 'INodeTypeDescription | null'.
n8n-editor-ui:typecheck:     Type '_MockProxy<T>' is missing the following properties from type 'INodeTypeDescription': version, defaults, inputs, outputs, and 5 more.
n8n-editor-ui:typecheck: src/app/composables/useCanvasOperations.test.ts(3570,4): error TS2322: Type 'Mock<() => _MockProxy<T> & T>' is not assignable to type '(nodeTypeName: string, version?: number) => INodeTypeDescription | null'.
n8n-editor-ui:typecheck:   Type '_MockProxy<T> & T' is not assignable to type 'INodeTypeDescription | null'.
n8n-editor-ui:typecheck:     Type '_MockProxy<T>' is missing the following properties from type 'INodeTypeDescription': version, defaults, inputs, outputs, and 5 more.
n8n-editor-ui:typecheck: src/app/composables/useCanvasOperations.test.ts(3826,24): error TS2740: Type '_MockProxy<T>' is missing the following properties from type 'INodeTypeDescription': version, defaults, inputs, outputs, and 5 more.
n8n-editor-ui:typecheck: src/app/composables/useCanvasOperations.test.ts(3853,24): error TS2740: Type '_MockProxy<T>' is missing the following properties from type 'INodeTypeDescription': version, defaults, inputs, outputs, and 5 more.
n8n-editor-ui:typecheck: src/app/composables/useCanvasOperations.ts(803,33): error TS6133: 'getProviderKeyFromNodeName' is declared but its value is never read.
n8n-editor-ui:typecheck: src/app/composables/useNodeHelpers.ts(8,2): error TS2305: Module '"n8n-workflow"' has no exported member 'INodeCredentialDescription'.
n8n-editor-ui:typecheck: src/app/composables/useNodeHelpers.ts(11,2): error TS2305: Module '"n8n-workflow"' has no exported member 'ICredentialType'.
n8n-editor-ui:typecheck: src/app/composables/useNodeHelpers.ts(11,2): error TS6196: 'ICredentialType' is declared but never used.
n8n-editor-ui:typecheck: src/app/composables/useNodeHelpers.ts(21,2): error TS2305: Module '"n8n-workflow"' has no exported member 'INodeCredentialsDetails'.
n8n-editor-ui:typecheck: src/app/composables/useNodeHelpers.ts(21,2): error TS6196: 'INodeCredentialsDetails' is declared but never used.
n8n-editor-ui:typecheck: src/app/composables/useNodeHelpers.ts(28,2): error TS2305: Module '"n8n-workflow"' has no exported member 'INodeCredentials'.
n8n-editor-ui:typecheck: src/app/composables/useNodeHelpers.ts(28,2): error TS6196: 'INodeCredentials' is declared but never used.
n8n-editor-ui:typecheck: src/app/composables/useNodeHelpers.ts(41,1): error TS6133: 'hasPermission' is declared but its value is never read.
n8n-editor-ui:typecheck: src/app/composables/useNodeHelpers.ts(107,3): error TS6133: 'foreignCredentials' is declared but its value is never read.
n8n-editor-ui:typecheck: src/app/composables/useNodeHelpers.ts(344,3): error TS6133: 'node' is declared but its value is never read.
n8n-editor-ui:typecheck: src/app/composables/useNodeHelpers.ts(345,3): error TS6133: 'nodeType' is declared but its value is never read.
n8n-editor-ui:typecheck: src/app/composables/usePageRedirectionHelper.test.ts(9,34): error TS2307: Cannot find module '@/app/stores/versions.store' or its corresponding type declarations.
n8n-editor-ui:typecheck: src/app/composables/usePageRedirectionHelper.test.ts(182,32): error TS2339: Property 'goToVersions' does not exist on type '{ goToDashboard: () => Promise<void>; goToUpgrade: (source: CloudUpdateLinkSourceType, utm_campaign: UTMCampaign, mode?: "redirect" | "open") => Promise<...>; }'.
n8n-editor-ui:typecheck: src/app/composables/usePageRedirectionHelper.ts(8,8): error TS6133: 'usersStore' is declared but its value is never read.
n8n-editor-ui:typecheck: src/app/composables/useWorkflowHelpers.test.ts(229,5): error TS2353: Object literal may only specify known properties, and 'usedCredentials' does not exist in type 'Partial<IWorkflowDb>'.
n8n-editor-ui:typecheck: src/app/composables/useWorkflowHelpers.test.ts(242,59): error TS2345: Argument of type '"setUsedCredentials"' is not assignable to parameter of type '"getNodeTypes" | "getNodes" | "setNodes" | "$reset" | "$patch" | "$subscribe" | "$onAction" | "$dispose" | "pinData" | "setConnections" | "getWorkflowResultDataByNodeName" | ... 82 more ... | "fetchLastSuccessfulExecution"'.
n8n-editor-ui:typecheck: src/app/composables/useWorkflowHelpers.test.ts(285,59): error TS2345: Argument of type '"setUsedCredentials"' is not assignable to parameter of type '"getNodeTypes" | "getNodes" | "setNodes" | "$reset" | "$patch" | "$subscribe" | "$onAction" | "$dispose" | "pinData" | "setConnections" | "getWorkflowResultDataByNodeName" | ... 82 more ... | "fetchLastSuccessfulExecution"'.
n8n-editor-ui:typecheck: src/app/composables/useWorkflowHelpers.ts(13,2): error TS2305: Module '"n8n-workflow"' has no exported member 'INodeCredentials'.
n8n-editor-ui:typecheck: src/app/composables/useWorkflowHelpers.ts(653,13): error TS2339: Property 'credentials' does not exist on type 'INodeUi'.
n8n-editor-ui:typecheck: src/app/composables/useWorkflowHelpers.ts(653,51): error TS2339: Property 'credentials' does not exist on type 'INodeTypeDescription'.
n8n-editor-ui:typecheck: src/app/composables/useWorkflowHelpers.ts(655,59): error TS2339: Property 'credentials' does not exist on type 'INodeUi'.
n8n-editor-ui:typecheck: src/app/composables/useWorkflowHelpers.ts(660,54): error TS2339: Property 'credentials' does not exist on type 'INodeUi'.
n8n-editor-ui:typecheck: src/app/composables/useWorkflowHelpers.ts(664,49): error TS2339: Property 'credentials' does not exist on type 'INodeTypeDescription'.
n8n-editor-ui:typecheck: src/app/composables/useWorkflowHelpers.ts(666,16): error TS7006: Parameter 'c' implicitly has an 'any' type.
n8n-editor-ui:typecheck: src/app/composables/useWorkflowHelpers.ts(667,14): error TS7006: Parameter 'c' implicitly has an 'any' type.
n8n-editor-ui:typecheck: src/app/composables/useWorkflowHelpers.ts(677,53): error TS2339: Property 'credentials' does not exist on type 'INodeUi'.
n8n-editor-ui:typecheck: src/app/composables/useWorkflowHelpers.ts(682,15): error TS2339: Property 'credentials' does not exist on type 'INodeUi'.
n8n-editor-ui:typecheck: src/app/composables/useWorkflowHelpers.ts(687,13): error TS2339: Property 'credentials' does not exist on type 'INodeUi'.
n8n-editor-ui:typecheck: src/app/composables/useWorkflowHelpers.ts(687,32): error TS2339: Property 'credentials' does not exist on type 'INodeUi'.
n8n-editor-ui:typecheck: src/app/composables/useWorkflowHelpers.ts(899,22): error TS2304: Cannot find name 'ICredentialsResponse'.
n8n-editor-ui:typecheck: src/app/composables/useWorkflowHelpers.ts(902,14): error TS2339: Property 'credentials' does not exist on type 'INode'.
n8n-editor-ui:typecheck: src/app/composables/useWorkflowHelpers.ts(906,9): error TS2339: Property 'credentials' does not exist on type 'INode'.
n8n-editor-ui:typecheck: src/app/composables/useWorkflowHelpers.ts(906,43): error TS2339: Property 'credentials' does not exist on type 'INode'.
n8n-editor-ui:typecheck: src/app/composables/useWorkflowHelpers.ts(909,55): error TS18046: 'credential' is of type 'unknown'.
n8n-editor-ui:typecheck: src/app/composables/useWorkflowHelpers.ts(911,10): error TS18046: 'credential' is of type 'unknown'.
n8n-editor-ui:typecheck: src/app/composables/useWorkflowHelpers.ts(912,34): error TS2339: Property 'credentials' does not exist on type 'INode'.
n8n-editor-ui:typecheck: src/app/composables/useWorkflowSaving.test.ts(85,4): error TS2740: Type '_MockProxy<T>' is missing the following properties from type 'INodeTypeDescription': version, defaults, inputs, outputs, and 5 more.
n8n-editor-ui:typecheck: src/app/plugins/telemetry/index.ts(35,10): error TS6133: 'pageEventQueue' is declared but its value is never read.
n8n-editor-ui:typecheck: src/app/plugins/telemetry/index.ts(36,10): error TS6133: 'previousPath' is declared but its value is never read.
n8n-editor-ui:typecheck: src/app/plugins/telemetry/index.ts(39,10): error TS6133: 'instanceId' is declared but its value is never read.
n8n-editor-ui:typecheck: src/app/plugins/telemetry/index.ts(40,10): error TS6133: 'userId' is declared but its value is never read.
n8n-editor-ui:typecheck: src/app/plugins/telemetry/index.ts(52,3): error TS6133: 'telemetrySettings' is declared but its value is never read.
n8n-editor-ui:typecheck: src/app/plugins/telemetry/index.ts(68,48): error TS6133: 'versionCli' is declared but its value is never read.
n8n-editor-ui:typecheck: src/app/plugins/telemetry/index.ts(68,69): error TS6133: 'projectId' is declared but its value is never read.
n8n-editor-ui:typecheck: src/app/plugins/telemetry/index.ts(283,10): error TS6133: 'app' is declared but its value is never read.
n8n-editor-ui:typecheck: src/app/stores/nodeTypes.store.ts(10,2): error TS6133: 'HTTP_REQUEST_NODE_TYPE' is declared but its value is never read.
n8n-editor-ui:typecheck: src/app/stores/nodeTypes.store.ts(11,2): error TS6133: 'CREDENTIAL_ONLY_HTTP_NODE_VERSION' is declared but its value is never read.
n8n-editor-ui:typecheck: src/app/stores/nodeTypes.store.ts(444,47): error TS7006: Parameter 'nodeType' implicitly has an 'any' type.
n8n-editor-ui:typecheck: src/app/stores/settings.store.ts(174,68): error TS2339: Property 'banners' does not exist on type '{ settingsMode?: "public" | "authenticated" | undefined; inE2ETests: boolean; isDocker: boolean; databaseType: "sqlite" | "mariadb" | "mysqldb" | "postgresdb"; endpointForm: string; ... 63 more ...; envFeatureFlags: N8nEnvFeatFlags; }'.
n8n-editor-ui:typecheck: src/app/stores/ui.store.ts(426,8): error TS6133: 'setShowAuthSelector' is declared but its value is never read.
n8n-editor-ui:typecheck: src/app/stores/workflows.store.test.ts(1063,5): error TS2740: Type '_MockProxy<T>' is missing the following properties from type 'INodeUi': position, name, id, typeVersion, and 2 more.
n8n-editor-ui:typecheck: src/app/stores/workflows.store.test.ts(1067,6): error TS2353: Object literal may only specify known properties, and 'extendsCredential' does not exist in type '{ id?: string | undefined; name?: string | undefined; typeVersion?: number | undefined; type?: string | undefined; position?: [(number | undefined)?, (number | undefined)?] | undefined; ... 13 more ...; forceCustomOperation?: { ...; } | undefined; }'.
n8n-editor-ui:typecheck: src/app/stores/workflows.store.test.ts(1561,5): error TS2353: Object literal may only specify known properties, and 'credentials' does not exist in type 'Partial<INodeTypeDescription>'.
n8n-editor-ui:typecheck: src/app/stores/workflows.store.test.ts(1569,34): error TS2339: Property 'assignCredentialToMatchingNodes' does not exist on type 'Store<"workflows", Pick<{ workflow: Ref<{ id: string; name: string; description?: string | null | undefined; active: boolean; isArchived: boolean; createdAt: string | number; updatedAt: string | number; ... 10 more ...; parentFolder?: { ...; } | undefined; }, IWorkflowDb | { ...; }>; ... 136 more ...; private: { ......'.
n8n-editor-ui:typecheck: src/app/stores/workflows.store.test.ts(1576,44): error TS2339: Property 'credentials' does not exist on type '{ position: [number, number]; color?: string | undefined; notes?: string | undefined; issues?: { [x: string]: boolean | INodeIssueObjectProperty | undefined; execution?: boolean | undefined; input?: INodeIssueObjectProperty | undefined; parameters?: INodeIssueObjectProperty | undefined; typeUnknown?: boolean | undef...'.
n8n-editor-ui:typecheck: src/app/stores/workflows.store.test.ts(1579,44): error TS2339: Property 'credentials' does not exist on type '{ position: [number, number]; color?: string | undefined; notes?: string | undefined; issues?: { [x: string]: boolean | INodeIssueObjectProperty | undefined; execution?: boolean | undefined; input?: INodeIssueObjectProperty | undefined; parameters?: INodeIssueObjectProperty | undefined; typeUnknown?: boolean | undef...'.
n8n-editor-ui:typecheck: src/app/stores/workflows.store.test.ts(1599,6): error TS2353: Object literal may only specify known properties, and 'credentials' does not exist in type 'Partial<INode>'.
n8n-editor-ui:typecheck: src/app/stores/workflows.store.test.ts(1611,5): error TS2353: Object literal may only specify known properties, and 'credentials' does not exist in type 'Partial<INodeTypeDescription>'.
n8n-editor-ui:typecheck: src/app/stores/workflows.store.test.ts(1619,34): error TS2339: Property 'assignCredentialToMatchingNodes' does not exist on type 'Store<"workflows", Pick<{ workflow: Ref<{ id: string; name: string; description?: string | null | undefined; active: boolean; isArchived: boolean; createdAt: string | number; updatedAt: string | number; ... 10 more ...; parentFolder?: { ...; } | undefined; }, IWorkflowDb | { ...; }>; ... 136 more ...; private: { ......'.
n8n-editor-ui:typecheck: src/app/stores/workflows.store.test.ts(1626,44): error TS2339: Property 'credentials' does not exist on type '{ position: [number, number]; color?: string | undefined; notes?: string | undefined; issues?: { [x: string]: boolean | INodeIssueObjectProperty | undefined; execution?: boolean | undefined; input?: INodeIssueObjectProperty | undefined; parameters?: INodeIssueObjectProperty | undefined; typeUnknown?: boolean | undef...'.
n8n-editor-ui:typecheck: src/app/stores/workflows.store.test.ts(1627,44): error TS2339: Property 'credentials' does not exist on type '{ position: [number, number]; color?: string | undefined; notes?: string | undefined; issues?: { [x: string]: boolean | INodeIssueObjectProperty | undefined; execution?: boolean | undefined; input?: INodeIssueObjectProperty | undefined; parameters?: INodeIssueObjectProperty | undefined; typeUnknown?: boolean | undef...'.
n8n-editor-ui:typecheck: src/app/stores/workflows.store.test.ts(1673,34): error TS2339: Property 'assignCredentialToMatchingNodes' does not exist on type 'Store<"workflows", Pick<{ workflow: Ref<{ id: string; name: string; description?: string | null | undefined; active: boolean; isArchived: boolean; createdAt: string | number; updatedAt: string | number; ... 10 more ...; parentFolder?: { ...; } | undefined; }, IWorkflowDb | { ...; }>; ... 136 more ...; private: { ......'.
n8n-editor-ui:typecheck: src/app/stores/workflows.store.test.ts(1680,44): error TS2339: Property 'credentials' does not exist on type '{ position: [number, number]; color?: string | undefined; notes?: string | undefined; issues?: { [x: string]: boolean | INodeIssueObjectProperty | undefined; execution?: boolean | undefined; input?: INodeIssueObjectProperty | undefined; parameters?: INodeIssueObjectProperty | undefined; typeUnknown?: boolean | undef...'.
n8n-editor-ui:typecheck: src/app/stores/workflows.store.test.ts(1681,44): error TS2339: Property 'credentials' does not exist on type '{ position: [number, number]; color?: string | undefined; notes?: string | undefined; issues?: { [x: string]: boolean | INodeIssueObjectProperty | undefined; execution?: boolean | undefined; input?: INodeIssueObjectProperty | undefined; parameters?: INodeIssueObjectProperty | undefined; typeUnknown?: boolean | undef...'.
n8n-editor-ui:typecheck: src/app/stores/workflows.store.test.ts(1721,34): error TS2339: Property 'assignCredentialToMatchingNodes' does not exist on type 'Store<"workflows", Pick<{ workflow: Ref<{ id: string; name: string; description?: string | null | undefined; active: boolean; isArchived: boolean; createdAt: string | number; updatedAt: string | number; ... 10 more ...; parentFolder?: { ...; } | undefined; }, IWorkflowDb | { ...; }>; ... 136 more ...; private: { ......'.
n8n-editor-ui:typecheck: src/app/stores/workflows.store.test.ts(1728,44): error TS2339: Property 'credentials' does not exist on type '{ position: [number, number]; color?: string | undefined; notes?: string | undefined; issues?: { [x: string]: boolean | INodeIssueObjectProperty | undefined; execution?: boolean | undefined; input?: INodeIssueObjectProperty | undefined; parameters?: INodeIssueObjectProperty | undefined; typeUnknown?: boolean | undef...'.
n8n-editor-ui:typecheck: src/app/stores/workflows.store.test.ts(1744,5): error TS2353: Object literal may only specify known properties, and 'credentials' does not exist in type 'Partial<INodeTypeDescription>'.
n8n-editor-ui:typecheck: src/app/stores/workflows.store.test.ts(1752,34): error TS2339: Property 'assignCredentialToMatchingNodes' does not exist on type 'Store<"workflows", Pick<{ workflow: Ref<{ id: string; name: string; description?: string | null | undefined; active: boolean; isArchived: boolean; createdAt: string | number; updatedAt: string | number; ... 10 more ...; parentFolder?: { ...; } | undefined; }, IWorkflowDb | { ...; }>; ... 136 more ...; private: { ......'.
n8n-editor-ui:typecheck: src/app/stores/workflows.store.ts(44,2): error TS2305: Module '"n8n-workflow"' has no exported member 'INodeCredentials'.
n8n-editor-ui:typecheck: src/app/stores/workflows.store.ts(45,2): error TS2305: Module '"n8n-workflow"' has no exported member 'INodeCredentialsDetails'.
n8n-editor-ui:typecheck: src/app/stores/workflows.store.ts(45,2): error TS6196: 'INodeCredentialsDetails' is declared but never used.
n8n-editor-ui:typecheck: src/app/stores/workflows.store.ts(530,4): error TS2353: Object literal may only specify known properties, and 'credentials' does not exist in type 'INodeUi'.
n8n-editor-ui:typecheck: src/app/utils/nodeIcon.ts(8,34): error TS2307: Cannot find module '@n8n/rest-api-client/api/versions' or its corresponding type declarations.
n8n-editor-ui:typecheck: src/app/utils/nodeTypesUtils.ts(16,7): error TS2305: Module '"n8n-workflow"' has no exported member 'INodeCredentialDescription'.
n8n-editor-ui:typecheck: src/app/utils/nodeTypesUtils.ts(65,72): error TS2339: Property 'name' does not exist on type 'ITemplatesNode'.
n8n-editor-ui:typecheck: src/app/utils/nodeTypesUtils.ts(165,11): error TS2339: Property 'credentials' does not exist on type 'INodeTypeDescription'.
n8n-editor-ui:typecheck: src/app/utils/nodeTypesUtils.ts(165,33): error TS7006: Parameter 'cred' implicitly has an 'any' type.
n8n-editor-ui:typecheck: src/app/utils/nodeTypesUtils.ts(169,55): error TS7006: Parameter 'val' implicitly has an 'any' type.
n8n-editor-ui:typecheck: src/app/utils/nodeTypesUtils.ts(242,13): error TS2339: Property 'credentials' does not exist on type 'INodeTypeDescription'.
n8n-editor-ui:typecheck: src/app/utils/nodeTypesUtils.ts(243,6): error TS7006: Parameter 'cred' implicitly has an 'any' type.
n8n-editor-ui:typecheck: src/app/utils/nodeTypesUtils.ts(258,12): error TS2339: Property 'credentials' does not exist on type 'INodeTypeDescription'.
n8n-editor-ui:typecheck: src/app/utils/nodeTypesUtils.ts(258,31): error TS7006: Parameter 'cred' implicitly has an 'any' type.
n8n-editor-ui:typecheck: src/app/utils/nodeTypesUtils.ts(303,16): error TS2339: Property 'credentials' does not exist on type 'INodeTypeDescription'.
n8n-editor-ui:typecheck: src/app/utils/nodeTypesUtils.ts(303,40): error TS2339: Property 'credentials' does not exist on type 'INodeTypeDescription'.
n8n-editor-ui:typecheck: src/app/utils/nodeTypesUtils.ts(304,12): error TS2339: Property 'credentials' does not exist on type 'INodeTypeDescription'.
n8n-editor-ui:typecheck: src/app/utils/nodeTypesUtils.ts(304,33): error TS7006: Parameter 'cred' implicitly has an 'any' type.
n8n-editor-ui:typecheck: src/app/utils/nodes/nodeTransforms.ts(9,2): error TS2305: Module '"n8n-workflow"' has no exported member 'INodeCredentialDescription'.
n8n-editor-ui:typecheck: src/app/utils/nodes/nodeTransforms.ts(24,17): error TS2339: Property 'credentials' does not exist on type 'INodeTypeDescription'.
n8n-editor-ui:typecheck: src/app/utils/nodes/nodeTransforms.ts(28,33): error TS2339: Property 'credentials' does not exist on type 'INodeTypeDescription'.
n8n-editor-ui:typecheck: src/app/utils/nodes/nodeTransforms.ts(44,55): error TS7006: Parameter 'credentialTypeDescription' implicitly has an 'any' type.
n8n-editor-ui:typecheck: src/app/utils/nodes/nodeTransforms.ts(69,22): error TS2344: Type '"credentials"' does not satisfy the constraint 'keyof INodeUi'.
n8n-editor-ui:typecheck: src/app/utils/nodes/nodeTransforms.ts(76,11): error TS7053: Element implicitly has an 'any' type because expression of type 'string' can't be used to index type '{}'.
n8n-editor-ui:typecheck:   No index signature with a parameter of type 'string' was found on type '{}'.
n8n-editor-ui:typecheck: src/app/utils/nodes/nodeTransforms.ts(84,22): error TS2344: Type '"credentials" | "type" | "typeVersion" | "parameters"' does not satisfy the constraint 'keyof INodeUi'.
n8n-editor-ui:typecheck:   Type '"credentials"' is not assignable to type 'keyof INodeUi'.
n8n-editor-ui:typecheck: src/app/utils/rbac/checks/isDefaultUser.ts(2,15): error TS2305: Module '"@/app/types/rbac"' has no exported member 'DefaultUserMiddlewareOptions'.
n8n-editor-ui:typecheck: src/app/utils/rbac/permissions.test.ts(19,20): error TS2339: Property 'isDefaultUser' does not exist on type 'typeof import("/home/zhang/n8n-quanyuge/packages/frontend/editor-ui/src/app/utils/rbac/checks/index")'.
n8n-editor-ui:typecheck: src/app/utils/rbac/permissions.test.ts(32,5): error TS2322: Type '"defaultUser"' is not assignable to type 'PermissionType'.
n8n-editor-ui:typecheck: src/app/utils/testData/nodeTypeTestData.ts(8,2): error TS2353: Object literal may only specify known properties, and 'credentials' does not exist in type '{ version?: number | (number | undefined)[] | undefined; defaults?: { color?: string | undefined; name?: string | undefined; } | undefined; eventTriggerDescription?: string | undefined; ... 36 more ...; usableAsTool?: true | ... 1 more ... | undefined; }'.
n8n-editor-ui:typecheck: src/app/utils/testData/nodeTypeTestData.ts(16,2): error TS2353: Object literal may only specify known properties, and 'credentials' does not exist in type '{ version?: number | (number | undefined)[] | undefined; defaults?: { color?: string | undefined; name?: string | undefined; } | undefined; eventTriggerDescription?: string | undefined; ... 36 more ...; usableAsTool?: true | ... 1 more ... | undefined; }'.
n8n-editor-ui:typecheck: src/app/utils/testData/nodeTypeTestData.ts(24,2): error TS2353: Object literal may only specify known properties, and 'credentials' does not exist in type '{ version?: number | (number | undefined)[] | undefined; defaults?: { color?: string | undefined; name?: string | undefined; } | undefined; eventTriggerDescription?: string | undefined; ... 36 more ...; usableAsTool?: true | ... 1 more ... | undefined; }'.
n8n-editor-ui:typecheck: src/app/utils/testData/nodeTypeTestData.ts(31,2): error TS2353: Object literal may only specify known properties, and 'credentials' does not exist in type '{ version?: number | (number | undefined)[] | undefined; defaults?: { color?: string | undefined; name?: string | undefined; } | undefined; eventTriggerDescription?: string | undefined; ... 36 more ...; usableAsTool?: true | ... 1 more ... | undefined; }'.
n8n-editor-ui:typecheck: src/app/utils/testData/nodeTypeTestData.ts(39,2): error TS2353: Object literal may only specify known properties, and 'credentials' does not exist in type '{ version?: number | (number | undefined)[] | undefined; defaults?: { color?: string | undefined; name?: string | undefined; } | undefined; eventTriggerDescription?: string | undefined; ... 36 more ...; usableAsTool?: true | ... 1 more ... | undefined; }'.
n8n-editor-ui:typecheck: src/app/utils/typeGuards.ts(38,69): error TS2552: Cannot find name 'ICredentialsResponse'. Did you mean 'CredentialsResource'?
n8n-editor-ui:typecheck: src/app/views/NodeView.vue(1935,41): error TS2339: Property 't' does not exist on type 'I18nClass'.
n8n-editor-ui:typecheck: src/experiments/aiTemplatesStarterCollection/workflows/2_agent_with_tools.ts(107,4): error TS2353: Object literal may only specify known properties, and 'credentials' does not exist in type 'INode'.
n8n-editor-ui:typecheck: src/experiments/aiTemplatesStarterCollection/workflows/2_agent_with_tools.ts(179,4): error TS2353: Object literal may only specify known properties, and 'credentials' does not exist in type 'INode'.
n8n-editor-ui:typecheck: src/experiments/aiTemplatesStarterCollection/workflows/2_agent_with_tools.ts(206,4): error TS2353: Object literal may only specify known properties, and 'credentials' does not exist in type 'INode'.
n8n-editor-ui:typecheck: src/experiments/aiTemplatesStarterCollection/workflows/2_agent_with_tools.ts(237,4): error TS2353: Object literal may only specify known properties, and 'credentials' does not exist in type 'INode'.
n8n-editor-ui:typecheck: src/experiments/aiTemplatesStarterCollection/workflows/2_agent_with_tools.ts(275,4): error TS2353: Object literal may only specify known properties, and 'credentials' does not exist in type 'INode'.
n8n-editor-ui:typecheck: src/experiments/personalizedTemplates/stores/personalizedTemplates.store.ts(105,8): error TS6133: 'fetchSuggestedWorkflows' is declared but its value is never read.
n8n-editor-ui:typecheck: src/experiments/personalizedTemplatesV3/components/TemplateCard.vue(24,74): error TS2339: Property 'name' does not exist on type 'ITemplatesNode'.
n8n-editor-ui:typecheck: src/experiments/readyToRunWorkflowsV2/stores/readyToRunWorkflowsV2.store.ts(73,37): error TS6133: 'projectId' is declared but its value is never read.
n8n-editor-ui:typecheck: src/experiments/readyToRunWorkflowsV2/stores/readyToRunWorkflowsV2.store.ts(111,18): error TS2339: Property 'credentials' does not exist on type 'INode'.
n8n-editor-ui:typecheck: src/experiments/readyToRunWorkflowsV2/stores/readyToRunWorkflowsV2.store.ts(112,18): error TS2339: Property 'credentials' does not exist on type 'INode'.
n8n-editor-ui:typecheck: src/experiments/readyToRunWorkflowsV2/workflows/ai-workflow-v2.ts(106,4): error TS2353: Object literal may only specify known properties, and 'credentials' does not exist in type 'INode'.
n8n-editor-ui:typecheck: src/experiments/readyToRunWorkflowsV2/workflows/ai-workflow-v2.ts(177,4): error TS2353: Object literal may only specify known properties, and 'credentials' does not exist in type 'INode'.
n8n-editor-ui:typecheck: src/experiments/readyToRunWorkflowsV2/workflows/ai-workflow-v3.ts(45,4): error TS2353: Object literal may only specify known properties, and 'credentials' does not exist in type 'INode'.
n8n-editor-ui:typecheck: src/experiments/readyToRunWorkflowsV2/workflows/ai-workflow-v4.ts(45,4): error TS2353: Object literal may only specify known properties, and 'credentials' does not exist in type 'INode'.
n8n-editor-ui:typecheck: src/experiments/readyToRunWorkflowsV2/workflows/ai-workflow.ts(106,4): error TS2353: Object literal may only specify known properties, and 'credentials' does not exist in type 'INode'.
n8n-editor-ui:typecheck: src/experiments/readyToRunWorkflowsV2/workflows/ai-workflow.ts(164,4): error TS2353: Object literal may only specify known properties, and 'credentials' does not exist in type 'INode'.
n8n-editor-ui:typecheck: src/experiments/templateRecoV2/components/NodeRecommendationModal.vue(67,35): error TS2345: Argument of type 'string' is not assignable to parameter of type 'never'.
n8n-editor-ui:typecheck: src/experiments/templateRecoV2/components/NodeRecommendationModal.vue(73,35): error TS2345: Argument of type 'string' is not assignable to parameter of type 'never'.
n8n-editor-ui:typecheck: src/experiments/templateRecoV2/components/NodeRecommendationModal.vue(144,35): error TS2345: Argument of type 'string' is not assignable to parameter of type 'never'.
n8n-editor-ui:typecheck: src/experiments/templateRecoV2/components/TemplateCard.vue(28,74): error TS2339: Property 'name' does not exist on type 'ITemplatesNode'.
n8n-editor-ui:typecheck: src/experiments/templateRecoV2/stores/templateRecoV2.store.ts(9,7): error TS6133: 'PREDEFINED_NODES' is declared but its value is never read.
n8n-editor-ui:typecheck: src/experiments/templatesDataQuality/components/TemplateCard.vue(26,74): error TS2339: Property 'name' does not exist on type 'ITemplatesNode'.
n8n-editor-ui:typecheck: src/experiments/utils.test.ts(63,5): error TS2304: Cannot find name 'getVariant'.
n8n-editor-ui:typecheck: src/features/ai/assistant/assistant.api.ts(91,12): error TS2304: Cannot find name 'ICredentialsResponse'.
n8n-editor-ui:typecheck: src/features/ai/assistant/assistant.store.test.ts(26,37): error TS2304: Cannot find name 'usePostHog'.
n8n-editor-ui:typecheck: src/features/ai/assistant/assistant.store.test.ts(69,14): error TS2304: Cannot find name 'DEFAULT_POSTHOG_SETTINGS'.
n8n-editor-ui:typecheck: src/features/ai/assistant/assistant.store.test.ts(72,10): error TS2339: Property 'posthog' does not exist on type 'Window & typeof globalThis'.
n8n-editor-ui:typecheck: src/features/ai/assistant/assistant.store.test.ts(76,18): error TS2304: Cannot find name 'usePostHog'.
n8n-editor-ui:typecheck: src/features/ai/assistant/assistant.store.ts(16,15): error TS2305: Module '"n8n-workflow"' has no exported member 'ICredentialType'.
n8n-editor-ui:typecheck: src/features/ai/assistant/assistant.store.ts(312,9): error TS6133: 'activeModals' is declared but its value is never read.
n8n-editor-ui:typecheck: src/features/ai/assistant/assistant.store.ts(313,9): error TS6133: 'isCredentialModalActive' is declared but its value is never read.
n8n-editor-ui:typecheck: src/features/ai/assistant/assistant.store.ts(344,31): error TS2339: Property 'name' does not exist on type 'never'.
n8n-editor-ui:typecheck: src/features/ai/assistant/assistant.store.ts(345,38): error TS2339: Property 'displayName' does not exist on type 'never'.
n8n-editor-ui:typecheck: src/features/ai/assistant/assistant.types.ts(5,2): error TS2305: Module '"n8n-workflow"' has no exported member 'ICredentialType'.
n8n-editor-ui:typecheck: src/features/ai/assistant/builder.store.test.ts(63,37): error TS2304: Cannot find name 'usePostHog'.
n8n-editor-ui:typecheck: src/features/ai/assistant/builder.store.test.ts(66,60): error TS2304: Cannot find name 'useCredentialsStore'.
n8n-editor-ui:typecheck: src/features/ai/assistant/builder.store.test.ts(106,14): error TS2304: Cannot find name 'DEFAULT_POSTHOG_SETTINGS'.
n8n-editor-ui:typecheck: src/features/ai/assistant/builder.store.test.ts(109,10): error TS2339: Property 'posthog' does not exist on type 'Window & typeof globalThis'.
n8n-editor-ui:typecheck: src/features/ai/assistant/builder.store.test.ts(113,18): error TS2304: Cannot find name 'usePostHog'.
n8n-editor-ui:typecheck: src/features/ai/assistant/builder.store.test.ts(119,34): error TS2304: Cannot find name 'useCredentialsStore'.
n8n-editor-ui:typecheck: src/features/ai/assistant/builder.store.test.ts(1094,5): error TS2353: Object literal may only specify known properties, and 'credentials' does not exist in type 'INodeTypeDescription'.
n8n-editor-ui:typecheck: src/features/ai/assistant/builder.store.test.ts(1130,17): error TS2339: Property 'credentials' does not exist on type 'INode'.
n8n-editor-ui:typecheck: src/features/ai/assistant/builder.store.test.ts(1162,17): error TS2339: Property 'credentials' does not exist on type 'INode'.
n8n-editor-ui:typecheck: src/features/ai/assistant/builder.store.ts(52,8): error TS6133: 'nodeTypesStore' is declared but its value is never read.
n8n-editor-ui:typecheck: src/features/ai/assistant/builder.store.ts(382,38): error TS6133: 'workflowData' is declared but its value is never read.
n8n-editor-ui:typecheck: src/features/ai/assistant/chatPanel.store.test.ts(18,15): error TS2305: Module '"n8n-workflow"' has no exported member 'ICredentialType'.
n8n-editor-ui:typecheck: src/features/ai/assistant/chatPanel.store.ts(13,15): error TS2305: Module '"n8n-workflow"' has no exported member 'ICredentialType'.
n8n-editor-ui:typecheck: src/features/ai/assistant/components/Chat/NewAssistantSessionModal.vue(9,15): error TS2305: Module '"n8n-workflow"' has no exported member 'ICredentialType'.
n8n-editor-ui:typecheck: src/features/ai/assistant/composables/useAIAssistantHelpers.test.constants.ts(216,7): error TS2353: Object literal may only specify known properties, and 'credentials' does not exist in type 'INodeUi'.
n8n-editor-ui:typecheck: src/features/ai/assistant/composables/useAIAssistantHelpers.test.ts(84,4): error TS2353: Object literal may only specify known properties, and 'credentials' does not exist in type 'INode'.
n8n-editor-ui:typecheck: src/features/ai/assistant/composables/useAIAssistantHelpers.test.ts(160,4): error TS2353: Object literal may only specify known properties, and 'credentials' does not exist in type 'INode'.
n8n-editor-ui:typecheck: src/features/ai/assistant/composables/useAIAssistantHelpers.test.ts(195,4): error TS2353: Object literal may only specify known properties, and 'credentials' does not exist in type 'INode'.
n8n-editor-ui:typecheck: src/features/ai/assistant/composables/useAIAssistantHelpers.test.ts(463,2): error TS2353: Object literal may only specify known properties, and 'usedCredentials' does not exist in type 'IWorkflowDb'.
n8n-editor-ui:typecheck: src/features/ai/chatHub/chat.store.ts(309,5): error TS2322: Type 'ChatHubSessionDto | { provider: "anthropic" | "n8n" | "google" | "openai" | "custom-agent" | null; model: string | null; workflowId: string | null; agentId: string | null; ... 7 more ...; updatedAt: string; }' is not assignable to type 'ChatHubSessionDto'.
n8n-editor-ui:typecheck:   Object literal may only specify known properties, and 'credentialId' does not exist in type 'ChatHubSessionDto'.
n8n-editor-ui:typecheck: src/features/ai/chatHub/chat.store.ts(309,5): error TS2353: Object literal may only specify known properties, and 'credentialId' does not exist in type 'ChatHubSessionDto'.
n8n-editor-ui:typecheck: src/features/ai/chatHub/components/AgentEditorModal.vue(79,18): error TS2339: Property 'credentialId' does not exist on type '{ id: string; name: string; description: string | null; systemPrompt: string; ownerId: string; provider: "anthropic" | "google" | "openai"; model: string; createdAt: string; updatedAt: string; }'.
n8n-editor-ui:typecheck: src/features/ai/chatHub/components/AgentEditorModal.vue(80,70): error TS2339: Property 'credentialId' does not exist on type '{ id: string; name: string; description: string | null; systemPrompt: string; ownerId: string; provider: "anthropic" | "google" | "openai"; model: string; createdAt: string; updatedAt: string; }'.
n8n-editor-ui:typecheck: src/features/ai/chatHub/components/ChatAgentAvatar.vue(2,29): error TS6133: 'PROVIDER_CREDENTIAL_TYPE_MAP' is declared but its value is never read.
n8n-editor-ui:typecheck: src/features/ai/chatHub/components/CredentialSelectorModal.vue(19,26): error TS2552: Cannot find name 'useCredentialsStore'. Did you mean 'credentialsStore'?
n8n-editor-ui:typecheck: src/features/ai/chatHub/components/CredentialSelectorModal.vue(23,39): error TS2304: Cannot find name 'ICredentialsResponse'.
n8n-editor-ui:typecheck: src/features/ai/chatHub/components/ModelSelector.vue(59,26): error TS2552: Cannot find name 'useCredentialsStore'. Did you mean 'credentialsStore'?
n8n-editor-ui:typecheck: src/features/ai/chatHub/components/ModelSelector.vue(142,11): error TS2339: Property 'openNewCredential' does not exist on type 'Store<"ui", Pick<{ appGridDimensions: Ref<{ width: number; height: number; }, { width: number; height: number; } | { width: number; height: number; }>; settingsSidebarItems: ComputedRef<IMenuItem[]>; ... 50 more ...; cleanup: () => void; }, "appGridDimensions" | ... 17 more ... | "moduleTabs">, Pick<...>, Pick<...>>'.
n8n-editor-ui:typecheck: src/features/ai/chatHub/components/ModelSelector.vue(184,10): error TS2339: Property 'openNewCredential' does not exist on type 'Store<"ui", Pick<{ appGridDimensions: Ref<{ width: number; height: number; }, { width: number; height: number; } | { width: number; height: number; }>; settingsSidebarItems: ComputedRef<IMenuItem[]>; ... 50 more ...; cleanup: () => void; }, "appGridDimensions" | ... 17 more ... | "moduleTabs">, Pick<...>, Pick<...>>'.
n8n-editor-ui:typecheck: src/features/ai/chatHub/composables/useChatCredentials.ts(16,27): error TS2552: Cannot find name 'useCredentialsStore'. Did you mean 'credentialsStore'?
n8n-editor-ui:typecheck: src/features/ai/chatHub/composables/useChatCredentials.ts(52,18): error TS7006: Parameter 'a' implicitly has an 'any' type.
n8n-editor-ui:typecheck: src/features/ai/chatHub/composables/useChatCredentials.ts(52,21): error TS7006: Parameter 'b' implicitly has an 'any' type.
n8n-editor-ui:typecheck: src/features/ai/evaluation.ee/views/EvaluationsRootView.test.ts(63,3): error TS2353: Object literal may only specify known properties, and 'usedCredentials' does not exist in type 'IWorkflowDb'.
n8n-editor-ui:typecheck: src/features/ai/evaluation.ee/views/TestRunDetailView.test.ts(104,2): error TS2353: Object literal may only specify known properties, and 'usedCredentials' does not exist in type '{ id?: string | undefined; name?: string | undefined; description?: string | null | undefined; active?: boolean | undefined; isArchived?: boolean | undefined; createdAt?: string | number | undefined; ... 11 more ...; parentFolder?: { ...; } | undefined; }'.
n8n-editor-ui:typecheck: src/features/collaboration/projects/components/ProjectDeleteDialog.test.ts(30,6): error TS2353: Object literal may only specify known properties, and 'credentials' does not exist in type 'ResourceCounts'.
n8n-editor-ui:typecheck: src/features/collaboration/projects/components/ProjectDeleteDialog.test.ts(52,7): error TS2353: Object literal may only specify known properties, and 'credentials' does not exist in type 'ResourceCounts'.
n8n-editor-ui:typecheck: src/features/collaboration/projects/components/ProjectDeleteDialog.vue(29,24): error TS2339: Property 'credentials' does not exist on type 'ResourceCounts'.
n8n-editor-ui:typecheck: src/features/collaboration/projects/components/ProjectMoveResourceModal.test.ts(32,42): error TS2304: Cannot find name 'useCredentialsStore'.
n8n-editor-ui:typecheck: src/features/collaboration/projects/components/ProjectMoveResourceModal.test.ts(40,34): error TS2304: Cannot find name 'useCredentialsStore'.
n8n-editor-ui:typecheck: src/features/collaboration/projects/components/ProjectMoveResourceModal.vue(67,7): error TS6133: 'isResourceWorkflow' is declared but its value is never read.
n8n-editor-ui:typecheck: src/features/collaboration/projects/components/ProjectMoveResourceModal.vue(99,4): error TS2345: Argument of type 'ResourceType' is not assignable to parameter of type '"workflow"'.
n8n-editor-ui:typecheck: src/features/collaboration/projects/projects.store.ts(229,3): error TS6133: 'resourceType' is declared but its value is never read.
n8n-editor-ui:typecheck: src/features/collaboration/projects/views/ProjectSettings.test.ts(267,4): error TS2353: Object literal may only specify known properties, and 'credentials' does not exist in type 'ResourceCounts'.
n8n-editor-ui:typecheck: src/features/collaboration/projects/views/ProjectSettings.test.ts(297,4): error TS2353: Object literal may only specify known properties, and 'credentials' does not exist in type 'ResourceCounts'.
n8n-editor-ui:typecheck: src/features/collaboration/projects/views/ProjectSettings.vue(61,2): error TS2353: Object literal may only specify known properties, and 'credentials' does not exist in type 'ResourceCounts'.
n8n-editor-ui:typecheck: src/features/core/folders/components/MoveToFolderModal.test.ts(68,42): error TS2304: Cannot find name 'useCredentialsStore'.
n8n-editor-ui:typecheck: src/features/core/folders/components/MoveToFolderModal.test.ts(85,44): error TS2304: Cannot find name 'ICredentialsResponse'.
n8n-editor-ui:typecheck: src/features/core/folders/components/MoveToFolderModal.test.ts(100,31): error TS2304: Cannot find name 'IUsedCredential'.
n8n-editor-ui:typecheck: src/features/core/folders/components/MoveToFolderModal.test.ts(112,32): error TS2304: Cannot find name 'IUsedCredential'.
n8n-editor-ui:typecheck: src/features/core/folders/components/MoveToFolderModal.test.ts(153,34): error TS2304: Cannot find name 'useCredentialsStore'.
n8n-editor-ui:typecheck: src/features/core/folders/components/MoveToFolderModal.vue(27,21): error TS6133: 'N8nCallout' is declared but its value is never read.
n8n-editor-ui:typecheck: src/features/core/folders/components/MoveToFolderModal.vue(27,33): error TS6133: 'N8nCheckbox' is declared but its value is never read.
n8n-editor-ui:typecheck: src/features/core/folders/components/MoveToFolderModal.vue(27,55): error TS6133: 'N8nTooltip' is declared but its value is never read.
n8n-editor-ui:typecheck: src/features/core/folders/components/MoveToFolderModal.vue(61,7): error TS6133: 'workflowsStore' is declared but its value is never read.
n8n-editor-ui:typecheck: src/features/core/folders/components/MoveToFolderModal.vue(270,7): error TS6133: 'isResourceWorkflow' is declared but its value is never read.
n8n-editor-ui:typecheck: src/features/core/folders/folders.api.ts(90,12): error TS2552: Cannot find name 'IUsedCredential'. Did you mean 'Credential'?
n8n-editor-ui:typecheck: src/features/core/folders/folders.api.ts(91,39): error TS2552: Cannot find name 'IUsedCredential'. Did you mean 'Credential'?
n8n-editor-ui:typecheck: src/features/core/folders/folders.store.test.ts(188,26): error TS2304: Cannot find name 'IUsedCredential'.
n8n-editor-ui:typecheck: src/features/core/folders/folders.store.test.ts(198,43): error TS2339: Property 'fetchFolderUsedCredentials' does not exist on type 'Store<"folders", Pick<{ fetchTotalWorkflowsAndFoldersCount: (projectId?: string | undefined, parentFolderId?: string | undefined) => Promise<number>; breadcrumbsCache: Ref<...>; ... 15 more ...; activeDropTarget: Ref<...>; }, "totalWorkflowCount" | ... 2 more ... | "activeDropTarget">, Pick<...>, Pick<...>>'.
n8n-editor-ui:typecheck: src/features/execution/executions/executions.utils.test.ts(664,3): error TS2740: Type '_MockProxy<T>' is missing the following properties from type 'INodeTypeDescription': version, defaults, inputs, outputs, and 5 more.
n8n-editor-ui:typecheck: src/features/execution/insights/components/InsightsDashboard.vue(62,7): error TS6133: 'isTimeSavedRoute' is declared but its value is never read.
n8n-editor-ui:typecheck: src/features/execution/insights/components/InsightsDataRangePicker.vue(135,35): error TS2345: Argument of type '"insights.selectRange"' is not assignable to parameter of type 'BaseTextKey'.
n8n-editor-ui:typecheck: src/features/execution/insights/components/InsightsDataRangePicker.vue(137,29): error TS2551: Property 'value' does not exist on type '"en" | "zh"'. Did you mean 'valueOf'?
n8n-editor-ui:typecheck:   Property 'value' does not exist on type '"en"'.
n8n-editor-ui:typecheck: src/features/execution/insights/components/InsightsDataRangePicker.vue(171,29): error TS2551: Property 'value' does not exist on type '"en" | "zh"'. Did you mean 'valueOf'?
n8n-editor-ui:typecheck:   Property 'value' does not exist on type '"en"'.
n8n-editor-ui:typecheck: src/features/execution/insights/components/InsightsUpgradeModal.vue(25,50): error TS2345: Argument of type '"insights.upgradeModal.title"' is not assignable to parameter of type 'BaseTextKey'.
n8n-editor-ui:typecheck: src/features/execution/insights/components/InsightsUpgradeModal.vue(28,22): error TS2345: Argument of type '"insights.upgradeModal.content"' is not assignable to parameter of type 'BaseTextKey'.
n8n-editor-ui:typecheck: src/features/execution/insights/components/InsightsUpgradeModal.vue(45,23): error TS2345: Argument of type '"insights.upgradeModal.button.dismiss"' is not assignable to parameter of type 'BaseTextKey'.
n8n-editor-ui:typecheck: src/features/execution/logs/components/LogDetailsPanel.test.ts(210,5): error TS2418: Type of computed property's value is '_MockProxy<T> & T', which is not assignable to type 'LoadedClass<INodeType | IVersionedNodeType>'.
n8n-editor-ui:typecheck:   Type '_MockProxy<T>' is missing the following properties from type 'LoadedClass<INodeType | IVersionedNodeType>': sourcePath, type
n8n-editor-ui:typecheck: src/features/execution/logs/components/LogsPanel.test.ts(107,30): error TS2345: Argument of type '(_MockProxy<T> & T)[]' is not assignable to parameter of type 'INodeTypeDescription[]'.
n8n-editor-ui:typecheck:   Type '_MockProxy<T>' is missing the following properties from type 'INodeTypeDescription': version, defaults, inputs, outputs, and 5 more.
n8n-editor-ui:typecheck: src/features/execution/logs/composables/useLogsExecutionData.test.ts(50,30): error TS2345: Argument of type '(_MockProxy<T> & T)[]' is not assignable to parameter of type 'INodeTypeDescription[]'.
n8n-editor-ui:typecheck:   Type '_MockProxy<T>' is missing the following properties from type 'INodeTypeDescription': version, defaults, inputs, outputs, and 5 more.
n8n-editor-ui:typecheck: src/features/ndv/panel/components/NDVSubConnections.test.ts(19,2): error TS2353: Object literal may only specify known properties, and 'credentials' does not exist in type 'INodeTypeDescription'.
n8n-editor-ui:typecheck: src/features/ndv/panel/components/TriggerPanel.test.ts(27,3): error TS2322: Type 'Mock<() => _MockProxy<T> & T>' is not assignable to type '(nodeTypeName: string, version?: number) => INodeTypeDescription | null'.
n8n-editor-ui:typecheck:   Type '_MockProxy<T> & T' is not assignable to type 'INodeTypeDescription | null'.
n8n-editor-ui:typecheck:     Type '_MockProxy<T>' is missing the following properties from type 'INodeTypeDescription': version, defaults, inputs, outputs, and 5 more.
n8n-editor-ui:typecheck: src/features/ndv/parameters/components/AssignmentCollection/AssignmentCollection.test.ts(29,4): error TS2353: Object literal may only specify known properties, and 'credentials' does not exist in type 'INode'.
n8n-editor-ui:typecheck: src/features/ndv/parameters/components/ButtonParameter/ButtonParameter.test.ts(65,13): error TS2304: Cannot find name 'usePostHog'.
n8n-editor-ui:typecheck: src/features/ndv/parameters/components/FilterConditions/FilterConditions.test.ts(30,4): error TS2353: Object literal may only specify known properties, and 'credentials' does not exist in type 'INode'.
n8n-editor-ui:typecheck: src/features/ndv/parameters/components/ParameterInput.vue(144,7): error TS6133: 'nodeHelpers' is declared but its value is never read.
n8n-editor-ui:typecheck: src/features/ndv/parameters/components/ParameterInput.vue(299,23): error TS2339: Property 'credentials' does not exist on type 'INodeTypeDescription'.
n8n-editor-ui:typecheck: src/features/ndv/parameters/components/ParameterInput.vue(299,54): error TS2339: Property 'credentials' does not exist on type 'INodeTypeDescription'.
n8n-editor-ui:typecheck: src/features/ndv/parameters/components/ParameterInput.vue(300,44): error TS2339: Property 'credentials' does not exist on type 'INodeTypeDescription'.
n8n-editor-ui:typecheck: src/features/ndv/parameters/components/ParameterInput.vue(302,49): error TS2339: Property 'credentials' does not exist on type 'INode'.
n8n-editor-ui:typecheck: src/features/ndv/parameters/components/ParameterInput.vue(631,10): error TS6133: 'credentialSelected' is declared but its value is never read.
n8n-editor-ui:typecheck: src/features/ndv/parameters/components/ParameterInput.vue(693,4): error TS2353: Object literal may only specify known properties, and 'credentials' does not exist in type '{ loadOptions?: ILoadOptions | undefined; } & BaseDynamicParametersRequestDto'.
n8n-editor-ui:typecheck: src/features/ndv/parameters/components/ParameterInput.vue(693,28): error TS2339: Property 'credentials' does not exist on type 'INode'.
n8n-editor-ui:typecheck: src/features/ndv/parameters/components/ParameterInput.vue(1135,20): error TS2339: Property 'credentials' does not exist on type 'INode'.
n8n-editor-ui:typecheck: src/features/ndv/parameters/components/ParameterInputList.vue(324,22): error TS2339: Property 'credentials' does not exist on type 'INodeTypeDescription'.
n8n-editor-ui:typecheck: src/features/ndv/parameters/components/ParameterInputList.vue(325,37): error TS2339: Property 'credentials' does not exist on type 'INodeTypeDescription'.
n8n-editor-ui:typecheck: src/features/ndv/parameters/components/ResourceLocator/ResourceLocator.test.constants.ts(87,2): error TS2353: Object literal may only specify known properties, and 'credentials' does not exist in type 'INode'.
n8n-editor-ui:typecheck: src/features/ndv/parameters/components/ResourceLocator/ResourceLocator.test.constants.ts(118,5): error TS2353: Object literal may only specify known properties, and 'skipCredentialsCheckInRLC' does not exist in type 'INodePropertyModeTypeOptions'.
n8n-editor-ui:typecheck: src/features/ndv/parameters/components/ResourceLocator/ResourceLocator.test.constants.ts(135,2): error TS2353: Object literal may only specify known properties, and 'credentials' does not exist in type 'INode'.
n8n-editor-ui:typecheck: src/features/ndv/parameters/components/ResourceLocator/ResourceLocator.test.ts(203,39): error TS2339: Property 'credentials' does not exist on type 'INode'.
n8n-editor-ui:typecheck: src/features/ndv/parameters/components/ResourceLocator/ResourceLocator.vue(207,36): error TS2339: Property 'credentials' does not exist on type 'INodeTypeDescription'.
n8n-editor-ui:typecheck: src/features/ndv/parameters/components/ResourceLocator/ResourceLocator.vue(207,74): error TS2339: Property 'credentials' does not exist on type 'INodeTypeDescription'.
n8n-editor-ui:typecheck: src/features/ndv/parameters/components/ResourceLocator/ResourceLocator.vue(208,38): error TS2339: Property 'credentials' does not exist on type 'INode'.
n8n-editor-ui:typecheck: src/features/ndv/parameters/components/ResourceLocator/ResourceLocator.vue(284,28): error TS2339: Property 'credentials' does not exist on type 'INode'.
n8n-editor-ui:typecheck: src/features/ndv/parameters/components/ResourceLocator/ResourceLocator.vue(334,49): error TS2345: Argument of type '"skipCredentialsCheckInRLC"' is not assignable to parameter of type 'keyof INodePropertyModeTypeOptions'.
n8n-editor-ui:typecheck: src/features/ndv/parameters/components/ResourceLocator/ResourceLocator.vue(429,3): error TS2353: Object literal may only specify known properties, and 'credentials' does not exist in type '{ handler: string; } & { payload?: string | objectOutputType<{}, ZodAny, "strip"> | undefined; } & BaseDynamicParametersRequestDto'.
n8n-editor-ui:typecheck: src/features/ndv/parameters/components/ResourceLocator/ResourceLocator.vue(429,27): error TS2339: Property 'credentials' does not exist on type 'INode'.
n8n-editor-ui:typecheck: src/features/ndv/parameters/components/ResourceLocator/ResourceLocator.vue(568,13): error TS2339: Property 'credentials' does not exist on type 'INodeUi'.
n8n-editor-ui:typecheck: src/features/ndv/parameters/components/ResourceLocator/ResourceLocator.vue(571,41): error TS2339: Property 'credentials' does not exist on type 'INodeUi'.
n8n-editor-ui:typecheck: src/features/ndv/parameters/components/ResourceLocator/ResourceLocator.vue(575,18): error TS2339: Property 'credentials' does not exist on type 'INodeUi'.
n8n-editor-ui:typecheck: src/features/ndv/parameters/components/ResourceLocator/ResourceLocator.vue(579,10): error TS2339: Property 'openExistingCredential' does not exist on type 'Store<"ui", Pick<{ appGridDimensions: Ref<{ width: number; height: number; }, { width: number; height: number; } | { width: number; height: number; }>; settingsSidebarItems: ComputedRef<IMenuItem[]>; ... 50 more ...; cleanup: () => void; }, "appGridDimensions" | ... 17 more ... | "moduleTabs">, Pick<...>, Pick<...>>'.
n8n-editor-ui:typecheck: src/features/ndv/parameters/components/ResourceLocator/ResourceLocator.vue(589,41): error TS2339: Property 'credentials' does not exist on type 'INodeTypeDescription'.
n8n-editor-ui:typecheck: src/features/ndv/parameters/components/ResourceLocator/ResourceLocator.vue(765,4): error TS2353: Object literal may only specify known properties, and 'credentials' does not exist in type '{ methodName: string; } & { filter?: string | undefined; paginationToken?: string | undefined; } & BaseDynamicParametersRequestDto'.
n8n-editor-ui:typecheck: src/features/ndv/parameters/components/ResourceLocator/ResourceLocator.vue(765,28): error TS2339: Property 'credentials' does not exist on type 'INode'.
n8n-editor-ui:typecheck: src/features/ndv/parameters/components/ResourceMapper/ResourceMapper.test.utils.ts(114,4): error TS2353: Object literal may only specify known properties, and 'credentials' does not exist in type 'INode'.
n8n-editor-ui:typecheck: src/features/ndv/parameters/components/ResourceMapper/ResourceMapper.vue(315,3): error TS2353: Object literal may only specify known properties, and 'credentials' does not exist in type '{ methodName: string; } & BaseDynamicParametersRequestDto'.
n8n-editor-ui:typecheck: src/features/ndv/parameters/components/ResourceMapper/ResourceMapper.vue(315,27): error TS2339: Property 'credentials' does not exist on type 'INode'.
n8n-editor-ui:typecheck: src/features/ndv/runData/components/VirtualSchema.test.ts(41,2): error TS2353: Object literal may only specify known properties, and 'credentials' does not exist in type 'Partial<INode>'.
n8n-editor-ui:typecheck: src/features/ndv/runData/components/VirtualSchema.test.ts(76,2): error TS2353: Object literal may only specify known properties, and 'credentials' does not exist in type 'Partial<INode>'.
n8n-editor-ui:typecheck: src/features/ndv/runData/components/VirtualSchema.test.ts(161,3): error TS2322: Type 'INodeTypeDescription | (_MockProxy<T> & T)' is not assignable to type 'INodeTypeDescription'.
n8n-editor-ui:typecheck:   Type '_MockProxy<T>' is missing the following properties from type 'INodeTypeDescription': version, defaults, inputs, outputs, and 5 more.
n8n-editor-ui:typecheck: src/features/ndv/runData/components/VirtualSchema.test.ts(162,3): error TS2740: Type '_MockProxy<T>' is missing the following properties from type 'INodeTypeDescription': version, defaults, inputs, outputs, and 5 more.
n8n-editor-ui:typecheck: src/features/ndv/runData/components/VirtualSchema.test.ts(166,3): error TS2740: Type '_MockProxy<T>' is missing the following properties from type 'INodeTypeDescription': version, defaults, inputs, outputs, and 5 more.
n8n-editor-ui:typecheck: src/features/ndv/runData/components/VirtualSchema.test.ts(170,3): error TS2740: Type '_MockProxy<T>' is missing the following properties from type 'INodeTypeDescription': version, defaults, inputs, outputs, and 5 more.
n8n-editor-ui:typecheck: src/features/ndv/runData/components/VirtualSchema.test.ts(174,3): error TS2740: Type '_MockProxy<T>' is missing the following properties from type 'INodeTypeDescription': version, defaults, inputs, outputs, and 5 more.
n8n-editor-ui:typecheck: src/features/ndv/runData/components/VirtualSchema.test.ts(178,3): error TS2740: Type '_MockProxy<T>' is missing the following properties from type 'INodeTypeDescription': version, defaults, inputs, outputs, and 5 more.
n8n-editor-ui:typecheck: src/features/ndv/runData/components/VirtualSchema.test.ts(622,25): error TS2304: Cannot find name 'usePostHog'.
n8n-editor-ui:typecheck: src/features/ndv/runData/components/VirtualSchema.test.ts(701,24): error TS2304: Cannot find name 'usePostHog'.
n8n-editor-ui:typecheck: src/features/ndv/runData/components/VirtualSchema.test.ts(1065,25): error TS2304: Cannot find name 'usePostHog'.
n8n-editor-ui:typecheck: src/features/ndv/runData/components/VirtualSchema.vue(436,51): error TS2339: Property 'credentials' does not exist on type 'INodeUi'.
n8n-editor-ui:typecheck: src/features/ndv/settings/components/NodeSettings.vue(5,2): error TS6196: 'INodeUpdatePropertiesInformation' is declared but never used.
n8n-editor-ui:typecheck: src/features/ndv/settings/components/NodeSettings.vue(9,2): error TS2305: Module '"n8n-workflow"' has no exported member 'INodeCredentialDescription'.
n8n-editor-ui:typecheck: src/features/ndv/settings/components/NodeSettings.vue(9,2): error TS6196: 'INodeCredentialDescription' is declared but never used.
n8n-editor-ui:typecheck: src/features/ndv/settings/components/NodeSettings.vue(65,1): error TS6133: 'ProjectTypes' is declared but its value is never read.
n8n-editor-ui:typecheck: src/features/ndv/settings/components/NodeSettings.vue(629,11): error TS2339: Property 'hasForeignCredential' does not exist on type '{ $style: Record<string, string> & { header: string; featureRequest: string; }; $: ComponentInternalInstance; $data: {}; $props: { readonly eventBus?: EventBus<Record<...>> | undefined; ... 22 more ...; readonly onDblclickHeader?: ((args_0: MouseEvent) => any) | undefined; } & VNodeProps & AllowedComponentProps & Co...'.
n8n-editor-ui:typecheck: src/features/ndv/settings/components/NodeSettings.vue(629,36): error TS2339: Property 'isHomeProjectTeam' does not exist on type '{ $style: Record<string, string> & { header: string; featureRequest: string; }; $: ComponentInternalInstance; $data: {}; $props: { readonly eventBus?: EventBus<Record<...>> | undefined; ... 22 more ...; readonly onDblclickHeader?: ((args_0: MouseEvent) => any) | undefined; } & VNodeProps & AllowedComponentProps & Co...'.
n8n-editor-ui:typecheck: src/features/ndv/shared/views/NodeDetailsViewV2.vue(758,32): error TS2339: Property 'hasForeignCredential' does not exist on type '{ $style: Record<string, string> & { backdrop: string; dialog: string; container: string; main: string; column: string; input: string; output: string; dataColumn: string; header: string; settings: string; draggable: string; }; ... 85 more ...; $router: Router; }'.
n8n-editor-ui:typecheck: src/features/ndv/shared/views/NodeDetailsViewV2.vue(824,35): error TS2339: Property 'hasForeignCredential' does not exist on type '{ $style: Record<string, string> & { backdrop: string; dialog: string; container: string; main: string; column: string; input: string; output: string; dataColumn: string; header: string; settings: string; draggable: string; }; ... 85 more ...; $router: Router; }'.
n8n-editor-ui:typecheck: src/features/settings/apiKeys/views/SettingsApiView.vue(65,10): error TS6133: 'onUpgrade' is declared but its value is never read.
n8n-editor-ui:typecheck: src/features/settings/communityNodes/composables/useInstallNode.test.ts(44,41): error TS2304: Cannot find name 'useCredentialsStore'.
n8n-editor-ui:typecheck: src/features/settings/communityNodes/composables/useInstallNode.test.ts(59,21): error TS2304: Cannot find name 'useCredentialsStore'.
n8n-editor-ui:typecheck: src/features/settings/custom-nodes/CustomNodeUploadDialog.vue(2,42): error TS6133: 'nextTick' is declared but its value is never read.
n8n-editor-ui:typecheck: src/features/settings/custom-nodes/CustomNodeUploadDialog.vue(7,49): error TS6133: 'ElSelect' is declared but its value is never read.
n8n-editor-ui:typecheck: src/features/settings/custom-nodes/CustomNodeUploadDialog.vue(7,59): error TS6133: 'ElOption' is declared but its value is never read.
n8n-editor-ui:typecheck: src/features/settings/custom-nodes/CustomNodeUploadDialog.vue(31,7): error TS6133: 'i18n' is declared but its value is never read.
n8n-editor-ui:typecheck: src/features/settings/custom-nodes/CustomNodesView.vue(22,7): error TS6133: 'i18n' is declared but its value is never read.
n8n-editor-ui:typecheck: src/features/settings/custom-nodes/CustomNodesView.vue(190,25): error TS2322: Type '"cube"' is not assignable to type '"link" | "unlink" | "json" | "text" | "binary" | "code" | "type" | "user" | "variable" | "folder" | "mcp" | "list" | "share" | "search" | "mail" | "expand" | "x" | "anthropic" | "bolt-filled" | ... 201 more ... | "zoom-out"'.
n8n-editor-ui:typecheck: src/features/settings/users/components/PersonalizationModal.vue(108,7): error TS6133: 'uiStore' is declared but its value is never read.
n8n-editor-ui:typecheck: src/features/settings/users/users.store.ts(54,8): error TS6133: 'uiStore' is declared but its value is never read.
n8n-editor-ui:typecheck: src/features/settings/users/users.store.ts(358,45): error TS6133: 'results' is declared but its value is never read.
n8n-editor-ui:typecheck: src/features/shared/commandBar/composables/useWorkflowCommands.test.ts(106,52): error TS2339: Property 'openExistingCredential' does not exist on type 'Store<"ui", Pick<{ appGridDimensions: Ref<{ width: number; height: number; }, { width: number; height: number; } | { width: number; height: number; }>; settingsSidebarItems: ComputedRef<IMenuItem[]>; ... 50 more ...; cleanup: () => void; }, "appGridDimensions" | ... 17 more ... | "moduleTabs">, Pick<...>, Pick<...>>'.
n8n-editor-ui:typecheck: src/features/shared/commandBar/composables/useWorkflowCommands.test.ts(176,23): error TS2339: Property 'openExistingCredential' does not exist on type 'Store<"ui", Pick<{ appGridDimensions: Ref<{ width: number; height: number; }, { width: number; height: number; } | { width: number; height: number; }>; settingsSidebarItems: ComputedRef<IMenuItem[]>; ... 50 more ...; cleanup: () => void; }, "appGridDimensions" | ... 17 more ... | "moduleTabs">, Pick<...>, Pick<...>>'.
n8n-editor-ui:typecheck: src/features/shared/commandBar/composables/useWorkflowCommands.ts(86,66): error TS2339: Property 'credentials' does not exist on type 'INodeUi'.
n8n-editor-ui:typecheck: src/features/shared/commandBar/composables/useWorkflowCommands.ts(87,14): error TS18046: 'cred' is of type 'unknown'.
n8n-editor-ui:typecheck: src/features/shared/commandBar/composables/useWorkflowCommands.ts(99,11): error TS18046: 'credential' is of type 'unknown'.
n8n-editor-ui:typecheck: src/features/shared/commandBar/composables/useWorkflowCommands.ts(100,14): error TS18046: 'credential' is of type 'unknown'.
n8n-editor-ui:typecheck: src/features/shared/commandBar/composables/useWorkflowCommands.ts(102,19): error TS18046: 'credential' is of type 'unknown'.
n8n-editor-ui:typecheck: src/features/shared/commandBar/composables/useWorkflowCommands.ts(103,17): error TS2339: Property 'openExistingCredential' does not exist on type 'Store<"ui", Pick<{ appGridDimensions: Ref<{ width: number; height: number; }, { width: number; height: number; } | { width: number; height: number; }>; settingsSidebarItems: ComputedRef<IMenuItem[]>; ... 50 more ...; cleanup: () => void; }, "appGridDimensions" | ... 17 more ... | "moduleTabs">, Pick<...>, Pick<...>>'.
n8n-editor-ui:typecheck: src/features/shared/commandBar/composables/useWorkflowCommands.ts(103,40): error TS18046: 'credential' is of type 'unknown'.
n8n-editor-ui:typecheck: src/features/shared/commandBar/composables/useWorkflowNavigationCommands.test.ts(56,46): error TS2304: Cannot find name 'useCredentialsStore'.
n8n-editor-ui:typecheck: src/features/shared/commandBar/composables/useWorkflowNavigationCommands.test.ts(110,26): error TS2304: Cannot find name 'useCredentialsStore'.
n8n-editor-ui:typecheck: src/features/shared/editors/plugins/codemirror/completions/utils.ts(5,1): error TS6133: 'useUIStore' is declared but its value is never read.
n8n-editor-ui:typecheck: src/features/shared/nodeCreator/components/ItemTypes/NodeItem.vue(171,9): error TS7053: Element implicitly has an 'any' type because expression of type 'any' can't be used to index type '{ builtin: { text: string; theme: "secondary"; }; platform: { text: string; theme: "success"; }; thirdParty: { text: string; theme: "warning"; }; custom: { text: string; theme: "primary"; }; }'.
n8n-editor-ui:typecheck: src/features/shared/nodeCreator/composables/useActionsGeneration.test.ts(6,37): error TS2304: Cannot find name 'usePostHog'.
n8n-editor-ui:typecheck: src/features/shared/nodeCreator/composables/useActionsGeneration.test.ts(32,18): error TS2304: Cannot find name 'usePostHog'.
n8n-editor-ui:typecheck: src/features/shared/nodeCreator/views/viewsData.test.ts(16,37): error TS2304: Cannot find name 'usePostHog'.
n8n-editor-ui:typecheck: src/features/shared/nodeCreator/views/viewsData.test.ts(61,18): error TS2304: Cannot find name 'usePostHog'.
n8n-editor-ui:typecheck: src/features/shared/nodeCreator/views/viewsData.test.ts(63,66): error TS7006: Parameter 'experiment' implicitly has an 'any' type.
n8n-editor-ui:typecheck: src/features/workflows/canvas/composables/useCanvasMapping.test.ts(2960,7): error TS2740: Type '_MockProxy<T>' is missing the following properties from type 'INodeTypeDescription': version, defaults, inputs, outputs, and 5 more.
n8n-editor-ui:typecheck: src/features/workflows/canvas/composables/useCanvasMapping.test.ts(2965,7): error TS2740: Type '_MockProxy<T>' is missing the following properties from type 'INodeTypeDescription': version, defaults, inputs, outputs, and 5 more.
n8n-editor-ui:typecheck: src/features/workflows/canvas/composables/useCanvasMapping.test.ts(3004,7): error TS2740: Type '_MockProxy<T>' is missing the following properties from type 'INodeTypeDescription': version, defaults, inputs, outputs, and 5 more.
n8n-editor-ui:typecheck: src/features/workflows/canvas/composables/useCanvasMapping.test.ts(3015,7): error TS2740: Type '_MockProxy<T>' is missing the following properties from type 'INodeTypeDescription': version, defaults, inputs, outputs, and 5 more.
n8n-editor-ui:typecheck: src/features/workflows/canvas/experimental/components/ExperimentalCanvasNodeSettings.vue(27,7): error TS6133: 'nodeHelpers' is declared but its value is never read.
n8n-editor-ui:typecheck: src/features/workflows/templates/__tests__/setupTemplate.store.testData.ts(20,4): error TS2353: Object literal may only specify known properties, and 'defaults' does not exist in type 'ITemplatesNode'.
n8n-editor-ui:typecheck: src/features/workflows/templates/__tests__/setupTemplate.store.testData.ts(47,8): error TS2314: Generic type 'Pick' requires 2 type argument(s).
n8n-editor-ui:typecheck: src/features/workflows/templates/__tests__/setupTemplate.store.testData.ts(47,31): error TS2304: Cannot find name 'ICredentialsResponse'.
n8n-editor-ui:typecheck: src/features/workflows/templates/__tests__/setupTemplate.store.testData.ts(48,4): error TS2304: Cannot find name 'ICredentialsResponse'.
n8n-editor-ui:typecheck: src/features/workflows/templates/components/SetupTemplateFormStep.vue(27,7): error TS6133: 'emit' is declared but its value is never read.
n8n-editor-ui:typecheck: src/features/workflows/templates/components/SetupTemplateFormStep.vue(61,7): error TS6133: 'onCredentialModalOpened' is declared but its value is never read.
n8n-editor-ui:typecheck: src/features/workflows/templates/components/SetupWorkflowCredentialsButton.vue(30,80): error TS2345: Argument of type 'INodeUi' is not assignable to parameter of type 'Pick<INodeUi, "credentials" | "type" | "typeVersion" | "parameters">'.
n8n-editor-ui:typecheck:   Property 'credentials' is missing in type 'INodeUi' but required in type 'Pick<INodeUi, "credentials" | "type" | "typeVersion" | "parameters">'.
n8n-editor-ui:typecheck: src/features/workflows/templates/components/TemplateDetails.vue(48,45): error TS2339: Property 'displayName' does not exist on type 'ITemplatesNode'.
n8n-editor-ui:typecheck: src/features/workflows/templates/components/TemplateDetails.vue(63,17): error TS2339: Property 'name' does not exist on type 'ITemplatesNode'.
n8n-editor-ui:typecheck: src/features/workflows/templates/components/TemplatesInfoCard.test.ts(16,4): error TS2353: Object literal may only specify known properties, and 'icon' does not exist in type 'ITemplatesNode'.
n8n-editor-ui:typecheck: src/features/workflows/templates/components/TemplatesInfoCard.test.ts(27,4): error TS2353: Object literal may only specify known properties, and 'icon' does not exist in type 'ITemplatesNode'.
n8n-editor-ui:typecheck: src/features/workflows/templates/components/TemplatesInfoCard.test.ts(38,4): error TS2353: Object literal may only specify known properties, and 'icon' does not exist in type 'ITemplatesNode'.
n8n-editor-ui:typecheck: src/features/workflows/templates/composables/useCredentialSetupState.test.ts(44,44): error TS2339: Property 'credentials' does not exist on type '_MockProxy<T> & T'.
n8n-editor-ui:typecheck: src/features/workflows/templates/composables/useCredentialSetupState.test.ts(82,44): error TS2339: Property 'credentials' does not exist on type '_MockProxy<T> & T'.
n8n-editor-ui:typecheck: src/features/workflows/templates/composables/useCredentialSetupState.test.ts(86,45): error TS2339: Property 'credentials' does not exist on type '_MockProxy<T> & T'.
n8n-editor-ui:typecheck: src/features/workflows/templates/setupTemplate.store.test.ts(4,15): error TS2305: Module '"n8n-workflow"' has no exported member 'ICredentialType'.
n8n-editor-ui:typecheck: src/features/workflows/templates/setupTemplate.store.test.ts(25,7): error TS2304: Cannot find name 'ICredentialsResponse'.
n8n-editor-ui:typecheck: src/features/workflows/templates/setupTemplate.store.test.ts(76,29): error TS2304: Cannot find name 'useCredentialsStore'.
n8n-editor-ui:typecheck: src/features/workflows/templates/setupTemplate.store.test.ts(81,33): error TS2740: Type '_MockProxy<T>' is missing the following properties from type 'INodeTypeDescription': version, defaults, inputs, outputs, and 5 more.
n8n-editor-ui:typecheck: src/features/workflows/templates/setupTemplate.store.test.ts(81,51): error TS2740: Type '_MockProxy<T>' is missing the following properties from type 'INodeTypeDescription': version, defaults, inputs, outputs, and 5 more.
n8n-editor-ui:typecheck: src/features/workflows/templates/setupTemplate.store.test.ts(81,68): error TS2740: Type '_MockProxy<T>' is missing the following properties from type 'INodeTypeDescription': version, defaults, inputs, outputs, and 5 more.
n8n-editor-ui:typecheck: src/features/workflows/templates/setupTemplate.store.test.ts(99,29): error TS2304: Cannot find name 'useCredentialsStore'.
n8n-editor-ui:typecheck: src/features/workflows/templates/setupTemplate.store.test.ts(114,29): error TS2304: Cannot find name 'useCredentialsStore'.
n8n-editor-ui:typecheck: src/features/workflows/templates/setupTemplate.store.test.ts(135,29): error TS2304: Cannot find name 'useCredentialsStore'.
n8n-editor-ui:typecheck: src/features/workflows/templates/setupTemplate.store.test.ts(180,29): error TS2304: Cannot find name 'useCredentialsStore'.
n8n-editor-ui:typecheck: src/features/workflows/templates/setupTemplate.store.test.ts(185,33): error TS2740: Type '_MockProxy<T>' is missing the following properties from type 'INodeTypeDescription': version, defaults, inputs, outputs, and 5 more.
n8n-editor-ui:typecheck: src/features/workflows/templates/setupTemplate.store.test.ts(185,51): error TS2740: Type '_MockProxy<T>' is missing the following properties from type 'INodeTypeDescription': version, defaults, inputs, outputs, and 5 more.
n8n-editor-ui:typecheck: src/features/workflows/templates/templates.types.ts(2,15): error TS2305: Module '"n8n-workflow"' has no exported member 'INodeCredentialDescription'.
n8n-editor-ui:typecheck: src/features/workflows/templates/templates.types.ts(2,43): error TS2305: Module '"n8n-workflow"' has no exported member 'INodeCredentialsDetails'.
n8n-editor-ui:typecheck: src/features/workflows/templates/utils/templateActions.test.ts(74,34): error TS2740: Type '_MockProxy<T>' is missing the following properties from type 'INodeTypeDescription': version, defaults, inputs, outputs, and 5 more.
n8n-editor-ui:typecheck: src/features/workflows/templates/utils/templateActions.ts(12,15): error TS2305: Module '"n8n-workflow"' has no exported member 'INodeCredentialsDetails'.
n8n-editor-ui:typecheck: src/features/workflows/templates/utils/templateTransforms.ts(10,2): error TS2305: Module '"n8n-workflow"' has no exported member 'INodeCredentialDescription'.
n8n-editor-ui:typecheck: src/features/workflows/templates/utils/templateTransforms.ts(11,2): error TS2305: Module '"n8n-workflow"' has no exported member 'INodeCredentials'.
n8n-editor-ui:typecheck: src/features/workflows/templates/utils/templateTransforms.ts(12,2): error TS2305: Module '"n8n-workflow"' has no exported member 'INodeCredentialsDetails'.
n8n-editor-ui:typecheck: src/features/workflows/templates/utils/templateTransforms.ts(52,2): error TS2322: Type '{ [k: string]: string | undefined; }' is not assignable to type 'NormalizedTemplateNodeCredentials'.
n8n-editor-ui:typecheck:   'string' index signatures are incompatible.
n8n-editor-ui:typecheck:     Type 'string | undefined' is not assignable to type 'string'.
n8n-editor-ui:typecheck:       Type 'undefined' is not assignable to type 'string'.
n8n-editor-ui:typecheck: src/init.test.ts(9,34): error TS2307: Cannot find module '@/app/stores/versions.store' or its corresponding type declarations.
n8n-editor-ui:typecheck: src/init.test.ts(10,33): error TS2307: Cannot find module '@/features/shared/banners/banners.store' or its corresponding type declarations.
n8n-editor-ui:typecheck: src/init.test.ts(151,27): error TS2339: Property 'banners' does not exist on type '{ settingsMode?: "public" | "authenticated" | undefined; inE2ETests: boolean; isDocker: boolean; databaseType: "sqlite" | "mariadb" | "mysqldb" | "postgresdb"; endpointForm: string; ... 63 more ...; envFeatureFlags: N8nEnvFeatFlags; }'.
n8n-editor-ui:typecheck: src/init.ts(92,2): error TS6133: 'routeName' is declared but its value is never read.
n8n-editor-ui:typecheck: src/router.test.ts(7,28): error TS2307: Cannot find module '@/app/stores/posthog.store' or its corresponding type declarations.
n8n-editor-ui:typecheck: src/router.ts(65,7): error TS6133: 'HomepageView' is declared but its value is never read.
n8n-editor-ui:typecheck: â€‰ELIFECYCLEâ€‰ Command failed with exit code 2.
n8n-editor-ui:typecheck: ERROR: command finished with error: command (/home/zhang/n8n-quanyuge/packages/frontend/editor-ui) /home/zhang/nodejs/bin/pnpm run typecheck exited (2)
n8n-editor-ui#typecheck: command (/home/zhang/n8n-quanyuge/packages/frontend/editor-ui) /home/zhang/nodejs/bin/pnpm run typecheck exited (2)

 Tasks:    73 successful, 75 total
Cached:    71 cached, 75 total
  Time:    3m18.157s 
Failed:    n8n-editor-ui#typecheck

 ERROR  run failed: command  exited (2)
â€‰ELIFECYCLEâ€‰ Command failed with exit code 2.
