
> n8n@1.119.0 typecheck /home/zhang/n8n-quanyuge/packages/cli
> tsc --noEmit

src/__tests__/active-workflow-manager.test.ts(68,16): error TS2345: Argument of type 'Partial<INodeType>' is not assignable to parameter of type '{ description?: { version?: number | (number | undefined)[] | undefined; defaults?: { color?: string | undefined; name?: string | undefined; } | undefined; eventTriggerDescription?: string | undefined; ... 38 more ...; usableAsTool?: true | ... 1 more ... | undefined; } | undefined; ... 8 more ...; customOperations?...'.
  Types of property 'description' are incompatible.
    Type 'INodeTypeDescription | undefined' is not assignable to type '{ version?: number | (number | undefined)[] | undefined; defaults?: { color?: string | undefined; name?: string | undefined; } | undefined; eventTriggerDescription?: string | undefined; ... 38 more ...; usableAsTool?: true | ... 1 more ... | undefined; } | undefined'.
      Type 'INodeTypeDescription' is not assignable to type '{ version?: number | (number | undefined)[] | undefined; defaults?: { color?: string | undefined; name?: string | undefined; } | undefined; eventTriggerDescription?: string | undefined; ... 38 more ...; usableAsTool?: true | ... 1 more ... | undefined; }'.
        Types of property 'properties' are incompatible.
          Type 'INodeProperties[]' is not assignable to type '({ displayName?: string | undefined; name?: string | undefined; type?: NodePropertyTypes | undefined; typeOptions?: { [x: string]: any; buttonConfig?: { action?: string | ... 1 more ... | undefined; label?: string | undefined; hasInputField?: boolean | undefined; inputFieldMaxLength?: number | undefined; } | undefin...'.
            Type 'INodeProperties' is not assignable to type '{ displayName?: string | undefined; name?: string | undefined; type?: NodePropertyTypes | undefined; typeOptions?: { [x: string]: any; buttonConfig?: { action?: string | { ...; } | undefined; label?: string | undefined; hasInputField?: boolean | undefined; inputFieldMaxLength?: number | undefined; } | undefined; ......'.
              Types of property 'typeOptions' are incompatible.
                Type 'INodePropertyTypeOptions | undefined' is not assignable to type '{ [x: string]: any; buttonConfig?: { action?: string | { type?: "askAiCodeGeneration" | undefined; handler?: string | undefined; target?: string | undefined; } | undefined; label?: string | undefined; hasInputField?: boolean | undefined; inputFieldMaxLength?: number | undefined; } | undefined; ... 25 more ...; binar...'.
                  Type 'INodePropertyTypeOptions' is not assignable to type '{ [x: string]: any; buttonConfig?: { action?: string | { type?: "askAiCodeGeneration" | undefined; handler?: string | undefined; target?: string | undefined; } | undefined; label?: string | undefined; hasInputField?: boolean | undefined; inputFieldMaxLength?: number | undefined; } | undefined; ... 25 more ...; binar...'.
                    Types of property 'filter' are incompatible.
                      Type 'FilterTypeOptions | undefined' is not assignable to type '{ version?: 1 | 2 | {} | undefined; caseSensitive?: string | boolean | undefined; leftValue?: string | undefined; allowedCombinators?: [(FilterTypeCombinator | undefined)?, ...undefined[]] | undefined; maxConditions?: number | undefined; typeValidation?: "strict" | ... 2 more ... | undefined; } | undefined'.
                        Type 'FilterTypeOptions' is not assignable to type '{ version?: 1 | 2 | {} | undefined; caseSensitive?: string | boolean | undefined; leftValue?: string | undefined; allowedCombinators?: [(FilterTypeCombinator | undefined)?, ...undefined[]] | undefined; maxConditions?: number | undefined; typeValidation?: "strict" | ... 2 more ... | undefined; }'.
                          Types of property 'allowedCombinators' are incompatible.
                            Type 'NonEmptyArray<FilterTypeCombinator> | undefined' is not assignable to type '[(FilterTypeCombinator | undefined)?, ...undefined[]] | undefined'.
                              Type 'NonEmptyArray<FilterTypeCombinator>' is not assignable to type '[(FilterTypeCombinator | undefined)?, ...undefined[]]'.
                                Type at position 1 in source is not compatible with type at position 1 in target.
                                  Type 'FilterTypeCombinator' is not assignable to type 'undefined'.
                                    Type '"and"' is not assignable to type 'undefined'.
src/__tests__/credential-types.test.ts(51,5): error TS2345: Argument of type '{ [K in keyof T]: T[K] extends (...args: infer A) => infer B ? CalledWithMock<B, A> : T[K]; } & T' is not assignable to parameter of type 'LoadNodesAndCredentials'.
  Type '{ [K in keyof T]: T[K] extends (...args: infer A) => infer B ? CalledWithMock<B, A> : T[K]; }' is missing the following properties from type 'LoadNodesAndCredentials': known, loaded, types, loaders, and 35 more.
src/__tests__/credential-types.test.ts(52,27): error TS2322: Type 'LoadedClass<ICredentialType>' is not assignable to type '{ sourcePath?: string | undefined; type?: { name?: string | undefined; displayName?: string | undefined; icon?: `fa:${string}` | `node:${string}.${string}` | `file:${string}.png` | `file:${string}.svg` | `={{${string}}}` | { light?: IconFile | undefined; dark?: IconFile | undefined; } | undefined; ... 12 more ...; s...'.
  The types of 'type.properties' are incompatible between these types.
    Type 'INodeProperties[]' is not assignable to type '({ displayName?: string | undefined; name?: string | undefined; type?: NodePropertyTypes | undefined; typeOptions?: { [x: string]: any; buttonConfig?: { action?: string | ... 1 more ... | undefined; label?: string | undefined; hasInputField?: boolean | undefined; inputFieldMaxLength?: number | undefined; } | undefin...'.
      Type 'INodeProperties' is not assignable to type '{ displayName?: string | undefined; name?: string | undefined; type?: NodePropertyTypes | undefined; typeOptions?: { [x: string]: any; buttonConfig?: { action?: string | { ...; } | undefined; label?: string | undefined; hasInputField?: boolean | undefined; inputFieldMaxLength?: number | undefined; } | undefined; ......'.
        Types of property 'typeOptions' are incompatible.
          Type 'INodePropertyTypeOptions | undefined' is not assignable to type '{ [x: string]: any; buttonConfig?: { action?: string | { type?: "askAiCodeGeneration" | undefined; handler?: string | undefined; target?: string | undefined; } | undefined; label?: string | undefined; hasInputField?: boolean | undefined; inputFieldMaxLength?: number | undefined; } | undefined; ... 25 more ...; binar...'.
            Type 'INodePropertyTypeOptions' is not assignable to type '{ [x: string]: any; buttonConfig?: { action?: string | { type?: "askAiCodeGeneration" | undefined; handler?: string | undefined; target?: string | undefined; } | undefined; label?: string | undefined; hasInputField?: boolean | undefined; inputFieldMaxLength?: number | undefined; } | undefined; ... 25 more ...; binar...'.
              Types of property 'filter' are incompatible.
                Type 'FilterTypeOptions | undefined' is not assignable to type '{ version?: 2 | 1 | {} | undefined; caseSensitive?: string | boolean | undefined; leftValue?: string | undefined; allowedCombinators?: [(FilterTypeCombinator | undefined)?, ...undefined[]] | undefined; maxConditions?: number | undefined; typeValidation?: "strict" | ... 2 more ... | undefined; } | undefined'.
                  Type 'FilterTypeOptions' is not assignable to type '{ version?: 2 | 1 | {} | undefined; caseSensitive?: string | boolean | undefined; leftValue?: string | undefined; allowedCombinators?: [(FilterTypeCombinator | undefined)?, ...undefined[]] | undefined; maxConditions?: number | undefined; typeValidation?: "strict" | ... 2 more ... | undefined; }'.
                    Types of property 'allowedCombinators' are incompatible.
                      Type 'NonEmptyArray<FilterTypeCombinator> | undefined' is not assignable to type '[(FilterTypeCombinator | undefined)?, ...undefined[]] | undefined'.
                        Type 'NonEmptyArray<FilterTypeCombinator>' is not assignable to type '[(FilterTypeCombinator | undefined)?, ...undefined[]]'.
                          Type at position 1 in source is not compatible with type at position 1 in target.
                            Type 'FilterTypeCombinator' is not assignable to type 'undefined'.
                              Type '"and"' is not assignable to type 'undefined'.
src/__tests__/credentials-helper.test.ts(37,3): error TS2554: Expected 4 arguments, but got 5.
src/credentials/__tests__/credentials.service.test.ts(45,3): error TS2554: Expected 12 arguments, but got 13.
src/credentials/credentials.service.ee.ts(22,20): error TS6138: Property 'projectRepository' is declared but its value is never read.
src/environments.ee/source-control/__tests__/source-control-export.service.test.ts(7,2): error TS2305: Module '"@n8n/db"' has no exported member 'SharedCredentials'.
src/environments.ee/source-control/__tests__/source-control-export.service.test.ts(8,2): error TS2724: '"@n8n/db"' has no exported member named 'SharedCredentialsRepository'. Did you mean 'CredentialsRepository'?
src/environments.ee/source-control/__tests__/source-control-export.service.test.ts(9,2): error TS2305: Module '"@n8n/db"' has no exported member 'SharedWorkflow'.
src/environments.ee/source-control/__tests__/source-control-export.service.test.ts(10,2): error TS2724: '"@n8n/db"' has no exported member named 'SharedWorkflowRepository'. Did you mean 'WorkflowRepository'?
src/environments.ee/source-control/__tests__/source-control-export.service.test.ts(58,3): error TS2554: Expected 10 arguments, but got 11.
src/environments.ee/source-control/__tests__/source-control-import.service.ee.test.ts(11,7): error TS2724: '"@n8n/db"' has no exported member named 'SharedWorkflowRepository'. Did you mean 'WorkflowRepository'?
src/environments.ee/source-control/__tests__/source-control-import.service.ee.test.ts(71,3): error TS2554: Expected 17 arguments, but got 19.
src/evaluation.ee/__tests__/test-runs.controller.ee.test.ts(74,29): error TS2339: Property 'findAccessibleWorkflows' does not exist on type 'Mocked<WorkflowFinderService>'.
src/evaluation.ee/__tests__/test-runs.controller.ee.test.ts(92,30): error TS2339: Property 'findAccessibleWorkflows' does not exist on type 'Mocked<WorkflowFinderService>'.
src/evaluation.ee/__tests__/test-runs.controller.ee.test.ts(103,37): error TS2339: Property 'findAccessibleWorkflows' does not exist on type 'Mocked<WorkflowFinderService>'.
src/evaluation.ee/__tests__/test-runs.controller.ee.test.ts(112,30): error TS2339: Property 'findAccessibleWorkflows' does not exist on type 'Mocked<WorkflowFinderService>'.
src/evaluation.ee/__tests__/test-runs.controller.ee.test.ts(118,37): error TS2339: Property 'findAccessibleWorkflows' does not exist on type 'Mocked<WorkflowFinderService>'.
src/evaluation.ee/__tests__/test-runs.controller.ee.test.ts(124,30): error TS2339: Property 'findAccessibleWorkflows' does not exist on type 'Mocked<WorkflowFinderService>'.
src/evaluation.ee/__tests__/test-runs.controller.ee.test.ts(130,37): error TS2339: Property 'findAccessibleWorkflows' does not exist on type 'Mocked<WorkflowFinderService>'.
src/evaluation.ee/__tests__/test-runs.controller.ee.test.ts(136,30): error TS2339: Property 'findAccessibleWorkflows' does not exist on type 'Mocked<WorkflowFinderService>'.
src/evaluation.ee/__tests__/test-runs.controller.ee.test.ts(143,37): error TS2339: Property 'findAccessibleWorkflows' does not exist on type 'Mocked<WorkflowFinderService>'.
src/events/__tests__/log-streaming-event-relay.test.ts(266,7): error TS2578: Unused '@ts-expect-error' directive.
src/events/__tests__/log-streaming-event-relay.test.ts(271,7): error TS2353: Object literal may only specify known properties, and 'errorMessage' does not exist in type '{ error?: { httpCode?: string | null | undefined; readonly node?: { id?: string | undefined; name?: string | undefined; typeVersion?: number | undefined; type?: string | undefined; position?: [...?] | undefined; ... 15 more ...; forceCustomOperation?: { ...; } | undefined; } | undefined; ... 15 more ...; stack?: str...'.
src/events/__tests__/log-streaming-event-relay.test.ts(311,7): error TS2578: Unused '@ts-expect-error' directive.
src/events/__tests__/log-streaming-event-relay.test.ts(316,7): error TS2353: Object literal may only specify known properties, and 'errorMessage' does not exist in type '{ error?: { httpCode?: string | null | undefined; readonly node?: { id?: string | undefined; name?: string | undefined; typeVersion?: number | undefined; type?: string | undefined; position?: [...?] | undefined; ... 15 more ...; forceCustomOperation?: { ...; } | undefined; } | undefined; ... 15 more ...; stack?: str...'.
src/executions/pre-execution-checks/__tests__/credentials-permission-checker.test.ts(60,32): error TS2339: Property 'getAccessibleCredentials' does not exist on type '{ findStartingWith: CalledWithMock<Promise<CredentialsEntity[]>, [credentialName: string]>; findMany: CalledWithMock<Promise<CredentialsEntity[]>, [listQueryOptions?: ...]>; ... 47 more ...; extend: CalledWithMock<...>; } & CredentialsRepository'.
src/executions/pre-execution-checks/__tests__/credentials-permission-checker.test.ts(65,25): error TS2339: Property 'getAccessibleCredentials' does not exist on type '{ findStartingWith: CalledWithMock<Promise<CredentialsEntity[]>, [credentialName: string]>; findMany: CalledWithMock<Promise<CredentialsEntity[]>, [listQueryOptions?: ...]>; ... 47 more ...; extend: CalledWithMock<...>; } & CredentialsRepository'.
src/executions/pre-execution-checks/__tests__/credentials-permission-checker.test.ts(72,32): error TS2339: Property 'getAccessibleCredentials' does not exist on type '{ findStartingWith: CalledWithMock<Promise<CredentialsEntity[]>, [credentialName: string]>; findMany: CalledWithMock<Promise<CredentialsEntity[]>, [listQueryOptions?: ...]>; ... 47 more ...; extend: CalledWithMock<...>; } & CredentialsRepository'.
src/executions/pre-execution-checks/__tests__/credentials-permission-checker.test.ts(82,32): error TS2339: Property 'getAccessibleCredentials' does not exist on type '{ findStartingWith: CalledWithMock<Promise<CredentialsEntity[]>, [credentialName: string]>; findMany: CalledWithMock<Promise<CredentialsEntity[]>, [listQueryOptions?: ...]>; ... 47 more ...; extend: CalledWithMock<...>; } & CredentialsRepository'.
src/executions/pre-execution-checks/__tests__/credentials-permission-checker.test.ts(87,25): error TS2339: Property 'getAccessibleCredentials' does not exist on type '{ findStartingWith: CalledWithMock<Promise<CredentialsEntity[]>, [credentialName: string]>; findMany: CalledWithMock<Promise<CredentialsEntity[]>, [listQueryOptions?: ...]>; ... 47 more ...; extend: CalledWithMock<...>; } & CredentialsRepository'.
src/executions/pre-execution-checks/__tests__/credentials-permission-checker.test.ts(94,32): error TS2339: Property 'getAccessibleCredentials' does not exist on type '{ findStartingWith: CalledWithMock<Promise<CredentialsEntity[]>, [credentialName: string]>; findMany: CalledWithMock<Promise<CredentialsEntity[]>, [listQueryOptions?: ...]>; ... 47 more ...; extend: CalledWithMock<...>; } & CredentialsRepository'.
src/executions/pre-execution-checks/__tests__/credentials-permission-checker.test.ts(107,32): error TS2339: Property 'getAccessibleCredentials' does not exist on type '{ findStartingWith: CalledWithMock<Promise<CredentialsEntity[]>, [credentialName: string]>; findMany: CalledWithMock<Promise<CredentialsEntity[]>, [listQueryOptions?: ...]>; ... 47 more ...; extend: CalledWithMock<...>; } & CredentialsRepository'.
src/executions/pre-execution-checks/credentials-permission-checker.ts(38,20): error TS6138: Property 'projectService' is declared but its value is never read.
src/middlewares/rate-limit.middleware.ts(1,15): error TS6196: 'RequestHandler' is declared but never used.
src/modules/insights/__tests__/insights.service.integration.test.ts(1,15): error TS2305: Module '"@n8n/backend-common"' has no exported member 'LicenseState'.
src/modules/insights/__tests__/insights.service.integration.test.ts(75,5): error TS2554: Expected 6 arguments, but got 7.
src/modules/insights/__tests__/insights.service.integration.test.ts(957,5): error TS2554: Expected 6 arguments, but got 7.
src/modules/insights/__tests__/insights.service.integration.test.ts(1072,5): error TS2554: Expected 6 arguments, but got 7.
src/modules/insights/__tests__/insights.service.integration.test.ts(1084,21): error TS2339: Property 'validateDateFiltersLicense' does not exist on type 'InsightsService'.
src/modules/insights/__tests__/insights.service.integration.test.ts(1099,21): error TS2339: Property 'validateDateFiltersLicense' does not exist on type 'InsightsService'.
src/modules/insights/__tests__/insights.service.integration.test.ts(1114,33): error TS2339: Property 'validateDateFiltersLicense' does not exist on type 'InsightsService'.
src/modules/insights/__tests__/insights.service.integration.test.ts(1130,21): error TS2339: Property 'validateDateFiltersLicense' does not exist on type 'InsightsService'.
src/modules/insights/__tests__/insights.service.integration.test.ts(1143,21): error TS2339: Property 'validateDateFiltersLicense' does not exist on type 'InsightsService'.
src/modules/insights/__tests__/insights.service.integration.test.ts(1156,21): error TS2339: Property 'validateDateFiltersLicense' does not exist on type 'InsightsService'.
src/modules/insights/__tests__/insights.service.integration.test.ts(1185,5): error TS2554: Expected 6 arguments, but got 7.
src/modules/insights/__tests__/insights.service.test.ts(1,15): error TS2305: Module '"@n8n/backend-common"' has no exported member 'LicenseState'.
src/modules/insights/__tests__/insights.service.test.ts(41,4): error TS2554: Expected 6 arguments, but got 7.
src/modules/insights/database/entities/__tests__/db-utils.ts(2,10): error TS2724: '"@n8n/db"' has no exported member named 'SharedWorkflowRepository'. Did you mean 'WorkflowRepository'?
src/modules/insights/database/entities/__tests__/db-utils.ts(15,15): error TS2571: Object is of type 'unknown'.
src/modules/insights/database/entities/__tests__/db-utils.ts(34,4): error TS7006: Parameter 'wfs' implicitly has an 'any' type.
src/modules/mcp/__tests__/mcp-server-middleware.service.test.ts(151,10): error TS2589: Type instantiation is excessively deep and possibly infinite.
src/modules/mcp/__tests__/webhook-utils.test.ts(19,9): error TS2322: Type '(_user: User, id: string, _includeDecryptedData: boolean) => Promise<{ name: string; type: string; shared: any[]; isManaged: false; id: string; generateId(): void; createdAt: Date; updatedAt: Date; setUpdateDate(): void; data: ICredentialDataDecryptedObject; }>' is not assignable to type '(user: User, credentialId: string, includeDecryptedData: boolean) => Promise<{ name: string; type: string; project: Project; projectId: string; isManaged: boolean; id: string; ... 4 more ...; data: ICredentialDataDecryptedObject; } | { ...; }>'.
  Type 'Promise<{ name: string; type: string; shared: any[]; isManaged: false; id: string; generateId(): void; createdAt: Date; updatedAt: Date; setUpdateDate(): void; data: ICredentialDataDecryptedObject; }>' is not assignable to type 'Promise<{ name: string; type: string; project: Project; projectId: string; isManaged: boolean; id: string; generateId(): void; createdAt: Date; updatedAt: Date; setUpdateDate(): void; data: ICredentialDataDecryptedObject; } | { ...; }>'.
    Type '{ name: string; type: string; shared: any[]; isManaged: false; id: string; generateId(): void; createdAt: Date; updatedAt: Date; setUpdateDate(): void; data: ICredentialDataDecryptedObject; }' is not assignable to type '{ name: string; type: string; project: Project; projectId: string; isManaged: boolean; id: string; generateId(): void; createdAt: Date; updatedAt: Date; setUpdateDate(): void; data: ICredentialDataDecryptedObject; } | { ...; }'.
      Type '{ name: string; type: string; shared: any[]; isManaged: false; id: string; generateId(): void; createdAt: Date; updatedAt: Date; setUpdateDate(): void; data: ICredentialDataDecryptedObject; }' is missing the following properties from type '{ name: string; type: string; project: Project; projectId: string; isManaged: boolean; id: string; generateId(): void; createdAt: Date; updatedAt: Date; setUpdateDate(): void; data: ICredentialDataDecryptedObject; }': project, projectId
src/modules/provisioning.ee/__tests__/provisioning.controller.ee.test.ts(1,15): error TS2305: Module '"@n8n/backend-common"' has no exported member 'LicenseState'.
src/modules/provisioning.ee/__tests__/provisioning.controller.ee.test.ts(13,68): error TS2554: Expected 1 arguments, but got 2.
src/public-api/v1/handlers/workflows/workflows.service.ts(50,2): error TS6133: 'user' is declared but its value is never read.
src/public-api/v1/handlers/workflows/workflows.service.ts(52,2): error TS6133: 'role' is declared but its value is never read.
src/server.ts(429,10): error TS6133: 'historyApiHandler' is declared but its value is never read.
src/server.ts(449,10): error TS6133: 'setCustomCacheHeader' is declared but its value is never read.
src/services/__tests__/active-workflows.service.test.ts(47,11): error TS2552: Cannot find name 'sharedWorkflowRepository'. Did you mean 'workflowRepository'?
src/services/__tests__/active-workflows.service.test.ts(52,23): error TS2339: Property 'getSharedWorkflowIds' does not exist on type '{ get: CalledWithMock<Promise<WorkflowEntity | null>, [where: FindOptionsWhere<WorkflowEntity>, options?: { relations: string[] | FindOptionsRelations<WorkflowEntity>; } | undefined]>; ... 68 more ...; extend: CalledWithMock<...>; } & WorkflowRepository'.
src/services/__tests__/active-workflows.service.test.ts(56,30): error TS2339: Property 'getSharedWorkflowIds' does not exist on type '{ get: CalledWithMock<Promise<WorkflowEntity | null>, [where: FindOptionsWhere<WorkflowEntity>, options?: { relations: string[] | FindOptionsRelations<WorkflowEntity>; } | undefined]>; ... 68 more ...; extend: CalledWithMock<...>; } & WorkflowRepository'.
src/services/__tests__/credentials-finder.service.test.ts(4,7): error TS2305: Module '"@n8n/db"' has no exported member 'SharedCredentials'.
src/services/__tests__/credentials-finder.service.test.ts(6,2): error TS2724: '"@n8n/db"' has no exported member named 'SharedCredentialsRepository'. Did you mean 'CredentialsRepository'?
src/services/__tests__/credentials-finder.service.test.ts(67,32): error TS2339: Property 'findOne' does not exist on type '{}'.
src/services/__tests__/credentials-finder.service.test.ts(73,39): error TS2339: Property 'findOne' does not exist on type '{}'.
src/services/__tests__/credentials-finder.service.test.ts(86,32): error TS2339: Property 'findOne' does not exist on type '{}'.
src/services/__tests__/credentials-finder.service.test.ts(97,39): error TS2339: Property 'findOne' does not exist on type '{}'.
src/services/__tests__/credentials-finder.service.test.ts(123,32): error TS2339: Property 'findOne' does not exist on type '{}'.
src/services/__tests__/credentials-finder.service.test.ts(129,39): error TS2339: Property 'findOne' does not exist on type '{}'.
src/services/__tests__/credentials-finder.service.test.ts(164,32): error TS2339: Property 'findOne' does not exist on type '{}'.
src/services/__tests__/credentials-finder.service.test.ts(171,39): error TS2339: Property 'findOne' does not exist on type '{}'.
src/services/__tests__/credentials-finder.service.test.ts(200,39): error TS2339: Property 'findOne' does not exist on type '{}'.
src/services/__tests__/credentials-finder.service.test.ts(206,43): error TS2353: Object literal may only specify known properties, and 'shared' does not exist in type '{ name?: string | undefined; data?: string | undefined; type?: string | undefined; project?: { name?: string | undefined; type?: "personal" | "team" | undefined; icon?: { type?: "icon" | "emoji" | undefined; value?: string | undefined; } | null | undefined; ... 9 more ...; setUpdateDate?: (() => void) | undefined; }...'.
src/services/__tests__/credentials-finder.service.test.ts(207,43): error TS2353: Object literal may only specify known properties, and 'shared' does not exist in type '{ name?: string | undefined; data?: string | undefined; type?: string | undefined; project?: { name?: string | undefined; type?: "personal" | "team" | undefined; icon?: { type?: "icon" | "emoji" | undefined; value?: string | undefined; } | null | undefined; ... 9 more ...; setUpdateDate?: (() => void) | undefined; }...'.
src/services/__tests__/credentials-finder.service.test.ts(217,53): error TS2345: Argument of type '({ [K in keyof T]: T[K] extends (...args: infer A) => infer B ? CalledWithMock<B, A> : T[K]; } & T)[]' is not assignable to parameter of type 'CredentialsEntity[] | Promise<CredentialsEntity[]>'.
  Type '({ [K in keyof T]: T[K] extends (...args: infer A) => infer B ? CalledWithMock<B, A> : T[K]; } & T)[]' is not assignable to type 'CredentialsEntity[]'.
    Type '{ [K in keyof T]: T[K] extends (...args: infer A) => infer B ? CalledWithMock<B, A> : T[K]; }' is missing the following properties from type 'CredentialsEntity': name, data, type, project, and 7 more.
src/services/__tests__/credentials-finder.service.test.ts(232,53): error TS2345: Argument of type '({ [K in keyof T]: T[K] extends (...args: infer A) => infer B ? CalledWithMock<B, A> : T[K]; } & T)[]' is not assignable to parameter of type 'CredentialsEntity[] | Promise<CredentialsEntity[]>'.
  Type '({ [K in keyof T]: T[K] extends (...args: infer A) => infer B ? CalledWithMock<B, A> : T[K]; } & T)[]' is not assignable to type 'CredentialsEntity[]'.
    Type '{ [K in keyof T]: T[K] extends (...args: infer A) => infer B ? CalledWithMock<B, A> : T[K]; }' is missing the following properties from type 'CredentialsEntity': name, data, type, project, and 7 more.
src/services/__tests__/credentials-finder.service.test.ts(270,53): error TS2345: Argument of type '({ [K in keyof T]: T[K] extends (...args: infer A) => infer B ? CalledWithMock<B, A> : T[K]; } & T)[]' is not assignable to parameter of type 'CredentialsEntity[] | Promise<CredentialsEntity[]>'.
  Type '({ [K in keyof T]: T[K] extends (...args: infer A) => infer B ? CalledWithMock<B, A> : T[K]; } & T)[]' is not assignable to type 'CredentialsEntity[]'.
    Type '{ [K in keyof T]: T[K] extends (...args: infer A) => infer B ? CalledWithMock<B, A> : T[K]; }' is missing the following properties from type 'CredentialsEntity': name, data, type, project, and 7 more.
src/services/__tests__/credentials-finder.service.test.ts(332,32): error TS2339: Property 'findCredentialsWithOptions' does not exist on type '{}'.
src/services/__tests__/credentials-finder.service.test.ts(340,39): error TS2339: Property 'findCredentialsWithOptions' does not exist on type '{}'.
src/services/__tests__/credentials-finder.service.test.ts(352,32): error TS2339: Property 'findCredentialsWithOptions' does not exist on type '{}'.
src/services/__tests__/credentials-finder.service.test.ts(362,39): error TS2339: Property 'findCredentialsWithOptions' does not exist on type '{}'.
src/services/__tests__/credentials-finder.service.test.ts(384,32): error TS2339: Property 'findCredentialsWithOptions' does not exist on type '{}'.
src/services/__tests__/credentials-finder.service.test.ts(392,39): error TS2339: Property 'findCredentialsWithOptions' does not exist on type '{}'.
src/services/__tests__/credentials-finder.service.test.ts(426,32): error TS2339: Property 'findCredentialsByRoles' does not exist on type '{}'.
src/services/__tests__/credentials-finder.service.test.ts(440,39): error TS2339: Property 'findCredentialsByRoles' does not exist on type '{}'.
src/services/__tests__/credentials-finder.service.test.ts(457,32): error TS2339: Property 'findCredentialsByRoles' does not exist on type '{}'.
src/services/__tests__/credentials-finder.service.test.ts(465,39): error TS2339: Property 'findCredentialsByRoles' does not exist on type '{}'.
src/services/__tests__/credentials-finder.service.test.ts(476,32): error TS2339: Property 'findCredentialsByRoles' does not exist on type '{}'.
src/services/__tests__/credentials-finder.service.test.ts(484,39): error TS2339: Property 'findCredentialsByRoles' does not exist on type '{}'.
src/services/__tests__/credentials-finder.service.test.ts(493,32): error TS2339: Property 'findCredentialsByRoles' does not exist on type '{}'.
src/services/__tests__/ownership.service.test.ts(8,2): error TS2724: '"@n8n/db"' has no exported member named 'SharedWorkflowRepository'. Did you mean 'WorkflowRepository'?
src/services/__tests__/ownership.service.test.ts(30,3): error TS2345: Argument of type '{}' is not assignable to parameter of type 'WorkflowRepository'.
  Type '{}' is missing the following properties from type 'WorkflowRepository': globalConfig, folderRepository, get, getAllActiveIds, and 94 more.
src/services/__tests__/ownership.service.test.ts(41,45): error TS2552: Cannot find name 'SharedWorkflow'. Did you mean 'sharedWorkflow'?
src/services/__tests__/ownership.service.test.ts(46,29): error TS2339: Property 'findOneOrFail' does not exist on type '{}'.
src/services/__tests__/ownership.service.test.ts(54,29): error TS2339: Property 'findOneOrFail' does not exist on type '{}'.
src/services/__tests__/ownership.service.test.ts(147,15): error TS2339: Property 'shared' does not exist on type 'CredentialsEntity'.
src/services/__tests__/ownership.service.test.ts(176,13): error TS2339: Property 'shared' does not exist on type 'WorkflowEntity'.
src/services/__tests__/ownership.service.test.ts(203,15): error TS2339: Property 'shared' does not exist on type 'CredentialsEntity'.
src/services/billing.service.ts(9,6): error TS6196: 'RechargeStatus' is declared but never used.
src/services/frontend.service.ts(63,20): error TS6138: Property 'logger' is declared but its value is never read.
src/services/import.service.ts(95,11): error TS6133: 'exists' is declared but its value is never read.
test/integration/auth.api.test.ts(23,28): error TS2339: Property 'license' does not exist on type 'TestServer'.
test/integration/commands/credentials.cmd.test.ts(2,1): error TS6133: 'CredentialsRepository' is declared but its value is never read.
test/integration/commands/credentials.cmd.test.ts(3,1): error TS6133: 'Container' is declared but its value is never read.
test/integration/environments/source-control-import.service.test.ts(92,4): error TS2554: Expected 17 arguments, but got 18.
test/integration/executions/pre-execution-checks/credentials-permission-checker.test.ts(10,2): error TS2724: '"@n8n/db"' has no exported member named 'SharedCredentialsRepository'. Did you mean 'CredentialsRepository'?
test/integration/executions/pre-execution-checks/credentials-permission-checker.test.ts(11,2): error TS2724: '"@n8n/db"' has no exported member named 'SharedWorkflowRepository'. Did you mean 'WorkflowRepository'?
test/integration/executions/pre-execution-checks/credentials-permission-checker.test.ts(44,9): error TS2571: Object is of type 'unknown'.
test/integration/executions/pre-execution-checks/credentials-permission-checker.test.ts(116,9): error TS2571: Object is of type 'unknown'.
test/integration/executions/pre-execution-checks/credentials-permission-checker.test.ts(117,4): error TS2571: Object is of type 'unknown'.
test/integration/public-api/users.test.ts(3,41): error TS2307: Cannot find module '@/errors/feature-not-licensed.error' or its corresponding type declarations.
test/integration/public-api/users.test.ts(157,15): error TS2339: Property 'license' does not exist on type 'TestServer'.
test/integration/public-api/users.test.ts(177,15): error TS2339: Property 'license' does not exist on type 'TestServer'.
test/integration/public-api/users.test.ts(197,15): error TS2339: Property 'license' does not exist on type 'TestServer'.
test/integration/public-api/users.test.ts(233,15): error TS2339: Property 'license' does not exist on type 'TestServer'.
test/integration/public-api/users.test.ts(273,15): error TS2339: Property 'license' does not exist on type 'TestServer'.
test/integration/public-api/users.test.ts(295,15): error TS2339: Property 'license' does not exist on type 'TestServer'.
test/integration/public-api/users.test.ts(362,15): error TS2339: Property 'license' does not exist on type 'TestServer'.
test/integration/public-api/users.test.ts(386,15): error TS2339: Property 'license' does not exist on type 'TestServer'.
test/integration/public-api/users.test.ts(409,15): error TS2339: Property 'license' does not exist on type 'TestServer'.
test/integration/public-api/users.test.ts(434,15): error TS2339: Property 'license' does not exist on type 'TestServer'.
test/integration/shared/db/credentials.ts(99,48): error TS6133: 'credential' is declared but its value is never read.
test/integration/shared/db/credentials.ts(99,79): error TS6133: 'users' is declared but its value is never read.
test/integration/shared/db/credentials.ts(112,2): error TS6133: 'credential' is declared but its value is never read.
test/integration/shared/db/credentials.ts(113,2): error TS6133: 'projects' is declared but its value is never read.
test/integration/shared/db/credentials.ts(149,45): error TS6133: 'credential' is declared but its value is never read.
 ELIFECYCLE  Command failed with exit code 2.
